#
# There is insufficient memory for the Java Runtime Environment to continue.
# Native memory allocation (mmap) failed to map 71303168 bytes for Failed to commit area from 0x0000000095000000 to 0x0000000099400000 of length 71303168.
# Possible reasons:
#   The system is out of physical RAM or swap space
#   The process is running with CompressedOops enabled, and the Java Heap may be blocking the growth of the native heap
# Possible solutions:
#   Reduce memory load on the system
#   Increase physical memory or swap space
#   Check if swap backing store is full
#   Decrease Java heap size (-Xmx/-Xms)
#   Decrease number of Java threads
#   Decrease Java thread stack sizes (-Xss)
#   Set larger code cache with -XX:ReservedCodeCacheSize=
#   JVM is running with Unscaled Compressed Oops mode in which the Java heap is
#     placed in the first 4GB address space. The Java Heap base address is the
#     maximum limit for the native heap growth. Please use -XX:HeapBaseMinAddress
#     to set the Java Heap base and to place the Java Heap above 4GB virtual address.
# This output file may be truncated or incomplete.
#
#  Out of Memory Error (./src/hotspot/os/windows/os_windows.cpp:3619), pid=10924, tid=2272
#
# JRE version: OpenJDK Runtime Environment (11.0.13) (build 11.0.13+0-b1751.21-8125866)
# Java VM: OpenJDK 64-Bit Server VM (11.0.13+0-b1751.21-8125866, mixed mode, tiered, compressed oops, g1 gc, windows-amd64)
# No core dump will be written. Minidumps are not enabled by default on client versions of Windows
#

---------------  S U M M A R Y ------------

Command Line: --add-opens=java.base/java.util=ALL-UNNAMED --add-opens=java.base/java.lang=ALL-UNNAMED --add-opens=java.base/java.lang.invoke=ALL-UNNAMED --add-opens=java.base/java.util=ALL-UNNAMED --add-opens=java.prefs/java.util.prefs=ALL-UNNAMED --add-opens=java.prefs/java.util.prefs=ALL-UNNAMED --add-opens=java.base/java.nio.charset=ALL-UNNAMED --add-opens=java.base/java.net=ALL-UNNAMED --add-opens=java.base/java.util.concurrent.atomic=ALL-UNNAMED -Xmx2048m -Dfile.encoding=UTF-8 -Duser.country=ID -Duser.language=en -Duser.variant org.gradle.launcher.daemon.bootstrap.GradleDaemon 7.4

Host: Intel(R) Celeron(R) N4020 CPU @ 1.10GHz, 2 cores, 3G,  Windows 11 , 64 bit Build 22000 (10.0.22000.1219)
Time: Thu Dec  8 15:52:37 2022 Malay Peninsula Standard Time elapsed time: 126.532433 seconds (0d 0h 2m 6s)

---------------  T H R E A D  ---------------

Current thread (0x0000015d61b2c800):  VMThread "VM Thread" [stack: 0x0000003fb0c00000,0x0000003fb0d00000] [id=2272]

Stack: [0x0000003fb0c00000,0x0000003fb0d00000]
[error occurred during error reporting (printing stack bounds), id 0xc0000005, EXCEPTION_ACCESS_VIOLATION (0xc0000005) at pc=0x0000015d4bdc113d]

Native frames: (J=compiled Java code, j=interpreted, Vv=VM code, C=native code)
V  [jvm.dll+0x6100fa]
V  [jvm.dll+0x747090]
V  [jvm.dll+0x7486ad]
V  [jvm.dll+0x748ce5]
V  [jvm.dll+0x748c9b]
V  [jvm.dll+0x60f224]
V  [jvm.dll+0x60f9b8]
C  [ntdll.dll+0xa8b1f]
C  [ntdll.dll+0x35b9a]
C  [ntdll.dll+0xa7b2e]
C  0x0000015d4bdc113d

VM_Operation (0x0000003fb28fdfe0): G1CollectForAllocation, mode: safepoint, requested by thread 0x0000015d636d5800


---------------  P R O C E S S  ---------------

Threads class SMR info:
_java_thread_list=0x0000015d68d0ba80, length=54, elements={
0x0000015d4829d000, 0x0000015d61b2f000, 0x0000015d61b39000, 0x0000015d61b92800,
0x0000015d61b94000, 0x0000015d61b95000, 0x0000015d61b97000, 0x0000015d623fb000,
0x0000015d62407000, 0x0000015d624fd000, 0x0000015d63d1d800, 0x0000015d63e99000,
0x0000015d62a65800, 0x0000015d62a66800, 0x0000015d643ec000, 0x0000015d633fc000,
0x0000015d63450000, 0x0000015d62d52000, 0x0000015d63d7e000, 0x0000015d62e81000,
0x0000015d63cba000, 0x0000015d636d3000, 0x0000015d636d4800, 0x0000015d636d2000,
0x0000015d636d3800, 0x0000015d636d5800, 0x0000015d636d6000, 0x0000015d636d8800,
0x0000015d636d7000, 0x0000015d636d8000, 0x0000015d66290000, 0x0000015d6628c000,
0x0000015d6628a800, 0x0000015d66291000, 0x0000015d6628b000, 0x0000015d66293800,
0x0000015d66294000, 0x0000015d66295000, 0x0000015d66296800, 0x0000015d66295800,
0x0000015d66297800, 0x0000015d66291800, 0x0000015d66298000, 0x0000015d66292800,
0x0000015d66299000, 0x0000015d668cb000, 0x0000015d668cb800, 0x0000015d668cc800,
0x0000015d668cd800, 0x0000015d668c9000, 0x0000015d668cf000, 0x0000015d668ce000,
0x0000015d668d0000, 0x0000015d668ca000
}

Java Threads: ( => current thread )
  0x0000015d4829d000 JavaThread "main" [_thread_blocked, id=6900, stack(0x0000003fb0600000,0x0000003fb0700000)]
  0x0000015d61b2f000 JavaThread "Reference Handler" daemon [_thread_blocked, id=2536, stack(0x0000003fb0d00000,0x0000003fb0e00000)]
  0x0000015d61b39000 JavaThread "Finalizer" daemon [_thread_blocked, id=10136, stack(0x0000003fb0e00000,0x0000003fb0f00000)]
  0x0000015d61b92800 JavaThread "Signal Dispatcher" daemon [_thread_blocked, id=8764, stack(0x0000003fb0f00000,0x0000003fb1000000)]
  0x0000015d61b94000 JavaThread "Attach Listener" daemon [_thread_blocked, id=4236, stack(0x0000003fb1000000,0x0000003fb1100000)]
  0x0000015d61b95000 JavaThread "Service Thread" daemon [_thread_blocked, id=7396, stack(0x0000003fb1100000,0x0000003fb1200000)]
  0x0000015d61b97000 JavaThread "C2 CompilerThread0" daemon [_thread_blocked, id=5236, stack(0x0000003fb1200000,0x0000003fb1300000)]
  0x0000015d623fb000 JavaThread "C1 CompilerThread0" daemon [_thread_blocked, id=1764, stack(0x0000003fb1300000,0x0000003fb1400000)]
  0x0000015d62407000 JavaThread "Sweeper thread" daemon [_thread_blocked, id=5876, stack(0x0000003fb1400000,0x0000003fb1500000)]
  0x0000015d624fd000 JavaThread "Common-Cleaner" daemon [_thread_blocked, id=10284, stack(0x0000003fb1500000,0x0000003fb1600000)]
  0x0000015d63d1d800 JavaThread "Daemon health stats" [_thread_blocked, id=9112, stack(0x0000003fb1800000,0x0000003fb1900000)]
  0x0000015d63e99000 JavaThread "Incoming local TCP Connector on port 50293" [_thread_in_native, id=6596, stack(0x0000003fb1900000,0x0000003fb1a00000)]
  0x0000015d62a65800 JavaThread "Daemon" [_thread_blocked, id=6044, stack(0x0000003fb1a00000,0x0000003fb1b00000)]
  0x0000015d62a66800 JavaThread "Handler for socket connection from /127.0.0.1:50293 to /127.0.0.1:50294" [_thread_in_native, id=1360, stack(0x0000003fb1b00000,0x0000003fb1c00000)]
  0x0000015d643ec000 JavaThread "Daemon periodic checks" [_thread_blocked, id=2296, stack(0x0000003fb1c00000,0x0000003fb1d00000)]
  0x0000015d633fc000 JavaThread "Cancel handler" [_thread_blocked, id=2160, stack(0x0000003fb1d00000,0x0000003fb1e00000)]
  0x0000015d63450000 JavaThread "Daemon worker" [_thread_blocked, id=9812, stack(0x0000003fb1e00000,0x0000003fb1f00000)]
  0x0000015d62d52000 JavaThread "Asynchronous log dispatcher for DefaultDaemonConnection: socket connection from /127.0.0.1:50293 to /127.0.0.1:50294" [_thread_blocked, id=3868, stack(0x0000003fb1f00000,0x0000003fb2000000)]
  0x0000015d63d7e000 JavaThread "Daemon client event forwarder" [_thread_blocked, id=9856, stack(0x0000003fb2100000,0x0000003fb2200000)]
  0x0000015d62e81000 JavaThread "Cache worker for journal cache (C:\Users\Maste\.gradle\caches\journal-1)" [_thread_blocked, id=496, stack(0x0000003fb2200000,0x0000003fb2300000)]
  0x0000015d63cba000 JavaThread "File lock request listener" [_thread_in_native, id=10988, stack(0x0000003fb2300000,0x0000003fb2400000)]
  0x0000015d636d3000 JavaThread "Cache worker for file hash cache (C:\Users\Maste\.gradle\caches\7.4\fileHashes)" [_thread_blocked, id=4980, stack(0x0000003fb2400000,0x0000003fb2500000)]
  0x0000015d636d4800 JavaThread "File watcher server" daemon [_thread_in_native, id=9868, stack(0x0000003fb2500000,0x0000003fb2600000)]
  0x0000015d636d2000 JavaThread "File watcher consumer" daemon [_thread_blocked, id=8380, stack(0x0000003fb2600000,0x0000003fb2700000)]
  0x0000015d636d3800 JavaThread "jar transforms" [_thread_blocked, id=3200, stack(0x0000003fb2700000,0x0000003fb2800000)]
  0x0000015d636d5800 JavaThread "jar transforms Thread 2" [_thread_blocked, id=1816, stack(0x0000003fb2800000,0x0000003fb2900000)]
  0x0000015d636d6000 JavaThread "Cache worker for checksums cache (E:\Paper\AndroidStudioProjects\FilterDemo\.gradle\7.4\checksums)" [_thread_blocked, id=7888, stack(0x0000003fb2900000,0x0000003fb2a00000)]
  0x0000015d636d8800 JavaThread "Cache worker for cache directory md-rule (C:\Users\Maste\.gradle\caches\7.4\md-rule)" [_thread_blocked, id=7292, stack(0x0000003fb2a00000,0x0000003fb2b00000)]
  0x0000015d636d7000 JavaThread "Cache worker for file hash cache (E:\Paper\AndroidStudioProjects\FilterDemo\.gradle\7.4\fileHashes)" [_thread_blocked, id=10920, stack(0x0000003fb2b00000,0x0000003fb2c00000)]
  0x0000015d636d8000 JavaThread "Cache worker for cache directory md-supplier (C:\Users\Maste\.gradle\caches\7.4\md-supplier)" [_thread_blocked, id=9976, stack(0x0000003fb2c00000,0x0000003fb2d00000)]
  0x0000015d66290000 JavaThread "Cache worker for execution history cache (C:\Users\Maste\.gradle\caches\7.4\executionHistory)" [_thread_blocked, id=10772, stack(0x0000003fb2d00000,0x0000003fb2e00000)]
  0x0000015d6628c000 JavaThread "Cache worker for file content cache (C:\Users\Maste\.gradle\caches\7.4\fileContent)" [_thread_blocked, id=3100, stack(0x0000003fb2e00000,0x0000003fb2f00000)]
  0x0000015d6628a800 JavaThread "Cache worker for dependencies-accessors (E:\Paper\AndroidStudioProjects\FilterDemo\.gradle\7.4\dependencies-accessors)" [_thread_blocked, id=5052, stack(0x0000003fb0400000,0x0000003fb0500000)]
  0x0000015d66291000 JavaThread "Cache worker for Build Output Cleanup Cache (E:\Paper\AndroidStudioProjects\FilterDemo\.gradle\buildOutputCleanup)" [_thread_blocked, id=10180, stack(0x0000003fb0500000,0x0000003fb0600000)]
  0x0000015d6628b000 JavaThread "Unconstrained build operations" [_thread_blocked, id=1388, stack(0x0000003fb2000000,0x0000003fb2100000)]
  0x0000015d66293800 JavaThread "Unconstrained build operations Thread 2" [_thread_blocked, id=10664, stack(0x0000003fb3200000,0x0000003fb3300000)]
  0x0000015d66294000 JavaThread "Unconstrained build operations Thread 3" [_thread_blocked, id=9520, stack(0x0000003fb3300000,0x0000003fb3400000)]
  0x0000015d66295000 JavaThread "Unconstrained build operations Thread 4" [_thread_blocked, id=3296, stack(0x0000003fb3400000,0x0000003fb3500000)]
  0x0000015d66296800 JavaThread "Unconstrained build operations Thread 5" [_thread_blocked, id=3624, stack(0x0000003fb3500000,0x0000003fb3600000)]
  0x0000015d66295800 JavaThread "Unconstrained build operations Thread 6" [_thread_blocked, id=10164, stack(0x0000003fb3600000,0x0000003fb3700000)]
  0x0000015d66297800 JavaThread "Unconstrained build operations Thread 7" [_thread_blocked, id=1940, stack(0x0000003fb3700000,0x0000003fb3800000)]
  0x0000015d66291800 JavaThread "Unconstrained build operations Thread 8" [_thread_blocked, id=6960, stack(0x0000003fb3800000,0x0000003fb3900000)]
  0x0000015d66298000 JavaThread "Unconstrained build operations Thread 9" [_thread_blocked, id=6288, stack(0x0000003fb3900000,0x0000003fb3a00000)]
  0x0000015d66292800 JavaThread "Unconstrained build operations Thread 10" [_thread_blocked, id=3508, stack(0x0000003fb3a00000,0x0000003fb3b00000)]
  0x0000015d66299000 JavaThread "Unconstrained build operations Thread 11" [_thread_blocked, id=6684, stack(0x0000003fb3b00000,0x0000003fb3c00000)]
  0x0000015d668cb000 JavaThread "Unconstrained build operations Thread 12" [_thread_blocked, id=6660, stack(0x0000003fb3c00000,0x0000003fb3d00000)]
  0x0000015d668cb800 JavaThread "Unconstrained build operations Thread 13" [_thread_blocked, id=1992, stack(0x0000003fb3d00000,0x0000003fb3e00000)]
  0x0000015d668cc800 JavaThread "Unconstrained build operations Thread 14" [_thread_blocked, id=6536, stack(0x0000003fb3e00000,0x0000003fb3f00000)]
  0x0000015d668cd800 JavaThread "Unconstrained build operations Thread 15" [_thread_blocked, id=10616, stack(0x0000003fb3f00000,0x0000003fb4000000)]
  0x0000015d668c9000 JavaThread "Unconstrained build operations Thread 16" [_thread_blocked, id=1332, stack(0x0000003fb4000000,0x0000003fb4100000)]
  0x0000015d668cf000 JavaThread "Unconstrained build operations Thread 17" [_thread_blocked, id=492, stack(0x0000003fb4100000,0x0000003fb4200000)]
  0x0000015d668ce000 JavaThread "Unconstrained build operations Thread 18" [_thread_blocked, id=3768, stack(0x0000003fb4200000,0x0000003fb4300000)]
  0x0000015d668d0000 JavaThread "Unconstrained build operations Thread 19" [_thread_blocked, id=7908, stack(0x0000003fb4300000,0x0000003fb4400000)]
  0x0000015d668ca000 JavaThread "Unconstrained build operations Thread 20" [_thread_blocked, id=1648, stack(0x0000003fb4400000,0x0000003fb4500000)]

Other Threads:
=>0x0000015d61b2c800 VMThread "VM Thread" [stack: 0x0000003fb0c00000,0x0000003fb0d00000] [id=2272]
  0x0000015d62563800 WatcherThread [stack: 0x0000003fb1600000,0x0000003fb1700000] [id=1784]
  0x0000015d482b4000 GCTaskThread "GC Thread#0" [stack: 0x0000003fb0700000,0x0000003fb0800000] [id=2764]
  0x0000015d62732800 GCTaskThread "GC Thread#1" [stack: 0x0000003fb1700000,0x0000003fb1800000] [id=2124]
  0x0000015d482e7000 ConcurrentGCThread "G1 Main Marker" [stack: 0x0000003fb0800000,0x0000003fb0900000] [id=7724]
  0x0000015d482e9000 ConcurrentGCThread "G1 Conc#0" [stack: 0x0000003fb0900000,0x0000003fb0a00000] [id=3144]
  0x0000015d48338800 ConcurrentGCThread "G1 Refine#0" [stack: 0x0000003fb0a00000,0x0000003fb0b00000] [id=9696]
  0x0000015d4833b800 ConcurrentGCThread "G1 Young RemSet Sampling" [stack: 0x0000003fb0b00000,0x0000003fb0c00000] [id=2400]

Threads with active compile tasks:

VM state:at safepoint (normal execution)

VM Mutex/Monitor currently owned by a thread:  ([mutex/lock_event])
[0x0000015d4829b9e0] Threads_lock - owner thread: 0x0000015d61b2c800
[0x0000015d4829b320] Heap_lock - owner thread: 0x0000015d636d5800

Heap address: 0x0000000080000000, size: 2048 MB, Compressed Oops mode: 32-bit
Narrow klass base: 0x0000000000000000, Narrow klass shift: 3
Compressed class space size: 1073741824 Address: 0x0000000100000000

Heap:
 garbage-first heap   total 413696K, used 122655K [0x0000000080000000, 0x0000000100000000)
  region size 1024K, 8 young (8192K), 8 survivors (8192K)
 Metaspace       used 68555K, capacity 70446K, committed 70704K, reserved 1112064K
  class space    used 8379K, capacity 9049K, committed 9088K, reserved 1048576K
Heap Regions: E=young(eden), S=young(survivor), O=old, HS=humongous(starts), HC=humongous(continues), CS=collection set, F=free, A=archive, TAMS=top-at-mark-start (previous, next)
|   0|0x0000000080000000, 0x0000000080100000, 0x0000000080100000|100%| O|  |TAMS 0x0000000080100000, 0x0000000080000000| Untracked 
|   1|0x0000000080100000, 0x0000000080200000, 0x0000000080200000|100%| O|  |TAMS 0x0000000080200000, 0x0000000080100000| Untracked 
|   2|0x0000000080200000, 0x0000000080300000, 0x0000000080300000|100%| O|  |TAMS 0x0000000080300000, 0x0000000080200000| Untracked 
|   3|0x0000000080300000, 0x0000000080400000, 0x0000000080400000|100%| O|  |TAMS 0x0000000080400000, 0x0000000080300000| Untracked 
|   4|0x0000000080400000, 0x0000000080500000, 0x0000000080500000|100%|HS|  |TAMS 0x0000000080500000, 0x0000000080400000| Complete 
|   5|0x0000000080500000, 0x0000000080600000, 0x0000000080600000|100%|HC|  |TAMS 0x0000000080600000, 0x0000000080500000| Complete 
|   6|0x0000000080600000, 0x0000000080700000, 0x0000000080700000|100%|HC|  |TAMS 0x0000000080700000, 0x0000000080600000| Complete 
|   7|0x0000000080700000, 0x0000000080800000, 0x0000000080800000|100%| O|  |TAMS 0x0000000080800000, 0x0000000080700000| Untracked 
|   8|0x0000000080800000, 0x0000000080900000, 0x0000000080900000|100%| O|  |TAMS 0x0000000080900000, 0x0000000080800000| Untracked 
|   9|0x0000000080900000, 0x0000000080a00000, 0x0000000080a00000|100%| O|  |TAMS 0x0000000080a00000, 0x0000000080900000| Untracked 
|  10|0x0000000080a00000, 0x0000000080b00000, 0x0000000080b00000|100%| O|  |TAMS 0x0000000080b00000, 0x0000000080a00000| Untracked 
|  11|0x0000000080b00000, 0x0000000080c00000, 0x0000000080c00000|100%| O|  |TAMS 0x0000000080c00000, 0x0000000080b00000| Untracked 
|  12|0x0000000080c00000, 0x0000000080d00000, 0x0000000080d00000|100%| O|  |TAMS 0x0000000080d00000, 0x0000000080c00000| Untracked 
|  13|0x0000000080d00000, 0x0000000080e00000, 0x0000000080e00000|100%| O|  |TAMS 0x0000000080e00000, 0x0000000080d00000| Untracked 
|  14|0x0000000080e00000, 0x0000000080f00000, 0x0000000080f00000|100%| O|  |TAMS 0x0000000080f00000, 0x0000000080e00000| Untracked 
|  15|0x0000000080f00000, 0x0000000081000000, 0x0000000081000000|100%| O|  |TAMS 0x0000000081000000, 0x0000000080f00000| Untracked 
|  16|0x0000000081000000, 0x0000000081100000, 0x0000000081100000|100%|HS|  |TAMS 0x0000000081100000, 0x0000000081000000| Complete 
|  17|0x0000000081100000, 0x0000000081200000, 0x0000000081200000|100%|HC|  |TAMS 0x0000000081200000, 0x0000000081100000| Complete 
|  18|0x0000000081200000, 0x0000000081300000, 0x0000000081300000|100%|HS|  |TAMS 0x0000000081300000, 0x0000000081200000| Complete 
|  19|0x0000000081300000, 0x0000000081400000, 0x0000000081400000|100%|HC|  |TAMS 0x0000000081400000, 0x0000000081300000| Complete 
|  20|0x0000000081400000, 0x0000000081500000, 0x0000000081500000|100%|HC|  |TAMS 0x0000000081500000, 0x0000000081400000| Complete 
|  21|0x0000000081500000, 0x0000000081600000, 0x0000000081600000|100%|HS|  |TAMS 0x0000000081600000, 0x0000000081500000| Complete 
|  22|0x0000000081600000, 0x0000000081700000, 0x0000000081700000|100%|HC|  |TAMS 0x0000000081700000, 0x0000000081600000| Complete 
|  23|0x0000000081700000, 0x0000000081800000, 0x0000000081800000|100%|HC|  |TAMS 0x0000000081800000, 0x0000000081700000| Complete 
|  24|0x0000000081800000, 0x0000000081900000, 0x0000000081900000|100%|HC|  |TAMS 0x0000000081900000, 0x0000000081800000| Complete 
|  25|0x0000000081900000, 0x0000000081a00000, 0x0000000081a00000|100%|HC|  |TAMS 0x0000000081a00000, 0x0000000081900000| Complete 
|  26|0x0000000081a00000, 0x0000000081b00000, 0x0000000081b00000|100%|HS|  |TAMS 0x0000000081b00000, 0x0000000081a00000| Complete 
|  27|0x0000000081b00000, 0x0000000081c00000, 0x0000000081c00000|100%|HC|  |TAMS 0x0000000081c00000, 0x0000000081b00000| Complete 
|  28|0x0000000081c00000, 0x0000000081d00000, 0x0000000081d00000|100%|HC|  |TAMS 0x0000000081d00000, 0x0000000081c00000| Complete 
|  29|0x0000000081d00000, 0x0000000081e00000, 0x0000000081e00000|100%|HS|  |TAMS 0x0000000081e00000, 0x0000000081d00000| Complete 
|  30|0x0000000081e00000, 0x0000000081f00000, 0x0000000081f00000|100%| O|  |TAMS 0x0000000081f00000, 0x0000000081e00000| Untracked 
|  31|0x0000000081f00000, 0x0000000082000000, 0x0000000082000000|100%| O|  |TAMS 0x0000000082000000, 0x0000000081f00000| Untracked 
|  32|0x0000000082000000, 0x0000000082100000, 0x0000000082100000|100%| O|  |TAMS 0x0000000082100000, 0x0000000082000000| Untracked 
|  33|0x0000000082100000, 0x0000000082200000, 0x0000000082200000|100%| O|  |TAMS 0x0000000082200000, 0x0000000082100000| Untracked 
|  34|0x0000000082200000, 0x0000000082300000, 0x0000000082300000|100%| O|  |TAMS 0x0000000082300000, 0x0000000082200000| Untracked 
|  35|0x0000000082300000, 0x0000000082400000, 0x0000000082400000|100%| O|  |TAMS 0x0000000082400000, 0x0000000082300000| Untracked 
|  36|0x0000000082400000, 0x0000000082500000, 0x0000000082500000|100%| O|  |TAMS 0x0000000082500000, 0x0000000082400000| Untracked 
|  37|0x0000000082500000, 0x0000000082600000, 0x0000000082600000|100%| O|  |TAMS 0x0000000082600000, 0x0000000082500000| Untracked 
|  38|0x0000000082600000, 0x0000000082700000, 0x0000000082700000|100%| O|  |TAMS 0x0000000082700000, 0x0000000082600000| Untracked 
|  39|0x0000000082700000, 0x0000000082800000, 0x0000000082800000|100%| O|  |TAMS 0x0000000082800000, 0x0000000082700000| Untracked 
|  40|0x0000000082800000, 0x0000000082900000, 0x0000000082900000|100%| O|  |TAMS 0x0000000082900000, 0x0000000082800000| Untracked 
|  41|0x0000000082900000, 0x0000000082a00000, 0x0000000082a00000|100%| O|  |TAMS 0x0000000082a00000, 0x0000000082900000| Untracked 
|  42|0x0000000082a00000, 0x0000000082b00000, 0x0000000082b00000|100%| O|  |TAMS 0x0000000082b00000, 0x0000000082a00000| Untracked 
|  43|0x0000000082b00000, 0x0000000082c00000, 0x0000000082c00000|100%| O|  |TAMS 0x0000000082c00000, 0x0000000082b00000| Untracked 
|  44|0x0000000082c00000, 0x0000000082d00000, 0x0000000082d00000|100%| O|  |TAMS 0x0000000082d00000, 0x0000000082c00000| Untracked 
|  45|0x0000000082d00000, 0x0000000082e00000, 0x0000000082e00000|100%| O|  |TAMS 0x0000000082e00000, 0x0000000082d00000| Untracked 
|  46|0x0000000082e00000, 0x0000000082f00000, 0x0000000082f00000|100%| O|  |TAMS 0x0000000082f00000, 0x0000000082e00000| Untracked 
|  47|0x0000000082f00000, 0x0000000083000000, 0x0000000083000000|100%|HS|  |TAMS 0x0000000082f00000, 0x0000000082f00000| Complete 
|  48|0x0000000083000000, 0x0000000083100000, 0x0000000083100000|100%|HC|  |TAMS 0x0000000083000000, 0x0000000083000000| Complete 
|  49|0x0000000083100000, 0x0000000083200000, 0x0000000083200000|100%|HC|  |TAMS 0x0000000083100000, 0x0000000083100000| Complete 
|  50|0x0000000083200000, 0x0000000083300000, 0x0000000083300000|100%|HC|  |TAMS 0x0000000083200000, 0x0000000083200000| Complete 
|  51|0x0000000083300000, 0x0000000083400000, 0x0000000083400000|100%|HC|  |TAMS 0x0000000083300000, 0x0000000083300000| Complete 
|  52|0x0000000083400000, 0x0000000083500000, 0x0000000083500000|100%| O|  |TAMS 0x0000000083400000, 0x0000000083400000| Untracked 
|  53|0x0000000083500000, 0x0000000083600000, 0x0000000083600000|100%| O|  |TAMS 0x0000000083600000, 0x0000000083500000| Untracked 
|  54|0x0000000083600000, 0x0000000083700000, 0x0000000083700000|100%| O|  |TAMS 0x0000000083600000, 0x0000000083600000| Untracked 
|  55|0x0000000083700000, 0x0000000083800000, 0x0000000083800000|100%| O|  |TAMS 0x0000000083800000, 0x0000000083700000| Untracked 
|  56|0x0000000083800000, 0x0000000083900000, 0x0000000083900000|100%| O|  |TAMS 0x0000000083900000, 0x0000000083800000| Untracked 
|  57|0x0000000083900000, 0x0000000083a00000, 0x0000000083a00000|100%| O|  |TAMS 0x0000000083900000, 0x0000000083900000| Untracked 
|  58|0x0000000083a00000, 0x0000000083b00000, 0x0000000083b00000|100%| O|  |TAMS 0x0000000083b00000, 0x0000000083a00000| Untracked 
|  59|0x0000000083b00000, 0x0000000083c00000, 0x0000000083c00000|100%| O|  |TAMS 0x0000000083bec400, 0x0000000083b00000| Untracked 
|  60|0x0000000083c00000, 0x0000000083d00000, 0x0000000083d00000|100%| O|  |TAMS 0x0000000083c00000, 0x0000000083c00000| Untracked 
|  61|0x0000000083d00000, 0x0000000083e00000, 0x0000000083e00000|100%| O|  |TAMS 0x0000000083d00000, 0x0000000083d00000| Untracked 
|  62|0x0000000083e00000, 0x0000000083f00000, 0x0000000083f00000|100%| O|  |TAMS 0x0000000083e00000, 0x0000000083e00000| Untracked 
|  63|0x0000000083f00000, 0x0000000084000000, 0x0000000084000000|100%| O|  |TAMS 0x0000000083f00000, 0x0000000083f00000| Untracked 
|  64|0x0000000084000000, 0x0000000084100000, 0x0000000084100000|100%| O|  |TAMS 0x0000000084000000, 0x0000000084000000| Untracked 
|  65|0x0000000084100000, 0x0000000084200000, 0x0000000084200000|100%| O|  |TAMS 0x0000000084100000, 0x0000000084100000| Untracked 
|  66|0x0000000084200000, 0x0000000084300000, 0x0000000084300000|100%| O|  |TAMS 0x0000000084200000, 0x0000000084200000| Untracked 
|  67|0x0000000084300000, 0x0000000084400000, 0x0000000084400000|100%| O|  |TAMS 0x0000000084300000, 0x0000000084300000| Untracked 
|  68|0x0000000084400000, 0x0000000084500000, 0x0000000084500000|100%| O|  |TAMS 0x0000000084400000, 0x0000000084400000| Untracked 
|  69|0x0000000084500000, 0x0000000084600000, 0x0000000084600000|100%| O|  |TAMS 0x0000000084500000, 0x0000000084500000| Untracked 
|  70|0x0000000084600000, 0x0000000084700000, 0x0000000084700000|100%| O|  |TAMS 0x0000000084600000, 0x0000000084600000| Untracked 
|  71|0x0000000084700000, 0x0000000084800000, 0x0000000084800000|100%|HS|  |TAMS 0x0000000084700000, 0x0000000084700000| Complete 
|  72|0x0000000084800000, 0x0000000084900000, 0x0000000084900000|100%|HC|  |TAMS 0x0000000084800000, 0x0000000084800000| Complete 
|  73|0x0000000084900000, 0x0000000084a00000, 0x0000000084a00000|100%| O|  |TAMS 0x0000000084900000, 0x0000000084900000| Untracked 
|  74|0x0000000084a00000, 0x0000000084b00000, 0x0000000084b00000|100%| O|  |TAMS 0x0000000084a00000, 0x0000000084a00000| Untracked 
|  75|0x0000000084b00000, 0x0000000084c00000, 0x0000000084c00000|100%| O|  |TAMS 0x0000000084b00000, 0x0000000084b00000| Untracked 
|  76|0x0000000084c00000, 0x0000000084d00000, 0x0000000084d00000|100%| O|  |TAMS 0x0000000084c00000, 0x0000000084c00000| Untracked 
|  77|0x0000000084d00000, 0x0000000084e00000, 0x0000000084e00000|100%| O|  |TAMS 0x0000000084d00000, 0x0000000084d00000| Untracked 
|  78|0x0000000084e00000, 0x0000000084f00000, 0x0000000084f00000|100%| O|  |TAMS 0x0000000084e00000, 0x0000000084e00000| Untracked 
|  79|0x0000000084f00000, 0x0000000085000000, 0x0000000085000000|100%| O|  |TAMS 0x0000000084f00000, 0x0000000084f00000| Untracked 
|  80|0x0000000085000000, 0x0000000085100000, 0x0000000085100000|100%| O|  |TAMS 0x0000000085000000, 0x0000000085000000| Untracked 
|  81|0x0000000085100000, 0x0000000085200000, 0x0000000085200000|100%| O|  |TAMS 0x0000000085100000, 0x0000000085100000| Untracked 
|  82|0x0000000085200000, 0x0000000085300000, 0x0000000085300000|100%| O|  |TAMS 0x0000000085200000, 0x0000000085200000| Untracked 
|  83|0x0000000085300000, 0x0000000085400000, 0x0000000085400000|100%| O|  |TAMS 0x0000000085300000, 0x0000000085300000| Untracked 
|  84|0x0000000085400000, 0x0000000085500000, 0x0000000085500000|100%| O|  |TAMS 0x0000000085400000, 0x0000000085400000| Untracked 
|  85|0x0000000085500000, 0x0000000085600000, 0x0000000085600000|100%| O|  |TAMS 0x0000000085500000, 0x0000000085500000| Untracked 
|  86|0x0000000085600000, 0x0000000085700000, 0x0000000085700000|100%| O|  |TAMS 0x0000000085600000, 0x0000000085600000| Untracked 
|  87|0x0000000085700000, 0x0000000085800000, 0x0000000085800000|100%| O|  |TAMS 0x0000000085700000, 0x0000000085700000| Untracked 
|  88|0x0000000085800000, 0x0000000085900000, 0x0000000085900000|100%| O|  |TAMS 0x0000000085800000, 0x0000000085800000| Untracked 
|  89|0x0000000085900000, 0x0000000085a00000, 0x0000000085a00000|100%| O|  |TAMS 0x0000000085900000, 0x0000000085900000| Untracked 
|  90|0x0000000085a00000, 0x0000000085b00000, 0x0000000085b00000|100%| O|  |TAMS 0x0000000085a00000, 0x0000000085a00000| Untracked 
|  91|0x0000000085b00000, 0x0000000085c00000, 0x0000000085c00000|100%|HS|  |TAMS 0x0000000085b00000, 0x0000000085b00000| Complete 
|  92|0x0000000085c00000, 0x0000000085d00000, 0x0000000085d00000|100%|HC|  |TAMS 0x0000000085c00000, 0x0000000085c00000| Complete 
|  93|0x0000000085d00000, 0x0000000085e00000, 0x0000000085e00000|100%|HC|  |TAMS 0x0000000085d00000, 0x0000000085d00000| Complete 
|  94|0x0000000085e00000, 0x0000000085f00000, 0x0000000085f00000|100%|HC|  |TAMS 0x0000000085e00000, 0x0000000085e00000| Complete 
|  95|0x0000000085f00000, 0x0000000086000000, 0x0000000086000000|100%|HS|  |TAMS 0x0000000085f00000, 0x0000000085f00000| Complete 
|  96|0x0000000086000000, 0x0000000086100000, 0x0000000086100000|100%|HC|  |TAMS 0x0000000086000000, 0x0000000086000000| Complete 
|  97|0x0000000086100000, 0x0000000086200000, 0x0000000086200000|100%|HC|  |TAMS 0x0000000086100000, 0x0000000086100000| Complete 
|  98|0x0000000086200000, 0x0000000086300000, 0x0000000086300000|100%|HS|  |TAMS 0x0000000086200000, 0x0000000086200000| Complete 
|  99|0x0000000086300000, 0x0000000086400000, 0x0000000086400000|100%|HC|  |TAMS 0x0000000086300000, 0x0000000086300000| Complete 
| 100|0x0000000086400000, 0x0000000086500000, 0x0000000086500000|100%|HC|  |TAMS 0x0000000086400000, 0x0000000086400000| Complete 
| 101|0x0000000086500000, 0x0000000086600000, 0x0000000086600000|100%| O|  |TAMS 0x0000000086500000, 0x0000000086500000| Untracked 
| 102|0x0000000086600000, 0x00000000866c7e00, 0x0000000086700000| 78%| O|  |TAMS 0x0000000086600000, 0x0000000086600000| Untracked 
| 103|0x0000000086700000, 0x0000000086700000, 0x0000000086800000|  0%| F|  |TAMS 0x0000000086700000, 0x0000000086700000| Untracked 
| 104|0x0000000086800000, 0x0000000086900000, 0x0000000086900000|100%| O|  |TAMS 0x0000000086800000, 0x0000000086800000| Untracked 
| 105|0x0000000086900000, 0x0000000086a00000, 0x0000000086a00000|100%| O|  |TAMS 0x0000000086900000, 0x0000000086900000| Untracked 
| 106|0x0000000086a00000, 0x0000000086b00000, 0x0000000086b00000|100%| O|  |TAMS 0x0000000086a00000, 0x0000000086a00000| Untracked 
| 107|0x0000000086b00000, 0x0000000086c00000, 0x0000000086c00000|100%| O|  |TAMS 0x0000000086b00000, 0x0000000086b00000| Untracked 
| 108|0x0000000086c00000, 0x0000000086d00000, 0x0000000086d00000|100%| O|  |TAMS 0x0000000086c00000, 0x0000000086c00000| Untracked 
| 109|0x0000000086d00000, 0x0000000086e00000, 0x0000000086e00000|100%| O|  |TAMS 0x0000000086d00000, 0x0000000086d00000| Untracked 
| 110|0x0000000086e00000, 0x0000000086e00000, 0x0000000086f00000|  0%| F|  |TAMS 0x0000000086e00000, 0x0000000086e00000| Untracked 
| 111|0x0000000086f00000, 0x0000000086f00000, 0x0000000087000000|  0%| F|  |TAMS 0x0000000086f00000, 0x0000000086f00000| Untracked 
| 112|0x0000000087000000, 0x0000000087000000, 0x0000000087100000|  0%| F|  |TAMS 0x0000000087000000, 0x0000000087000000| Untracked 
| 113|0x0000000087100000, 0x0000000087200000, 0x0000000087200000|100%|HS|  |TAMS 0x0000000087100000, 0x0000000087100000| Complete 
| 114|0x0000000087200000, 0x0000000087300000, 0x0000000087300000|100%|HC|  |TAMS 0x0000000087200000, 0x0000000087200000| Complete 
| 115|0x0000000087300000, 0x0000000087400000, 0x0000000087400000|100%|HC|  |TAMS 0x0000000087300000, 0x0000000087300000| Complete 
| 116|0x0000000087400000, 0x0000000087400000, 0x0000000087500000|  0%| F|  |TAMS 0x0000000087400000, 0x0000000087400000| Untracked 
| 117|0x0000000087500000, 0x0000000087500000, 0x0000000087600000|  0%| F|  |TAMS 0x0000000087500000, 0x0000000087500000| Untracked 
| 118|0x0000000087600000, 0x0000000087600000, 0x0000000087700000|  0%| F|  |TAMS 0x0000000087600000, 0x0000000087600000| Untracked 
| 119|0x0000000087700000, 0x0000000087700000, 0x0000000087800000|  0%| F|  |TAMS 0x0000000087700000, 0x0000000087700000| Untracked 
| 120|0x0000000087800000, 0x0000000087800000, 0x0000000087900000|  0%| F|  |TAMS 0x0000000087800000, 0x0000000087800000| Untracked 
| 121|0x0000000087900000, 0x0000000087900000, 0x0000000087a00000|  0%| F|  |TAMS 0x0000000087900000, 0x0000000087900000| Untracked 
| 122|0x0000000087a00000, 0x0000000087a00000, 0x0000000087b00000|  0%| F|  |TAMS 0x0000000087a00000, 0x0000000087a00000| Untracked 
| 123|0x0000000087b00000, 0x0000000087b00000, 0x0000000087c00000|  0%| F|  |TAMS 0x0000000087b00000, 0x0000000087b00000| Untracked 
| 124|0x0000000087c00000, 0x0000000087c00000, 0x0000000087d00000|  0%| F|  |TAMS 0x0000000087c00000, 0x0000000087c00000| Untracked 
| 125|0x0000000087d00000, 0x0000000087d00000, 0x0000000087e00000|  0%| F|  |TAMS 0x0000000087d00000, 0x0000000087d00000| Untracked 
| 126|0x0000000087e00000, 0x0000000087e00000, 0x0000000087f00000|  0%| F|  |TAMS 0x0000000087e00000, 0x0000000087e00000| Untracked 
| 127|0x0000000087f00000, 0x0000000087f00000, 0x0000000088000000|  0%| F|  |TAMS 0x0000000087f00000, 0x0000000087f00000| Untracked 
| 128|0x0000000088000000, 0x0000000088000000, 0x0000000088100000|  0%| F|  |TAMS 0x0000000088000000, 0x0000000088000000| Untracked 
| 129|0x0000000088100000, 0x0000000088100000, 0x0000000088200000|  0%| F|  |TAMS 0x0000000088100000, 0x0000000088100000| Untracked 
| 130|0x0000000088200000, 0x0000000088200000, 0x0000000088300000|  0%| F|  |TAMS 0x0000000088200000, 0x0000000088200000| Untracked 
| 131|0x0000000088300000, 0x0000000088300000, 0x0000000088400000|  0%| F|  |TAMS 0x0000000088300000, 0x0000000088300000| Untracked 
| 132|0x0000000088400000, 0x0000000088400000, 0x0000000088500000|  0%| F|  |TAMS 0x0000000088400000, 0x0000000088400000| Untracked 
| 133|0x0000000088500000, 0x0000000088500000, 0x0000000088600000|  0%| F|  |TAMS 0x0000000088500000, 0x0000000088500000| Untracked 
| 134|0x0000000088600000, 0x0000000088600000, 0x0000000088700000|  0%| F|  |TAMS 0x0000000088600000, 0x0000000088600000| Untracked 
| 135|0x0000000088700000, 0x0000000088700000, 0x0000000088800000|  0%| F|  |TAMS 0x0000000088700000, 0x0000000088700000| Untracked 
| 136|0x0000000088800000, 0x0000000088800000, 0x0000000088900000|  0%| F|  |TAMS 0x0000000088800000, 0x0000000088800000| Untracked 
| 137|0x0000000088900000, 0x0000000088900000, 0x0000000088a00000|  0%| F|  |TAMS 0x0000000088900000, 0x0000000088900000| Untracked 
| 138|0x0000000088a00000, 0x0000000088a00000, 0x0000000088b00000|  0%| F|  |TAMS 0x0000000088a00000, 0x0000000088a00000| Untracked 
| 139|0x0000000088b00000, 0x0000000088b00000, 0x0000000088c00000|  0%| F|  |TAMS 0x0000000088b00000, 0x0000000088b00000| Untracked 
| 140|0x0000000088c00000, 0x0000000088c00000, 0x0000000088d00000|  0%| F|  |TAMS 0x0000000088c00000, 0x0000000088c00000| Untracked 
| 141|0x0000000088d00000, 0x0000000088d00000, 0x0000000088e00000|  0%| F|  |TAMS 0x0000000088d00000, 0x0000000088d00000| Untracked 
| 142|0x0000000088e00000, 0x0000000088e00000, 0x0000000088f00000|  0%| F|  |TAMS 0x0000000088e00000, 0x0000000088e00000| Untracked 
| 143|0x0000000088f00000, 0x0000000088f00000, 0x0000000089000000|  0%| F|  |TAMS 0x0000000088f00000, 0x0000000088f00000| Untracked 
| 144|0x0000000089000000, 0x0000000089000000, 0x0000000089100000|  0%| F|  |TAMS 0x0000000089000000, 0x0000000089000000| Untracked 
| 145|0x0000000089100000, 0x0000000089100000, 0x0000000089200000|  0%| F|  |TAMS 0x0000000089100000, 0x0000000089100000| Untracked 
| 146|0x0000000089200000, 0x0000000089200000, 0x0000000089300000|  0%| F|  |TAMS 0x0000000089200000, 0x0000000089200000| Untracked 
| 147|0x0000000089300000, 0x0000000089300000, 0x0000000089400000|  0%| F|  |TAMS 0x0000000089300000, 0x0000000089300000| Untracked 
| 148|0x0000000089400000, 0x0000000089400000, 0x0000000089500000|  0%| F|  |TAMS 0x0000000089400000, 0x0000000089400000| Untracked 
| 149|0x0000000089500000, 0x0000000089500000, 0x0000000089600000|  0%| F|  |TAMS 0x0000000089500000, 0x0000000089500000| Untracked 
| 150|0x0000000089600000, 0x0000000089600000, 0x0000000089700000|  0%| F|  |TAMS 0x0000000089600000, 0x0000000089600000| Untracked 
| 151|0x0000000089700000, 0x0000000089700000, 0x0000000089800000|  0%| F|  |TAMS 0x0000000089700000, 0x0000000089700000| Untracked 
| 152|0x0000000089800000, 0x0000000089800000, 0x0000000089900000|  0%| F|  |TAMS 0x0000000089800000, 0x0000000089800000| Untracked 
| 153|0x0000000089900000, 0x0000000089900000, 0x0000000089a00000|  0%| F|  |TAMS 0x0000000089900000, 0x0000000089900000| Untracked 
| 154|0x0000000089a00000, 0x0000000089a00000, 0x0000000089b00000|  0%| F|  |TAMS 0x0000000089a00000, 0x0000000089a00000| Untracked 
| 155|0x0000000089b00000, 0x0000000089b00000, 0x0000000089c00000|  0%| F|  |TAMS 0x0000000089b00000, 0x0000000089b00000| Untracked 
| 156|0x0000000089c00000, 0x0000000089c00000, 0x0000000089d00000|  0%| F|  |TAMS 0x0000000089c00000, 0x0000000089c00000| Untracked 
| 157|0x0000000089d00000, 0x0000000089d00000, 0x0000000089e00000|  0%| F|  |TAMS 0x0000000089d00000, 0x0000000089d00000| Untracked 
| 158|0x0000000089e00000, 0x0000000089e00000, 0x0000000089f00000|  0%| F|  |TAMS 0x0000000089e00000, 0x0000000089e00000| Untracked 
| 159|0x0000000089f00000, 0x0000000089f00000, 0x000000008a000000|  0%| F|  |TAMS 0x0000000089f00000, 0x0000000089f00000| Untracked 
| 160|0x000000008a000000, 0x000000008a100000, 0x000000008a100000|100%| S|CS|TAMS 0x000000008a000000, 0x000000008a000000| Complete 
| 161|0x000000008a100000, 0x000000008a200000, 0x000000008a200000|100%| S|CS|TAMS 0x000000008a100000, 0x000000008a100000| Complete 
| 162|0x000000008a200000, 0x000000008a300000, 0x000000008a300000|100%| S|CS|TAMS 0x000000008a200000, 0x000000008a200000| Complete 
| 163|0x000000008a300000, 0x000000008a400000, 0x000000008a400000|100%| S|CS|TAMS 0x000000008a300000, 0x000000008a300000| Complete 
| 164|0x000000008a400000, 0x000000008a400000, 0x000000008a500000|  0%| F|  |TAMS 0x000000008a400000, 0x000000008a400000| Untracked 
| 165|0x000000008a500000, 0x000000008a500000, 0x000000008a600000|  0%| F|  |TAMS 0x000000008a500000, 0x000000008a500000| Untracked 
| 166|0x000000008a600000, 0x000000008a700000, 0x000000008a700000|100%| S|CS|TAMS 0x000000008a600000, 0x000000008a600000| Complete 
| 167|0x000000008a700000, 0x000000008a800000, 0x000000008a800000|100%| S|CS|TAMS 0x000000008a700000, 0x000000008a700000| Complete 
| 168|0x000000008a800000, 0x000000008a900000, 0x000000008a900000|100%| S|CS|TAMS 0x000000008a800000, 0x000000008a800000| Complete 
| 169|0x000000008a900000, 0x000000008aa00000, 0x000000008aa00000|100%| S|CS|TAMS 0x000000008a900000, 0x000000008a900000| Complete 
| 170|0x000000008aa00000, 0x000000008aa00000, 0x000000008ab00000|  0%| F|  |TAMS 0x000000008aa00000, 0x000000008aa00000| Untracked 
| 171|0x000000008ab00000, 0x000000008ab00000, 0x000000008ac00000|  0%| F|  |TAMS 0x000000008ab00000, 0x000000008ab00000| Untracked 
| 172|0x000000008ac00000, 0x000000008ac00000, 0x000000008ad00000|  0%| F|  |TAMS 0x000000008ac00000, 0x000000008ac00000| Untracked 
| 173|0x000000008ad00000, 0x000000008ad00000, 0x000000008ae00000|  0%| F|  |TAMS 0x000000008ad00000, 0x000000008ad00000| Untracked 
| 174|0x000000008ae00000, 0x000000008ae00000, 0x000000008af00000|  0%| F|  |TAMS 0x000000008ae00000, 0x000000008ae00000| Untracked 
| 175|0x000000008af00000, 0x000000008af00000, 0x000000008b000000|  0%| F|  |TAMS 0x000000008af00000, 0x000000008af00000| Untracked 
| 176|0x000000008b000000, 0x000000008b000000, 0x000000008b100000|  0%| F|  |TAMS 0x000000008b000000, 0x000000008b000000| Untracked 
| 177|0x000000008b100000, 0x000000008b100000, 0x000000008b200000|  0%| F|  |TAMS 0x000000008b100000, 0x000000008b100000| Untracked 
| 178|0x000000008b200000, 0x000000008b200000, 0x000000008b300000|  0%| F|  |TAMS 0x000000008b200000, 0x000000008b200000| Untracked 
| 179|0x000000008b300000, 0x000000008b300000, 0x000000008b400000|  0%| F|  |TAMS 0x000000008b300000, 0x000000008b300000| Untracked 
| 180|0x000000008b400000, 0x000000008b400000, 0x000000008b500000|  0%| F|  |TAMS 0x000000008b400000, 0x000000008b400000| Untracked 
| 181|0x000000008b500000, 0x000000008b500000, 0x000000008b600000|  0%| F|  |TAMS 0x000000008b500000, 0x000000008b500000| Untracked 
| 182|0x000000008b600000, 0x000000008b600000, 0x000000008b700000|  0%| F|  |TAMS 0x000000008b600000, 0x000000008b600000| Untracked 
| 183|0x000000008b700000, 0x000000008b700000, 0x000000008b800000|  0%| F|  |TAMS 0x000000008b700000, 0x000000008b700000| Untracked 
| 184|0x000000008b800000, 0x000000008b800000, 0x000000008b900000|  0%| F|  |TAMS 0x000000008b800000, 0x000000008b800000| Untracked 
| 185|0x000000008b900000, 0x000000008b900000, 0x000000008ba00000|  0%| F|  |TAMS 0x000000008b900000, 0x000000008b900000| Untracked 
| 186|0x000000008ba00000, 0x000000008ba00000, 0x000000008bb00000|  0%| F|  |TAMS 0x000000008ba00000, 0x000000008ba00000| Untracked 
| 187|0x000000008bb00000, 0x000000008bb00000, 0x000000008bc00000|  0%| F|  |TAMS 0x000000008bb00000, 0x000000008bb00000| Untracked 
| 188|0x000000008bc00000, 0x000000008bc00000, 0x000000008bd00000|  0%| F|  |TAMS 0x000000008bc00000, 0x000000008bc00000| Untracked 
| 189|0x000000008bd00000, 0x000000008bd00000, 0x000000008be00000|  0%| F|  |TAMS 0x000000008bd00000, 0x000000008bd00000| Untracked 
| 190|0x000000008be00000, 0x000000008be00000, 0x000000008bf00000|  0%| F|  |TAMS 0x000000008be00000, 0x000000008be00000| Untracked 
| 191|0x000000008bf00000, 0x000000008bf00000, 0x000000008c000000|  0%| F|  |TAMS 0x000000008bf00000, 0x000000008bf00000| Untracked 
| 192|0x000000008c000000, 0x000000008c000000, 0x000000008c100000|  0%| F|  |TAMS 0x000000008c000000, 0x000000008c000000| Untracked 
| 193|0x000000008c100000, 0x000000008c100000, 0x000000008c200000|  0%| F|  |TAMS 0x000000008c100000, 0x000000008c100000| Untracked 
| 194|0x000000008c200000, 0x000000008c200000, 0x000000008c300000|  0%| F|  |TAMS 0x000000008c200000, 0x000000008c200000| Untracked 
| 195|0x000000008c300000, 0x000000008c300000, 0x000000008c400000|  0%| F|  |TAMS 0x000000008c300000, 0x000000008c300000| Untracked 
| 196|0x000000008c400000, 0x000000008c400000, 0x000000008c500000|  0%| F|  |TAMS 0x000000008c400000, 0x000000008c400000| Untracked 
| 197|0x000000008c500000, 0x000000008c500000, 0x000000008c600000|  0%| F|  |TAMS 0x000000008c500000, 0x000000008c500000| Untracked 
| 198|0x000000008c600000, 0x000000008c600000, 0x000000008c700000|  0%| F|  |TAMS 0x000000008c600000, 0x000000008c600000| Untracked 
| 199|0x000000008c700000, 0x000000008c700000, 0x000000008c800000|  0%| F|  |TAMS 0x000000008c700000, 0x000000008c700000| Untracked 
| 200|0x000000008c800000, 0x000000008c800000, 0x000000008c900000|  0%| F|  |TAMS 0x000000008c800000, 0x000000008c800000| Untracked 
| 201|0x000000008c900000, 0x000000008c900000, 0x000000008ca00000|  0%| F|  |TAMS 0x000000008c900000, 0x000000008c900000| Untracked 
| 202|0x000000008ca00000, 0x000000008ca00000, 0x000000008cb00000|  0%| F|  |TAMS 0x000000008ca00000, 0x000000008ca00000| Untracked 
| 203|0x000000008cb00000, 0x000000008cb00000, 0x000000008cc00000|  0%| F|  |TAMS 0x000000008cb00000, 0x000000008cb00000| Untracked 
| 204|0x000000008cc00000, 0x000000008cc00000, 0x000000008cd00000|  0%| F|  |TAMS 0x000000008cc00000, 0x000000008cc00000| Untracked 
| 205|0x000000008cd00000, 0x000000008cd00000, 0x000000008ce00000|  0%| F|  |TAMS 0x000000008cd00000, 0x000000008cd00000| Untracked 
| 206|0x000000008ce00000, 0x000000008ce00000, 0x000000008cf00000|  0%| F|  |TAMS 0x000000008ce00000, 0x000000008ce00000| Untracked 
| 207|0x000000008cf00000, 0x000000008cf00000, 0x000000008d000000|  0%| F|  |TAMS 0x000000008cf00000, 0x000000008cf00000| Untracked 
| 208|0x000000008d000000, 0x000000008d000000, 0x000000008d100000|  0%| F|  |TAMS 0x000000008d000000, 0x000000008d000000| Untracked 
| 209|0x000000008d100000, 0x000000008d100000, 0x000000008d200000|  0%| F|  |TAMS 0x000000008d100000, 0x000000008d100000| Untracked 
| 210|0x000000008d200000, 0x000000008d200000, 0x000000008d300000|  0%| F|  |TAMS 0x000000008d200000, 0x000000008d200000| Untracked 
| 211|0x000000008d300000, 0x000000008d300000, 0x000000008d400000|  0%| F|  |TAMS 0x000000008d300000, 0x000000008d300000| Untracked 
| 212|0x000000008d400000, 0x000000008d400000, 0x000000008d500000|  0%| F|  |TAMS 0x000000008d400000, 0x000000008d400000| Untracked 
| 213|0x000000008d500000, 0x000000008d500000, 0x000000008d600000|  0%| F|  |TAMS 0x000000008d500000, 0x000000008d500000| Untracked 
| 214|0x000000008d600000, 0x000000008d600000, 0x000000008d700000|  0%| F|  |TAMS 0x000000008d600000, 0x000000008d600000| Untracked 
| 215|0x000000008d700000, 0x000000008d700000, 0x000000008d800000|  0%| F|  |TAMS 0x000000008d700000, 0x000000008d700000| Untracked 
| 216|0x000000008d800000, 0x000000008d800000, 0x000000008d900000|  0%| F|  |TAMS 0x000000008d800000, 0x000000008d800000| Untracked 
| 217|0x000000008d900000, 0x000000008d900000, 0x000000008da00000|  0%| F|  |TAMS 0x000000008d900000, 0x000000008d900000| Untracked 
| 218|0x000000008da00000, 0x000000008da00000, 0x000000008db00000|  0%| F|  |TAMS 0x000000008da00000, 0x000000008da00000| Untracked 
| 219|0x000000008db00000, 0x000000008db00000, 0x000000008dc00000|  0%| F|  |TAMS 0x000000008db00000, 0x000000008db00000| Untracked 
| 220|0x000000008dc00000, 0x000000008dc00000, 0x000000008dd00000|  0%| F|  |TAMS 0x000000008dc00000, 0x000000008dc00000| Untracked 
| 221|0x000000008dd00000, 0x000000008dd00000, 0x000000008de00000|  0%| F|  |TAMS 0x000000008dd00000, 0x000000008dd00000| Untracked 
| 222|0x000000008de00000, 0x000000008de00000, 0x000000008df00000|  0%| F|  |TAMS 0x000000008de00000, 0x000000008de00000| Untracked 
| 223|0x000000008df00000, 0x000000008df00000, 0x000000008e000000|  0%| F|  |TAMS 0x000000008df00000, 0x000000008df00000| Untracked 
| 224|0x000000008e000000, 0x000000008e000000, 0x000000008e100000|  0%| F|  |TAMS 0x000000008e000000, 0x000000008e000000| Untracked 
| 225|0x000000008e100000, 0x000000008e100000, 0x000000008e200000|  0%| F|  |TAMS 0x000000008e100000, 0x000000008e100000| Untracked 
| 226|0x000000008e200000, 0x000000008e200000, 0x000000008e300000|  0%| F|  |TAMS 0x000000008e200000, 0x000000008e200000| Untracked 
| 227|0x000000008e300000, 0x000000008e300000, 0x000000008e400000|  0%| F|  |TAMS 0x000000008e300000, 0x000000008e300000| Untracked 
| 228|0x000000008e400000, 0x000000008e400000, 0x000000008e500000|  0%| F|  |TAMS 0x000000008e400000, 0x000000008e400000| Untracked 
| 229|0x000000008e500000, 0x000000008e500000, 0x000000008e600000|  0%| F|  |TAMS 0x000000008e500000, 0x000000008e500000| Untracked 
| 230|0x000000008e600000, 0x000000008e600000, 0x000000008e700000|  0%| F|  |TAMS 0x000000008e600000, 0x000000008e600000| Untracked 
| 231|0x000000008e700000, 0x000000008e700000, 0x000000008e800000|  0%| F|  |TAMS 0x000000008e700000, 0x000000008e700000| Untracked 
| 232|0x000000008e800000, 0x000000008e800000, 0x000000008e900000|  0%| F|  |TAMS 0x000000008e800000, 0x000000008e800000| Untracked 
| 233|0x000000008e900000, 0x000000008e900000, 0x000000008ea00000|  0%| F|  |TAMS 0x000000008e900000, 0x000000008e900000| Untracked 
| 234|0x000000008ea00000, 0x000000008ea00000, 0x000000008eb00000|  0%| F|  |TAMS 0x000000008ea00000, 0x000000008ea00000| Untracked 
| 235|0x000000008eb00000, 0x000000008eb00000, 0x000000008ec00000|  0%| F|  |TAMS 0x000000008eb00000, 0x000000008eb00000| Untracked 
| 236|0x000000008ec00000, 0x000000008ec00000, 0x000000008ed00000|  0%| F|  |TAMS 0x000000008ec00000, 0x000000008ec00000| Untracked 
| 237|0x000000008ed00000, 0x000000008ed00000, 0x000000008ee00000|  0%| F|  |TAMS 0x000000008ed00000, 0x000000008ed00000| Untracked 
| 238|0x000000008ee00000, 0x000000008ee00000, 0x000000008ef00000|  0%| F|  |TAMS 0x000000008ee00000, 0x000000008ee00000| Untracked 
| 239|0x000000008ef00000, 0x000000008ef00000, 0x000000008f000000|  0%| F|  |TAMS 0x000000008ef00000, 0x000000008ef00000| Untracked 
| 240|0x000000008f000000, 0x000000008f000000, 0x000000008f100000|  0%| F|  |TAMS 0x000000008f000000, 0x000000008f000000| Untracked 
| 241|0x000000008f100000, 0x000000008f100000, 0x000000008f200000|  0%| F|  |TAMS 0x000000008f100000, 0x000000008f100000| Untracked 
| 242|0x000000008f200000, 0x000000008f200000, 0x000000008f300000|  0%| F|  |TAMS 0x000000008f200000, 0x000000008f200000| Untracked 
| 243|0x000000008f300000, 0x000000008f300000, 0x000000008f400000|  0%| F|  |TAMS 0x000000008f300000, 0x000000008f300000| Untracked 
| 244|0x000000008f400000, 0x000000008f400000, 0x000000008f500000|  0%| F|  |TAMS 0x000000008f400000, 0x000000008f400000| Untracked 
| 245|0x000000008f500000, 0x000000008f500000, 0x000000008f600000|  0%| F|  |TAMS 0x000000008f500000, 0x000000008f500000| Untracked 
| 246|0x000000008f600000, 0x000000008f600000, 0x000000008f700000|  0%| F|  |TAMS 0x000000008f600000, 0x000000008f600000| Untracked 
| 247|0x000000008f700000, 0x000000008f700000, 0x000000008f800000|  0%| F|  |TAMS 0x000000008f700000, 0x000000008f700000| Untracked 
| 248|0x000000008f800000, 0x000000008f800000, 0x000000008f900000|  0%| F|  |TAMS 0x000000008f800000, 0x000000008f800000| Untracked 
| 249|0x000000008f900000, 0x000000008f900000, 0x000000008fa00000|  0%| F|  |TAMS 0x000000008f900000, 0x000000008f900000| Untracked 
| 250|0x000000008fa00000, 0x000000008fa00000, 0x000000008fb00000|  0%| F|  |TAMS 0x000000008fa00000, 0x000000008fa00000| Untracked 
| 251|0x000000008fb00000, 0x000000008fb00000, 0x000000008fc00000|  0%| F|  |TAMS 0x000000008fb00000, 0x000000008fb00000| Untracked 
| 252|0x000000008fc00000, 0x000000008fc00000, 0x000000008fd00000|  0%| F|  |TAMS 0x000000008fc00000, 0x000000008fc00000| Untracked 
| 253|0x000000008fd00000, 0x000000008fd00000, 0x000000008fe00000|  0%| F|  |TAMS 0x000000008fd00000, 0x000000008fd00000| Untracked 
| 254|0x000000008fe00000, 0x000000008fe00000, 0x000000008ff00000|  0%| F|  |TAMS 0x000000008fe00000, 0x000000008fe00000| Untracked 
| 255|0x000000008ff00000, 0x000000008ff00000, 0x0000000090000000|  0%| F|  |TAMS 0x000000008ff00000, 0x000000008ff00000| Untracked 
| 256|0x0000000090000000, 0x0000000090000000, 0x0000000090100000|  0%| F|  |TAMS 0x0000000090000000, 0x0000000090000000| Untracked 
| 257|0x0000000090100000, 0x0000000090100000, 0x0000000090200000|  0%| F|  |TAMS 0x0000000090100000, 0x0000000090100000| Untracked 
| 258|0x0000000090200000, 0x0000000090200000, 0x0000000090300000|  0%| F|  |TAMS 0x0000000090200000, 0x0000000090200000| Untracked 
| 259|0x0000000090300000, 0x0000000090300000, 0x0000000090400000|  0%| F|  |TAMS 0x0000000090300000, 0x0000000090300000| Untracked 
| 260|0x0000000090400000, 0x0000000090400000, 0x0000000090500000|  0%| F|  |TAMS 0x0000000090400000, 0x0000000090400000| Untracked 
| 261|0x0000000090500000, 0x0000000090500000, 0x0000000090600000|  0%| F|  |TAMS 0x0000000090500000, 0x0000000090500000| Untracked 
| 262|0x0000000090600000, 0x0000000090600000, 0x0000000090700000|  0%| F|  |TAMS 0x0000000090600000, 0x0000000090600000| Untracked 
| 263|0x0000000090700000, 0x0000000090700000, 0x0000000090800000|  0%| F|  |TAMS 0x0000000090700000, 0x0000000090700000| Untracked 
| 264|0x0000000090800000, 0x0000000090800000, 0x0000000090900000|  0%| F|  |TAMS 0x0000000090800000, 0x0000000090800000| Untracked 
| 265|0x0000000090900000, 0x0000000090900000, 0x0000000090a00000|  0%| F|  |TAMS 0x0000000090900000, 0x0000000090900000| Untracked 
| 266|0x0000000090a00000, 0x0000000090a00000, 0x0000000090b00000|  0%| F|  |TAMS 0x0000000090a00000, 0x0000000090a00000| Untracked 
| 267|0x0000000090b00000, 0x0000000090b00000, 0x0000000090c00000|  0%| F|  |TAMS 0x0000000090b00000, 0x0000000090b00000| Untracked 
| 268|0x0000000090c00000, 0x0000000090c00000, 0x0000000090d00000|  0%| F|  |TAMS 0x0000000090c00000, 0x0000000090c00000| Untracked 
| 269|0x0000000090d00000, 0x0000000090d00000, 0x0000000090e00000|  0%| F|  |TAMS 0x0000000090d00000, 0x0000000090d00000| Untracked 
| 270|0x0000000090e00000, 0x0000000090e00000, 0x0000000090f00000|  0%| F|  |TAMS 0x0000000090e00000, 0x0000000090e00000| Untracked 
| 271|0x0000000090f00000, 0x0000000090f00000, 0x0000000091000000|  0%| F|  |TAMS 0x0000000090f00000, 0x0000000090f00000| Untracked 
| 272|0x0000000091000000, 0x0000000091000000, 0x0000000091100000|  0%| F|  |TAMS 0x0000000091000000, 0x0000000091000000| Untracked 
| 273|0x0000000091100000, 0x0000000091100000, 0x0000000091200000|  0%| F|  |TAMS 0x0000000091100000, 0x0000000091100000| Untracked 
| 274|0x0000000091200000, 0x0000000091200000, 0x0000000091300000|  0%| F|  |TAMS 0x0000000091200000, 0x0000000091200000| Untracked 
| 275|0x0000000091300000, 0x0000000091300000, 0x0000000091400000|  0%| F|  |TAMS 0x0000000091300000, 0x0000000091300000| Untracked 
| 276|0x0000000091400000, 0x0000000091400000, 0x0000000091500000|  0%| F|  |TAMS 0x0000000091400000, 0x0000000091400000| Untracked 
| 277|0x0000000091500000, 0x0000000091500000, 0x0000000091600000|  0%| F|  |TAMS 0x0000000091500000, 0x0000000091500000| Untracked 
| 278|0x0000000091600000, 0x0000000091600000, 0x0000000091700000|  0%| F|  |TAMS 0x0000000091600000, 0x0000000091600000| Untracked 
| 279|0x0000000091700000, 0x0000000091700000, 0x0000000091800000|  0%| F|  |TAMS 0x0000000091700000, 0x0000000091700000| Untracked 
| 280|0x0000000091800000, 0x0000000091800000, 0x0000000091900000|  0%| F|  |TAMS 0x0000000091800000, 0x0000000091800000| Untracked 
| 281|0x0000000091900000, 0x0000000091900000, 0x0000000091a00000|  0%| F|  |TAMS 0x0000000091900000, 0x0000000091900000| Untracked 
| 282|0x0000000091a00000, 0x0000000091a00000, 0x0000000091b00000|  0%| F|  |TAMS 0x0000000091a00000, 0x0000000091a00000| Untracked 
| 283|0x0000000091b00000, 0x0000000091b00000, 0x0000000091c00000|  0%| F|  |TAMS 0x0000000091b00000, 0x0000000091b00000| Untracked 
| 284|0x0000000091c00000, 0x0000000091c00000, 0x0000000091d00000|  0%| F|  |TAMS 0x0000000091c00000, 0x0000000091c00000| Untracked 
| 285|0x0000000091d00000, 0x0000000091d00000, 0x0000000091e00000|  0%| F|  |TAMS 0x0000000091d00000, 0x0000000091d00000| Untracked 
| 286|0x0000000091e00000, 0x0000000091e00000, 0x0000000091f00000|  0%| F|  |TAMS 0x0000000091e00000, 0x0000000091e00000| Untracked 
| 287|0x0000000091f00000, 0x0000000091f00000, 0x0000000092000000|  0%| F|  |TAMS 0x0000000091f00000, 0x0000000091f00000| Untracked 
| 288|0x0000000092000000, 0x0000000092000000, 0x0000000092100000|  0%| F|  |TAMS 0x0000000092000000, 0x0000000092000000| Untracked 
| 289|0x0000000092100000, 0x0000000092100000, 0x0000000092200000|  0%| F|  |TAMS 0x0000000092100000, 0x0000000092100000| Untracked 
| 290|0x0000000092200000, 0x0000000092200000, 0x0000000092300000|  0%| F|  |TAMS 0x0000000092200000, 0x0000000092200000| Untracked 
| 291|0x0000000092300000, 0x0000000092300000, 0x0000000092400000|  0%| F|  |TAMS 0x0000000092300000, 0x0000000092300000| Untracked 
| 292|0x0000000092400000, 0x0000000092400000, 0x0000000092500000|  0%| F|  |TAMS 0x0000000092400000, 0x0000000092400000| Untracked 
| 293|0x0000000092500000, 0x0000000092500000, 0x0000000092600000|  0%| F|  |TAMS 0x0000000092500000, 0x0000000092500000| Untracked 
| 294|0x0000000092600000, 0x0000000092600000, 0x0000000092700000|  0%| F|  |TAMS 0x0000000092600000, 0x0000000092600000| Untracked 
| 295|0x0000000092700000, 0x0000000092700000, 0x0000000092800000|  0%| F|  |TAMS 0x0000000092700000, 0x0000000092700000| Untracked 
| 296|0x0000000092800000, 0x0000000092800000, 0x0000000092900000|  0%| F|  |TAMS 0x0000000092800000, 0x0000000092800000| Untracked 
| 297|0x0000000092900000, 0x0000000092900000, 0x0000000092a00000|  0%| F|  |TAMS 0x0000000092900000, 0x0000000092900000| Untracked 
| 298|0x0000000092a00000, 0x0000000092a00000, 0x0000000092b00000|  0%| F|  |TAMS 0x0000000092a00000, 0x0000000092a00000| Untracked 
| 299|0x0000000092b00000, 0x0000000092b00000, 0x0000000092c00000|  0%| F|  |TAMS 0x0000000092b00000, 0x0000000092b00000| Untracked 
| 300|0x0000000092c00000, 0x0000000092c00000, 0x0000000092d00000|  0%| F|  |TAMS 0x0000000092c00000, 0x0000000092c00000| Untracked 
| 301|0x0000000092d00000, 0x0000000092d00000, 0x0000000092e00000|  0%| F|  |TAMS 0x0000000092d00000, 0x0000000092d00000| Untracked 
| 302|0x0000000092e00000, 0x0000000092e00000, 0x0000000092f00000|  0%| F|  |TAMS 0x0000000092e00000, 0x0000000092e00000| Untracked 
| 303|0x0000000092f00000, 0x0000000092f00000, 0x0000000093000000|  0%| F|  |TAMS 0x0000000092f00000, 0x0000000092f00000| Untracked 
| 304|0x0000000093000000, 0x0000000093000000, 0x0000000093100000|  0%| F|  |TAMS 0x0000000093000000, 0x0000000093000000| Untracked 
| 305|0x0000000093100000, 0x0000000093100000, 0x0000000093200000|  0%| F|  |TAMS 0x0000000093100000, 0x0000000093100000| Untracked 
| 306|0x0000000093200000, 0x0000000093200000, 0x0000000093300000|  0%| F|  |TAMS 0x0000000093200000, 0x0000000093200000| Untracked 
| 307|0x0000000093300000, 0x0000000093300000, 0x0000000093400000|  0%| F|  |TAMS 0x0000000093300000, 0x0000000093300000| Untracked 
| 308|0x0000000093400000, 0x0000000093400000, 0x0000000093500000|  0%| F|  |TAMS 0x0000000093400000, 0x0000000093400000| Untracked 
| 309|0x0000000093500000, 0x0000000093500000, 0x0000000093600000|  0%| F|  |TAMS 0x0000000093500000, 0x0000000093500000| Untracked 
| 310|0x0000000093600000, 0x0000000093600000, 0x0000000093700000|  0%| F|  |TAMS 0x0000000093600000, 0x0000000093600000| Untracked 
| 311|0x0000000093700000, 0x0000000093700000, 0x0000000093800000|  0%| F|  |TAMS 0x0000000093700000, 0x0000000093700000| Untracked 
| 312|0x0000000093800000, 0x0000000093800000, 0x0000000093900000|  0%| F|  |TAMS 0x0000000093800000, 0x0000000093800000| Untracked 
| 313|0x0000000093900000, 0x0000000093900000, 0x0000000093a00000|  0%| F|  |TAMS 0x0000000093900000, 0x0000000093900000| Untracked 
| 314|0x0000000093a00000, 0x0000000093a00000, 0x0000000093b00000|  0%| F|  |TAMS 0x0000000093a00000, 0x0000000093a00000| Untracked 
| 315|0x0000000093b00000, 0x0000000093b00000, 0x0000000093c00000|  0%| F|  |TAMS 0x0000000093b00000, 0x0000000093b00000| Untracked 
| 316|0x0000000093c00000, 0x0000000093c00000, 0x0000000093d00000|  0%| F|  |TAMS 0x0000000093c00000, 0x0000000093c00000| Untracked 
| 317|0x0000000093d00000, 0x0000000093d00000, 0x0000000093e00000|  0%| F|  |TAMS 0x0000000093d00000, 0x0000000093d00000| Untracked 
| 318|0x0000000093e00000, 0x0000000093e00000, 0x0000000093f00000|  0%| F|  |TAMS 0x0000000093e00000, 0x0000000093e00000| Untracked 
| 319|0x0000000093f00000, 0x0000000093f00000, 0x0000000094000000|  0%| F|  |TAMS 0x0000000093f00000, 0x0000000093f00000| Untracked 
| 320|0x0000000094000000, 0x0000000094000000, 0x0000000094100000|  0%| F|  |TAMS 0x0000000094000000, 0x0000000094000000| Untracked 
| 321|0x0000000094100000, 0x0000000094100000, 0x0000000094200000|  0%| F|  |TAMS 0x0000000094100000, 0x0000000094100000| Untracked 
| 322|0x0000000094200000, 0x0000000094200000, 0x0000000094300000|  0%| F|  |TAMS 0x0000000094200000, 0x0000000094200000| Untracked 
| 323|0x0000000094300000, 0x0000000094300000, 0x0000000094400000|  0%| F|  |TAMS 0x0000000094300000, 0x0000000094300000| Untracked 
| 324|0x0000000094400000, 0x0000000094400000, 0x0000000094500000|  0%| F|  |TAMS 0x0000000094400000, 0x0000000094400000| Untracked 
| 325|0x0000000094500000, 0x0000000094500000, 0x0000000094600000|  0%| F|  |TAMS 0x0000000094500000, 0x0000000094500000| Untracked 
| 326|0x0000000094600000, 0x0000000094600000, 0x0000000094700000|  0%| F|  |TAMS 0x0000000094600000, 0x0000000094600000| Untracked 
| 327|0x0000000094700000, 0x0000000094700000, 0x0000000094800000|  0%| F|  |TAMS 0x0000000094700000, 0x0000000094700000| Untracked 
| 328|0x0000000094800000, 0x0000000094800000, 0x0000000094900000|  0%| F|  |TAMS 0x0000000094800000, 0x0000000094800000| Untracked 
| 329|0x0000000094900000, 0x0000000094900000, 0x0000000094a00000|  0%| F|  |TAMS 0x0000000094900000, 0x0000000094900000| Untracked 
| 330|0x0000000094a00000, 0x0000000094a00000, 0x0000000094b00000|  0%| F|  |TAMS 0x0000000094a00000, 0x0000000094a00000| Untracked 
| 331|0x0000000094b00000, 0x0000000094b00000, 0x0000000094c00000|  0%| F|  |TAMS 0x0000000094b00000, 0x0000000094b00000| Untracked 
| 332|0x0000000094c00000, 0x0000000094c00000, 0x0000000094d00000|  0%| F|  |TAMS 0x0000000094c00000, 0x0000000094c00000| Untracked 
| 333|0x0000000094d00000, 0x0000000094d00000, 0x0000000094e00000|  0%| F|  |TAMS 0x0000000094d00000, 0x0000000094d00000| Untracked 
| 334|0x0000000094e00000, 0x0000000094e00000, 0x0000000094f00000|  0%| F|  |TAMS 0x0000000094e00000, 0x0000000094e00000| Untracked 
| 335|0x0000000094f00000, 0x0000000094f00000, 0x0000000095000000|  0%| F|  |TAMS 0x0000000094f00000, 0x0000000094f00000| Untracked 

Card table byte_map: [0x0000015d5b1c0000,0x0000015d5b5c0000] _byte_map_base: 0x0000015d5adc0000

Marking Bits (Prev, Next): (CMBitMap*) 0x0000015d482ddf80, (CMBitMap*) 0x0000015d482ddf48
 Prev Bits: [0x0000015d5d9c0000, 0x0000015d5f9c0000)
 Next Bits: [0x0000015d5b9c0000, 0x0000015d5d9c0000)

Polling page: 0x0000015d461f0000

Metaspace:

Usage:
  Non-class:     59.96 MB capacity,    58.77 MB ( 98%) used,     1.01 MB (  2%) free+waste,   188.00 KB ( <1%) overhead. 
      Class:      8.84 MB capacity,     8.18 MB ( 93%) used,   582.61 KB (  6%) free+waste,    86.63 KB ( <1%) overhead. 
       Both:     68.79 MB capacity,    66.95 MB ( 97%) used,     1.58 MB (  2%) free+waste,   274.63 KB ( <1%) overhead. 

Virtual space:
  Non-class space:       62.00 MB reserved,      60.17 MB ( 97%) committed 
      Class space:        1.00 GB reserved,       8.88 MB ( <1%) committed 
             Both:        1.06 GB reserved,      69.05 MB (  6%) committed 

Chunk freelists:
   Non-Class:  27.00 KB
       Class:  7.00 KB
        Both:  34.00 KB

MaxMetaspaceSize: 17179869184.00 GB
CompressedClassSpaceSize: 1.00 GB
Initial GC threshold: 20.80 MB
Current GC threshold: 83.00 MB
CDS: off

CodeHeap 'non-profiled nmethods': size=120064Kb used=9316Kb max_used=9316Kb free=110747Kb
 bounds [0x0000015d53880000, 0x0000015d541a0000, 0x0000015d5adc0000]
CodeHeap 'profiled nmethods': size=120000Kb used=24793Kb max_used=24793Kb free=95206Kb
 bounds [0x0000015d4c350000, 0x0000015d4db90000, 0x0000015d53880000]
CodeHeap 'non-nmethods': size=5696Kb used=2346Kb max_used=2394Kb free=3350Kb
 bounds [0x0000015d4bdc0000, 0x0000015d4c030000, 0x0000015d4c350000]
 total_blobs=11679 nmethods=10812 adapters=780
 compilation: enabled
              stopped_count=0, restarted_count=0
 full_count=0

Compilation events (20 events):
Event: 123.668 Thread 0x0000015d623fb000 10921   !   3       java.util.zip.ZipFile::entries (39 bytes)
Event: 123.668 Thread 0x0000015d623fb000 nmethod 10921 0x0000015d4db7e490 code [0x0000015d4db7e6a0, 0x0000015d4db7ece8]
Event: 123.672 Thread 0x0000015d623fb000 10922       3       org.gradle.api.internal.file.archive.impl.FileZipInput::close (8 bytes)
Event: 123.672 Thread 0x0000015d623fb000 nmethod 10922 0x0000015d4db7ef90 code [0x0000015d4db7f140, 0x0000015d4db7f308]
Event: 123.785 Thread 0x0000015d623fb000 10923   !   3       org.gradle.cache.internal.DefaultFileLockManager::lock (124 bytes)
Event: 123.788 Thread 0x0000015d623fb000 nmethod 10923 0x0000015d4db7f410 code [0x0000015d4db7f880, 0x0000015d4db81b58]
Event: 123.794 Thread 0x0000015d623fb000 10924   !   3       org.gradle.api.internal.file.archive.impl.FileZipInput::create (41 bytes)
Event: 123.795 Thread 0x0000015d623fb000 nmethod 10924 0x0000015d4db82910 code [0x0000015d4db82b40, 0x0000015d4db831a8]
Event: 123.817 Thread 0x0000015d61b97000 10925 %     4       sun.security.provider.HashDrbg::addBytes @ 33 (130 bytes)
Event: 123.833 Thread 0x0000015d61b97000 nmethod 10925% 0x0000015d54197d10 code [0x0000015d54197ec0, 0x0000015d541986d8]
Event: 124.732 Thread 0x0000015d61b97000 10926       4       java.util.concurrent.locks.ReentrantLock::lock (9 bytes)
Event: 124.737 Thread 0x0000015d61b97000 nmethod 10926 0x0000015d54198990 code [0x0000015d54198b60, 0x0000015d54198dc8]
Event: 124.740 Thread 0x0000015d623fb000 10927   !   3       sun.nio.ch.FileChannelImpl::implCloseChannel (169 bytes)
Event: 124.742 Thread 0x0000015d623fb000 nmethod 10927 0x0000015d4db83510 code [0x0000015d4db83820, 0x0000015d4db84e78]
Event: 124.742 Thread 0x0000015d623fb000 10930       3       java.util.HashSet::clear (8 bytes)
Event: 124.742 Thread 0x0000015d623fb000 nmethod 10930 0x0000015d4db85490 code [0x0000015d4db85640, 0x0000015d4db85808]
Event: 124.742 Thread 0x0000015d623fb000 10928  s!   3       sun.nio.ch.NativeThreadSet::signalAndWait (134 bytes)
Event: 124.742 Thread 0x0000015d623fb000 nmethod 10928 0x0000015d4db85910 code [0x0000015d4db85b20, 0x0000015d4db86238]
Event: 124.742 Thread 0x0000015d623fb000 10929       1       org.gradle.launcher.daemon.server.expiry.DaemonExpirationResult::getStatus (5 bytes)
Event: 124.743 Thread 0x0000015d623fb000 nmethod 10929 0x0000015d54198f90 code [0x0000015d54199140, 0x0000015d541991f8]

GC Heap History (20 events):
Event: 122.359 GC heap after
{Heap after GC invocations=111 (full 0):
 garbage-first heap   total 344064K, used 117211K [0x0000000080000000, 0x0000000100000000)
  region size 1024K, 4 young (4096K), 4 survivors (4096K)
 Metaspace       used 68537K, capacity 70382K, committed 70448K, reserved 1110016K
  class space    used 8379K, capacity 9049K, committed 9088K, reserved 1048576K
}
Event: 122.986 GC heap before
{Heap before GC invocations=111 (full 0):
 garbage-first heap   total 344064K, used 304603K [0x0000000080000000, 0x0000000100000000)
  region size 1024K, 187 young (191488K), 4 survivors (4096K)
 Metaspace       used 68538K, capacity 70382K, committed 70448K, reserved 1110016K
  class space    used 8379K, capacity 9049K, committed 9088K, reserved 1048576K
}
Event: 122.996 GC heap after
{Heap after GC invocations=112 (full 0):
 garbage-first heap   total 344064K, used 118196K [0x0000000080000000, 0x0000000100000000)
  region size 1024K, 4 young (4096K), 4 survivors (4096K)
 Metaspace       used 68538K, capacity 70382K, committed 70448K, reserved 1110016K
  class space    used 8379K, capacity 9049K, committed 9088K, reserved 1048576K
}
Event: 123.505 GC heap before
{Heap before GC invocations=112 (full 0):
 garbage-first heap   total 344064K, used 306612K [0x0000000080000000, 0x0000000100000000)
  region size 1024K, 186 young (190464K), 4 survivors (4096K)
 Metaspace       used 68540K, capacity 70382K, committed 70448K, reserved 1110016K
  class space    used 8379K, capacity 9049K, committed 9088K, reserved 1048576K
}
Event: 123.512 GC heap after
{Heap after GC invocations=113 (full 0):
 garbage-first heap   total 344064K, used 118426K [0x0000000080000000, 0x0000000100000000)
  region size 1024K, 4 young (4096K), 4 survivors (4096K)
 Metaspace       used 68540K, capacity 70382K, committed 70448K, reserved 1110016K
  class space    used 8379K, capacity 9049K, committed 9088K, reserved 1048576K
}
Event: 124.004 GC heap before
{Heap before GC invocations=113 (full 0):
 garbage-first heap   total 344064K, used 308890K [0x0000000080000000, 0x0000000100000000)
  region size 1024K, 186 young (190464K), 4 survivors (4096K)
 Metaspace       used 68550K, capacity 70382K, committed 70448K, reserved 1110016K
  class space    used 8379K, capacity 9049K, committed 9088K, reserved 1048576K
}
Event: 124.012 GC heap after
{Heap after GC invocations=114 (full 0):
 garbage-first heap   total 344064K, used 121554K [0x0000000080000000, 0x0000000100000000)
  region size 1024K, 5 young (5120K), 5 survivors (5120K)
 Metaspace       used 68550K, capacity 70382K, committed 70448K, reserved 1110016K
  class space    used 8379K, capacity 9049K, committed 9088K, reserved 1048576K
}
Event: 124.408 GC heap before
{Heap before GC invocations=114 (full 0):
 garbage-first heap   total 344064K, used 303826K [0x0000000080000000, 0x0000000100000000)
  region size 1024K, 183 young (187392K), 5 survivors (5120K)
 Metaspace       used 68550K, capacity 70382K, committed 70448K, reserved 1110016K
  class space    used 8379K, capacity 9049K, committed 9088K, reserved 1048576K
}
Event: 124.418 GC heap after
{Heap after GC invocations=115 (full 0):
 garbage-first heap   total 344064K, used 122584K [0x0000000080000000, 0x0000000100000000)
  region size 1024K, 6 young (6144K), 6 survivors (6144K)
 Metaspace       used 68550K, capacity 70382K, committed 70448K, reserved 1110016K
  class space    used 8379K, capacity 9049K, committed 9088K, reserved 1048576K
}
Event: 124.752 GC heap before
{Heap before GC invocations=115 (full 0):
 garbage-first heap   total 344064K, used 302808K [0x0000000080000000, 0x0000000100000000)
  region size 1024K, 182 young (186368K), 6 survivors (6144K)
 Metaspace       used 68555K, capacity 70446K, committed 70704K, reserved 1112064K
  class space    used 8379K, capacity 9049K, committed 9088K, reserved 1048576K
}
Event: 124.764 GC heap after
{Heap after GC invocations=116 (full 0):
 garbage-first heap   total 344064K, used 124115K [0x0000000080000000, 0x0000000100000000)
  region size 1024K, 8 young (8192K), 8 survivors (8192K)
 Metaspace       used 68555K, capacity 70446K, committed 70704K, reserved 1112064K
  class space    used 8379K, capacity 9049K, committed 9088K, reserved 1048576K
}
Event: 125.142 GC heap before
{Heap before GC invocations=116 (full 0):
 garbage-first heap   total 344064K, used 300243K [0x0000000080000000, 0x0000000100000000)
  region size 1024K, 180 young (184320K), 8 survivors (8192K)
 Metaspace       used 68555K, capacity 70446K, committed 70704K, reserved 1112064K
  class space    used 8379K, capacity 9049K, committed 9088K, reserved 1048576K
}
Event: 125.156 GC heap after
{Heap after GC invocations=117 (full 0):
 garbage-first heap   total 344064K, used 125161K [0x0000000080000000, 0x0000000100000000)
  region size 1024K, 9 young (9216K), 9 survivors (9216K)
 Metaspace       used 68555K, capacity 70446K, committed 70704K, reserved 1112064K
  class space    used 8379K, capacity 9049K, committed 9088K, reserved 1048576K
}
Event: 125.467 GC heap before
{Heap before GC invocations=117 (full 0):
 garbage-first heap   total 344064K, used 299241K [0x0000000080000000, 0x0000000100000000)
  region size 1024K, 179 young (183296K), 9 survivors (9216K)
 Metaspace       used 68555K, capacity 70446K, committed 70704K, reserved 1112064K
  class space    used 8379K, capacity 9049K, committed 9088K, reserved 1048576K
}
Event: 125.483 GC heap after
{Heap after GC invocations=118 (full 0):
 garbage-first heap   total 344064K, used 126194K [0x0000000080000000, 0x0000000100000000)
  region size 1024K, 10 young (10240K), 10 survivors (10240K)
 Metaspace       used 68555K, capacity 70446K, committed 70704K, reserved 1112064K
  class space    used 8379K, capacity 9049K, committed 9088K, reserved 1048576K
}
Event: 125.782 GC heap before
{Heap before GC invocations=118 (full 0):
 garbage-first heap   total 344064K, used 298226K [0x0000000080000000, 0x0000000100000000)
  region size 1024K, 178 young (182272K), 10 survivors (10240K)
 Metaspace       used 68555K, capacity 70446K, committed 70704K, reserved 1112064K
  class space    used 8379K, capacity 9049K, committed 9088K, reserved 1048576K
}
Event: 125.799 GC heap after
{Heap after GC invocations=119 (full 0):
 garbage-first heap   total 344064K, used 126726K [0x0000000080000000, 0x0000000100000000)
  region size 1024K, 10 young (10240K), 10 survivors (10240K)
 Metaspace       used 68555K, capacity 70446K, committed 70704K, reserved 1112064K
  class space    used 8379K, capacity 9049K, committed 9088K, reserved 1048576K
}
Event: 126.106 GC heap before
{Heap before GC invocations=119 (full 0):
 garbage-first heap   total 344064K, used 298758K [0x0000000080000000, 0x0000000100000000)
  region size 1024K, 178 young (182272K), 10 survivors (10240K)
 Metaspace       used 68555K, capacity 70446K, committed 70704K, reserved 1112064K
  class space    used 8379K, capacity 9049K, committed 9088K, reserved 1048576K
}
Event: 126.126 GC heap after
{Heap after GC invocations=120 (full 0):
 garbage-first heap   total 344064K, used 127773K [0x0000000080000000, 0x0000000100000000)
  region size 1024K, 11 young (11264K), 11 survivors (11264K)
 Metaspace       used 68555K, capacity 70446K, committed 70704K, reserved 1112064K
  class space    used 8379K, capacity 9049K, committed 9088K, reserved 1048576K
}
Event: 126.498 GC heap before
{Heap before GC invocations=120 (full 0):
 garbage-first heap   total 344064K, used 297757K [0x0000000080000000, 0x0000000100000000)
  region size 1024K, 177 young (181248K), 11 survivors (11264K)
 Metaspace       used 68555K, capacity 70446K, committed 70704K, reserved 1112064K
  class space    used 8379K, capacity 9049K, committed 9088K, reserved 1048576K
}

Deoptimization events (20 events):
Event: 122.104 Thread 0x0000015d636d5800 Uncommon trap: trap_request=0xffffff4d fr.pc=0x0000015d538d6d68 relative=0x0000000000000428
Event: 122.104 Thread 0x0000015d636d5800 Uncommon trap: reason=unstable_if action=reinterpret pc=0x0000015d538d6d68 method=java.lang.String.substring(II)Ljava/lang/String; @ 31 c2
Event: 122.104 Thread 0x0000015d636d5800 DEOPT PACKING pc=0x0000015d538d6d68 sp=0x0000003fb28fe430
Event: 122.104 Thread 0x0000015d636d5800 DEOPT UNPACKING pc=0x0000015d4be0a1a9 sp=0x0000003fb28fe3e8 mode 2
Event: 122.104 Thread 0x0000015d636d5800 Uncommon trap: trap_request=0xffffff4d fr.pc=0x0000015d53cf00b4 relative=0x0000000000000a34
Event: 122.104 Thread 0x0000015d636d5800 Uncommon trap: reason=unstable_if action=reinterpret pc=0x0000015d53cf00b4 method=java.lang.AbstractStringBuilder.putStringAt(ILjava/lang/String;)V @ 8 c2
Event: 122.104 Thread 0x0000015d636d5800 DEOPT PACKING pc=0x0000015d53cf00b4 sp=0x0000003fb28fe570
Event: 122.104 Thread 0x0000015d636d5800 DEOPT UNPACKING pc=0x0000015d4be0a1a9 sp=0x0000003fb28fe408 mode 2
Event: 122.104 Thread 0x0000015d636d5800 Uncommon trap: trap_request=0xffffff4d fr.pc=0x0000015d53921d2c relative=0x000000000000036c
Event: 122.104 Thread 0x0000015d636d5800 Uncommon trap: reason=unstable_if action=reinterpret pc=0x0000015d53921d2c method=java.lang.StringBuilder.toString()Ljava/lang/String; @ 4 c2
Event: 122.104 Thread 0x0000015d636d5800 DEOPT PACKING pc=0x0000015d53921d2c sp=0x0000003fb28fe510
Event: 122.109 Thread 0x0000015d636d5800 DEOPT UNPACKING pc=0x0000015d4be0a1a9 sp=0x0000003fb28fe4f0 mode 2
Event: 122.109 Thread 0x0000015d636d5800 Uncommon trap: trap_request=0xffffff4d fr.pc=0x0000015d539f6574 relative=0x00000000000001d4
Event: 122.109 Thread 0x0000015d636d5800 Uncommon trap: reason=unstable_if action=reinterpret pc=0x0000015d539f6574 method=java.lang.String.lastIndexOf(II)I @ 4 c2
Event: 122.109 Thread 0x0000015d636d5800 DEOPT PACKING pc=0x0000015d539f6574 sp=0x0000003fb28fe480
Event: 122.109 Thread 0x0000015d636d5800 DEOPT UNPACKING pc=0x0000015d4be0a1a9 sp=0x0000003fb28fe3a0 mode 2
Event: 122.109 Thread 0x0000015d636d5800 Uncommon trap: trap_request=0xffffff4d fr.pc=0x0000015d53b364cc relative=0x000000000000090c
Event: 122.109 Thread 0x0000015d636d5800 Uncommon trap: reason=unstable_if action=reinterpret pc=0x0000015d53b364cc method=java.lang.StringCoding.encodeUTF8(B[BZ)[B @ 2 c2
Event: 122.109 Thread 0x0000015d636d5800 DEOPT PACKING pc=0x0000015d53b364cc sp=0x0000003fb28fe430
Event: 122.109 Thread 0x0000015d636d5800 DEOPT UNPACKING pc=0x0000015d4be0a1a9 sp=0x0000003fb28fe358 mode 2

Classes redefined (0 events):
No events

Internal exceptions (20 events):
Event: 123.802 Thread 0x0000015d636d3800 Exception <a 'sun/nio/fs/WindowsException'{0x000000008effd290}> (0x000000008effd290) thrown at [./src/hotspot/share/prims/jni.cpp, line 616]
Event: 123.805 Thread 0x0000015d636d3800 Exception <a 'sun/nio/fs/WindowsException'{0x000000008effd418}> (0x000000008effd418) thrown at [./src/hotspot/share/prims/jni.cpp, line 616]
Event: 123.833 Thread 0x0000015d636d3800 Exception <a 'sun/nio/fs/WindowsException'{0x000000008eb23d80}> (0x000000008eb23d80) thrown at [./src/hotspot/share/prims/jni.cpp, line 616]
Event: 123.860 Thread 0x0000015d636d3800 Exception <a 'sun/nio/fs/WindowsException'{0x000000008dcfd7d0}> (0x000000008dcfd7d0) thrown at [./src/hotspot/share/prims/jni.cpp, line 616]
Event: 123.862 Thread 0x0000015d636d3800 Exception <a 'sun/nio/fs/WindowsException'{0x000000008dcfd970}> (0x000000008dcfd970) thrown at [./src/hotspot/share/prims/jni.cpp, line 616]
Event: 123.871 Thread 0x0000015d636d3800 Exception <a 'sun/nio/fs/WindowsException'{0x000000008d817ab0}> (0x000000008d817ab0) thrown at [./src/hotspot/share/prims/jni.cpp, line 616]
Event: 123.905 Thread 0x0000015d636d3800 Exception <a 'sun/nio/fs/WindowsException'{0x000000008c9b7db8}> (0x000000008c9b7db8) thrown at [./src/hotspot/share/prims/jni.cpp, line 616]
Event: 123.908 Thread 0x0000015d636d3800 Exception <a 'sun/nio/fs/WindowsException'{0x000000008c9b7f58}> (0x000000008c9b7f58) thrown at [./src/hotspot/share/prims/jni.cpp, line 616]
Event: 123.926 Thread 0x0000015d636d3800 Exception <a 'sun/nio/fs/WindowsException'{0x000000008c157308}> (0x000000008c157308) thrown at [./src/hotspot/share/prims/jni.cpp, line 616]
Event: 126.350 Thread 0x0000015d636d3800 Exception <a 'sun/nio/fs/WindowsException'{0x000000008d4a1920}> (0x000000008d4a1920) thrown at [./src/hotspot/share/prims/jni.cpp, line 616]
Event: 126.350 Thread 0x0000015d636d3800 Exception <a 'sun/nio/fs/WindowsException'{0x000000008d4a1ab0}> (0x000000008d4a1ab0) thrown at [./src/hotspot/share/prims/jni.cpp, line 616]
Event: 126.360 Thread 0x0000015d636d3800 Exception <a 'sun/nio/fs/WindowsException'{0x000000008d4a89b0}> (0x000000008d4a89b0) thrown at [./src/hotspot/share/prims/jni.cpp, line 616]
Event: 126.364 Thread 0x0000015d636d3800 Exception <a 'sun/nio/fs/WindowsException'{0x000000008d0b4c10}> (0x000000008d0b4c10) thrown at [./src/hotspot/share/prims/jni.cpp, line 616]
Event: 126.365 Thread 0x0000015d636d3800 Exception <a 'sun/nio/fs/WindowsException'{0x000000008d0b4da8}> (0x000000008d0b4da8) thrown at [./src/hotspot/share/prims/jni.cpp, line 616]
Event: 126.373 Thread 0x0000015d636d3800 Exception <a 'sun/nio/fs/WindowsException'{0x000000008d0cee00}> (0x000000008d0cee00) thrown at [./src/hotspot/share/prims/jni.cpp, line 616]
Event: 126.429 Thread 0x0000015d636d3800 Exception <a 'sun/nio/fs/WindowsException'{0x000000008b695ec0}> (0x000000008b695ec0) thrown at [./src/hotspot/share/prims/jni.cpp, line 616]
Event: 126.436 Thread 0x0000015d636d3800 Exception <a 'sun/nio/fs/WindowsException'{0x000000008b696048}> (0x000000008b696048) thrown at [./src/hotspot/share/prims/jni.cpp, line 616]
Event: 126.471 Thread 0x0000015d636d3800 Exception <a 'sun/nio/fs/WindowsException'{0x000000008b69c838}> (0x000000008b69c838) thrown at [./src/hotspot/share/prims/jni.cpp, line 616]
Event: 126.474 Thread 0x0000015d636d3800 Exception <a 'sun/nio/fs/WindowsException'{0x000000008b6f5a38}> (0x000000008b6f5a38) thrown at [./src/hotspot/share/prims/jni.cpp, line 616]
Event: 126.476 Thread 0x0000015d636d3800 Exception <a 'sun/nio/fs/WindowsException'{0x000000008b6f5bd0}> (0x000000008b6f5bd0) thrown at [./src/hotspot/share/prims/jni.cpp, line 616]

Events (20 events):
Event: 122.359 Executing VM operation: G1CollectForAllocation done
Event: 122.986 Executing VM operation: G1CollectForAllocation
Event: 122.996 Executing VM operation: G1CollectForAllocation done
Event: 123.505 Executing VM operation: G1CollectForAllocation
Event: 123.512 Executing VM operation: G1CollectForAllocation done
Event: 124.004 Executing VM operation: G1CollectForAllocation
Event: 124.012 Executing VM operation: G1CollectForAllocation done
Event: 124.408 Executing VM operation: G1CollectForAllocation
Event: 124.418 Executing VM operation: G1CollectForAllocation done
Event: 124.752 Executing VM operation: G1CollectForAllocation
Event: 124.764 Executing VM operation: G1CollectForAllocation done
Event: 125.142 Executing VM operation: G1CollectForAllocation
Event: 125.156 Executing VM operation: G1CollectForAllocation done
Event: 125.467 Executing VM operation: G1CollectForAllocation
Event: 125.483 Executing VM operation: G1CollectForAllocation done
Event: 125.782 Executing VM operation: G1CollectForAllocation
Event: 125.799 Executing VM operation: G1CollectForAllocation done
Event: 126.106 Executing VM operation: G1CollectForAllocation
Event: 126.126 Executing VM operation: G1CollectForAllocation done
Event: 126.498 Executing VM operation: G1CollectForAllocation


Dynamic libraries:
0x00007ff626670000 - 0x00007ff62667a000 	C:\Program Files\Android\Android Studio\jre\bin\java.exe
0x00007ffc0d6e0000 - 0x00007ffc0d8e9000 	C:\WINDOWS\SYSTEM32\ntdll.dll
0x00007ffc0be80000 - 0x00007ffc0bf3e000 	C:\WINDOWS\System32\KERNEL32.DLL
0x00007ffc0ad60000 - 0x00007ffc0b0db000 	C:\WINDOWS\System32\KERNELBASE.dll
0x00007ffc0b0e0000 - 0x00007ffc0b1f1000 	C:\WINDOWS\System32\ucrtbase.dll
0x00007ffbf4140000 - 0x00007ffbf4159000 	C:\Program Files\Android\Android Studio\jre\bin\jli.dll
0x00007ffc0c190000 - 0x00007ffc0c33d000 	C:\WINDOWS\System32\USER32.dll
0x00007ffc0b320000 - 0x00007ffc0b346000 	C:\WINDOWS\System32\win32u.dll
0x00007ffc0d530000 - 0x00007ffc0d559000 	C:\WINDOWS\System32\GDI32.dll
0x00007ffc0b200000 - 0x00007ffc0b318000 	C:\WINDOWS\System32\gdi32full.dll
0x00007ffc0b350000 - 0x00007ffc0b3ed000 	C:\WINDOWS\System32\msvcp_win.dll
0x00007ffbf4050000 - 0x00007ffbf4067000 	C:\Program Files\Android\Android Studio\jre\bin\VCRUNTIME140.dll
0x00007ffbf65f0000 - 0x00007ffbf6895000 	C:\WINDOWS\WinSxS\amd64_microsoft.windows.common-controls_6595b64144ccf1df_6.0.22000.120_none_9d947278b86cc467\COMCTL32.dll
0x00007ffc0b610000 - 0x00007ffc0b6b3000 	C:\WINDOWS\System32\msvcrt.dll
0x00007ffc0cd70000 - 0x00007ffc0cda2000 	C:\WINDOWS\System32\IMM32.DLL
0x00007ffbf3d90000 - 0x00007ffbf3e2d000 	C:\Program Files\Android\Android Studio\jre\bin\msvcp140.dll
0x00007ffbaef40000 - 0x00007ffbafa42000 	C:\Program Files\Android\Android Studio\jre\bin\server\jvm.dll
0x00007ffc0ce10000 - 0x00007ffc0cebe000 	C:\WINDOWS\System32\ADVAPI32.dll
0x00007ffc0c860000 - 0x00007ffc0c8fe000 	C:\WINDOWS\System32\sechost.dll
0x00007ffc0c350000 - 0x00007ffc0c470000 	C:\WINDOWS\System32\RPCRT4.dll
0x00007ffc0d0b0000 - 0x00007ffc0d0b8000 	C:\WINDOWS\System32\PSAPI.DLL
0x00007ffc07c10000 - 0x00007ffc07c19000 	C:\WINDOWS\SYSTEM32\WSOCK32.dll
0x00007ffc0d040000 - 0x00007ffc0d0af000 	C:\WINDOWS\System32\WS2_32.dll
0x00007ffc05650000 - 0x00007ffc05683000 	C:\WINDOWS\SYSTEM32\WINMM.dll
0x00007ffbf6b10000 - 0x00007ffbf6b1a000 	C:\WINDOWS\SYSTEM32\VERSION.dll
0x00007ffc09c30000 - 0x00007ffc09c48000 	C:\WINDOWS\SYSTEM32\kernel.appcore.dll
0x00007ffc06d60000 - 0x00007ffc06d71000 	C:\Program Files\Android\Android Studio\jre\bin\verify.dll
0x00007ffc08800000 - 0x00007ffc08a21000 	C:\WINDOWS\SYSTEM32\DBGHELP.DLL
0x00007ffbedf70000 - 0x00007ffbedfa1000 	C:\WINDOWS\SYSTEM32\dbgcore.DLL
0x00007ffc0abb0000 - 0x00007ffc0ac2f000 	C:\WINDOWS\System32\bcryptPrimitives.dll
0x00007ffc06d30000 - 0x00007ffc06d59000 	C:\Program Files\Android\Android Studio\jre\bin\java.dll
0x00007ffc06d20000 - 0x00007ffc06d2b000 	C:\Program Files\Android\Android Studio\jre\bin\jimage.dll
0x00007ffc06d00000 - 0x00007ffc06d18000 	C:\Program Files\Android\Android Studio\jre\bin\zip.dll
0x00007ffc0b6c0000 - 0x00007ffc0be78000 	C:\WINDOWS\System32\SHELL32.dll
0x00007ffc08ca0000 - 0x00007ffc09505000 	C:\WINDOWS\SYSTEM32\windows.storage.dll
0x00007ffc0d0c0000 - 0x00007ffc0d438000 	C:\WINDOWS\System32\combase.dll
0x00007ffc08b30000 - 0x00007ffc08c96000 	C:\WINDOWS\SYSTEM32\wintypes.dll
0x00007ffc0c0a0000 - 0x00007ffc0c18a000 	C:\WINDOWS\System32\SHCORE.dll
0x00007ffc0d640000 - 0x00007ffc0d69d000 	C:\WINDOWS\System32\shlwapi.dll
0x00007ffc0aae0000 - 0x00007ffc0ab01000 	C:\WINDOWS\SYSTEM32\profapi.dll
0x00007ffc05f40000 - 0x00007ffc05f5a000 	C:\Program Files\Android\Android Studio\jre\bin\net.dll
0x00007ffc03eb0000 - 0x00007ffc03fc4000 	C:\WINDOWS\SYSTEM32\WINHTTP.dll
0x00007ffc0a0d0000 - 0x00007ffc0a137000 	C:\WINDOWS\system32\mswsock.dll
0x00007ffc05f20000 - 0x00007ffc05f34000 	C:\Program Files\Android\Android Studio\jre\bin\nio.dll
0x00007ffbf4160000 - 0x00007ffbf4187000 	C:\Users\Maste\.gradle\native\e1d6ef7f7dcc3fd88c89a11ec53ec762bb8ba0a96d01ffa2cd45eb1d1d8dd5c5\windows-amd64\native-platform.dll
0x00007ffbe5a80000 - 0x00007ffbe5bc4000 	C:\Users\Maste\.gradle\native\0d407fdbe67a94daf76414ababcb853783967236a71b16ec16e742cd7a986fd3\windows-amd64\native-platform-file-events.dll
0x00007ffbfcc00000 - 0x00007ffbfcc0a000 	C:\Program Files\Android\Android Studio\jre\bin\management.dll
0x00007ffbf77b0000 - 0x00007ffbf77bd000 	C:\Program Files\Android\Android Studio\jre\bin\management_ext.dll
0x00007ffc0a320000 - 0x00007ffc0a338000 	C:\WINDOWS\SYSTEM32\CRYPTSP.dll
0x00007ffc09b90000 - 0x00007ffc09bc5000 	C:\WINDOWS\system32\rsaenh.dll
0x00007ffc0a1c0000 - 0x00007ffc0a1e9000 	C:\WINDOWS\SYSTEM32\USERENV.dll
0x00007ffc0a4a0000 - 0x00007ffc0a4c7000 	C:\WINDOWS\SYSTEM32\bcrypt.dll
0x00007ffc0a310000 - 0x00007ffc0a31c000 	C:\WINDOWS\SYSTEM32\CRYPTBASE.dll
0x00007ffc09760000 - 0x00007ffc0978d000 	C:\WINDOWS\SYSTEM32\IPHLPAPI.DLL
0x00007ffc0c690000 - 0x00007ffc0c699000 	C:\WINDOWS\System32\NSI.dll
0x00007ffc047b0000 - 0x00007ffc047c9000 	C:\WINDOWS\SYSTEM32\dhcpcsvc6.DLL
0x00007ffc04f10000 - 0x00007ffc04f2e000 	C:\WINDOWS\SYSTEM32\dhcpcsvc.DLL
0x00007ffc097d0000 - 0x00007ffc098b8000 	C:\WINDOWS\SYSTEM32\DNSAPI.dll
0x00007ffbf1000000 - 0x00007ffbf1027000 	C:\Program Files\Android\Android Studio\jre\bin\sunec.dll
0x00007ffbfa7d0000 - 0x00007ffbfa7da000 	C:\Windows\System32\rasadhlp.dll
0x00007ffc00540000 - 0x00007ffc005c1000 	C:\WINDOWS\System32\fwpuclnt.dll

dbghelp: loaded successfully - version: 4.0.5 - missing functions: none
symbol engine: initialized successfully - sym options: 0x614 - pdb path: .;C:\Program Files\Android\Android Studio\jre\bin;C:\WINDOWS\SYSTEM32;C:\WINDOWS\WinSxS\amd64_microsoft.windows.common-controls_6595b64144ccf1df_6.0.22000.120_none_9d947278b86cc467;C:\Program Files\Android\Android Studio\jre\bin\server;C:\Users\Maste\.gradle\native\e1d6ef7f7dcc3fd88c89a11ec53ec762bb8ba0a96d01ffa2cd45eb1d1d8dd5c5\windows-amd64;C:\Users\Maste\.gradle\native\0d407fdbe67a94daf76414ababcb853783967236a71b16ec16e742cd7a986fd3\windows-amd64

VM Arguments:
jvm_args: --add-opens=java.base/java.util=ALL-UNNAMED --add-opens=java.base/java.lang=ALL-UNNAMED --add-opens=java.base/java.lang.invoke=ALL-UNNAMED --add-opens=java.base/java.util=ALL-UNNAMED --add-opens=java.prefs/java.util.prefs=ALL-UNNAMED --add-opens=java.prefs/java.util.prefs=ALL-UNNAMED --add-opens=java.base/java.nio.charset=ALL-UNNAMED --add-opens=java.base/java.net=ALL-UNNAMED --add-opens=java.base/java.util.concurrent.atomic=ALL-UNNAMED -Xmx2048m -Dfile.encoding=UTF-8 -Duser.country=ID -Duser.language=en -Duser.variant 
java_command: org.gradle.launcher.daemon.bootstrap.GradleDaemon 7.4
java_class_path (initial): C:\Users\Maste\.gradle\wrapper\dists\gradle-7.4-bin\c0gwcg53nkjbqw7r0h0umtfvt\gradle-7.4\lib\gradle-launcher-7.4.jar
Launcher Type: SUN_STANDARD

[Global flags]
     intx CICompilerCount                          = 2                                         {product} {ergonomic}
     uint ConcGCThreads                            = 1                                         {product} {ergonomic}
     uint G1ConcRefinementThreads                  = 2                                         {product} {ergonomic}
   size_t G1HeapRegionSize                         = 1048576                                   {product} {ergonomic}
    uintx GCDrainStackTargetSize                   = 64                                        {product} {ergonomic}
   size_t InitialHeapSize                          = 65011712                                  {product} {ergonomic}
   size_t MarkStackSize                            = 4194304                                   {product} {ergonomic}
   size_t MaxHeapSize                              = 2147483648                                {product} {command line}
   size_t MaxNewSize                               = 1287651328                                {product} {ergonomic}
   size_t MinHeapDeltaBytes                        = 1048576                                   {product} {ergonomic}
    uintx NonNMethodCodeHeapSize                   = 5825164                                {pd product} {ergonomic}
    uintx NonProfiledCodeHeapSize                  = 122916538                              {pd product} {ergonomic}
    uintx ProfiledCodeHeapSize                     = 122916538                              {pd product} {ergonomic}
    uintx ReservedCodeCacheSize                    = 251658240                              {pd product} {ergonomic}
     bool SegmentedCodeCache                       = true                                      {product} {ergonomic}
     bool UseCompressedClassPointers               = true                                 {lp64_product} {ergonomic}
     bool UseCompressedOops                        = true                                 {lp64_product} {ergonomic}
     bool UseG1GC                                  = true                                      {product} {ergonomic}
     bool UseLargePagesIndividualAllocation        = false                                  {pd product} {ergonomic}

Logging:
Log output configuration:
 #0: stdout all=warning uptime,level,tags
 #1: stderr all=off uptime,level,tags

Environment Variables:
JAVA_HOME=C:\Program Files\Java\jdk-15.0.2
PATH=C:\Python310\Scripts\;C:\Python310\;C:\WINDOWS\system32;C:\WINDOWS;C:\WINDOWS\System32\Wbem;C:\WINDOWS\System32\WindowsPowerShell\v1.0\;C:\WINDOWS\System32\OpenSSH\;C:\ProgramData\chocolatey\bin;E:\Program Files\MATLAB\R2022a\bin;C:\Program Files\Cloudflare\Cloudflare WARP\;C:\Program Files\Git\cmd;C:\Program Files\Common Files\Oracle\Java\javapath;C:\WINDOWS\system32;C:\WINDOWS;C:\WINDOWS\System32\Wbem;C:\WINDOWS\System32\WindowsPowerShell\v1.0\;C:\WINDOWS\System32\OpenSSH\;C:\Users\Maste\AppData\Local\Microsoft\WindowsApps;C:\Program Files\Java\jdk-15.0.2\bin;C:\Users\Maste\Documents\myWebProject\mysql-connector-java-8.0.23\;C:\Users\Maste\Documents\myWebProject\mysql\bin;C:\Users\Maste\adb;C:\Program Files\Git\bin\;C:\Program Files\Git\cmd\;;C:\Users\Maste\AppData\Local\Microsoft\WindowsApps
USERNAME=Mike Alice
OS=Windows_NT
PROCESSOR_IDENTIFIER=Intel64 Family 6 Model 122 Stepping 8, GenuineIntel



---------------  S Y S T E M  ---------------

OS: Windows 11 , 64 bit Build 22000 (10.0.22000.1219)
OS uptime: 0 days 1:10 hours

CPU:total 2 (initial active 2) (2 cores per cpu, 1 threads per core) family 6 model 122 stepping 8 microcode 0x18, cmov, cx8, fxsr, mmx, sse, sse2, sse3, ssse3, sse4.1, sse4.2, popcnt, aes, clmul, erms, 3dnowpref, tsc, tscinvbit, sha

Memory: 4k page, system-wide physical 3918M (470M free)
TotalPageFile size 6990M (AvailPageFile size 41M)
current process WorkingSet (physical memory assigned to process): 437M, peak: 516M
current process commit charge ("private bytes"): 582M, peak: 650M

vm_info: OpenJDK 64-Bit Server VM (11.0.13+0-b1751.21-8125866) for windows-amd64 JRE (11.0.13+0-b1751.21-8125866), built on Feb  2 2022 03:00:22 by "builder" with MS VC++ 14.0 (VS2015)

END.
