#
# There is insufficient memory for the Java Runtime Environment to continue.
# Native memory allocation (malloc) failed to allocate 1592016 bytes for Chunk::new
# Possible reasons:
#   The system is out of physical RAM or swap space
#   The process is running with CompressedOops enabled, and the Java Heap may be blocking the growth of the native heap
# Possible solutions:
#   Reduce memory load on the system
#   Increase physical memory or swap space
#   Check if swap backing store is full
#   Decrease Java heap size (-Xmx/-Xms)
#   Decrease number of Java threads
#   Decrease Java thread stack sizes (-Xss)
#   Set larger code cache with -XX:ReservedCodeCacheSize=
#   JVM is running with Unscaled Compressed Oops mode in which the Java heap is
#     placed in the first 4GB address space. The Java Heap base address is the
#     maximum limit for the native heap growth. Please use -XX:HeapBaseMinAddress
#     to set the Java Heap base and to place the Java Heap above 4GB virtual address.
# This output file may be truncated or incomplete.
#
#  Out of Memory Error (./src/hotspot/share/memory/arena.cpp:197), pid=12204, tid=6060
#
# JRE version: OpenJDK Runtime Environment (11.0.13) (build 11.0.13+0-b1751.21-8125866)
# Java VM: OpenJDK 64-Bit Server VM (11.0.13+0-b1751.21-8125866, mixed mode, tiered, compressed oops, g1 gc, windows-amd64)
# No core dump will be written. Minidumps are not enabled by default on client versions of Windows
#

---------------  S U M M A R Y ------------

Command Line: --add-opens=java.base/java.util=ALL-UNNAMED --add-opens=java.base/java.lang=ALL-UNNAMED --add-opens=java.base/java.lang.invoke=ALL-UNNAMED --add-opens=java.base/java.util=ALL-UNNAMED --add-opens=java.prefs/java.util.prefs=ALL-UNNAMED --add-opens=java.prefs/java.util.prefs=ALL-UNNAMED --add-opens=java.base/java.nio.charset=ALL-UNNAMED --add-opens=java.base/java.net=ALL-UNNAMED --add-opens=java.base/java.util.concurrent.atomic=ALL-UNNAMED -Xmx2048m -Dfile.encoding=UTF-8 -Duser.country=ID -Duser.language=en -Duser.variant org.gradle.launcher.daemon.bootstrap.GradleDaemon 7.4

Host: Intel(R) Celeron(R) N4020 CPU @ 1.10GHz, 2 cores, 3G,  Windows 11 , 64 bit Build 22000 (10.0.22000.1219)
Time: Fri Dec  9 12:12:33 2022 Malay Peninsula Standard Time elapsed time: 616.769434 seconds (0d 0h 10m 16s)

---------------  T H R E A D  ---------------

Current thread (0x000001c1e1eb0000):  JavaThread "C2 CompilerThread0" daemon [_thread_in_native, id=6060, stack(0x0000000e3d700000,0x0000000e3d800000)]


Current CompileTask:
C2: 616769 15821       4       org.apache.xerces.dom.ElementImpl::getAttributes (36 bytes)

Stack: [0x0000000e3d700000,0x0000000e3d800000]
Native frames: (J=compiled Java code, j=interpreted, Vv=VM code, C=native code)
V  [jvm.dll+0x6100fa]
V  [jvm.dll+0x747090]
V  [jvm.dll+0x7486ad]
V  [jvm.dll+0x748d83]
V  [jvm.dll+0x24ab48]
V  [jvm.dll+0xc04dc]
V  [jvm.dll+0xc0a0c]
V  [jvm.dll+0x35eb9d]
V  [jvm.dll+0x32b833]
V  [jvm.dll+0x32ad2a]
V  [jvm.dll+0x2032b2]
V  [jvm.dll+0x202437]
V  [jvm.dll+0x188e01]
V  [jvm.dll+0x21106b]
V  [jvm.dll+0x20f8c1]
V  [jvm.dll+0x70de0f]
V  [jvm.dll+0x706a75]
V  [jvm.dll+0x60ed66]
C  [ucrtbase.dll+0x26c0c]
C  [KERNEL32.DLL+0x15550]
C  [ntdll.dll+0x485b]


---------------  P R O C E S S  ---------------

Threads class SMR info:
_java_thread_list=0x000001c1e8556b40, length=68, elements={
0x000001c1c675d800, 0x000001c1e1e49000, 0x000001c1e1e4a000, 0x000001c1e1eab800,
0x000001c1e1eac800, 0x000001c1e1eae000, 0x000001c1e1eb0000, 0x000001c1e1eb6800,
0x000001c1e1ec3000, 0x000001c1e291c000, 0x000001c1e41bd800, 0x000001c1e38c7800,
0x000001c1e42cb800, 0x000001c1e4ade800, 0x000001c1e4ade000, 0x000001c1e4add000,
0x000001c1e4ae0800, 0x000001c1e4adf800, 0x000001c1e6533000, 0x000001c1e6534000,
0x000001c1e652e000, 0x000001c1e6530800, 0x000001c1e7c7c800, 0x000001c1e7c84000,
0x000001c1e7c82000, 0x000001c1e7c81800, 0x000001c1e7c7f000, 0x000001c1eb252800,
0x000001c1eb256000, 0x000001c1eb24e000, 0x000001c1eb254800, 0x000001c1eb24e800,
0x000001c1eb250000, 0x000001c1eb255000, 0x000001c1eb251000, 0x000001c1eb252000,
0x000001c1eb24f800, 0x000001c1eb259000, 0x000001c1eb257800, 0x000001c1eb257000,
0x000001c1eb25a000, 0x000001c1eb25b000, 0x000001c1eb25b800, 0x000001c1eb25c800,
0x000001c1eb258800, 0x000001c1e7c77800, 0x000001c1e7c76000, 0x000001c1e7c75000,
0x000001c1e7c77000, 0x000001c1e7c7b000, 0x000001c1e7c7e000, 0x000001c1e7c7b800,
0x000001c1e7c78800, 0x000001c1e7c7d800, 0x000001c1e7c79000, 0x000001c1e7c80000,
0x000001c1e7c7a000, 0x000001c1e7c83000, 0x000001c1e7c80800, 0x000001c1e652f000,
0x000001c1e6535800, 0x000001c1e652f800, 0x000001c1e6536000, 0x000001c1e6537000,
0x000001c1e6531800, 0x000001c1e6538000, 0x000001c1e6532000, 0x000001c1e6538800
}

Java Threads: ( => current thread )
  0x000001c1c675d800 JavaThread "main" [_thread_blocked, id=7836, stack(0x0000000e3cb00000,0x0000000e3cc00000)]
  0x000001c1e1e49000 JavaThread "Reference Handler" daemon [_thread_blocked, id=9068, stack(0x0000000e3d200000,0x0000000e3d300000)]
  0x000001c1e1e4a000 JavaThread "Finalizer" daemon [_thread_blocked, id=1736, stack(0x0000000e3d300000,0x0000000e3d400000)]
  0x000001c1e1eab800 JavaThread "Signal Dispatcher" daemon [_thread_blocked, id=13208, stack(0x0000000e3d400000,0x0000000e3d500000)]
  0x000001c1e1eac800 JavaThread "Attach Listener" daemon [_thread_blocked, id=2780, stack(0x0000000e3d500000,0x0000000e3d600000)]
  0x000001c1e1eae000 JavaThread "Service Thread" daemon [_thread_blocked, id=10744, stack(0x0000000e3d600000,0x0000000e3d700000)]
=>0x000001c1e1eb0000 JavaThread "C2 CompilerThread0" daemon [_thread_in_native, id=6060, stack(0x0000000e3d700000,0x0000000e3d800000)]
  0x000001c1e1eb6800 JavaThread "C1 CompilerThread0" daemon [_thread_blocked, id=4600, stack(0x0000000e3d800000,0x0000000e3d900000)]
  0x000001c1e1ec3000 JavaThread "Sweeper thread" daemon [_thread_blocked, id=5980, stack(0x0000000e3d900000,0x0000000e3da00000)]
  0x000001c1e291c000 JavaThread "Common-Cleaner" daemon [_thread_blocked, id=9920, stack(0x0000000e3da00000,0x0000000e3db00000)]
  0x000001c1e41bd800 JavaThread "Daemon health stats" [_thread_blocked, id=12940, stack(0x0000000e3dd00000,0x0000000e3de00000)]
  0x000001c1e38c7800 JavaThread "Incoming local TCP Connector on port 51687" [_thread_in_native, id=12768, stack(0x0000000e3de00000,0x0000000e3df00000)]
  0x000001c1e42cb800 JavaThread "Daemon periodic checks" [_thread_blocked, id=12980, stack(0x0000000e3df00000,0x0000000e3e000000)]
  0x000001c1e4ade800 JavaThread "Cache worker for journal cache (C:\Users\Maste\.gradle\caches\journal-1)" [_thread_blocked, id=4148, stack(0x0000000e3e700000,0x0000000e3e800000)]
  0x000001c1e4ade000 JavaThread "File lock request listener" [_thread_in_native, id=7892, stack(0x0000000e3e800000,0x0000000e3e900000)]
  0x000001c1e4add000 JavaThread "Cache worker for file hash cache (C:\Users\Maste\.gradle\caches\7.4\fileHashes)" [_thread_blocked, id=12096, stack(0x0000000e3e900000,0x0000000e3ea00000)]
  0x000001c1e4ae0800 JavaThread "File watcher server" daemon [_thread_in_native, id=11552, stack(0x0000000e3ea00000,0x0000000e3eb00000)]
  0x000001c1e4adf800 JavaThread "File watcher consumer" daemon [_thread_blocked, id=9432, stack(0x0000000e3eb00000,0x0000000e3ec00000)]
  0x000001c1e6533000 JavaThread "Cache worker for execution history cache (C:\Users\Maste\.gradle\caches\7.4\executionHistory)" [_thread_blocked, id=1660, stack(0x0000000e3f000000,0x0000000e3f100000)]
  0x000001c1e6534000 JavaThread "jar transforms" [_thread_blocked, id=11380, stack(0x0000000e3f100000,0x0000000e3f200000)]
  0x000001c1e652e000 JavaThread "Cache worker for file content cache (C:\Users\Maste\.gradle\caches\7.4\fileContent)" [_thread_blocked, id=11256, stack(0x0000000e3f200000,0x0000000e3f300000)]
  0x000001c1e6530800 JavaThread "jar transforms Thread 2" [_thread_blocked, id=12884, stack(0x0000000e3f300000,0x0000000e3f400000)]
  0x000001c1e7c7c800 JavaThread "Memory manager" [_thread_blocked, id=7876, stack(0x0000000e40a00000,0x0000000e40b00000)]
  0x000001c1e7c84000 JavaThread "RMI Scheduler(0)" daemon [_thread_blocked, id=8488, stack(0x0000000e41200000,0x0000000e41300000)]
  0x000001c1e7c82000 JavaThread "RMI GC Daemon" daemon [_thread_blocked, id=12172, stack(0x0000000e41400000,0x0000000e41500000)]
  0x000001c1e7c81800 JavaThread "RMI TCP Accept-0" daemon [_thread_in_native, id=7408, stack(0x0000000e41500000,0x0000000e41600000)]
  0x000001c1e7c7f000 JavaThread "RMI Reaper" [_thread_blocked, id=2136, stack(0x0000000e41600000,0x0000000e41700000)]
  0x000001c1eb252800 JavaThread "Cache worker for Java compile cache (C:\Users\Maste\.gradle\caches\7.4\javaCompile)" [_thread_blocked, id=8244, stack(0x0000000e3c900000,0x0000000e3ca00000)]
  0x000001c1eb256000 JavaThread "ForkJoinPool.commonPool-worker-1" daemon [_thread_blocked, id=3704, stack(0x0000000e41a00000,0x0000000e41b00000)]
  0x000001c1eb24e000 JavaThread "Daemon Thread 2" [_thread_blocked, id=6328, stack(0x0000000e3ca00000,0x0000000e3cb00000)]
  0x000001c1eb254800 JavaThread "Handler for socket connection from /127.0.0.1:51687 to /127.0.0.1:51803" [_thread_in_native, id=8588, stack(0x0000000e3e000000,0x0000000e3e100000)]
  0x000001c1eb24e800 JavaThread "Cancel handler" [_thread_blocked, id=11444, stack(0x0000000e3e100000,0x0000000e3e200000)]
  0x000001c1eb250000 JavaThread "Daemon worker Thread 2" [_thread_blocked, id=12384, stack(0x0000000e3e200000,0x0000000e3e300000)]
  0x000001c1eb255000 JavaThread "Asynchronous log dispatcher for DefaultDaemonConnection: socket connection from /127.0.0.1:51687 to /127.0.0.1:51803" [_thread_blocked, id=8740, stack(0x0000000e3e300000,0x0000000e3e400000)]
  0x000001c1eb251000 JavaThread "Stdin handler" [_thread_blocked, id=12188, stack(0x0000000e3e400000,0x0000000e3e500000)]
  0x000001c1eb252000 JavaThread "Daemon client event forwarder" [_thread_blocked, id=10316, stack(0x0000000e3e500000,0x0000000e3e600000)]
  0x000001c1eb24f800 JavaThread "Cache worker for checksums cache (E:\Paper\AndroidStudioProjects\FilterDemo\.gradle\7.4\checksums)" [_thread_blocked, id=12984, stack(0x0000000e3e600000,0x0000000e3e700000)]
  0x000001c1eb259000 JavaThread "Cache worker for cache directory md-rule (C:\Users\Maste\.gradle\caches\7.4\md-rule)" [_thread_blocked, id=13032, stack(0x0000000e3ec00000,0x0000000e3ed00000)]
  0x000001c1eb257800 JavaThread "Cache worker for file hash cache (E:\Paper\AndroidStudioProjects\FilterDemo\.gradle\7.4\fileHashes)" [_thread_blocked, id=5908, stack(0x0000000e3ed00000,0x0000000e3ee00000)]
  0x000001c1eb257000 JavaThread "Cache worker for cache directory md-supplier (C:\Users\Maste\.gradle\caches\7.4\md-supplier)" [_thread_blocked, id=3172, stack(0x0000000e3ee00000,0x0000000e3ef00000)]
  0x000001c1eb25a000 JavaThread "Cache worker for dependencies-accessors (E:\Paper\AndroidStudioProjects\FilterDemo\.gradle\7.4\dependencies-accessors)" [_thread_blocked, id=3692, stack(0x0000000e3ef00000,0x0000000e3f000000)]
  0x000001c1eb25b000 JavaThread "Cache worker for Build Output Cleanup Cache (E:\Paper\AndroidStudioProjects\FilterDemo\.gradle\buildOutputCleanup)" [_thread_blocked, id=10488, stack(0x0000000e3f400000,0x0000000e3f500000)]
  0x000001c1eb25b800 JavaThread "Unconstrained build operations" [_thread_blocked, id=12448, stack(0x0000000e3f500000,0x0000000e3f600000)]
  0x000001c1eb25c800 JavaThread "Unconstrained build operations Thread 2" [_thread_blocked, id=128, stack(0x0000000e3f600000,0x0000000e3f700000)]
  0x000001c1eb258800 JavaThread "Unconstrained build operations Thread 3" [_thread_blocked, id=4876, stack(0x0000000e3f700000,0x0000000e3f800000)]
  0x000001c1e7c77800 JavaThread "Unconstrained build operations Thread 4" [_thread_blocked, id=12764, stack(0x0000000e3f800000,0x0000000e3f900000)]
  0x000001c1e7c76000 JavaThread "Unconstrained build operations Thread 5" [_thread_blocked, id=9672, stack(0x0000000e3f900000,0x0000000e3fa00000)]
  0x000001c1e7c75000 JavaThread "Unconstrained build operations Thread 6" [_thread_blocked, id=3816, stack(0x0000000e3fa00000,0x0000000e3fb00000)]
  0x000001c1e7c77000 JavaThread "Unconstrained build operations Thread 7" [_thread_blocked, id=9608, stack(0x0000000e3fb00000,0x0000000e3fc00000)]
  0x000001c1e7c7b000 JavaThread "Unconstrained build operations Thread 8" [_thread_blocked, id=8504, stack(0x0000000e3fc00000,0x0000000e3fd00000)]
  0x000001c1e7c7e000 JavaThread "Unconstrained build operations Thread 9" [_thread_blocked, id=10076, stack(0x0000000e3fd00000,0x0000000e3fe00000)]
  0x000001c1e7c7b800 JavaThread "Unconstrained build operations Thread 10" [_thread_blocked, id=4348, stack(0x0000000e3fe00000,0x0000000e3ff00000)]
  0x000001c1e7c78800 JavaThread "Unconstrained build operations Thread 11" [_thread_blocked, id=9252, stack(0x0000000e3ff00000,0x0000000e40000000)]
  0x000001c1e7c7d800 JavaThread "Unconstrained build operations Thread 12" [_thread_blocked, id=13212, stack(0x0000000e40000000,0x0000000e40100000)]
  0x000001c1e7c79000 JavaThread "Unconstrained build operations Thread 13" [_thread_blocked, id=7328, stack(0x0000000e40100000,0x0000000e40200000)]
  0x000001c1e7c80000 JavaThread "Unconstrained build operations Thread 14" [_thread_blocked, id=11968, stack(0x0000000e40200000,0x0000000e40300000)]
  0x000001c1e7c7a000 JavaThread "Unconstrained build operations Thread 15" [_thread_blocked, id=8228, stack(0x0000000e40300000,0x0000000e40400000)]
  0x000001c1e7c83000 JavaThread "Unconstrained build operations Thread 16" [_thread_blocked, id=8972, stack(0x0000000e40400000,0x0000000e40500000)]
  0x000001c1e7c80800 JavaThread "Unconstrained build operations Thread 17" [_thread_blocked, id=6908, stack(0x0000000e40500000,0x0000000e40600000)]
  0x000001c1e652f000 JavaThread "Unconstrained build operations Thread 18" [_thread_blocked, id=1040, stack(0x0000000e40600000,0x0000000e40700000)]
  0x000001c1e6535800 JavaThread "Unconstrained build operations Thread 19" [_thread_blocked, id=10976, stack(0x0000000e40700000,0x0000000e40800000)]
  0x000001c1e652f800 JavaThread "Unconstrained build operations Thread 20" [_thread_blocked, id=5568, stack(0x0000000e40800000,0x0000000e40900000)]
  0x000001c1e6536000 JavaThread "build event listener" [_thread_blocked, id=12780, stack(0x0000000e40c00000,0x0000000e40d00000)]
  0x000001c1e6537000 JavaThread "included builds" [_thread_in_native, id=12168, stack(0x0000000e40d00000,0x0000000e40e00000)]
  0x000001c1e6531800 JavaThread "Execution worker for ':'" [_thread_in_Java, id=2284, stack(0x0000000e40e00000,0x0000000e40f00000)]
  0x000001c1e6538000 JavaThread "Cache worker for execution history cache (E:\Paper\AndroidStudioProjects\FilterDemo\.gradle\7.4\executionHistory)" [_thread_blocked, id=10704, stack(0x0000000e40f00000,0x0000000e41000000)]
  0x000001c1e6532000 JavaThread "WorkerExecutor Queue" [_thread_in_native, id=12224, stack(0x0000000e41000000,0x0000000e41100000)]
  0x000001c1e6538800 JavaThread "WorkerExecutor Queue Thread 2" [_thread_blocked, id=1664, stack(0x0000000e41100000,0x0000000e41200000)]

Other Threads:
  0x000001c1e1e46800 VMThread "VM Thread" [stack: 0x0000000e3d100000,0x0000000e3d200000] [id=10596]
  0x000001c1e293f000 WatcherThread [stack: 0x0000000e3db00000,0x0000000e3dc00000] [id=3452]
  0x000001c1c6774000 GCTaskThread "GC Thread#0" [stack: 0x0000000e3cc00000,0x0000000e3cd00000] [id=11476]
  0x000001c1e2acd800 GCTaskThread "GC Thread#1" [stack: 0x0000000e3dc00000,0x0000000e3dd00000] [id=2300]
  0x000001c1c67aa800 ConcurrentGCThread "G1 Main Marker" [stack: 0x0000000e3cd00000,0x0000000e3ce00000] [id=8056]
  0x000001c1c67ab800 ConcurrentGCThread "G1 Conc#0" [stack: 0x0000000e3ce00000,0x0000000e3cf00000] [id=8732]
  0x000001c1c67fc800 ConcurrentGCThread "G1 Refine#0" [stack: 0x0000000e3cf00000,0x0000000e3d000000] [id=1620]
  0x000001c1c67ff800 ConcurrentGCThread "G1 Young RemSet Sampling" [stack: 0x0000000e3d000000,0x0000000e3d100000] [id=3044]

Threads with active compile tasks:
C2 CompilerThread0 616836 15821       4       org.apache.xerces.dom.ElementImpl::getAttributes (36 bytes)

VM state:not at safepoint (normal execution)

VM Mutex/Monitor currently owned by a thread: None

Heap address: 0x0000000080000000, size: 2048 MB, Compressed Oops mode: 32-bit
Narrow klass base: 0x0000000000000000, Narrow klass shift: 3
Compressed class space size: 1073741824 Address: 0x0000000100000000

Heap:
 garbage-first heap   total 193536K, used 157230K [0x0000000080000000, 0x0000000100000000)
  region size 1024K, 6 young (6144K), 1 survivors (1024K)
 Metaspace       used 120840K, capacity 124104K, committed 124240K, reserved 1157120K
  class space    used 15581K, capacity 16865K, committed 16896K, reserved 1048576K
Heap Regions: E=young(eden), S=young(survivor), O=old, HS=humongous(starts), HC=humongous(continues), CS=collection set, F=free, A=archive, TAMS=top-at-mark-start (previous, next)
|   0|0x0000000080000000, 0x0000000080100000, 0x0000000080100000|100%| O|  |TAMS 0x0000000080100000, 0x0000000080000000| Untracked 
|   1|0x0000000080100000, 0x0000000080200000, 0x0000000080200000|100%| O|  |TAMS 0x0000000080200000, 0x0000000080100000| Untracked 
|   2|0x0000000080200000, 0x0000000080300000, 0x0000000080300000|100%| O|  |TAMS 0x0000000080300000, 0x0000000080200000| Untracked 
|   3|0x0000000080300000, 0x0000000080400000, 0x0000000080400000|100%| O|  |TAMS 0x0000000080400000, 0x0000000080300000| Untracked 
|   4|0x0000000080400000, 0x0000000080500000, 0x0000000080500000|100%|HS|  |TAMS 0x0000000080500000, 0x0000000080400000| Complete 
|   5|0x0000000080500000, 0x0000000080600000, 0x0000000080600000|100%|HC|  |TAMS 0x0000000080600000, 0x0000000080500000| Complete 
|   6|0x0000000080600000, 0x0000000080700000, 0x0000000080700000|100%|HC|  |TAMS 0x0000000080700000, 0x0000000080600000| Complete 
|   7|0x0000000080700000, 0x0000000080800000, 0x0000000080800000|100%| O|  |TAMS 0x0000000080800000, 0x0000000080700000| Untracked 
|   8|0x0000000080800000, 0x0000000080900000, 0x0000000080900000|100%| O|  |TAMS 0x0000000080900000, 0x0000000080800000| Untracked 
|   9|0x0000000080900000, 0x0000000080a00000, 0x0000000080a00000|100%| O|  |TAMS 0x0000000080a00000, 0x0000000080900000| Untracked 
|  10|0x0000000080a00000, 0x0000000080b00000, 0x0000000080b00000|100%| O|  |TAMS 0x0000000080b00000, 0x0000000080a00000| Untracked 
|  11|0x0000000080b00000, 0x0000000080c00000, 0x0000000080c00000|100%| O|  |TAMS 0x0000000080c00000, 0x0000000080b00000| Complete 
|  12|0x0000000080c00000, 0x0000000080d00000, 0x0000000080d00000|100%| O|  |TAMS 0x0000000080d00000, 0x0000000080c00000| Untracked 
|  13|0x0000000080d00000, 0x0000000080e00000, 0x0000000080e00000|100%| O|  |TAMS 0x0000000080e00000, 0x0000000080d00000| Untracked 
|  14|0x0000000080e00000, 0x0000000080f00000, 0x0000000080f00000|100%| O|  |TAMS 0x0000000080f00000, 0x0000000080e00000| Untracked 
|  15|0x0000000080f00000, 0x0000000081000000, 0x0000000081000000|100%| O|  |TAMS 0x0000000081000000, 0x0000000080f00000| Complete 
|  16|0x0000000081000000, 0x0000000081100000, 0x0000000081100000|100%| O|  |TAMS 0x0000000081100000, 0x0000000081000000| Untracked 
|  17|0x0000000081100000, 0x0000000081200000, 0x0000000081200000|100%| O|  |TAMS 0x0000000081200000, 0x0000000081100000| Complete 
|  18|0x0000000081200000, 0x0000000081300000, 0x0000000081300000|100%| O|  |TAMS 0x0000000081300000, 0x0000000081200000| Complete 
|  19|0x0000000081300000, 0x0000000081400000, 0x0000000081400000|100%| O|  |TAMS 0x0000000081400000, 0x0000000081300000| Complete 
|  20|0x0000000081400000, 0x0000000081500000, 0x0000000081500000|100%| O|  |TAMS 0x0000000081500000, 0x0000000081400000| Complete 
|  21|0x0000000081500000, 0x0000000081600000, 0x0000000081600000|100%| O|  |TAMS 0x0000000081600000, 0x0000000081500000| Untracked 
|  22|0x0000000081600000, 0x0000000081700000, 0x0000000081700000|100%| O|  |TAMS 0x0000000081700000, 0x0000000081600000| Untracked 
|  23|0x0000000081700000, 0x0000000081800000, 0x0000000081800000|100%|HS|  |TAMS 0x0000000081800000, 0x0000000081700000| Complete 
|  24|0x0000000081800000, 0x0000000081900000, 0x0000000081900000|100%| O|  |TAMS 0x0000000081900000, 0x0000000081800000| Untracked 
|  25|0x0000000081900000, 0x0000000081a00000, 0x0000000081a00000|100%| O|  |TAMS 0x0000000081a00000, 0x0000000081900000| Untracked 
|  26|0x0000000081a00000, 0x0000000081b00000, 0x0000000081b00000|100%| O|  |TAMS 0x0000000081b00000, 0x0000000081a00000| Untracked 
|  27|0x0000000081b00000, 0x0000000081c00000, 0x0000000081c00000|100%| O|  |TAMS 0x0000000081c00000, 0x0000000081b00000| Untracked 
|  28|0x0000000081c00000, 0x0000000081d00000, 0x0000000081d00000|100%| O|  |TAMS 0x0000000081d00000, 0x0000000081c00000| Complete 
|  29|0x0000000081d00000, 0x0000000081e00000, 0x0000000081e00000|100%|HS|  |TAMS 0x0000000081e00000, 0x0000000081d00000| Complete 
|  30|0x0000000081e00000, 0x0000000081f00000, 0x0000000081f00000|100%|HS|  |TAMS 0x0000000081f00000, 0x0000000081e00000| Complete 
|  31|0x0000000081f00000, 0x0000000082000000, 0x0000000082000000|100%|HS|  |TAMS 0x0000000082000000, 0x0000000081f00000| Complete 
|  32|0x0000000082000000, 0x0000000082100000, 0x0000000082100000|100%|HC|  |TAMS 0x0000000082100000, 0x0000000082000000| Complete 
|  33|0x0000000082100000, 0x0000000082200000, 0x0000000082200000|100%|HC|  |TAMS 0x0000000082200000, 0x0000000082100000| Complete 
|  34|0x0000000082200000, 0x0000000082300000, 0x0000000082300000|100%| O|  |TAMS 0x0000000082300000, 0x0000000082200000| Untracked 
|  35|0x0000000082300000, 0x0000000082400000, 0x0000000082400000|100%|HS|  |TAMS 0x0000000082400000, 0x0000000082300000| Complete 
|  36|0x0000000082400000, 0x0000000082500000, 0x0000000082500000|100%|HC|  |TAMS 0x0000000082500000, 0x0000000082400000| Complete 
|  37|0x0000000082500000, 0x0000000082600000, 0x0000000082600000|100%| O|  |TAMS 0x0000000082600000, 0x0000000082500000| Untracked 
|  38|0x0000000082600000, 0x0000000082700000, 0x0000000082700000|100%| O|  |TAMS 0x0000000082700000, 0x0000000082600000| Untracked 
|  39|0x0000000082700000, 0x0000000082800000, 0x0000000082800000|100%| O|  |TAMS 0x0000000082800000, 0x0000000082700000| Complete 
|  40|0x0000000082800000, 0x0000000082900000, 0x0000000082900000|100%| O|  |TAMS 0x0000000082900000, 0x0000000082800000| Untracked 
|  41|0x0000000082900000, 0x0000000082a00000, 0x0000000082a00000|100%| O|  |TAMS 0x0000000082a00000, 0x0000000082900000| Untracked 
|  42|0x0000000082a00000, 0x0000000082b00000, 0x0000000082b00000|100%| O|  |TAMS 0x0000000082b00000, 0x0000000082a00000| Untracked 
|  43|0x0000000082b00000, 0x0000000082c00000, 0x0000000082c00000|100%| O|  |TAMS 0x0000000082c00000, 0x0000000082b00000| Untracked 
|  44|0x0000000082c00000, 0x0000000082d00000, 0x0000000082d00000|100%| O|  |TAMS 0x0000000082d00000, 0x0000000082c00000| Complete 
|  45|0x0000000082d00000, 0x0000000082e00000, 0x0000000082e00000|100%| O|  |TAMS 0x0000000082e00000, 0x0000000082d00000| Untracked 
|  46|0x0000000082e00000, 0x0000000082f00000, 0x0000000082f00000|100%| O|  |TAMS 0x0000000082f00000, 0x0000000082e00000| Complete 
|  47|0x0000000082f00000, 0x0000000083000000, 0x0000000083000000|100%| O|  |TAMS 0x0000000083000000, 0x0000000082f00000| Untracked 
|  48|0x0000000083000000, 0x0000000083100000, 0x0000000083100000|100%| O|  |TAMS 0x0000000083100000, 0x0000000083000000| Complete 
|  49|0x0000000083100000, 0x0000000083200000, 0x0000000083200000|100%| O|  |TAMS 0x0000000083200000, 0x0000000083100000| Complete 
|  50|0x0000000083200000, 0x0000000083300000, 0x0000000083300000|100%| O|  |TAMS 0x0000000083300000, 0x0000000083200000| Untracked 
|  51|0x0000000083300000, 0x0000000083400000, 0x0000000083400000|100%| O|  |TAMS 0x0000000083400000, 0x0000000083300000| Complete 
|  52|0x0000000083400000, 0x0000000083500000, 0x0000000083500000|100%| O|  |TAMS 0x0000000083500000, 0x0000000083400000| Untracked 
|  53|0x0000000083500000, 0x0000000083600000, 0x0000000083600000|100%| O|  |TAMS 0x0000000083600000, 0x0000000083500000| Untracked 
|  54|0x0000000083600000, 0x0000000083700000, 0x0000000083700000|100%| O|  |TAMS 0x0000000083700000, 0x0000000083600000| Untracked 
|  55|0x0000000083700000, 0x0000000083800000, 0x0000000083800000|100%| O|  |TAMS 0x0000000083800000, 0x0000000083700000| Untracked 
|  56|0x0000000083800000, 0x0000000083900000, 0x0000000083900000|100%| O|  |TAMS 0x0000000083900000, 0x0000000083800000| Complete 
|  57|0x0000000083900000, 0x0000000083a00000, 0x0000000083a00000|100%| O|  |TAMS 0x0000000083a00000, 0x0000000083900000| Complete 
|  58|0x0000000083a00000, 0x0000000083b00000, 0x0000000083b00000|100%| O|  |TAMS 0x0000000083b00000, 0x0000000083a00000| Complete 
|  59|0x0000000083b00000, 0x0000000083c00000, 0x0000000083c00000|100%| O|  |TAMS 0x0000000083c00000, 0x0000000083b00000| Complete 
|  60|0x0000000083c00000, 0x0000000083d00000, 0x0000000083d00000|100%| O|  |TAMS 0x0000000083d00000, 0x0000000083c00000| Complete 
|  61|0x0000000083d00000, 0x0000000083e00000, 0x0000000083e00000|100%| O|  |TAMS 0x0000000083e00000, 0x0000000083d00000| Complete 
|  62|0x0000000083e00000, 0x0000000083f00000, 0x0000000083f00000|100%| O|  |TAMS 0x0000000083f00000, 0x0000000083e00000| Untracked 
|  63|0x0000000083f00000, 0x0000000084000000, 0x0000000084000000|100%| O|  |TAMS 0x0000000084000000, 0x0000000083f00000| Untracked 
|  64|0x0000000084000000, 0x0000000084100000, 0x0000000084100000|100%| O|  |TAMS 0x0000000084100000, 0x0000000084000000| Complete 
|  65|0x0000000084100000, 0x0000000084200000, 0x0000000084200000|100%| O|  |TAMS 0x0000000084200000, 0x0000000084100000| Untracked 
|  66|0x0000000084200000, 0x0000000084300000, 0x0000000084300000|100%| O|  |TAMS 0x0000000084300000, 0x0000000084200000| Untracked 
|  67|0x0000000084300000, 0x0000000084300000, 0x0000000084400000|  0%| F|  |TAMS 0x0000000084300000, 0x0000000084300000| Untracked 
|  68|0x0000000084400000, 0x0000000084500000, 0x0000000084500000|100%| O|  |TAMS 0x0000000084500000, 0x0000000084400000| Complete 
|  69|0x0000000084500000, 0x0000000084600000, 0x0000000084600000|100%| O|  |TAMS 0x0000000084600000, 0x0000000084500000| Complete 
|  70|0x0000000084600000, 0x0000000084600000, 0x0000000084700000|  0%| F|  |TAMS 0x0000000084600000, 0x0000000084600000| Untracked 
|  71|0x0000000084700000, 0x0000000084700000, 0x0000000084800000|  0%| F|  |TAMS 0x0000000084700000, 0x0000000084700000| Untracked 
|  72|0x0000000084800000, 0x0000000084900000, 0x0000000084900000|100%| O|  |TAMS 0x0000000084900000, 0x0000000084800000| Complete 
|  73|0x0000000084900000, 0x0000000084a00000, 0x0000000084a00000|100%| O|  |TAMS 0x0000000084a00000, 0x0000000084900000| Complete 
|  74|0x0000000084a00000, 0x0000000084b00000, 0x0000000084b00000|100%| O|  |TAMS 0x0000000084b00000, 0x0000000084a00000| Complete 
|  75|0x0000000084b00000, 0x0000000084b00000, 0x0000000084c00000|  0%| F|  |TAMS 0x0000000084b00000, 0x0000000084b00000| Untracked 
|  76|0x0000000084c00000, 0x0000000084c00000, 0x0000000084d00000|  0%| F|  |TAMS 0x0000000084c00000, 0x0000000084c00000| Untracked 
|  77|0x0000000084d00000, 0x0000000084e00000, 0x0000000084e00000|100%| O|  |TAMS 0x0000000084e00000, 0x0000000084d00000| Complete 
|  78|0x0000000084e00000, 0x0000000084f00000, 0x0000000084f00000|100%| O|  |TAMS 0x0000000084f00000, 0x0000000084e00000| Untracked 
|  79|0x0000000084f00000, 0x0000000085000000, 0x0000000085000000|100%| O|  |TAMS 0x0000000085000000, 0x0000000084f00000| Untracked 
|  80|0x0000000085000000, 0x0000000085100000, 0x0000000085100000|100%| O|  |TAMS 0x0000000085100000, 0x0000000085000000| Complete 
|  81|0x0000000085100000, 0x0000000085200000, 0x0000000085200000|100%| O|  |TAMS 0x0000000085200000, 0x0000000085100000| Untracked 
|  82|0x0000000085200000, 0x0000000085200000, 0x0000000085300000|  0%| F|  |TAMS 0x0000000085200000, 0x0000000085200000| Untracked 
|  83|0x0000000085300000, 0x0000000085400000, 0x0000000085400000|100%| O|  |TAMS 0x0000000085400000, 0x0000000085300000| Untracked 
|  84|0x0000000085400000, 0x0000000085500000, 0x0000000085500000|100%| O|  |TAMS 0x0000000085500000, 0x0000000085400000| Untracked 
|  85|0x0000000085500000, 0x0000000085600000, 0x0000000085600000|100%| O|  |TAMS 0x0000000085600000, 0x0000000085500000| Untracked 
|  86|0x0000000085600000, 0x0000000085600000, 0x0000000085700000|  0%| F|  |TAMS 0x0000000085600000, 0x0000000085600000| Untracked 
|  87|0x0000000085700000, 0x0000000085800000, 0x0000000085800000|100%| O|  |TAMS 0x0000000085800000, 0x0000000085700000| Untracked 
|  88|0x0000000085800000, 0x0000000085900000, 0x0000000085900000|100%| O|  |TAMS 0x0000000085900000, 0x0000000085800000| Untracked 
|  89|0x0000000085900000, 0x0000000085a00000, 0x0000000085a00000|100%| O|  |TAMS 0x0000000085a00000, 0x0000000085900000| Untracked 
|  90|0x0000000085a00000, 0x0000000085b00000, 0x0000000085b00000|100%| O|  |TAMS 0x0000000085b00000, 0x0000000085a00000| Untracked 
|  91|0x0000000085b00000, 0x0000000085c00000, 0x0000000085c00000|100%| O|  |TAMS 0x0000000085c00000, 0x0000000085b00000| Untracked 
|  92|0x0000000085c00000, 0x0000000085c00000, 0x0000000085d00000|  0%| F|  |TAMS 0x0000000085c00000, 0x0000000085c00000| Untracked 
|  93|0x0000000085d00000, 0x0000000085d00000, 0x0000000085e00000|  0%| F|  |TAMS 0x0000000085d00000, 0x0000000085d00000| Untracked 
|  94|0x0000000085e00000, 0x0000000085e00000, 0x0000000085f00000|  0%| F|  |TAMS 0x0000000085e00000, 0x0000000085e00000| Untracked 
|  95|0x0000000085f00000, 0x0000000086000000, 0x0000000086000000|100%| O|  |TAMS 0x0000000086000000, 0x0000000085f00000| Untracked 
|  96|0x0000000086000000, 0x0000000086100000, 0x0000000086100000|100%| O|  |TAMS 0x0000000086100000, 0x0000000086000000| Untracked 
|  97|0x0000000086100000, 0x0000000086200000, 0x0000000086200000|100%| O|  |TAMS 0x0000000086200000, 0x0000000086100000| Untracked 
|  98|0x0000000086200000, 0x0000000086300000, 0x0000000086300000|100%| O|  |TAMS 0x0000000086300000, 0x0000000086200000| Complete 
|  99|0x0000000086300000, 0x0000000086400000, 0x0000000086400000|100%| O|  |TAMS 0x0000000086400000, 0x0000000086300000| Untracked 
| 100|0x0000000086400000, 0x0000000086500000, 0x0000000086500000|100%| O|  |TAMS 0x0000000086500000, 0x0000000086400000| Untracked 
| 101|0x0000000086500000, 0x0000000086600000, 0x0000000086600000|100%| O|  |TAMS 0x0000000086600000, 0x0000000086500000| Untracked 
| 102|0x0000000086600000, 0x0000000086700000, 0x0000000086700000|100%| O|  |TAMS 0x0000000086700000, 0x0000000086600000| Untracked 
| 103|0x0000000086700000, 0x0000000086800000, 0x0000000086800000|100%| O|  |TAMS 0x0000000086800000, 0x0000000086700000| Untracked 
| 104|0x0000000086800000, 0x0000000086900000, 0x0000000086900000|100%| O|  |TAMS 0x0000000086900000, 0x0000000086800000| Untracked 
| 105|0x0000000086900000, 0x0000000086a00000, 0x0000000086a00000|100%| O|  |TAMS 0x0000000086a00000, 0x0000000086900000| Untracked 
| 106|0x0000000086a00000, 0x0000000086b00000, 0x0000000086b00000|100%| O|  |TAMS 0x0000000086b00000, 0x0000000086a00000| Untracked 
| 107|0x0000000086b00000, 0x0000000086c00000, 0x0000000086c00000|100%| O|  |TAMS 0x0000000086c00000, 0x0000000086b00000| Untracked 
| 108|0x0000000086c00000, 0x0000000086d00000, 0x0000000086d00000|100%| O|  |TAMS 0x0000000086d00000, 0x0000000086c00000| Untracked 
| 109|0x0000000086d00000, 0x0000000086e00000, 0x0000000086e00000|100%| O|  |TAMS 0x0000000086e00000, 0x0000000086d00000| Untracked 
| 110|0x0000000086e00000, 0x0000000086f00000, 0x0000000086f00000|100%| O|  |TAMS 0x0000000086f00000, 0x0000000086e00000| Untracked 
| 111|0x0000000086f00000, 0x0000000087000000, 0x0000000087000000|100%| O|  |TAMS 0x0000000087000000, 0x0000000086f00000| Complete 
| 112|0x0000000087000000, 0x0000000087100000, 0x0000000087100000|100%| O|  |TAMS 0x0000000087100000, 0x0000000087000000| Complete 
| 113|0x0000000087100000, 0x0000000087200000, 0x0000000087200000|100%| O|  |TAMS 0x0000000087200000, 0x0000000087100000| Complete 
| 114|0x0000000087200000, 0x0000000087300000, 0x0000000087300000|100%| O|  |TAMS 0x0000000087300000, 0x0000000087200000| Complete 
| 115|0x0000000087300000, 0x0000000087400000, 0x0000000087400000|100%| O|  |TAMS 0x0000000087400000, 0x0000000087300000| Complete 
| 116|0x0000000087400000, 0x0000000087500000, 0x0000000087500000|100%| O|  |TAMS 0x0000000087500000, 0x0000000087400000| Complete 
| 117|0x0000000087500000, 0x0000000087600000, 0x0000000087600000|100%| O|  |TAMS 0x0000000087600000, 0x0000000087500000| Complete 
| 118|0x0000000087600000, 0x0000000087700000, 0x0000000087700000|100%| O|  |TAMS 0x0000000087700000, 0x0000000087600000| Untracked 
| 119|0x0000000087700000, 0x0000000087800000, 0x0000000087800000|100%| O|  |TAMS 0x0000000087800000, 0x0000000087700000| Untracked 
| 120|0x0000000087800000, 0x0000000087900000, 0x0000000087900000|100%| O|  |TAMS 0x0000000087900000, 0x0000000087800000| Untracked 
| 121|0x0000000087900000, 0x0000000087a00000, 0x0000000087a00000|100%| O|  |TAMS 0x0000000087a00000, 0x0000000087900000| Untracked 
| 122|0x0000000087a00000, 0x0000000087b00000, 0x0000000087b00000|100%| O|  |TAMS 0x0000000087b00000, 0x0000000087a00000| Complete 
| 123|0x0000000087b00000, 0x0000000087c00000, 0x0000000087c00000|100%| O|  |TAMS 0x0000000087c00000, 0x0000000087b00000| Complete 
| 124|0x0000000087c00000, 0x0000000087d00000, 0x0000000087d00000|100%| O|  |TAMS 0x0000000087d00000, 0x0000000087c00000| Complete 
| 125|0x0000000087d00000, 0x0000000087e00000, 0x0000000087e00000|100%| O|  |TAMS 0x0000000087e00000, 0x0000000087d00000| Complete 
| 126|0x0000000087e00000, 0x0000000087f00000, 0x0000000087f00000|100%| O|  |TAMS 0x0000000087f00000, 0x0000000087e00000| Untracked 
| 127|0x0000000087f00000, 0x0000000088000000, 0x0000000088000000|100%| O|  |TAMS 0x0000000088000000, 0x0000000087f00000| Untracked 
| 128|0x0000000088000000, 0x0000000088100000, 0x0000000088100000|100%| O|  |TAMS 0x0000000088100000, 0x0000000088000000| Untracked 
| 129|0x0000000088100000, 0x0000000088200000, 0x0000000088200000|100%| O|  |TAMS 0x0000000088200000, 0x0000000088100000| Untracked 
| 130|0x0000000088200000, 0x0000000088300000, 0x0000000088300000|100%| O|  |TAMS 0x0000000088300000, 0x0000000088200000| Untracked 
| 131|0x0000000088300000, 0x0000000088400000, 0x0000000088400000|100%| O|  |TAMS 0x0000000088400000, 0x0000000088300000| Untracked 
| 132|0x0000000088400000, 0x0000000088500000, 0x0000000088500000|100%| O|  |TAMS 0x0000000088500000, 0x0000000088400000| Complete 
| 133|0x0000000088500000, 0x0000000088600000, 0x0000000088600000|100%| O|  |TAMS 0x0000000088600000, 0x0000000088500000| Untracked 
| 134|0x0000000088600000, 0x0000000088700000, 0x0000000088700000|100%| O|  |TAMS 0x0000000088700000, 0x0000000088600000| Untracked 
| 135|0x0000000088700000, 0x0000000088800000, 0x0000000088800000|100%| O|  |TAMS 0x0000000088800000, 0x0000000088700000| Untracked 
| 136|0x0000000088800000, 0x0000000088900000, 0x0000000088900000|100%| O|  |TAMS 0x0000000088900000, 0x0000000088800000| Untracked 
| 137|0x0000000088900000, 0x0000000088a00000, 0x0000000088a00000|100%| O|  |TAMS 0x0000000088a00000, 0x0000000088900000| Untracked 
| 138|0x0000000088a00000, 0x0000000088b00000, 0x0000000088b00000|100%| O|  |TAMS 0x0000000088b00000, 0x0000000088a00000| Untracked 
| 139|0x0000000088b00000, 0x0000000088c00000, 0x0000000088c00000|100%| O|  |TAMS 0x0000000088c00000, 0x0000000088b00000| Untracked 
| 140|0x0000000088c00000, 0x0000000088d00000, 0x0000000088d00000|100%| O|  |TAMS 0x0000000088d00000, 0x0000000088c00000| Untracked 
| 141|0x0000000088d00000, 0x0000000088e00000, 0x0000000088e00000|100%| O|  |TAMS 0x0000000088e00000, 0x0000000088d00000| Untracked 
| 142|0x0000000088e00000, 0x0000000088f00000, 0x0000000088f00000|100%| O|  |TAMS 0x0000000088f00000, 0x0000000088e00000| Untracked 
| 143|0x0000000088f00000, 0x0000000089000000, 0x0000000089000000|100%| O|  |TAMS 0x0000000089000000, 0x0000000088f00000| Untracked 
| 144|0x0000000089000000, 0x0000000089100000, 0x0000000089100000|100%| O|  |TAMS 0x0000000089100000, 0x0000000089000000| Untracked 
| 145|0x0000000089100000, 0x0000000089200000, 0x0000000089200000|100%| O|  |TAMS 0x0000000089200000, 0x0000000089100000| Untracked 
| 146|0x0000000089200000, 0x0000000089300000, 0x0000000089300000|100%| O|  |TAMS 0x0000000089300000, 0x0000000089200000| Untracked 
| 147|0x0000000089300000, 0x0000000089400000, 0x0000000089400000|100%| O|  |TAMS 0x0000000089400000, 0x0000000089300000| Untracked 
| 148|0x0000000089400000, 0x0000000089500000, 0x0000000089500000|100%| O|  |TAMS 0x0000000089500000, 0x0000000089400000| Untracked 
| 149|0x0000000089500000, 0x0000000089600000, 0x0000000089600000|100%| O|  |TAMS 0x0000000089600000, 0x0000000089500000| Complete 
| 150|0x0000000089600000, 0x0000000089700000, 0x0000000089700000|100%| O|  |TAMS 0x0000000089700000, 0x0000000089600000| Complete 
| 151|0x0000000089700000, 0x0000000089700000, 0x0000000089800000|  0%| F|  |TAMS 0x0000000089700000, 0x0000000089700000| Untracked 
| 152|0x0000000089800000, 0x0000000089800000, 0x0000000089900000|  0%| F|  |TAMS 0x0000000089800000, 0x0000000089800000| Untracked 
| 153|0x0000000089900000, 0x0000000089900000, 0x0000000089a00000|  0%| F|  |TAMS 0x0000000089900000, 0x0000000089900000| Untracked 
| 154|0x0000000089a00000, 0x0000000089a00000, 0x0000000089b00000|  0%| F|  |TAMS 0x0000000089a00000, 0x0000000089a00000| Untracked 
| 155|0x0000000089b00000, 0x0000000089c00000, 0x0000000089c00000|100%|HS|  |TAMS 0x0000000089b00000, 0x0000000089b00000| Complete 
| 156|0x0000000089c00000, 0x0000000089d00000, 0x0000000089d00000|100%|HC|  |TAMS 0x0000000089c00000, 0x0000000089c00000| Complete 
| 157|0x0000000089d00000, 0x0000000089e00000, 0x0000000089e00000|100%|HC|  |TAMS 0x0000000089d00000, 0x0000000089d00000| Complete 
| 158|0x0000000089e00000, 0x0000000089f00000, 0x0000000089f00000|100%|HC|  |TAMS 0x0000000089e00000, 0x0000000089e00000| Complete 
| 159|0x0000000089f00000, 0x000000008a000000, 0x000000008a000000|100%|HC|  |TAMS 0x0000000089f00000, 0x0000000089f00000| Complete 
| 160|0x000000008a000000, 0x000000008a100000, 0x000000008a100000|100%|HC|  |TAMS 0x000000008a000000, 0x000000008a000000| Complete 
| 161|0x000000008a100000, 0x000000008a200000, 0x000000008a200000|100%|HC|  |TAMS 0x000000008a100000, 0x000000008a100000| Complete 
| 162|0x000000008a200000, 0x000000008a300000, 0x000000008a300000|100%|HC|  |TAMS 0x000000008a200000, 0x000000008a200000| Complete 
| 163|0x000000008a300000, 0x000000008a300000, 0x000000008a400000|  0%| F|  |TAMS 0x000000008a300000, 0x000000008a300000| Untracked 
| 164|0x000000008a400000, 0x000000008a400000, 0x000000008a500000|  0%| F|  |TAMS 0x000000008a400000, 0x000000008a400000| Untracked 
| 165|0x000000008a500000, 0x000000008a500000, 0x000000008a600000|  0%| F|  |TAMS 0x000000008a500000, 0x000000008a500000| Untracked 
| 166|0x000000008a600000, 0x000000008a600000, 0x000000008a700000|  0%| F|  |TAMS 0x000000008a600000, 0x000000008a600000| Untracked 
| 167|0x000000008a700000, 0x000000008a700000, 0x000000008a800000|  0%| F|  |TAMS 0x000000008a700000, 0x000000008a700000| Untracked 
| 168|0x000000008a800000, 0x000000008a800000, 0x000000008a900000|  0%| F|  |TAMS 0x000000008a800000, 0x000000008a800000| Untracked 
| 169|0x000000008a900000, 0x000000008a900000, 0x000000008aa00000|  0%| F|  |TAMS 0x000000008a900000, 0x000000008a900000| Untracked 
| 170|0x000000008aa00000, 0x000000008aa00000, 0x000000008ab00000|  0%| F|  |TAMS 0x000000008aa00000, 0x000000008aa00000| Untracked 
| 171|0x000000008ab00000, 0x000000008ab00000, 0x000000008ac00000|  0%| F|  |TAMS 0x000000008ab00000, 0x000000008ab00000| Untracked 
| 172|0x000000008ac00000, 0x000000008ac00000, 0x000000008ad00000|  0%| F|  |TAMS 0x000000008ac00000, 0x000000008ac00000| Untracked 
| 173|0x000000008ad00000, 0x000000008ad00000, 0x000000008ae00000|  0%| F|  |TAMS 0x000000008ad00000, 0x000000008ad00000| Untracked 
| 174|0x000000008ae00000, 0x000000008ae00000, 0x000000008af00000|  0%| F|  |TAMS 0x000000008ae00000, 0x000000008ae00000| Untracked 
| 175|0x000000008af00000, 0x000000008af00000, 0x000000008b000000|  0%| F|  |TAMS 0x000000008af00000, 0x000000008af00000| Untracked 
| 176|0x000000008b000000, 0x000000008b000000, 0x000000008b100000|  0%| F|  |TAMS 0x000000008b000000, 0x000000008b000000| Untracked 
| 177|0x000000008b100000, 0x000000008b18bb78, 0x000000008b200000| 54%| S|CS|TAMS 0x000000008b100000, 0x000000008b100000| Complete 
| 178|0x000000008b200000, 0x000000008b200000, 0x000000008b300000|  0%| F|  |TAMS 0x000000008b200000, 0x000000008b200000| Untracked 
| 179|0x000000008b300000, 0x000000008b300000, 0x000000008b400000|  0%| F|  |TAMS 0x000000008b300000, 0x000000008b300000| Untracked 
| 180|0x000000008b400000, 0x000000008b400000, 0x000000008b500000|  0%| F|  |TAMS 0x000000008b400000, 0x000000008b400000| Untracked 
| 181|0x000000008b500000, 0x000000008b500000, 0x000000008b600000|  0%| F|  |TAMS 0x000000008b500000, 0x000000008b500000| Untracked 
| 182|0x000000008b600000, 0x000000008b600000, 0x000000008b700000|  0%| F|  |TAMS 0x000000008b600000, 0x000000008b600000| Untracked 
| 183|0x000000008b700000, 0x000000008b700000, 0x000000008b800000|  0%| F|  |TAMS 0x000000008b700000, 0x000000008b700000| Untracked 
| 184|0x000000008b800000, 0x000000008b829670, 0x000000008b900000| 16%| E|  |TAMS 0x000000008b800000, 0x000000008b800000| Complete 
| 185|0x000000008b900000, 0x000000008ba00000, 0x000000008ba00000|100%| E|CS|TAMS 0x000000008b900000, 0x000000008b900000| Complete 
| 186|0x000000008ba00000, 0x000000008bb00000, 0x000000008bb00000|100%| E|CS|TAMS 0x000000008ba00000, 0x000000008ba00000| Complete 
| 187|0x000000008bb00000, 0x000000008bc00000, 0x000000008bc00000|100%| E|CS|TAMS 0x000000008bb00000, 0x000000008bb00000| Complete 
| 188|0x000000008bc00000, 0x000000008bd00000, 0x000000008bd00000|100%| E|CS|TAMS 0x000000008bc00000, 0x000000008bc00000| Complete 

Card table byte_map: [0x000001c1db260000,0x000001c1db660000] _byte_map_base: 0x000001c1dae60000

Marking Bits (Prev, Next): (CMBitMap*) 0x000001c1c67a1b88, (CMBitMap*) 0x000001c1c67a1bc0
 Prev Bits: [0x000001c1dba60000, 0x000001c1dda60000)
 Next Bits: [0x000001c1dda60000, 0x000001c1dfa60000)

Polling page: 0x000001c1c6840000

Metaspace:

Usage:
  Non-class:    104.73 MB capacity,   102.79 MB ( 98%) used,     1.54 MB (  1%) free+waste,   407.69 KB ( <1%) overhead. 
      Class:     16.47 MB capacity,    15.22 MB ( 92%) used,     1.07 MB (  7%) free+waste,   186.19 KB (  1%) overhead. 
       Both:    121.20 MB capacity,   118.01 MB ( 97%) used,     2.61 MB (  2%) free+waste,   593.88 KB ( <1%) overhead. 

Virtual space:
  Non-class space:      106.00 MB reserved,     104.83 MB ( 99%) committed 
      Class space:        1.00 GB reserved,      16.50 MB (  2%) committed 
             Both:        1.10 GB reserved,     121.33 MB ( 11%) committed 

Chunk freelists:
   Non-Class:  41.00 KB
       Class:  31.00 KB
        Both:  72.00 KB

MaxMetaspaceSize: 17179869184.00 GB
CompressedClassSpaceSize: 1.00 GB
Initial GC threshold: 20.80 MB
Current GC threshold: 199.09 MB
CDS: off

CodeHeap 'non-profiled nmethods': size=120064Kb used=9308Kb max_used=9308Kb free=110755Kb
 bounds [0x000001c1d3520000, 0x000001c1d3e40000, 0x000001c1daa60000]
CodeHeap 'profiled nmethods': size=120000Kb used=34992Kb max_used=34992Kb free=85007Kb
 bounds [0x000001c1cbff0000, 0x000001c1ce220000, 0x000001c1d3520000]
CodeHeap 'non-nmethods': size=5696Kb used=2468Kb max_used=2502Kb free=3227Kb
 bounds [0x000001c1cba60000, 0x000001c1cbce0000, 0x000001c1cbff0000]
 total_blobs=16729 nmethods=15715 adapters=926
 compilation: enabled
              stopped_count=0, restarted_count=0
 full_count=0

Compilation events (20 events):
Event: 616.606 Thread 0x000001c1e1eb6800 15824       3       java.io.BufferedInputStream::read1 (108 bytes)
Event: 616.607 Thread 0x000001c1e1eb6800 nmethod 15824 0x000001c1ce211790 code [0x000001c1ce2119e0, 0x000001c1ce212298]
Event: 616.622 Thread 0x000001c1e1eb6800 15825       3       org.gradle.internal.serialize.AbstractEncoder::writeBinary (9 bytes)
Event: 616.622 Thread 0x000001c1e1eb6800 nmethod 15825 0x000001c1ce212590 code [0x000001c1ce212760, 0x000001c1ce212ad8]
Event: 616.622 Thread 0x000001c1e1eb6800 15826       3       org.gradle.internal.serialize.AbstractEncoder::writeBinary (13 bytes)
Event: 616.622 Thread 0x000001c1e1eb6800 nmethod 15826 0x000001c1ce212c10 code [0x000001c1ce212de0, 0x000001c1ce213078]
Event: 616.622 Thread 0x000001c1e1eb6800 15827       3       org.gradle.internal.snapshot.RootTrackingFileSystemSnapshotHierarchyVisitor::visitEntry (18 bytes)
Event: 616.623 Thread 0x000001c1e1eb6800 nmethod 15827 0x000001c1ce213190 code [0x000001c1ce213340, 0x000001c1ce213568]
Event: 616.623 Thread 0x000001c1e1eb6800 15828       3       org.gradle.internal.execution.history.impl.FileSystemSnapshotSerializer$1::visitEntry (19 bytes)
Event: 616.623 Thread 0x000001c1e1eb6800 nmethod 15828 0x000001c1ce213610 code [0x000001c1ce2137e0, 0x000001c1ce213b28]
Event: 616.623 Thread 0x000001c1e1eb6800 15829       3       org.gradle.internal.execution.history.impl.FileSystemSnapshotSerializer::access$200 (7 bytes)
Event: 616.623 Thread 0x000001c1e1eb6800 nmethod 15829 0x000001c1ce213c90 code [0x000001c1ce213e60, 0x000001c1ce214248]
Event: 616.624 Thread 0x000001c1e1eb6800 15830       3       org.gradle.internal.execution.history.impl.FileSystemSnapshotSerializer::access$300 (6 bytes)
Event: 616.626 Thread 0x000001c1e1eb6800 nmethod 15830 0x000001c1ce214390 code [0x000001c1ce214560, 0x000001c1ce214788]
Event: 616.626 Thread 0x000001c1e1eb6800 15831       3       org.gradle.internal.execution.history.impl.FileSystemSnapshotSerializer::access$400 (6 bytes)
Event: 616.627 Thread 0x000001c1e1eb6800 nmethod 15831 0x000001c1ce214890 code [0x000001c1ce214aa0, 0x000001c1ce2151a8]
Event: 616.630 Thread 0x000001c1e1eb6800 15833  s    3       java.io.BufferedInputStream::read (113 bytes)
Event: 616.631 Thread 0x000001c1e1eb6800 nmethod 15833 0x000001c1ce215410 code [0x000001c1ce215640, 0x000001c1ce215f98]
Event: 616.706 Thread 0x000001c1e1eb6800 15834       3       org.gradle.internal.fingerprint.impl.RelativePathFingerprintingStrategy::lambda$collectFingerprints$0 (126 bytes)
Event: 616.708 Thread 0x000001c1e1eb6800 nmethod 15834 0x000001c1ce216210 code [0x000001c1ce216540, 0x000001c1ce217b68]

GC Heap History (20 events):
Event: 73.647 GC heap before
{Heap before GC invocations=35 (full 0):
 garbage-first heap   total 192512K, used 158665K [0x0000000080000000, 0x0000000100000000)
  region size 1024K, 73 young (74752K), 8 survivors (8192K)
 Metaspace       used 103923K, capacity 106455K, committed 106576K, reserved 1142784K
  class space    used 13336K, capacity 14273K, committed 14336K, reserved 1048576K
}
Event: 73.685 GC heap after
{Heap after GC invocations=36 (full 0):
 garbage-first heap   total 192512K, used 97704K [0x0000000080000000, 0x0000000100000000)
  region size 1024K, 9 young (9216K), 9 survivors (9216K)
 Metaspace       used 103923K, capacity 106455K, committed 106576K, reserved 1142784K
  class space    used 13336K, capacity 14273K, committed 14336K, reserved 1048576K
}
Event: 76.890 GC heap before
{Heap before GC invocations=36 (full 0):
 garbage-first heap   total 192512K, used 155048K [0x0000000080000000, 0x0000000100000000)
  region size 1024K, 67 young (68608K), 9 survivors (9216K)
 Metaspace       used 113564K, capacity 116722K, committed 117072K, reserved 1150976K
  class space    used 14807K, capacity 16014K, committed 16128K, reserved 1048576K
}
Event: 76.930 GC heap after
{Heap after GC invocations=37 (full 0):
 garbage-first heap   total 192512K, used 101724K [0x0000000080000000, 0x0000000100000000)
  region size 1024K, 4 young (4096K), 4 survivors (4096K)
 Metaspace       used 113564K, capacity 116722K, committed 117072K, reserved 1150976K
  class space    used 14807K, capacity 16014K, committed 16128K, reserved 1048576K
}
Event: 601.333 GC heap before
{Heap before GC invocations=38 (full 0):
 garbage-first heap   total 192512K, used 169308K [0x0000000080000000, 0x0000000100000000)
  region size 1024K, 60 young (61440K), 4 survivors (4096K)
 Metaspace       used 115016K, capacity 118196K, committed 118480K, reserved 1150976K
  class space    used 14980K, capacity 16210K, committed 16256K, reserved 1048576K
}
Event: 601.763 GC heap after
{Heap after GC invocations=39 (full 0):
 garbage-first heap   total 192512K, used 105806K [0x0000000080000000, 0x0000000100000000)
  region size 1024K, 8 young (8192K), 8 survivors (8192K)
 Metaspace       used 115016K, capacity 118196K, committed 118480K, reserved 1150976K
  class space    used 14980K, capacity 16210K, committed 16256K, reserved 1048576K
}
Event: 607.969 GC heap before
{Heap before GC invocations=39 (full 0):
 garbage-first heap   total 192512K, used 128334K [0x0000000080000000, 0x0000000100000000)
  region size 1024K, 32 young (32768K), 8 survivors (8192K)
 Metaspace       used 115606K, capacity 118811K, committed 118992K, reserved 1153024K
  class space    used 15011K, capacity 16255K, committed 16256K, reserved 1048576K
}
Event: 608.051 GC heap after
{Heap after GC invocations=40 (full 0):
 garbage-first heap   total 192512K, used 109056K [0x0000000080000000, 0x0000000100000000)
  region size 1024K, 8 young (8192K), 8 survivors (8192K)
 Metaspace       used 115606K, capacity 118811K, committed 118992K, reserved 1153024K
  class space    used 15011K, capacity 16255K, committed 16256K, reserved 1048576K
}
Event: 611.192 GC heap before
{Heap before GC invocations=41 (full 0):
 garbage-first heap   total 192512K, used 156160K [0x0000000080000000, 0x0000000100000000)
  region size 1024K, 52 young (53248K), 8 survivors (8192K)
 Metaspace       used 116508K, capacity 119690K, committed 119888K, reserved 1153024K
  class space    used 15111K, capacity 16338K, committed 16384K, reserved 1048576K
}
Event: 611.322 GC heap after
{Heap after GC invocations=42 (full 0):
 garbage-first heap   total 193536K, used 137216K [0x0000000080000000, 0x0000000100000000)
  region size 1024K, 7 young (7168K), 7 survivors (7168K)
 Metaspace       used 116508K, capacity 119690K, committed 119888K, reserved 1153024K
  class space    used 15111K, capacity 16338K, committed 16384K, reserved 1048576K
}
Event: 611.701 GC heap before
{Heap before GC invocations=42 (full 0):
 garbage-first heap   total 193536K, used 156672K [0x0000000080000000, 0x0000000100000000)
  region size 1024K, 27 young (27648K), 7 survivors (7168K)
 Metaspace       used 116853K, capacity 120078K, committed 120272K, reserved 1153024K
  class space    used 15147K, capacity 16404K, committed 16512K, reserved 1048576K
}
Event: 611.748 GC heap after
{Heap after GC invocations=43 (full 0):
 garbage-first heap   total 193536K, used 139776K [0x0000000080000000, 0x0000000100000000)
  region size 1024K, 3 young (3072K), 3 survivors (3072K)
 Metaspace       used 116853K, capacity 120078K, committed 120272K, reserved 1153024K
  class space    used 15147K, capacity 16404K, committed 16512K, reserved 1048576K
}
Event: 613.231 GC heap before
{Heap before GC invocations=44 (full 0):
 garbage-first heap   total 193536K, used 158208K [0x0000000080000000, 0x0000000100000000)
  region size 1024K, 22 young (22528K), 3 survivors (3072K)
 Metaspace       used 118973K, capacity 122225K, committed 122320K, reserved 1155072K
  class space    used 15412K, capacity 16693K, committed 16768K, reserved 1048576K
}
Event: 613.299 GC heap after
{Heap after GC invocations=45 (full 0):
 garbage-first heap   total 193536K, used 143872K [0x0000000080000000, 0x0000000100000000)
  region size 1024K, 3 young (3072K), 3 survivors (3072K)
 Metaspace       used 118973K, capacity 122225K, committed 122320K, reserved 1155072K
  class space    used 15412K, capacity 16693K, committed 16768K, reserved 1048576K
}
Event: 613.681 GC heap before
{Heap before GC invocations=45 (full 0):
 garbage-first heap   total 193536K, used 148992K [0x0000000080000000, 0x0000000100000000)
  region size 1024K, 9 young (9216K), 3 survivors (3072K)
 Metaspace       used 118993K, capacity 122225K, committed 122320K, reserved 1155072K
  class space    used 15412K, capacity 16693K, committed 16768K, reserved 1048576K
}
Event: 613.846 GC heap after
{Heap after GC invocations=46 (full 0):
 garbage-first heap   total 193536K, used 143854K [0x0000000080000000, 0x0000000100000000)
  region size 1024K, 2 young (2048K), 2 survivors (2048K)
 Metaspace       used 118993K, capacity 122225K, committed 122320K, reserved 1155072K
  class space    used 15412K, capacity 16693K, committed 16768K, reserved 1048576K
}
Event: 613.872 GC heap before
{Heap before GC invocations=46 (full 0):
 garbage-first heap   total 193536K, used 143854K [0x0000000080000000, 0x0000000100000000)
  region size 1024K, 4 young (4096K), 2 survivors (2048K)
 Metaspace       used 118994K, capacity 122225K, committed 122320K, reserved 1155072K
  class space    used 15412K, capacity 16693K, committed 16768K, reserved 1048576K
}
Event: 613.890 GC heap after
{Heap after GC invocations=47 (full 0):
 garbage-first heap   total 193536K, used 145345K [0x0000000080000000, 0x0000000100000000)
  region size 1024K, 1 young (1024K), 1 survivors (1024K)
 Metaspace       used 118994K, capacity 122225K, committed 122320K, reserved 1155072K
  class space    used 15412K, capacity 16693K, committed 16768K, reserved 1048576K
}
Event: 616.562 GC heap before
{Heap before GC invocations=48 (full 0):
 garbage-first heap   total 193536K, used 183233K [0x0000000080000000, 0x0000000100000000)
  region size 1024K, 11 young (11264K), 1 survivors (1024K)
 Metaspace       used 120435K, capacity 123687K, committed 123984K, reserved 1157120K
  class space    used 15535K, capacity 16833K, committed 16896K, reserved 1048576K
}
Event: 616.574 GC heap after
{Heap after GC invocations=49 (full 0):
 garbage-first heap   total 193536K, used 153134K [0x0000000080000000, 0x0000000100000000)
  region size 1024K, 1 young (1024K), 1 survivors (1024K)
 Metaspace       used 120435K, capacity 123687K, committed 123984K, reserved 1157120K
  class space    used 15535K, capacity 16833K, committed 16896K, reserved 1048576K
}

Deoptimization events (20 events):
Event: 616.544 Thread 0x000001c1e6531800 DEOPT PACKING pc=0x000001c1d3e33b74 sp=0x0000000e40efa850
Event: 616.544 Thread 0x000001c1e6531800 DEOPT UNPACKING pc=0x000001c1cbaaa1a9 sp=0x0000000e40efa808 mode 2
Event: 616.544 Thread 0x000001c1e6531800 Uncommon trap: trap_request=0xffffffde fr.pc=0x000001c1d3e33b74 relative=0x0000000000000234
Event: 616.544 Thread 0x000001c1e6531800 Uncommon trap: reason=class_check action=maybe_recompile pc=0x000001c1d3e33b74 method=org.apache.xerces.dom.ElementImpl.getAttributes()Lorg/w3c/dom/NamedNodeMap; @ 8 c2
Event: 616.544 Thread 0x000001c1e6531800 DEOPT PACKING pc=0x000001c1d3e33b74 sp=0x0000000e40efa850
Event: 616.544 Thread 0x000001c1e6531800 DEOPT UNPACKING pc=0x000001c1cbaaa1a9 sp=0x0000000e40efa808 mode 2
Event: 616.548 Thread 0x000001c1e6531800 Uncommon trap: trap_request=0xffffff4d fr.pc=0x000001c1d3e1bb8c relative=0x000000000000398c
Event: 616.548 Thread 0x000001c1e6531800 Uncommon trap: reason=unstable_if action=reinterpret pc=0x000001c1d3e1bb8c method=org.apache.xerces.dom.ElementImpl.getTagName()Ljava/lang/String; @ 4 c2
Event: 616.548 Thread 0x000001c1e6531800 DEOPT PACKING pc=0x000001c1d3e1bb8c sp=0x0000000e40efa760
Event: 616.548 Thread 0x000001c1e6531800 DEOPT UNPACKING pc=0x000001c1cbaaa1a9 sp=0x0000000e40efa6d0 mode 2
Event: 616.556 Thread 0x000001c1e6531800 DEOPT PACKING pc=0x000001c1cc02f9bc sp=0x0000000e40efa7d0
Event: 616.556 Thread 0x000001c1e6531800 DEOPT UNPACKING pc=0x000001c1cbaaa93f sp=0x0000000e40ef9c30 mode 0
Event: 616.627 Thread 0x000001c1e6538000 Uncommon trap: trap_request=0xffffff7e fr.pc=0x000001c1d399f734 relative=0x0000000000000174
Event: 616.627 Thread 0x000001c1e6538000 Uncommon trap: reason=predicate action=maybe_recompile pc=0x000001c1d399f734 method=java.util.Collections.indexedBinarySearch(Ljava/util/List;Ljava/lang/Object;)I @ 13 c2
Event: 616.627 Thread 0x000001c1e6538000 DEOPT PACKING pc=0x000001c1d399f734 sp=0x0000000e40ffdf90
Event: 616.627 Thread 0x000001c1e6538000 DEOPT UNPACKING pc=0x000001c1cbaaa1a9 sp=0x0000000e40ffdf20 mode 2
Event: 616.627 Thread 0x000001c1e6538000 Uncommon trap: trap_request=0xffffff4d fr.pc=0x000001c1d39cb08c relative=0x000000000000016c
Event: 616.627 Thread 0x000001c1e6538000 Uncommon trap: reason=unstable_if action=reinterpret pc=0x000001c1d39cb08c method=org.gradle.internal.io.StreamByteBuffer.prepareRead()I @ 30 c2
Event: 616.627 Thread 0x000001c1e6538000 DEOPT PACKING pc=0x000001c1d39cb08c sp=0x0000000e40ffdee0
Event: 616.627 Thread 0x000001c1e6538000 DEOPT UNPACKING pc=0x000001c1cbaaa1a9 sp=0x0000000e40ffde90 mode 2

Classes redefined (0 events):
No events

Internal exceptions (20 events):
Event: 76.668 Thread 0x000001c1eb24f800 Exception <a 'java/lang/NoSuchMethodError'{0x00000000889874d8}: 'java.lang.Object java.lang.invoke.Invokers$Holder.linkToTargetMethod(java.lang.Object, java.lang.Object, java.lang.Object, java.lang.Object, java.lang.Object, java.lang.Object, int, java.lang.Object)'> (0x00000000889874d8) thrown at [./src/hotspot/share/interpreter/linkResolver.cpp, line 773]
Event: 77.396 Thread 0x000001c1eb24f800 Exception <a 'java/lang/NoSuchMethodError'{0x000000008b9319b8}: 'java.lang.Object java.lang.invoke.DirectMethodHandle$Holder.invokeVirtual(java.lang.Object, java.lang.Object, int)'> (0x000000008b9319b8) thrown at [./src/hotspot/share/interpreter/linkResolver.cpp, line 773]
Event: 77.562 Thread 0x000001c1e3ac1800 Exception <a 'sun/nio/fs/WindowsException'{0x000000008b71df88}> (0x000000008b71df88) thrown at [./src/hotspot/share/prims/jni.cpp, line 616]
Event: 77.562 Thread 0x000001c1e3ac1800 Exception <a 'sun/nio/fs/WindowsException'{0x000000008b71e008}> (0x000000008b71e008) thrown at [./src/hotspot/share/prims/jni.cpp, line 616]
Event: 77.562 Thread 0x000001c1e3ac1800 Exception <a 'sun/nio/fs/WindowsException'{0x000000008b71f980}> (0x000000008b71f980) thrown at [./src/hotspot/share/prims/jni.cpp, line 616]
Event: 77.656 Thread 0x000001c1e3ac1800 Implicit null exception at 0x000001c1d3bca708 to 0x000001c1d3bcad08
Event: 77.656 Thread 0x000001c1e3ac1800 Implicit null exception at 0x000001c1d3bcba40 to 0x000001c1d3bcc284
Event: 77.697 Thread 0x000001c1e3ac1800 Exception <a 'java/lang/NoSuchMethodError'{0x000000008b54b878}: 'java.lang.Object java.lang.invoke.DirectMethodHandle$Holder.invokeSpecial(java.lang.Object, java.lang.Object, java.lang.Object, java.lang.Object, int, java.lang.Object, java.lang.Object)'> (0x000000008b54b878) thrown at [./src/hotspot/share/interpreter/linkResolver.cpp, line 773]
Event: 77.842 Thread 0x000001c1e3ac1800 Implicit null exception at 0x000001c1d3a4802f to 0x000001c1d3a4807c
Event: 350.174 Thread 0x000001c1eb250000 Exception <a 'java/lang/NoSuchMethodError'{0x000000008a8940d0}: 'java.lang.Object java.lang.invoke.DirectMethodHandle$Holder.invokeSpecial(java.lang.Object, java.lang.Object, int, int, int, java.lang.Object, java.lang.Object, java.lang.Object)'> (0x000000008a8940d0) thrown at [./src/hotspot/share/interpreter/linkResolver.cpp, line 773]
Event: 350.176 Thread 0x000001c1eb250000 Exception <a 'java/lang/NoSuchMethodError'{0x000000008a897980}: 'java.lang.Object java.lang.invoke.DelegatingMethodHandle$Holder.reinvoke_L(java.lang.Object, int, int, int, java.lang.Object, java.lang.Object, java.lang.Object)'> (0x000000008a897980) thrown at [./src/hotspot/share/interpreter/linkResolver.cpp, line 773]
Event: 350.189 Thread 0x000001c1eb250000 Exception <a 'java/lang/NoSuchMethodError'{0x000000008a89ecb0}: 'java.lang.Object java.lang.invoke.DirectMethodHandle$Holder.invokeStatic(java.lang.Object, java.lang.Object, java.lang.Object, java.lang.Object, java.lang.Object, int)'> (0x000000008a89ecb0) thrown at [./src/hotspot/share/interpreter/linkResolver.cpp, line 773]
Event: 600.642 Thread 0x000001c1eb250000 Exception <a 'sun/nio/fs/WindowsException'{0x0000000088bb8370}> (0x0000000088bb8370) thrown at [./src/hotspot/share/prims/jni.cpp, line 616]
Event: 603.279 Thread 0x000001c1eb250000 Exception <a 'sun/nio/fs/WindowsException'{0x000000008b7e0d78}> (0x000000008b7e0d78) thrown at [./src/hotspot/share/prims/jni.cpp, line 616]
Event: 603.803 Thread 0x000001c1eb250000 Exception <a 'sun/nio/fs/WindowsException'{0x000000008b684ce0}> (0x000000008b684ce0) thrown at [./src/hotspot/share/prims/jni.cpp, line 616]
Event: 603.804 Thread 0x000001c1eb250000 Exception <a 'sun/nio/fs/WindowsException'{0x000000008b686058}> (0x000000008b686058) thrown at [./src/hotspot/share/prims/jni.cpp, line 616]
Event: 603.804 Thread 0x000001c1eb250000 Exception <a 'sun/nio/fs/WindowsException'{0x000000008b687420}> (0x000000008b687420) thrown at [./src/hotspot/share/prims/jni.cpp, line 616]
Event: 603.804 Thread 0x000001c1eb250000 Exception <a 'sun/nio/fs/WindowsException'{0x000000008b6887e8}> (0x000000008b6887e8) thrown at [./src/hotspot/share/prims/jni.cpp, line 616]
Event: 616.257 Thread 0x000001c1e6537000 Exception <a 'java/lang/NoSuchMethodError'{0x000000008b872960}: <clinit>> (0x000000008b872960) thrown at [./src/hotspot/share/prims/jni.cpp, line 1366]
Event: 616.424 Thread 0x000001c1e6531800 Implicit null exception at 0x000001c1d3ddf153 to 0x000001c1d3ddfd3c

Events (20 events):
Event: 616.722 loading class com/android/aapt/ConfigurationOuterClass$Configuration$Keyboard$1
Event: 616.722 loading class com/android/aapt/ConfigurationOuterClass$Configuration$Keyboard$1 done
Event: 616.722 loading class com/android/aapt/ConfigurationOuterClass$Configuration$NavHidden
Event: 616.722 loading class com/android/aapt/ConfigurationOuterClass$Configuration$NavHidden done
Event: 616.722 loading class com/android/aapt/ConfigurationOuterClass$Configuration$NavHidden$1
Event: 616.722 loading class com/android/aapt/ConfigurationOuterClass$Configuration$NavHidden$1 done
Event: 616.723 loading class com/android/aapt/ConfigurationOuterClass$Configuration$Navigation
Event: 616.723 loading class com/android/aapt/ConfigurationOuterClass$Configuration$Navigation done
Event: 616.723 loading class com/android/aapt/ConfigurationOuterClass$Configuration$Navigation$1
Event: 616.723 loading class com/android/aapt/ConfigurationOuterClass$Configuration$Navigation$1 done
Event: 616.724 loading class android/aapt/pb/internal/ResourcesInternal$CompiledFile$Symbol$1
Event: 616.724 loading class android/aapt/pb/internal/ResourcesInternal$CompiledFile$Symbol$1 done
Event: 616.724 loading class android/aapt/pb/internal/ResourcesInternal$CompiledFile$Symbol$Builder
Event: 616.724 loading class android/aapt/pb/internal/ResourcesInternal$CompiledFile$Symbol$Builder done
Event: 616.741 Executing VM operation: RevokeBias
Event: 616.743 Executing VM operation: RevokeBias done
Event: 616.743 Executing VM operation: RevokeBias
Event: 616.744 Executing VM operation: RevokeBias done
Event: 616.744 Executing VM operation: RevokeBias
Event: 616.744 Executing VM operation: RevokeBias done


Dynamic libraries:
0x00007ff6bbb80000 - 0x00007ff6bbb8a000 	C:\Program Files\Android\Android Studio\jre\bin\java.exe
0x00007ffc99800000 - 0x00007ffc99a09000 	C:\WINDOWS\SYSTEM32\ntdll.dll
0x00007ffc97f70000 - 0x00007ffc9802e000 	C:\WINDOWS\System32\KERNEL32.DLL
0x00007ffc96cd0000 - 0x00007ffc9704b000 	C:\WINDOWS\System32\KERNELBASE.dll
0x00007ffc972d0000 - 0x00007ffc973e1000 	C:\WINDOWS\System32\ucrtbase.dll
0x00007ffc7f220000 - 0x00007ffc7f239000 	C:\Program Files\Android\Android Studio\jre\bin\jli.dll
0x00007ffc82750000 - 0x00007ffc82767000 	C:\Program Files\Android\Android Studio\jre\bin\VCRUNTIME140.dll
0x00007ffc97d40000 - 0x00007ffc97eed000 	C:\WINDOWS\System32\USER32.dll
0x00007ffc97180000 - 0x00007ffc971a6000 	C:\WINDOWS\System32\win32u.dll
0x00007ffc814f0000 - 0x00007ffc81795000 	C:\WINDOWS\WinSxS\amd64_microsoft.windows.common-controls_6595b64144ccf1df_6.0.22000.120_none_9d947278b86cc467\COMCTL32.dll
0x00007ffc97680000 - 0x00007ffc976a9000 	C:\WINDOWS\System32\GDI32.dll
0x00007ffc97c80000 - 0x00007ffc97d23000 	C:\WINDOWS\System32\msvcrt.dll
0x00007ffc971b0000 - 0x00007ffc972c8000 	C:\WINDOWS\System32\gdi32full.dll
0x00007ffc973f0000 - 0x00007ffc9748d000 	C:\WINDOWS\System32\msvcp_win.dll
0x00007ffc99780000 - 0x00007ffc997b2000 	C:\WINDOWS\System32\IMM32.DLL
0x00007ffc6db00000 - 0x00007ffc6db9d000 	C:\Program Files\Android\Android Studio\jre\bin\msvcp140.dll
0x00007ffc28ac0000 - 0x00007ffc295c2000 	C:\Program Files\Android\Android Studio\jre\bin\server\jvm.dll
0x00007ffc98030000 - 0x00007ffc980de000 	C:\WINDOWS\System32\ADVAPI32.dll
0x00007ffc97a20000 - 0x00007ffc97abe000 	C:\WINDOWS\System32\sechost.dll
0x00007ffc976b0000 - 0x00007ffc977d0000 	C:\WINDOWS\System32\RPCRT4.dll
0x00007ffc98fc0000 - 0x00007ffc98fc8000 	C:\WINDOWS\System32\PSAPI.DLL
0x00007ffc87f80000 - 0x00007ffc87f89000 	C:\WINDOWS\SYSTEM32\WSOCK32.dll
0x00007ffc909a0000 - 0x00007ffc909d3000 	C:\WINDOWS\SYSTEM32\WINMM.dll
0x00007ffc991b0000 - 0x00007ffc9921f000 	C:\WINDOWS\System32\WS2_32.dll
0x00007ffc827f0000 - 0x00007ffc827fa000 	C:\WINDOWS\SYSTEM32\VERSION.dll
0x00007ffc95d50000 - 0x00007ffc95d68000 	C:\WINDOWS\SYSTEM32\kernel.appcore.dll
0x00007ffc87f40000 - 0x00007ffc87f51000 	C:\Program Files\Android\Android Studio\jre\bin\verify.dll
0x00007ffc94920000 - 0x00007ffc94b41000 	C:\WINDOWS\SYSTEM32\DBGHELP.DLL
0x00007ffc79900000 - 0x00007ffc79931000 	C:\WINDOWS\SYSTEM32\dbgcore.DLL
0x00007ffc97600000 - 0x00007ffc9767f000 	C:\WINDOWS\System32\bcryptPrimitives.dll
0x00007ffc87f10000 - 0x00007ffc87f39000 	C:\Program Files\Android\Android Studio\jre\bin\java.dll
0x00007ffc87f00000 - 0x00007ffc87f0b000 	C:\Program Files\Android\Android Studio\jre\bin\jimage.dll
0x00007ffc87ee0000 - 0x00007ffc87ef8000 	C:\Program Files\Android\Android Studio\jre\bin\zip.dll
0x00007ffc98660000 - 0x00007ffc98e18000 	C:\WINDOWS\System32\SHELL32.dll
0x00007ffc94dc0000 - 0x00007ffc95625000 	C:\WINDOWS\SYSTEM32\windows.storage.dll
0x00007ffc98100000 - 0x00007ffc98478000 	C:\WINDOWS\System32\combase.dll
0x00007ffc94c50000 - 0x00007ffc94db6000 	C:\WINDOWS\SYSTEM32\wintypes.dll
0x00007ffc98480000 - 0x00007ffc9856a000 	C:\WINDOWS\System32\SHCORE.dll
0x00007ffc97940000 - 0x00007ffc9799d000 	C:\WINDOWS\System32\shlwapi.dll
0x00007ffc96c00000 - 0x00007ffc96c21000 	C:\WINDOWS\SYSTEM32\profapi.dll
0x00007ffc87ec0000 - 0x00007ffc87eda000 	C:\Program Files\Android\Android Studio\jre\bin\net.dll
0x00007ffc8f090000 - 0x00007ffc8f1a4000 	C:\WINDOWS\SYSTEM32\WINHTTP.dll
0x00007ffc961f0000 - 0x00007ffc96257000 	C:\WINDOWS\system32\mswsock.dll
0x00007ffc87e30000 - 0x00007ffc87e44000 	C:\Program Files\Android\Android Studio\jre\bin\nio.dll
0x00007ffc85360000 - 0x00007ffc85387000 	C:\Users\Maste\.gradle\native\e1d6ef7f7dcc3fd88c89a11ec53ec762bb8ba0a96d01ffa2cd45eb1d1d8dd5c5\windows-amd64\native-platform.dll
0x00007ffc66f70000 - 0x00007ffc670b4000 	C:\Users\Maste\.gradle\native\0d407fdbe67a94daf76414ababcb853783967236a71b16ec16e742cd7a986fd3\windows-amd64\native-platform-file-events.dll
0x00007ffc87eb0000 - 0x00007ffc87eba000 	C:\Program Files\Android\Android Studio\jre\bin\management.dll
0x00007ffc87e20000 - 0x00007ffc87e2d000 	C:\Program Files\Android\Android Studio\jre\bin\management_ext.dll
0x00007ffc96440000 - 0x00007ffc96458000 	C:\WINDOWS\SYSTEM32\CRYPTSP.dll
0x00007ffc95cb0000 - 0x00007ffc95ce5000 	C:\WINDOWS\system32\rsaenh.dll
0x00007ffc962e0000 - 0x00007ffc96309000 	C:\WINDOWS\SYSTEM32\USERENV.dll
0x00007ffc965c0000 - 0x00007ffc965e7000 	C:\WINDOWS\SYSTEM32\bcrypt.dll
0x00007ffc96430000 - 0x00007ffc9643c000 	C:\WINDOWS\SYSTEM32\CRYPTBASE.dll
0x00007ffc958c0000 - 0x00007ffc958ed000 	C:\WINDOWS\SYSTEM32\IPHLPAPI.DLL
0x00007ffc98570000 - 0x00007ffc98579000 	C:\WINDOWS\System32\NSI.dll
0x00007ffc8efd0000 - 0x00007ffc8efe9000 	C:\WINDOWS\SYSTEM32\dhcpcsvc6.DLL
0x00007ffc90430000 - 0x00007ffc9044e000 	C:\WINDOWS\SYSTEM32\dhcpcsvc.DLL
0x00007ffc958f0000 - 0x00007ffc959d8000 	C:\WINDOWS\SYSTEM32\DNSAPI.dll
0x00007ffc93d80000 - 0x00007ffc93d9e000 	C:\Users\Maste\AppData\Local\Temp\native-platform6056651634138808500dir\native-platform.dll
0x00007ffc92860000 - 0x00007ffc92868000 	C:\Program Files\Android\Android Studio\jre\bin\rmi.dll
0x00007ffc653d0000 - 0x00007ffc653f7000 	C:\Program Files\Android\Android Studio\jre\bin\sunec.dll

dbghelp: loaded successfully - version: 4.0.5 - missing functions: none
symbol engine: initialized successfully - sym options: 0x614 - pdb path: .;C:\Program Files\Android\Android Studio\jre\bin;C:\WINDOWS\SYSTEM32;C:\WINDOWS\WinSxS\amd64_microsoft.windows.common-controls_6595b64144ccf1df_6.0.22000.120_none_9d947278b86cc467;C:\Program Files\Android\Android Studio\jre\bin\server;C:\Users\Maste\.gradle\native\e1d6ef7f7dcc3fd88c89a11ec53ec762bb8ba0a96d01ffa2cd45eb1d1d8dd5c5\windows-amd64;C:\Users\Maste\.gradle\native\0d407fdbe67a94daf76414ababcb853783967236a71b16ec16e742cd7a986fd3\windows-amd64;C:\Users\Maste\AppData\Local\Temp\native-platform6056651634138808500dir

VM Arguments:
jvm_args: --add-opens=java.base/java.util=ALL-UNNAMED --add-opens=java.base/java.lang=ALL-UNNAMED --add-opens=java.base/java.lang.invoke=ALL-UNNAMED --add-opens=java.base/java.util=ALL-UNNAMED --add-opens=java.prefs/java.util.prefs=ALL-UNNAMED --add-opens=java.prefs/java.util.prefs=ALL-UNNAMED --add-opens=java.base/java.nio.charset=ALL-UNNAMED --add-opens=java.base/java.net=ALL-UNNAMED --add-opens=java.base/java.util.concurrent.atomic=ALL-UNNAMED -Xmx2048m -Dfile.encoding=UTF-8 -Duser.country=ID -Duser.language=en -Duser.variant 
java_command: org.gradle.launcher.daemon.bootstrap.GradleDaemon 7.4
java_class_path (initial): C:\Users\Maste\.gradle\wrapper\dists\gradle-7.4-bin\c0gwcg53nkjbqw7r0h0umtfvt\gradle-7.4\lib\gradle-launcher-7.4.jar
Launcher Type: SUN_STANDARD

[Global flags]
     intx CICompilerCount                          = 2                                         {product} {ergonomic}
     uint ConcGCThreads                            = 1                                         {product} {ergonomic}
     uint G1ConcRefinementThreads                  = 2                                         {product} {ergonomic}
   size_t G1HeapRegionSize                         = 1048576                                   {product} {ergonomic}
    uintx GCDrainStackTargetSize                   = 64                                        {product} {ergonomic}
   size_t InitialHeapSize                          = 65011712                                  {product} {ergonomic}
   size_t MarkStackSize                            = 4194304                                   {product} {ergonomic}
   size_t MaxHeapSize                              = 2147483648                                {product} {command line}
   size_t MaxNewSize                               = 1287651328                                {product} {ergonomic}
   size_t MinHeapDeltaBytes                        = 1048576                                   {product} {ergonomic}
    uintx NonNMethodCodeHeapSize                   = 5825164                                {pd product} {ergonomic}
    uintx NonProfiledCodeHeapSize                  = 122916538                              {pd product} {ergonomic}
    uintx ProfiledCodeHeapSize                     = 122916538                              {pd product} {ergonomic}
    uintx ReservedCodeCacheSize                    = 251658240                              {pd product} {ergonomic}
     bool SegmentedCodeCache                       = true                                      {product} {ergonomic}
     bool UseCompressedClassPointers               = true                                 {lp64_product} {ergonomic}
     bool UseCompressedOops                        = true                                 {lp64_product} {ergonomic}
     bool UseG1GC                                  = true                                      {product} {ergonomic}
     bool UseLargePagesIndividualAllocation        = false                                  {pd product} {ergonomic}

Logging:
Log output configuration:
 #0: stdout all=warning uptime,level,tags
 #1: stderr all=off uptime,level,tags

Environment Variables:
JAVA_HOME=C:\Program Files\Java\jdk-15.0.2
PATH=C:\Python310\Scripts\;C:\Python310\;C:\WINDOWS\system32;C:\WINDOWS;C:\WINDOWS\System32\Wbem;C:\WINDOWS\System32\WindowsPowerShell\v1.0\;C:\WINDOWS\System32\OpenSSH\;C:\ProgramData\chocolatey\bin;E:\Program Files\MATLAB\R2022a\bin;C:\Program Files\Cloudflare\Cloudflare WARP\;C:\Program Files\Git\cmd;C:\Program Files\Common Files\Oracle\Java\javapath;C:\WINDOWS\system32;C:\WINDOWS;C:\WINDOWS\System32\Wbem;C:\WINDOWS\System32\WindowsPowerShell\v1.0\;C:\WINDOWS\System32\OpenSSH\;C:\Users\Maste\AppData\Local\Microsoft\WindowsApps;C:\Program Files\Java\jdk-15.0.2\bin;C:\Users\Maste\Documents\myWebProject\mysql-connector-java-8.0.23\;C:\Users\Maste\Documents\myWebProject\mysql\bin;C:\Users\Maste\adb;C:\Program Files\Git\bin\;C:\Program Files\Git\cmd\;;C:\Users\Maste\AppData\Local\Microsoft\WindowsApps
USERNAME=Mike Alice
OS=Windows_NT
PROCESSOR_IDENTIFIER=Intel64 Family 6 Model 122 Stepping 8, GenuineIntel



---------------  S Y S T E M  ---------------

OS: Windows 11 , 64 bit Build 22000 (10.0.22000.1219)
OS uptime: 0 days 15:04 hours

CPU:total 2 (initial active 2) (2 cores per cpu, 1 threads per core) family 6 model 122 stepping 8 microcode 0x18, cmov, cx8, fxsr, mmx, sse, sse2, sse3, ssse3, sse4.1, sse4.2, popcnt, aes, clmul, erms, 3dnowpref, tsc, tscinvbit, sha

Memory: 4k page, system-wide physical 3918M (315M free)
TotalPageFile size 6990M (AvailPageFile size 5M)
current process WorkingSet (physical memory assigned to process): 413M, peak: 440M
current process commit charge ("private bytes"): 510M, peak: 512M

vm_info: OpenJDK 64-Bit Server VM (11.0.13+0-b1751.21-8125866) for windows-amd64 JRE (11.0.13+0-b1751.21-8125866), built on Feb  2 2022 03:00:22 by "builder" with MS VC++ 14.0 (VS2015)

END.
