#
# There is insufficient memory for the Java Runtime Environment to continue.
# Native memory allocation (malloc) failed to allocate 1034096 bytes for Chunk::new
# Possible reasons:
#   The system is out of physical RAM or swap space
#   The process is running with CompressedOops enabled, and the Java Heap may be blocking the growth of the native heap
# Possible solutions:
#   Reduce memory load on the system
#   Increase physical memory or swap space
#   Check if swap backing store is full
#   Decrease Java heap size (-Xmx/-Xms)
#   Decrease number of Java threads
#   Decrease Java thread stack sizes (-Xss)
#   Set larger code cache with -XX:ReservedCodeCacheSize=
#   JVM is running with Unscaled Compressed Oops mode in which the Java heap is
#     placed in the first 4GB address space. The Java Heap base address is the
#     maximum limit for the native heap growth. Please use -XX:HeapBaseMinAddress
#     to set the Java Heap base and to place the Java Heap above 4GB virtual address.
# This output file may be truncated or incomplete.
#
#  Out of Memory Error (./src/hotspot/share/memory/arena.cpp:197), pid=12044, tid=12596
#
# JRE version: OpenJDK Runtime Environment (11.0.12+7) (build 11.0.12+7-b1504.28-7817840)
# Java VM: OpenJDK 64-Bit Server VM (11.0.12+7-b1504.28-7817840, mixed mode, tiered, compressed oops, g1 gc, windows-amd64)
# No core dump will be written. Minidumps are not enabled by default on client versions of Windows
#

---------------  S U M M A R Y ------------

Command Line: --add-opens=java.base/java.util=ALL-UNNAMED --add-opens=java.base/java.lang=ALL-UNNAMED --add-opens=java.base/java.lang.invoke=ALL-UNNAMED --add-opens=java.base/java.util=ALL-UNNAMED --add-opens=java.prefs/java.util.prefs=ALL-UNNAMED --add-opens=java.prefs/java.util.prefs=ALL-UNNAMED --add-opens=java.base/java.nio.charset=ALL-UNNAMED --add-opens=java.base/java.net=ALL-UNNAMED --add-opens=java.base/java.util.concurrent.atomic=ALL-UNNAMED -Xmx2048m -Dfile.encoding=UTF-8 -Duser.country=ID -Duser.language=en -Duser.variant org.gradle.launcher.daemon.bootstrap.GradleDaemon 7.3.3

Host: Intel(R) Celeron(R) N4020 CPU @ 1.10GHz, 2 cores, 3G,  Windows 10 , 64 bit Build 22000 (10.0.22000.1219)
Time: Thu Dec  8 14:15:24 2022 Malay Peninsula Standard Time elapsed time: 66.717588 seconds (0d 0h 1m 6s)

---------------  T H R E A D  ---------------

Current thread (0x0000017b4d117000):  JavaThread "C2 CompilerThread0" daemon [_thread_in_native, id=12596, stack(0x0000006ea3300000,0x0000006ea3400000)]


Current CompileTask:
C2:  66718 13425   !   4       java.util.zip.InflaterInputStream::read (138 bytes)

Stack: [0x0000006ea3300000,0x0000006ea3400000]
Native frames: (J=compiled Java code, j=interpreted, Vv=VM code, C=native code)
V  [jvm.dll+0x5fbcea]
V  [jvm.dll+0x731905]
V  [jvm.dll+0x732f1d]
V  [jvm.dll+0x7335d3]
V  [jvm.dll+0x247bf8]
V  [jvm.dll+0xc018c]
V  [jvm.dll+0xc06cc]
V  [jvm.dll+0x35b31d]
V  [jvm.dll+0x328803]
V  [jvm.dll+0x327cfa]
V  [jvm.dll+0x200602]
V  [jvm.dll+0x1ff794]
V  [jvm.dll+0x18868c]
V  [jvm.dll+0x20e0d7]
V  [jvm.dll+0x20c901]
V  [jvm.dll+0x6f9b7f]
V  [jvm.dll+0x6f26a5]
V  [jvm.dll+0x5fabf6]
C  [ucrtbase.dll+0x26c0c]
C  [KERNEL32.DLL+0x15550]
C  [ntdll.dll+0x485b]


---------------  P R O C E S S  ---------------

Threads class SMR info:
_java_thread_list=0x0000017b53c93850, length=56, elements={
0x0000017b3382d800, 0x0000017b4d0b0000, 0x0000017b4d0b3000, 0x0000017b4d111800,
0x0000017b4d112800, 0x0000017b4d114800, 0x0000017b4d117000, 0x0000017b4d121800,
0x0000017b4d980000, 0x0000017b4da85800, 0x0000017b4f416000, 0x0000017b4f138800,
0x0000017b4f2d4000, 0x0000017b4eca9800, 0x0000017b4f03e800, 0x0000017b4f4e2800,
0x0000017b4e61f000, 0x0000017b4f924800, 0x0000017b4f3a5000, 0x0000017b4f3a8800,
0x0000017b4f3a6800, 0x0000017b4f3a9000, 0x0000017b4f3a6000, 0x0000017b4f3aa000,
0x0000017b4f3a7800, 0x0000017b4f3a4800, 0x0000017b4f3ab000, 0x0000017b4f472800,
0x0000017b4f473800, 0x0000017b4f477000, 0x0000017b4f476000, 0x0000017b4f478800,
0x0000017b4f474800, 0x0000017b4f47a000, 0x0000017b4f47b000, 0x0000017b4f475000,
0x0000017b4f480800, 0x0000017b4f481800, 0x0000017b4f47b800, 0x0000017b4f480000,
0x0000017b4f47d800, 0x0000017b4f47c800, 0x0000017b4f47e000, 0x0000017b4f47f000,
0x0000017b52eda800, 0x0000017b52ede000, 0x0000017b52eda000, 0x0000017b52edb800,
0x0000017b52ed9000, 0x0000017b52edc800, 0x0000017b52edd000, 0x0000017b52ed8000,
0x0000017b52ee3000, 0x0000017b52ee3800, 0x0000017b52ee4800, 0x0000017b52ee1000
}

Java Threads: ( => current thread )
  0x0000017b3382d800 JavaThread "main" [_thread_blocked, id=14308, stack(0x0000006ea2700000,0x0000006ea2800000)]
  0x0000017b4d0b0000 JavaThread "Reference Handler" daemon [_thread_blocked, id=12280, stack(0x0000006ea2e00000,0x0000006ea2f00000)]
  0x0000017b4d0b3000 JavaThread "Finalizer" daemon [_thread_blocked, id=2576, stack(0x0000006ea2f00000,0x0000006ea3000000)]
  0x0000017b4d111800 JavaThread "Signal Dispatcher" daemon [_thread_blocked, id=11092, stack(0x0000006ea3000000,0x0000006ea3100000)]
  0x0000017b4d112800 JavaThread "Attach Listener" daemon [_thread_blocked, id=284, stack(0x0000006ea3100000,0x0000006ea3200000)]
  0x0000017b4d114800 JavaThread "Service Thread" daemon [_thread_blocked, id=4492, stack(0x0000006ea3200000,0x0000006ea3300000)]
=>0x0000017b4d117000 JavaThread "C2 CompilerThread0" daemon [_thread_in_native, id=12596, stack(0x0000006ea3300000,0x0000006ea3400000)]
  0x0000017b4d121800 JavaThread "C1 CompilerThread0" daemon [_thread_blocked, id=9396, stack(0x0000006ea3400000,0x0000006ea3500000)]
  0x0000017b4d980000 JavaThread "Sweeper thread" daemon [_thread_blocked, id=9940, stack(0x0000006ea3500000,0x0000006ea3600000)]
  0x0000017b4da85800 JavaThread "Common-Cleaner" daemon [_thread_blocked, id=8368, stack(0x0000006ea3600000,0x0000006ea3700000)]
  0x0000017b4f416000 JavaThread "Daemon health stats" [_thread_blocked, id=8900, stack(0x0000006ea3900000,0x0000006ea3a00000)]
  0x0000017b4f138800 JavaThread "Incoming local TCP Connector on port 58541" [_thread_in_native, id=12780, stack(0x0000006ea3a00000,0x0000006ea3b00000)]
  0x0000017b4f2d4000 JavaThread "Daemon periodic checks" [_thread_blocked, id=13652, stack(0x0000006ea3b00000,0x0000006ea3c00000)]
  0x0000017b4eca9800 JavaThread "Daemon" [_thread_blocked, id=10120, stack(0x0000006ea3c00000,0x0000006ea3d00000)]
  0x0000017b4f03e800 JavaThread "Handler for socket connection from /127.0.0.1:58541 to /127.0.0.1:58542" [_thread_in_native, id=4844, stack(0x0000006ea3d00000,0x0000006ea3e00000)]
  0x0000017b4f4e2800 JavaThread "Cancel handler" [_thread_blocked, id=10384, stack(0x0000006ea3e00000,0x0000006ea3f00000)]
  0x0000017b4e61f000 JavaThread "Daemon worker" [_thread_blocked, id=2340, stack(0x0000006ea3f00000,0x0000006ea4000000)]
  0x0000017b4f924800 JavaThread "Asynchronous log dispatcher for DefaultDaemonConnection: socket connection from /127.0.0.1:58541 to /127.0.0.1:58542" [_thread_blocked, id=2920, stack(0x0000006ea4000000,0x0000006ea4100000)]
  0x0000017b4f3a5000 JavaThread "Daemon client event forwarder" [_thread_blocked, id=13752, stack(0x0000006ea4200000,0x0000006ea4300000)]
  0x0000017b4f3a8800 JavaThread "Cache worker for journal cache (C:\Users\Maste\.gradle\caches\journal-1)" [_thread_blocked, id=8344, stack(0x0000006ea4300000,0x0000006ea4400000)]
  0x0000017b4f3a6800 JavaThread "File lock request listener" [_thread_in_native, id=12940, stack(0x0000006ea4400000,0x0000006ea4500000)]
  0x0000017b4f3a9000 JavaThread "Cache worker for file hash cache (C:\Users\Maste\.gradle\caches\7.3.3\fileHashes)" [_thread_blocked, id=12104, stack(0x0000006ea4500000,0x0000006ea4600000)]
  0x0000017b4f3a6000 JavaThread "Cache worker for file hash cache (E:\Paper\AndroidStudioProjects\FilterDemo\.gradle\7.3.3\fileHashes)" [_thread_blocked, id=13380, stack(0x0000006ea4600000,0x0000006ea4700000)]
  0x0000017b4f3aa000 JavaThread "File watcher server" daemon [_thread_in_native, id=13744, stack(0x0000006ea4700000,0x0000006ea4800000)]
  0x0000017b4f3a7800 JavaThread "File watcher consumer" daemon [_thread_blocked, id=8380, stack(0x0000006ea4800000,0x0000006ea4900000)]
  0x0000017b4f3a4800 JavaThread "jar transforms" [_thread_blocked, id=7776, stack(0x0000006ea4900000,0x0000006ea4a00000)]
  0x0000017b4f3ab000 JavaThread "jar transforms Thread 2" [_thread_blocked, id=13604, stack(0x0000006ea4a00000,0x0000006ea4b00000)]
  0x0000017b4f472800 JavaThread "Cache worker for checksums cache (E:\Paper\AndroidStudioProjects\FilterDemo\.gradle\7.3.3\checksums)" [_thread_blocked, id=4000, stack(0x0000006ea4b00000,0x0000006ea4c00000)]
  0x0000017b4f473800 JavaThread "Cache worker for cache directory md-supplier (C:\Users\Maste\.gradle\caches\7.3.3\md-supplier)" [_thread_blocked, id=9084, stack(0x0000006ea4c00000,0x0000006ea4d00000)]
  0x0000017b4f477000 JavaThread "Cache worker for cache directory md-rule (C:\Users\Maste\.gradle\caches\7.3.3\md-rule)" [_thread_blocked, id=764, stack(0x0000006ea4d00000,0x0000006ea4e00000)]
  0x0000017b4f476000 JavaThread "Cache worker for execution history cache (C:\Users\Maste\.gradle\caches\7.3.3\executionHistory)" [_thread_blocked, id=9780, stack(0x0000006ea4e00000,0x0000006ea4f00000)]
  0x0000017b4f478800 JavaThread "Cache worker for file content cache (C:\Users\Maste\.gradle\caches\7.3.3\fileContent)" [_thread_blocked, id=8732, stack(0x0000006ea4f00000,0x0000006ea5000000)]
  0x0000017b4f474800 JavaThread "Cache worker for dependencies-accessors (E:\Paper\AndroidStudioProjects\FilterDemo\.gradle\7.3.3\dependencies-accessors)" [_thread_blocked, id=12664, stack(0x0000006ea5000000,0x0000006ea5100000)]
  0x0000017b4f47a000 JavaThread "Cache worker for Build Output Cleanup Cache (E:\Paper\AndroidStudioProjects\FilterDemo\.gradle\buildOutputCleanup)" [_thread_blocked, id=11904, stack(0x0000006ea5100000,0x0000006ea5200000)]
  0x0000017b4f47b000 JavaThread "Unconstrained build operations" [_thread_blocked, id=5276, stack(0x0000006ea5200000,0x0000006ea5300000)]
  0x0000017b4f475000 JavaThread "Unconstrained build operations Thread 2" [_thread_blocked, id=13784, stack(0x0000006ea5300000,0x0000006ea5400000)]
  0x0000017b4f480800 JavaThread "Unconstrained build operations Thread 3" [_thread_blocked, id=12788, stack(0x0000006ea5400000,0x0000006ea5500000)]
  0x0000017b4f481800 JavaThread "Unconstrained build operations Thread 4" [_thread_blocked, id=13144, stack(0x0000006ea5500000,0x0000006ea5600000)]
  0x0000017b4f47b800 JavaThread "Unconstrained build operations Thread 5" [_thread_blocked, id=10368, stack(0x0000006ea5600000,0x0000006ea5700000)]
  0x0000017b4f480000 JavaThread "Unconstrained build operations Thread 6" [_thread_blocked, id=2648, stack(0x0000006ea5700000,0x0000006ea5800000)]
  0x0000017b4f47d800 JavaThread "Unconstrained build operations Thread 7" [_thread_blocked, id=6028, stack(0x0000006ea5800000,0x0000006ea5900000)]
  0x0000017b4f47c800 JavaThread "Unconstrained build operations Thread 8" [_thread_blocked, id=3352, stack(0x0000006ea5900000,0x0000006ea5a00000)]
  0x0000017b4f47e000 JavaThread "Unconstrained build operations Thread 9" [_thread_blocked, id=7472, stack(0x0000006ea5a00000,0x0000006ea5b00000)]
  0x0000017b4f47f000 JavaThread "Unconstrained build operations Thread 10" [_thread_blocked, id=13512, stack(0x0000006ea5b00000,0x0000006ea5c00000)]
  0x0000017b52eda800 JavaThread "Unconstrained build operations Thread 11" [_thread_in_Java, id=8656, stack(0x0000006ea5c00000,0x0000006ea5d00000)]
  0x0000017b52ede000 JavaThread "Unconstrained build operations Thread 12" [_thread_blocked, id=7176, stack(0x0000006ea5d00000,0x0000006ea5e00000)]
  0x0000017b52eda000 JavaThread "Unconstrained build operations Thread 13" [_thread_blocked, id=7844, stack(0x0000006ea5e00000,0x0000006ea5f00000)]
  0x0000017b52edb800 JavaThread "Unconstrained build operations Thread 14" [_thread_blocked, id=13092, stack(0x0000006ea5f00000,0x0000006ea6000000)]
  0x0000017b52ed9000 JavaThread "Unconstrained build operations Thread 15" [_thread_blocked, id=11416, stack(0x0000006ea6000000,0x0000006ea6100000)]
  0x0000017b52edc800 JavaThread "Unconstrained build operations Thread 16" [_thread_blocked, id=10976, stack(0x0000006ea6100000,0x0000006ea6200000)]
  0x0000017b52edd000 JavaThread "Unconstrained build operations Thread 17" [_thread_blocked, id=12212, stack(0x0000006ea6200000,0x0000006ea6300000)]
  0x0000017b52ed8000 JavaThread "Unconstrained build operations Thread 18" [_thread_blocked, id=12840, stack(0x0000006ea6300000,0x0000006ea6400000)]
  0x0000017b52ee3000 JavaThread "Unconstrained build operations Thread 19" [_thread_blocked, id=1248, stack(0x0000006ea6400000,0x0000006ea6500000)]
  0x0000017b52ee3800 JavaThread "Unconstrained build operations Thread 20" [_thread_in_native, id=8384, stack(0x0000006ea6500000,0x0000006ea6600000)]
  0x0000017b52ee4800 JavaThread "Memory manager" [_thread_blocked, id=12404, stack(0x0000006ea6600000,0x0000006ea6700000)]
  0x0000017b52ee1000 JavaThread "Cache worker for execution history cache (E:\Paper\AndroidStudioProjects\FilterDemo\.gradle\7.3.3\executionHistory)" [_thread_blocked, id=12712, stack(0x0000006ea6a00000,0x0000006ea6b00000)]

Other Threads:
  0x0000017b4d0ac800 VMThread "VM Thread" [stack: 0x0000006ea2d00000,0x0000006ea2e00000] [id=10920]
  0x0000017b4daa4800 WatcherThread [stack: 0x0000006ea3700000,0x0000006ea3800000] [id=5244]
  0x0000017b33846000 GCTaskThread "GC Thread#0" [stack: 0x0000006ea2800000,0x0000006ea2900000] [id=7384]
  0x0000017b4dc1e800 GCTaskThread "GC Thread#1" [stack: 0x0000006ea3800000,0x0000006ea3900000] [id=9608]
  0x0000017b33877800 ConcurrentGCThread "G1 Main Marker" [stack: 0x0000006ea2900000,0x0000006ea2a00000] [id=3876]
  0x0000017b33879800 ConcurrentGCThread "G1 Conc#0" [stack: 0x0000006ea2a00000,0x0000006ea2b00000] [id=3772]
  0x0000017b338ca800 ConcurrentGCThread "G1 Refine#0" [stack: 0x0000006ea2b00000,0x0000006ea2c00000] [id=6352]
  0x0000017b338cd800 ConcurrentGCThread "G1 Young RemSet Sampling" [stack: 0x0000006ea2c00000,0x0000006ea2d00000] [id=7920]

Threads with active compile tasks:
C2 CompilerThread0  66768 13425   !   4       java.util.zip.InflaterInputStream::read (138 bytes)

VM state:not at safepoint (normal execution)

VM Mutex/Monitor currently owned by a thread: None

Heap address: 0x0000000080000000, size: 2048 MB, Compressed Oops mode: 32-bit
Narrow klass base: 0x0000000000000000, Narrow klass shift: 3
Compressed class space size: 1073741824 Address: 0x0000000100000000

Heap:
 garbage-first heap   total 195584K, used 143796K [0x0000000080000000, 0x0000000100000000)
  region size 1024K, 21 young (21504K), 4 survivors (4096K)
 Metaspace       used 110864K, capacity 113515K, committed 113740K, reserved 1148928K
  class space    used 14143K, capacity 15100K, committed 15180K, reserved 1048576K
Heap Regions: E=young(eden), S=young(survivor), O=old, HS=humongous(starts), HC=humongous(continues), CS=collection set, F=free, A=archive, TAMS=top-at-mark-start (previous, next)
|   0|0x0000000080000000, 0x0000000080100000, 0x0000000080100000|100%| O|  |TAMS 0x0000000080100000, 0x0000000080000000| Untracked 
|   1|0x0000000080100000, 0x0000000080200000, 0x0000000080200000|100%| O|  |TAMS 0x0000000080200000, 0x0000000080100000| Untracked 
|   2|0x0000000080200000, 0x0000000080300000, 0x0000000080300000|100%| O|  |TAMS 0x0000000080300000, 0x0000000080200000| Untracked 
|   3|0x0000000080300000, 0x0000000080400000, 0x0000000080400000|100%| O|  |TAMS 0x0000000080400000, 0x0000000080300000| Untracked 
|   4|0x0000000080400000, 0x0000000080500000, 0x0000000080500000|100%|HS|  |TAMS 0x0000000080500000, 0x0000000080400000| Complete 
|   5|0x0000000080500000, 0x0000000080600000, 0x0000000080600000|100%|HC|  |TAMS 0x0000000080600000, 0x0000000080500000| Complete 
|   6|0x0000000080600000, 0x0000000080700000, 0x0000000080700000|100%|HC|  |TAMS 0x0000000080700000, 0x0000000080600000| Complete 
|   7|0x0000000080700000, 0x0000000080800000, 0x0000000080800000|100%| O|  |TAMS 0x0000000080800000, 0x0000000080700000| Untracked 
|   8|0x0000000080800000, 0x0000000080900000, 0x0000000080900000|100%| O|  |TAMS 0x0000000080900000, 0x0000000080800000| Untracked 
|   9|0x0000000080900000, 0x0000000080a00000, 0x0000000080a00000|100%| O|  |TAMS 0x0000000080a00000, 0x0000000080900000| Untracked 
|  10|0x0000000080a00000, 0x0000000080b00000, 0x0000000080b00000|100%| O|  |TAMS 0x0000000080b00000, 0x0000000080a00000| Untracked 
|  11|0x0000000080b00000, 0x0000000080c00000, 0x0000000080c00000|100%| O|  |TAMS 0x0000000080c00000, 0x0000000080b00000| Untracked 
|  12|0x0000000080c00000, 0x0000000080d00000, 0x0000000080d00000|100%| O|  |TAMS 0x0000000080d00000, 0x0000000080c00000| Untracked 
|  13|0x0000000080d00000, 0x0000000080e00000, 0x0000000080e00000|100%| O|  |TAMS 0x0000000080e00000, 0x0000000080d00000| Untracked 
|  14|0x0000000080e00000, 0x0000000080f00000, 0x0000000080f00000|100%| O|  |TAMS 0x0000000080f00000, 0x0000000080e00000| Untracked 
|  15|0x0000000080f00000, 0x0000000081000000, 0x0000000081000000|100%|HS|  |TAMS 0x0000000081000000, 0x0000000080f00000| Complete 
|  16|0x0000000081000000, 0x0000000081100000, 0x0000000081100000|100%|HC|  |TAMS 0x0000000081100000, 0x0000000081000000| Complete 
|  17|0x0000000081100000, 0x0000000081200000, 0x0000000081200000|100%| O|  |TAMS 0x0000000081200000, 0x0000000081100000| Untracked 
|  18|0x0000000081200000, 0x0000000081300000, 0x0000000081300000|100%| O|  |TAMS 0x0000000081300000, 0x0000000081200000| Untracked 
|  19|0x0000000081300000, 0x0000000081400000, 0x0000000081400000|100%|HS|  |TAMS 0x0000000081400000, 0x0000000081300000| Complete 
|  20|0x0000000081400000, 0x0000000081500000, 0x0000000081500000|100%|HC|  |TAMS 0x0000000081500000, 0x0000000081400000| Complete 
|  21|0x0000000081500000, 0x0000000081600000, 0x0000000081600000|100%|HC|  |TAMS 0x0000000081600000, 0x0000000081500000| Complete 
|  22|0x0000000081600000, 0x0000000081700000, 0x0000000081700000|100%|HS|  |TAMS 0x0000000081700000, 0x0000000081600000| Complete 
|  23|0x0000000081700000, 0x0000000081800000, 0x0000000081800000|100%|HS|  |TAMS 0x0000000081800000, 0x0000000081700000| Complete 
|  24|0x0000000081800000, 0x0000000081900000, 0x0000000081900000|100%|HC|  |TAMS 0x0000000081900000, 0x0000000081800000| Complete 
|  25|0x0000000081900000, 0x0000000081a00000, 0x0000000081a00000|100%|HC|  |TAMS 0x0000000081a00000, 0x0000000081900000| Complete 
|  26|0x0000000081a00000, 0x0000000081b00000, 0x0000000081b00000|100%|HC|  |TAMS 0x0000000081b00000, 0x0000000081a00000| Complete 
|  27|0x0000000081b00000, 0x0000000081c00000, 0x0000000081c00000|100%| O|  |TAMS 0x0000000081c00000, 0x0000000081b00000| Untracked 
|  28|0x0000000081c00000, 0x0000000081d00000, 0x0000000081d00000|100%| O|  |TAMS 0x0000000081d00000, 0x0000000081c00000| Untracked 
|  29|0x0000000081d00000, 0x0000000081e00000, 0x0000000081e00000|100%| O|  |TAMS 0x0000000081e00000, 0x0000000081d00000| Untracked 
|  30|0x0000000081e00000, 0x0000000081f00000, 0x0000000081f00000|100%| O|  |TAMS 0x0000000081f00000, 0x0000000081e00000| Untracked 
|  31|0x0000000081f00000, 0x0000000082000000, 0x0000000082000000|100%| O|  |TAMS 0x0000000082000000, 0x0000000081f00000| Untracked 
|  32|0x0000000082000000, 0x0000000082100000, 0x0000000082100000|100%| O|  |TAMS 0x0000000082100000, 0x0000000082000000| Untracked 
|  33|0x0000000082100000, 0x0000000082200000, 0x0000000082200000|100%| O|  |TAMS 0x0000000082200000, 0x0000000082100000| Untracked 
|  34|0x0000000082200000, 0x0000000082300000, 0x0000000082300000|100%| O|  |TAMS 0x0000000082300000, 0x0000000082200000| Untracked 
|  35|0x0000000082300000, 0x0000000082400000, 0x0000000082400000|100%| O|  |TAMS 0x0000000082400000, 0x0000000082300000| Untracked 
|  36|0x0000000082400000, 0x0000000082500000, 0x0000000082500000|100%| O|  |TAMS 0x0000000082500000, 0x0000000082400000| Untracked 
|  37|0x0000000082500000, 0x0000000082600000, 0x0000000082600000|100%| O|  |TAMS 0x0000000082600000, 0x0000000082500000| Untracked 
|  38|0x0000000082600000, 0x0000000082700000, 0x0000000082700000|100%| O|  |TAMS 0x0000000082700000, 0x0000000082600000| Untracked 
|  39|0x0000000082700000, 0x0000000082800000, 0x0000000082800000|100%|HS|  |TAMS 0x0000000082800000, 0x0000000082700000| Complete 
|  40|0x0000000082800000, 0x0000000082900000, 0x0000000082900000|100%| O|  |TAMS 0x0000000082900000, 0x0000000082800000| Untracked 
|  41|0x0000000082900000, 0x0000000082a00000, 0x0000000082a00000|100%| O|  |TAMS 0x0000000082a00000, 0x0000000082900000| Untracked 
|  42|0x0000000082a00000, 0x0000000082b00000, 0x0000000082b00000|100%|HS|  |TAMS 0x0000000082b00000, 0x0000000082a00000| Complete 
|  43|0x0000000082b00000, 0x0000000082c00000, 0x0000000082c00000|100%|HC|  |TAMS 0x0000000082c00000, 0x0000000082b00000| Complete 
|  44|0x0000000082c00000, 0x0000000082d00000, 0x0000000082d00000|100%|HC|  |TAMS 0x0000000082d00000, 0x0000000082c00000| Complete 
|  45|0x0000000082d00000, 0x0000000082e00000, 0x0000000082e00000|100%| O|  |TAMS 0x0000000082e00000, 0x0000000082d00000| Untracked 
|  46|0x0000000082e00000, 0x0000000082f00000, 0x0000000082f00000|100%| O|  |TAMS 0x0000000082f00000, 0x0000000082e00000| Untracked 
|  47|0x0000000082f00000, 0x0000000083000000, 0x0000000083000000|100%| O|  |TAMS 0x0000000083000000, 0x0000000082f00000| Untracked 
|  48|0x0000000083000000, 0x0000000083100000, 0x0000000083100000|100%|HS|  |TAMS 0x0000000083100000, 0x0000000083000000| Complete 
|  49|0x0000000083100000, 0x0000000083200000, 0x0000000083200000|100%|HC|  |TAMS 0x0000000083200000, 0x0000000083100000| Complete 
|  50|0x0000000083200000, 0x0000000083300000, 0x0000000083300000|100%|HC|  |TAMS 0x0000000083300000, 0x0000000083200000| Complete 
|  51|0x0000000083300000, 0x0000000083400000, 0x0000000083400000|100%|HC|  |TAMS 0x0000000083400000, 0x0000000083300000| Complete 
|  52|0x0000000083400000, 0x0000000083500000, 0x0000000083500000|100%| O|  |TAMS 0x0000000083500000, 0x0000000083400000| Untracked 
|  53|0x0000000083500000, 0x0000000083600000, 0x0000000083600000|100%| O|  |TAMS 0x0000000083600000, 0x0000000083500000| Untracked 
|  54|0x0000000083600000, 0x0000000083700000, 0x0000000083700000|100%| O|  |TAMS 0x0000000083700000, 0x0000000083600000| Untracked 
|  55|0x0000000083700000, 0x0000000083800000, 0x0000000083800000|100%| O|  |TAMS 0x0000000083800000, 0x0000000083700000| Untracked 
|  56|0x0000000083800000, 0x0000000083900000, 0x0000000083900000|100%| O|  |TAMS 0x0000000083900000, 0x0000000083800000| Untracked 
|  57|0x0000000083900000, 0x0000000083a00000, 0x0000000083a00000|100%|HS|  |TAMS 0x0000000083a00000, 0x0000000083900000| Complete 
|  58|0x0000000083a00000, 0x0000000083b00000, 0x0000000083b00000|100%|HS|  |TAMS 0x0000000083b00000, 0x0000000083a00000| Complete 
|  59|0x0000000083b00000, 0x0000000083c00000, 0x0000000083c00000|100%|HS|  |TAMS 0x0000000083c00000, 0x0000000083b00000| Complete 
|  60|0x0000000083c00000, 0x0000000083d00000, 0x0000000083d00000|100%| O|  |TAMS 0x0000000083d00000, 0x0000000083c00000| Untracked 
|  61|0x0000000083d00000, 0x0000000083e00000, 0x0000000083e00000|100%| O|  |TAMS 0x0000000083e00000, 0x0000000083d00000| Untracked 
|  62|0x0000000083e00000, 0x0000000083f00000, 0x0000000083f00000|100%|HS|  |TAMS 0x0000000083f00000, 0x0000000083e00000| Complete 
|  63|0x0000000083f00000, 0x0000000084000000, 0x0000000084000000|100%|HC|  |TAMS 0x0000000084000000, 0x0000000083f00000| Complete 
|  64|0x0000000084000000, 0x0000000084100000, 0x0000000084100000|100%|HC|  |TAMS 0x0000000084100000, 0x0000000084000000| Complete 
|  65|0x0000000084100000, 0x0000000084200000, 0x0000000084200000|100%| O|  |TAMS 0x0000000084200000, 0x0000000084100000| Untracked 
|  66|0x0000000084200000, 0x0000000084300000, 0x0000000084300000|100%| O|  |TAMS 0x0000000084300000, 0x0000000084200000| Untracked 
|  67|0x0000000084300000, 0x0000000084400000, 0x0000000084400000|100%|HS|  |TAMS 0x0000000084400000, 0x0000000084300000| Complete 
|  68|0x0000000084400000, 0x0000000084500000, 0x0000000084500000|100%|HC|  |TAMS 0x0000000084500000, 0x0000000084400000| Complete 
|  69|0x0000000084500000, 0x0000000084600000, 0x0000000084600000|100%| O|  |TAMS 0x0000000084600000, 0x0000000084500000| Untracked 
|  70|0x0000000084600000, 0x0000000084700000, 0x0000000084700000|100%| O|  |TAMS 0x0000000084700000, 0x0000000084600000| Untracked 
|  71|0x0000000084700000, 0x0000000084800000, 0x0000000084800000|100%| O|  |TAMS 0x0000000084800000, 0x0000000084700000| Untracked 
|  72|0x0000000084800000, 0x0000000084900000, 0x0000000084900000|100%| O|  |TAMS 0x0000000084900000, 0x0000000084800000| Untracked 
|  73|0x0000000084900000, 0x0000000084a00000, 0x0000000084a00000|100%| O|  |TAMS 0x0000000084a00000, 0x0000000084900000| Untracked 
|  74|0x0000000084a00000, 0x0000000084b00000, 0x0000000084b00000|100%| O|  |TAMS 0x0000000084b00000, 0x0000000084a00000| Untracked 
|  75|0x0000000084b00000, 0x0000000084c00000, 0x0000000084c00000|100%| O|  |TAMS 0x0000000084c00000, 0x0000000084b00000| Untracked 
|  76|0x0000000084c00000, 0x0000000084d00000, 0x0000000084d00000|100%| O|  |TAMS 0x0000000084d00000, 0x0000000084c00000| Untracked 
|  77|0x0000000084d00000, 0x0000000084e00000, 0x0000000084e00000|100%| O|  |TAMS 0x0000000084e00000, 0x0000000084d00000| Untracked 
|  78|0x0000000084e00000, 0x0000000084f00000, 0x0000000084f00000|100%| O|  |TAMS 0x0000000084f00000, 0x0000000084e00000| Untracked 
|  79|0x0000000084f00000, 0x0000000085000000, 0x0000000085000000|100%| O|  |TAMS 0x0000000085000000, 0x0000000084f00000| Untracked 
|  80|0x0000000085000000, 0x0000000085100000, 0x0000000085100000|100%| O|  |TAMS 0x0000000085100000, 0x0000000085000000| Untracked 
|  81|0x0000000085100000, 0x0000000085200000, 0x0000000085200000|100%| O|  |TAMS 0x0000000085200000, 0x0000000085100000| Untracked 
|  82|0x0000000085200000, 0x0000000085300000, 0x0000000085300000|100%| O|  |TAMS 0x0000000085300000, 0x0000000085200000| Untracked 
|  83|0x0000000085300000, 0x0000000085400000, 0x0000000085400000|100%| O|  |TAMS 0x0000000085400000, 0x0000000085300000| Untracked 
|  84|0x0000000085400000, 0x0000000085500000, 0x0000000085500000|100%|HS|  |TAMS 0x0000000085500000, 0x0000000085400000| Complete 
|  85|0x0000000085500000, 0x0000000085600000, 0x0000000085600000|100%|HC|  |TAMS 0x0000000085600000, 0x0000000085500000| Complete 
|  86|0x0000000085600000, 0x0000000085700000, 0x0000000085700000|100%| O|  |TAMS 0x0000000085700000, 0x0000000085600000| Untracked 
|  87|0x0000000085700000, 0x0000000085800000, 0x0000000085800000|100%| O|  |TAMS 0x0000000085800000, 0x0000000085700000| Untracked 
|  88|0x0000000085800000, 0x0000000085900000, 0x0000000085900000|100%| O|  |TAMS 0x0000000085900000, 0x0000000085800000| Untracked 
|  89|0x0000000085900000, 0x0000000085a00000, 0x0000000085a00000|100%|HS|  |TAMS 0x0000000085a00000, 0x0000000085900000| Complete 
|  90|0x0000000085a00000, 0x0000000085b00000, 0x0000000085b00000|100%|HC|  |TAMS 0x0000000085b00000, 0x0000000085a00000| Complete 
|  91|0x0000000085b00000, 0x0000000085c00000, 0x0000000085c00000|100%|HC|  |TAMS 0x0000000085c00000, 0x0000000085b00000| Complete 
|  92|0x0000000085c00000, 0x0000000085d00000, 0x0000000085d00000|100%|HS|  |TAMS 0x0000000085d00000, 0x0000000085c00000| Complete 
|  93|0x0000000085d00000, 0x0000000085e00000, 0x0000000085e00000|100%|HS|  |TAMS 0x0000000085e00000, 0x0000000085d00000| Complete 
|  94|0x0000000085e00000, 0x0000000085f00000, 0x0000000085f00000|100%|HC|  |TAMS 0x0000000085f00000, 0x0000000085e00000| Complete 
|  95|0x0000000085f00000, 0x0000000086000000, 0x0000000086000000|100%|HC|  |TAMS 0x0000000086000000, 0x0000000085f00000| Complete 
|  96|0x0000000086000000, 0x0000000086100000, 0x0000000086100000|100%|HC|  |TAMS 0x0000000086100000, 0x0000000086000000| Complete 
|  97|0x0000000086100000, 0x0000000086200000, 0x0000000086200000|100%| O|  |TAMS 0x0000000086200000, 0x0000000086100000| Untracked 
|  98|0x0000000086200000, 0x0000000086300000, 0x0000000086300000|100%| O|  |TAMS 0x0000000086300000, 0x0000000086200000| Untracked 
|  99|0x0000000086300000, 0x0000000086400000, 0x0000000086400000|100%| O|  |TAMS 0x0000000086400000, 0x0000000086300000| Untracked 
| 100|0x0000000086400000, 0x0000000086500000, 0x0000000086500000|100%| O|  |TAMS 0x0000000086500000, 0x0000000086400000| Untracked 
| 101|0x0000000086500000, 0x0000000086600000, 0x0000000086600000|100%| O|  |TAMS 0x0000000086600000, 0x0000000086500000| Untracked 
| 102|0x0000000086600000, 0x0000000086700000, 0x0000000086700000|100%| O|  |TAMS 0x0000000086700000, 0x0000000086600000| Untracked 
| 103|0x0000000086700000, 0x0000000086800000, 0x0000000086800000|100%| O|  |TAMS 0x0000000086800000, 0x0000000086700000| Untracked 
| 104|0x0000000086800000, 0x0000000086900000, 0x0000000086900000|100%| O|  |TAMS 0x0000000086900000, 0x0000000086800000| Untracked 
| 105|0x0000000086900000, 0x0000000086a00000, 0x0000000086a00000|100%| O|  |TAMS 0x0000000086a00000, 0x0000000086900000| Untracked 
| 106|0x0000000086a00000, 0x0000000086b00000, 0x0000000086b00000|100%| O|  |TAMS 0x0000000086b00000, 0x0000000086a00000| Untracked 
| 107|0x0000000086b00000, 0x0000000086c00000, 0x0000000086c00000|100%| O|  |TAMS 0x0000000086c00000, 0x0000000086b00000| Untracked 
| 108|0x0000000086c00000, 0x0000000086d00000, 0x0000000086d00000|100%| O|  |TAMS 0x0000000086d00000, 0x0000000086c00000| Untracked 
| 109|0x0000000086d00000, 0x0000000086e00000, 0x0000000086e00000|100%| O|  |TAMS 0x0000000086e00000, 0x0000000086d00000| Untracked 
| 110|0x0000000086e00000, 0x0000000086f00000, 0x0000000086f00000|100%| O|  |TAMS 0x0000000086f00000, 0x0000000086e00000| Untracked 
| 111|0x0000000086f00000, 0x0000000087000000, 0x0000000087000000|100%| O|  |TAMS 0x0000000087000000, 0x0000000086f00000| Untracked 
| 112|0x0000000087000000, 0x0000000087100000, 0x0000000087100000|100%| O|  |TAMS 0x0000000087100000, 0x0000000087000000| Untracked 
| 113|0x0000000087100000, 0x0000000087200000, 0x0000000087200000|100%| O|  |TAMS 0x0000000087200000, 0x0000000087100000| Untracked 
| 114|0x0000000087200000, 0x0000000087300000, 0x0000000087300000|100%| O|  |TAMS 0x0000000087300000, 0x0000000087200000| Untracked 
| 115|0x0000000087300000, 0x0000000087400000, 0x0000000087400000|100%| O|  |TAMS 0x0000000087400000, 0x0000000087300000| Untracked 
| 116|0x0000000087400000, 0x0000000087500000, 0x0000000087500000|100%| O|  |TAMS 0x0000000087500000, 0x0000000087400000| Untracked 
| 117|0x0000000087500000, 0x0000000087600000, 0x0000000087600000|100%| O|  |TAMS 0x0000000087600000, 0x0000000087500000| Untracked 
| 118|0x0000000087600000, 0x0000000087700000, 0x0000000087700000|100%| O|  |TAMS 0x0000000087700000, 0x0000000087600000| Untracked 
| 119|0x0000000087700000, 0x0000000087800000, 0x0000000087800000|100%| O|  |TAMS 0x00000000877f2600, 0x0000000087700000| Untracked 
| 120|0x0000000087800000, 0x0000000087900000, 0x0000000087900000|100%| O|  |TAMS 0x0000000087800000, 0x0000000087800000| Untracked 
| 121|0x0000000087900000, 0x00000000879b6400, 0x0000000087a00000| 71%| O|  |TAMS 0x0000000087900000, 0x0000000087900000| Untracked 
| 122|0x0000000087a00000, 0x0000000087a00000, 0x0000000087b00000|  0%| F|  |TAMS 0x0000000087a00000, 0x0000000087a00000| Untracked 
| 123|0x0000000087b00000, 0x0000000087b00000, 0x0000000087c00000|  0%| F|  |TAMS 0x0000000087b00000, 0x0000000087b00000| Untracked 
| 124|0x0000000087c00000, 0x0000000087c00000, 0x0000000087d00000|  0%| F|  |TAMS 0x0000000087c00000, 0x0000000087c00000| Untracked 
| 125|0x0000000087d00000, 0x0000000087d00000, 0x0000000087e00000|  0%| F|  |TAMS 0x0000000087d00000, 0x0000000087d00000| Untracked 
| 126|0x0000000087e00000, 0x0000000087e00000, 0x0000000087f00000|  0%| F|  |TAMS 0x0000000087e00000, 0x0000000087e00000| Untracked 
| 127|0x0000000087f00000, 0x0000000087f00000, 0x0000000088000000|  0%| F|  |TAMS 0x0000000087f00000, 0x0000000087f00000| Untracked 
| 128|0x0000000088000000, 0x0000000088000000, 0x0000000088100000|  0%| F|  |TAMS 0x0000000088000000, 0x0000000088000000| Untracked 
| 129|0x0000000088100000, 0x0000000088100000, 0x0000000088200000|  0%| F|  |TAMS 0x0000000088100000, 0x0000000088100000| Untracked 
| 130|0x0000000088200000, 0x0000000088200000, 0x0000000088300000|  0%| F|  |TAMS 0x0000000088200000, 0x0000000088200000| Untracked 
| 131|0x0000000088300000, 0x0000000088300000, 0x0000000088400000|  0%| F|  |TAMS 0x0000000088300000, 0x0000000088300000| Untracked 
| 132|0x0000000088400000, 0x0000000088400000, 0x0000000088500000|  0%| F|  |TAMS 0x0000000088400000, 0x0000000088400000| Untracked 
| 133|0x0000000088500000, 0x0000000088500000, 0x0000000088600000|  0%| F|  |TAMS 0x0000000088500000, 0x0000000088500000| Untracked 
| 134|0x0000000088600000, 0x0000000088600000, 0x0000000088700000|  0%| F|  |TAMS 0x0000000088600000, 0x0000000088600000| Untracked 
| 135|0x0000000088700000, 0x0000000088700000, 0x0000000088800000|  0%| F|  |TAMS 0x0000000088700000, 0x0000000088700000| Untracked 
| 136|0x0000000088800000, 0x0000000088800000, 0x0000000088900000|  0%| F|  |TAMS 0x0000000088800000, 0x0000000088800000| Untracked 
| 137|0x0000000088900000, 0x0000000088900000, 0x0000000088a00000|  0%| F|  |TAMS 0x0000000088900000, 0x0000000088900000| Untracked 
| 138|0x0000000088a00000, 0x0000000088a00000, 0x0000000088b00000|  0%| F|  |TAMS 0x0000000088a00000, 0x0000000088a00000| Untracked 
| 139|0x0000000088b00000, 0x0000000088b00000, 0x0000000088c00000|  0%| F|  |TAMS 0x0000000088b00000, 0x0000000088b00000| Untracked 
| 140|0x0000000088c00000, 0x0000000088c00000, 0x0000000088d00000|  0%| F|  |TAMS 0x0000000088c00000, 0x0000000088c00000| Untracked 
| 141|0x0000000088d00000, 0x0000000088d00000, 0x0000000088e00000|  0%| F|  |TAMS 0x0000000088d00000, 0x0000000088d00000| Untracked 
| 142|0x0000000088e00000, 0x0000000088e00000, 0x0000000088f00000|  0%| F|  |TAMS 0x0000000088e00000, 0x0000000088e00000| Untracked 
| 143|0x0000000088f00000, 0x0000000088f00000, 0x0000000089000000|  0%| F|  |TAMS 0x0000000088f00000, 0x0000000088f00000| Untracked 
| 144|0x0000000089000000, 0x0000000089000000, 0x0000000089100000|  0%| F|  |TAMS 0x0000000089000000, 0x0000000089000000| Untracked 
| 145|0x0000000089100000, 0x0000000089100000, 0x0000000089200000|  0%| F|  |TAMS 0x0000000089100000, 0x0000000089100000| Untracked 
| 146|0x0000000089200000, 0x00000000892b6ff0, 0x0000000089300000| 71%| S|CS|TAMS 0x0000000089200000, 0x0000000089200000| Complete 
| 147|0x0000000089300000, 0x0000000089300000, 0x0000000089400000|  0%| F|  |TAMS 0x0000000089300000, 0x0000000089300000| Untracked 
| 148|0x0000000089400000, 0x0000000089400000, 0x0000000089500000|  0%| F|  |TAMS 0x0000000089400000, 0x0000000089400000| Untracked 
| 149|0x0000000089500000, 0x0000000089600000, 0x0000000089600000|100%| S|CS|TAMS 0x0000000089500000, 0x0000000089500000| Complete 
| 150|0x0000000089600000, 0x0000000089600000, 0x0000000089700000|  0%| F|  |TAMS 0x0000000089600000, 0x0000000089600000| Untracked 
| 151|0x0000000089700000, 0x0000000089800000, 0x0000000089800000|100%| S|CS|TAMS 0x0000000089700000, 0x0000000089700000| Complete 
| 152|0x0000000089800000, 0x0000000089900000, 0x0000000089900000|100%| S|CS|TAMS 0x0000000089800000, 0x0000000089800000| Complete 
| 153|0x0000000089900000, 0x0000000089900000, 0x0000000089a00000|  0%| F|  |TAMS 0x0000000089900000, 0x0000000089900000| Untracked 
| 154|0x0000000089a00000, 0x0000000089a00000, 0x0000000089b00000|  0%| F|  |TAMS 0x0000000089a00000, 0x0000000089a00000| Untracked 
| 155|0x0000000089b00000, 0x0000000089b00000, 0x0000000089c00000|  0%| F|  |TAMS 0x0000000089b00000, 0x0000000089b00000| Untracked 
| 156|0x0000000089c00000, 0x0000000089c00000, 0x0000000089d00000|  0%| F|  |TAMS 0x0000000089c00000, 0x0000000089c00000| Untracked 
| 157|0x0000000089d00000, 0x0000000089d00000, 0x0000000089e00000|  0%| F|  |TAMS 0x0000000089d00000, 0x0000000089d00000| Untracked 
| 158|0x0000000089e00000, 0x0000000089e00000, 0x0000000089f00000|  0%| F|  |TAMS 0x0000000089e00000, 0x0000000089e00000| Untracked 
| 159|0x0000000089f00000, 0x0000000089f00000, 0x000000008a000000|  0%| F|  |TAMS 0x0000000089f00000, 0x0000000089f00000| Untracked 
| 160|0x000000008a000000, 0x000000008a000000, 0x000000008a100000|  0%| F|  |TAMS 0x000000008a000000, 0x000000008a000000| Untracked 
| 161|0x000000008a100000, 0x000000008a100000, 0x000000008a200000|  0%| F|  |TAMS 0x000000008a100000, 0x000000008a100000| Untracked 
| 162|0x000000008a200000, 0x000000008a200000, 0x000000008a300000|  0%| F|  |TAMS 0x000000008a200000, 0x000000008a200000| Untracked 
| 163|0x000000008a300000, 0x000000008a300000, 0x000000008a400000|  0%| F|  |TAMS 0x000000008a300000, 0x000000008a300000| Untracked 
| 164|0x000000008a400000, 0x000000008a400000, 0x000000008a500000|  0%| F|  |TAMS 0x000000008a400000, 0x000000008a400000| Untracked 
| 165|0x000000008a500000, 0x000000008a500000, 0x000000008a600000|  0%| F|  |TAMS 0x000000008a500000, 0x000000008a500000| Untracked 
| 166|0x000000008a600000, 0x000000008a600000, 0x000000008a700000|  0%| F|  |TAMS 0x000000008a600000, 0x000000008a600000| Untracked 
| 167|0x000000008a700000, 0x000000008a700000, 0x000000008a800000|  0%| F|  |TAMS 0x000000008a700000, 0x000000008a700000| Untracked 
| 168|0x000000008a800000, 0x000000008a800000, 0x000000008a900000|  0%| F|  |TAMS 0x000000008a800000, 0x000000008a800000| Untracked 
| 169|0x000000008a900000, 0x000000008a900000, 0x000000008aa00000|  0%| F|  |TAMS 0x000000008a900000, 0x000000008a900000| Untracked 
| 170|0x000000008aa00000, 0x000000008aa00000, 0x000000008ab00000|  0%| F|  |TAMS 0x000000008aa00000, 0x000000008aa00000| Untracked 
| 171|0x000000008ab00000, 0x000000008ab00000, 0x000000008ac00000|  0%| F|  |TAMS 0x000000008ab00000, 0x000000008ab00000| Untracked 
| 172|0x000000008ac00000, 0x000000008ac00000, 0x000000008ad00000|  0%| F|  |TAMS 0x000000008ac00000, 0x000000008ac00000| Untracked 
| 173|0x000000008ad00000, 0x000000008ad00000, 0x000000008ae00000|  0%| F|  |TAMS 0x000000008ad00000, 0x000000008ad00000| Untracked 
| 174|0x000000008ae00000, 0x000000008ae2c6e0, 0x000000008af00000| 17%| E|  |TAMS 0x000000008ae00000, 0x000000008ae00000| Complete 
| 175|0x000000008af00000, 0x000000008b000000, 0x000000008b000000|100%| E|CS|TAMS 0x000000008af00000, 0x000000008af00000| Complete 
| 176|0x000000008b000000, 0x000000008b100000, 0x000000008b100000|100%| E|  |TAMS 0x000000008b000000, 0x000000008b000000| Complete 
| 177|0x000000008b100000, 0x000000008b200000, 0x000000008b200000|100%| E|CS|TAMS 0x000000008b100000, 0x000000008b100000| Complete 
| 178|0x000000008b200000, 0x000000008b300000, 0x000000008b300000|100%| E|CS|TAMS 0x000000008b200000, 0x000000008b200000| Complete 
| 179|0x000000008b300000, 0x000000008b400000, 0x000000008b400000|100%| E|CS|TAMS 0x000000008b300000, 0x000000008b300000| Complete 
| 180|0x000000008b400000, 0x000000008b500000, 0x000000008b500000|100%| E|CS|TAMS 0x000000008b400000, 0x000000008b400000| Complete 
| 181|0x000000008b500000, 0x000000008b600000, 0x000000008b600000|100%| E|CS|TAMS 0x000000008b500000, 0x000000008b500000| Complete 
| 182|0x000000008b600000, 0x000000008b700000, 0x000000008b700000|100%| E|CS|TAMS 0x000000008b600000, 0x000000008b600000| Complete 
| 183|0x000000008b700000, 0x000000008b800000, 0x000000008b800000|100%| E|CS|TAMS 0x000000008b700000, 0x000000008b700000| Complete 
| 184|0x000000008b800000, 0x000000008b900000, 0x000000008b900000|100%| E|CS|TAMS 0x000000008b800000, 0x000000008b800000| Complete 
| 185|0x000000008b900000, 0x000000008ba00000, 0x000000008ba00000|100%| E|CS|TAMS 0x000000008b900000, 0x000000008b900000| Complete 
| 186|0x000000008ba00000, 0x000000008bb00000, 0x000000008bb00000|100%| E|CS|TAMS 0x000000008ba00000, 0x000000008ba00000| Complete 
| 187|0x000000008bb00000, 0x000000008bc00000, 0x000000008bc00000|100%| E|CS|TAMS 0x000000008bb00000, 0x000000008bb00000| Complete 
| 188|0x000000008bc00000, 0x000000008bd00000, 0x000000008bd00000|100%| E|CS|TAMS 0x000000008bc00000, 0x000000008bc00000| Complete 
| 189|0x000000008bd00000, 0x000000008be00000, 0x000000008be00000|100%| E|CS|TAMS 0x000000008bd00000, 0x000000008bd00000| Complete 
| 190|0x000000008be00000, 0x000000008bf00000, 0x000000008bf00000|100%| E|CS|TAMS 0x000000008be00000, 0x000000008be00000| Complete 

Card table byte_map: [0x0000017b46740000,0x0000017b46b40000] _byte_map_base: 0x0000017b46340000

Marking Bits (Prev, Next): (CMBitMap*) 0x0000017b3386ed50, (CMBitMap*) 0x0000017b3386ed18
 Prev Bits: [0x0000017b48f40000, 0x0000017b4af40000)
 Next Bits: [0x0000017b46f40000, 0x0000017b48f40000)

Polling page: 0x0000017b31690000

Metaspace:

Usage:
  Non-class:     96.11 MB capacity,    94.45 MB ( 98%) used,     1.36 MB (  1%) free+waste,   301.31 KB ( <1%) overhead. 
      Class:     14.75 MB capacity,    13.81 MB ( 94%) used,   820.90 KB (  5%) free+waste,   135.13 KB ( <1%) overhead. 
       Both:    110.85 MB capacity,   108.27 MB ( 98%) used,     2.16 MB (  2%) free+waste,   436.44 KB ( <1%) overhead. 

Virtual space:
  Non-class space:       98.00 MB reserved,      96.25 MB ( 98%) committed 
      Class space:        1.00 GB reserved,      14.82 MB (  1%) committed 
             Both:        1.10 GB reserved,     111.07 MB ( 10%) committed 

Chunk freelists:
   Non-Class:  17.00 KB
       Class:  4.00 KB
        Both:  21.00 KB

MaxMetaspaceSize: 17179869184.00 GB
CompressedClassSpaceSize: 1.00 GB
Initial GC threshold: 20.80 MB
Current GC threshold: 182.21 MB
CDS: off

CodeHeap 'non-profiled nmethods': size=120064Kb used=7492Kb max_used=7492Kb free=112571Kb
 bounds [0x0000017b3ee00000, 0x0000017b3f560000, 0x0000017b46340000]
CodeHeap 'profiled nmethods': size=120000Kb used=29692Kb max_used=29692Kb free=90307Kb
 bounds [0x0000017b378d0000, 0x0000017b395d0000, 0x0000017b3ee00000]
CodeHeap 'non-nmethods': size=5696Kb used=2448Kb max_used=2494Kb free=3247Kb
 bounds [0x0000017b37340000, 0x0000017b375c0000, 0x0000017b378d0000]
 total_blobs=14305 nmethods=13327 adapters=890
 compilation: enabled
              stopped_count=0, restarted_count=0
 full_count=0

Compilation events (20 events):
Event: 66.642 Thread 0x0000017b4d121800 13422       2       sun.nio.fs.WindowsSecurityDescriptor::fromAttribute (134 bytes)
Event: 66.643 Thread 0x0000017b4d121800 nmethod 13422 0x0000017b395ca190 code [0x0000017b395ca420, 0x0000017b395cac18]
Event: 66.651 Thread 0x0000017b4d117000 nmethod 13268 0x0000017b3f54be90 code [0x0000017b3f54c100, 0x0000017b3f54ea50]
Event: 66.651 Thread 0x0000017b4d117000 13115       4       kotlin.jvm.internal.Intrinsics::checkNotNullParameter (9 bytes)
Event: 66.652 Thread 0x0000017b4d117000 nmethod 13115 0x0000017b3f54fb90 code [0x0000017b3f54fd20, 0x0000017b3f54fd78]
Event: 66.652 Thread 0x0000017b4d117000 13141       4       kotlin.jvm.internal.Intrinsics::areEqual (22 bytes)
Event: 66.653 Thread 0x0000017b4d117000 nmethod 13141 0x0000017b3f54fe90 code [0x0000017b3f550020, 0x0000017b3f550098]
Event: 66.653 Thread 0x0000017b4d117000 13371       4       org.objectweb.asm.ByteVector::putShort (52 bytes)
Event: 66.654 Thread 0x0000017b4d117000 nmethod 13371 0x0000017b3f550190 code [0x0000017b3f550340, 0x0000017b3f5504c8]
Event: 66.654 Thread 0x0000017b4d117000 13383       4       java.util.zip.ZipOutputStream::writeInt (69 bytes)
Event: 66.656 Thread 0x0000017b4d117000 nmethod 13383 0x0000017b3f550610 code [0x0000017b3f5507c0, 0x0000017b3f5508d8]
Event: 66.656 Thread 0x0000017b4d117000 13408       4       java.util.zip.ZipOutputStream::writeShort (41 bytes)
Event: 66.657 Thread 0x0000017b4d117000 nmethod 13408 0x0000017b3f550a10 code [0x0000017b3f550ba0, 0x0000017b3f550c58]
Event: 66.657 Thread 0x0000017b4d117000 13360   !   4       java.util.zip.Deflater::finished (19 bytes)
Event: 66.657 Thread 0x0000017b4d121800 13423       3       java.util.zip.Deflater::ensureOpen (47 bytes)
Event: 66.658 Thread 0x0000017b4d121800 nmethod 13423 0x0000017b395cb110 code [0x0000017b395cb2e0, 0x0000017b395cb528]
Event: 66.658 Thread 0x0000017b4d117000 nmethod 13360 0x0000017b3f550d10 code [0x0000017b3f550ea0, 0x0000017b3f5510d8]
Event: 66.659 Thread 0x0000017b4d121800 13424  s    3       java.io.BufferedOutputStream::write (35 bytes)
Event: 66.660 Thread 0x0000017b4d121800 nmethod 13424 0x0000017b395cb610 code [0x0000017b395cb7e0, 0x0000017b395cbc48]
Event: 66.662 Thread 0x0000017b4d117000 13425   !   4       java.util.zip.InflaterInputStream::read (138 bytes)

GC Heap History (20 events):
Event: 37.487 GC heap before
{Heap before GC invocations=50 (full 0):
 garbage-first heap   total 195584K, used 141294K [0x0000000080000000, 0x0000000100000000)
  region size 1024K, 54 young (55296K), 7 survivors (7168K)
 Metaspace       used 83424K, capacity 85531K, committed 85708K, reserved 1124352K
  class space    used 10876K, capacity 11636K, committed 11724K, reserved 1048576K
}
Event: 37.514 GC heap after
{Heap after GC invocations=51 (full 0):
 garbage-first heap   total 195584K, used 97057K [0x0000000080000000, 0x0000000100000000)
  region size 1024K, 7 young (7168K), 7 survivors (7168K)
 Metaspace       used 83424K, capacity 85531K, committed 85708K, reserved 1124352K
  class space    used 10876K, capacity 11636K, committed 11724K, reserved 1048576K
}
Event: 40.908 GC heap before
{Heap before GC invocations=52 (full 0):
 garbage-first heap   total 195584K, used 157473K [0x0000000080000000, 0x0000000100000000)
  region size 1024K, 58 young (59392K), 7 survivors (7168K)
 Metaspace       used 86471K, capacity 88757K, committed 89036K, reserved 1126400K
  class space    used 11292K, capacity 12099K, committed 12236K, reserved 1048576K
}
Event: 40.938 GC heap after
{Heap after GC invocations=53 (full 0):
 garbage-first heap   total 195584K, used 110839K [0x0000000080000000, 0x0000000100000000)
  region size 1024K, 8 young (8192K), 8 survivors (8192K)
 Metaspace       used 86471K, capacity 88757K, committed 89036K, reserved 1126400K
  class space    used 11292K, capacity 12099K, committed 12236K, reserved 1048576K
}
Event: 41.715 GC heap before
{Heap before GC invocations=53 (full 0):
 garbage-first heap   total 195584K, used 146679K [0x0000000080000000, 0x0000000100000000)
  region size 1024K, 44 young (45056K), 8 survivors (8192K)
 Metaspace       used 89071K, capacity 91387K, committed 91596K, reserved 1128448K
  class space    used 11636K, capacity 12438K, committed 12492K, reserved 1048576K
}
Event: 41.736 GC heap after
{Heap after GC invocations=54 (full 0):
 garbage-first heap   total 195584K, used 114373K [0x0000000080000000, 0x0000000100000000)
  region size 1024K, 3 young (3072K), 3 survivors (3072K)
 Metaspace       used 89071K, capacity 91387K, committed 91596K, reserved 1128448K
  class space    used 11636K, capacity 12438K, committed 12492K, reserved 1048576K
}
Event: 43.854 GC heap before
{Heap before GC invocations=55 (full 0):
 garbage-first heap   total 195584K, used 157381K [0x0000000080000000, 0x0000000100000000)
  region size 1024K, 44 young (45056K), 3 survivors (3072K)
 Metaspace       used 95315K, capacity 97637K, committed 97740K, reserved 1134592K
  class space    used 12390K, capacity 13205K, committed 13260K, reserved 1048576K
}
Event: 43.870 GC heap after
{Heap after GC invocations=56 (full 0):
 garbage-first heap   total 195584K, used 115375K [0x0000000080000000, 0x0000000100000000)
  region size 1024K, 4 young (4096K), 4 survivors (4096K)
 Metaspace       used 95315K, capacity 97637K, committed 97740K, reserved 1134592K
  class space    used 12390K, capacity 13205K, committed 13260K, reserved 1048576K
}
Event: 45.442 GC heap before
{Heap before GC invocations=56 (full 0):
 garbage-first heap   total 195584K, used 158383K [0x0000000080000000, 0x0000000100000000)
  region size 1024K, 46 young (47104K), 4 survivors (4096K)
 Metaspace       used 99590K, capacity 101941K, committed 102220K, reserved 1138688K
  class space    used 12945K, capacity 13801K, committed 13900K, reserved 1048576K
}
Event: 45.464 GC heap after
{Heap after GC invocations=57 (full 0):
 garbage-first heap   total 195584K, used 117821K [0x0000000080000000, 0x0000000100000000)
  region size 1024K, 5 young (5120K), 5 survivors (5120K)
 Metaspace       used 99590K, capacity 101941K, committed 102220K, reserved 1138688K
  class space    used 12945K, capacity 13801K, committed 13900K, reserved 1048576K
}
Event: 48.495 GC heap before
{Heap before GC invocations=58 (full 0):
 garbage-first heap   total 195584K, used 158781K [0x0000000080000000, 0x0000000100000000)
  region size 1024K, 46 young (47104K), 5 survivors (5120K)
 Metaspace       used 104821K, capacity 107294K, committed 107596K, reserved 1142784K
  class space    used 13634K, capacity 14534K, committed 14668K, reserved 1048576K
}
Event: 48.523 GC heap after
{Heap after GC invocations=59 (full 0):
 garbage-first heap   total 195584K, used 121286K [0x0000000080000000, 0x0000000100000000)
  region size 1024K, 6 young (6144K), 6 survivors (6144K)
 Metaspace       used 104821K, capacity 107294K, committed 107596K, reserved 1142784K
  class space    used 13634K, capacity 14534K, committed 14668K, reserved 1048576K
}
Event: 53.650 GC heap before
{Heap before GC invocations=59 (full 0):
 garbage-first heap   total 195584K, used 162246K [0x0000000080000000, 0x0000000100000000)
  region size 1024K, 46 young (47104K), 6 survivors (6144K)
 Metaspace       used 107736K, capacity 110243K, committed 110412K, reserved 1144832K
  class space    used 13879K, capacity 14818K, committed 14924K, reserved 1048576K
}
Event: 53.677 GC heap after
{Heap after GC invocations=60 (full 0):
 garbage-first heap   total 195584K, used 123217K [0x0000000080000000, 0x0000000100000000)
  region size 1024K, 3 young (3072K), 3 survivors (3072K)
 Metaspace       used 107736K, capacity 110243K, committed 110412K, reserved 1144832K
  class space    used 13879K, capacity 14818K, committed 14924K, reserved 1048576K
}
Event: 59.066 GC heap before
{Heap before GC invocations=61 (full 0):
 garbage-first heap   total 195584K, used 162129K [0x0000000080000000, 0x0000000100000000)
  region size 1024K, 42 young (43008K), 3 survivors (3072K)
 Metaspace       used 108191K, capacity 110745K, committed 110924K, reserved 1144832K
  class space    used 13901K, capacity 14830K, committed 14924K, reserved 1048576K
}
Event: 59.086 GC heap after
{Heap after GC invocations=62 (full 0):
 garbage-first heap   total 195584K, used 124753K [0x0000000080000000, 0x0000000100000000)
  region size 1024K, 4 young (4096K), 4 survivors (4096K)
 Metaspace       used 108191K, capacity 110745K, committed 110924K, reserved 1144832K
  class space    used 13901K, capacity 14830K, committed 14924K, reserved 1048576K
}
Event: 63.458 GC heap before
{Heap before GC invocations=62 (full 0):
 garbage-first heap   total 195584K, used 163665K [0x0000000080000000, 0x0000000100000000)
  region size 1024K, 43 young (44032K), 4 survivors (4096K)
 Metaspace       used 109147K, capacity 111688K, committed 111948K, reserved 1146880K
  class space    used 13973K, capacity 14909K, committed 14924K, reserved 1048576K
}
Event: 63.484 GC heap after
{Heap after GC invocations=63 (full 0):
 garbage-first heap   total 195584K, used 126651K [0x0000000080000000, 0x0000000100000000)
  region size 1024K, 4 young (4096K), 4 survivors (4096K)
 Metaspace       used 109147K, capacity 111688K, committed 111948K, reserved 1146880K
  class space    used 13973K, capacity 14909K, committed 14924K, reserved 1048576K
}
Event: 66.024 GC heap before
{Heap before GC invocations=64 (full 0):
 garbage-first heap   total 195584K, used 164539K [0x0000000080000000, 0x0000000100000000)
  region size 1024K, 42 young (43008K), 4 survivors (4096K)
 Metaspace       used 110104K, capacity 112811K, committed 113100K, reserved 1146880K
  class space    used 14067K, capacity 15012K, committed 15052K, reserved 1048576K
}
Event: 66.043 GC heap after
{Heap after GC invocations=65 (full 0):
 garbage-first heap   total 195584K, used 128436K [0x0000000080000000, 0x0000000100000000)
  region size 1024K, 4 young (4096K), 4 survivors (4096K)
 Metaspace       used 110104K, capacity 112811K, committed 113100K, reserved 1146880K
  class space    used 14067K, capacity 15012K, committed 15052K, reserved 1048576K
}

Deoptimization events (20 events):
Event: 66.077 Thread 0x0000017b4e61f000 DEOPT PACKING pc=0x0000017b3f4af764 sp=0x0000006ea3ff6240
Event: 66.077 Thread 0x0000017b4e61f000 DEOPT UNPACKING pc=0x0000017b3738a1a9 sp=0x0000006ea3ff61e8 mode 2
Event: 66.250 Thread 0x0000017b52ee3800 Uncommon trap: trap_request=0xffffff4d fr.pc=0x0000017b3f4e491c relative=0x0000000000003a1c
Event: 66.250 Thread 0x0000017b52ee3800 Uncommon trap: reason=unstable_if action=reinterpret pc=0x0000017b3f4e491c method=java.lang.String.split(Ljava/lang/String;I)[Ljava/lang/String; @ 256 c2
Event: 66.250 Thread 0x0000017b52ee3800 DEOPT PACKING pc=0x0000017b3f4e491c sp=0x0000006ea65fb470
Event: 66.250 Thread 0x0000017b52ee3800 DEOPT UNPACKING pc=0x0000017b3738a1a9 sp=0x0000006ea65fb488 mode 2
Event: 66.311 Thread 0x0000017b52eda800 DEOPT PACKING pc=0x0000017b39573c4e sp=0x0000006ea5cfb460
Event: 66.311 Thread 0x0000017b52eda800 DEOPT UNPACKING pc=0x0000017b3738a93f sp=0x0000006ea5cfa950 mode 0
Event: 66.414 Thread 0x0000017b52eda800 DEOPT PACKING pc=0x0000017b384ebc80 sp=0x0000006ea5cfb2d0
Event: 66.414 Thread 0x0000017b52eda800 DEOPT UNPACKING pc=0x0000017b3738a93f sp=0x0000006ea5cfa7c0 mode 0
Event: 66.444 Thread 0x0000017b52ee3800 Uncommon trap: trap_request=0xffffff4d fr.pc=0x0000017b3f440c68 relative=0x0000000000000188
Event: 66.444 Thread 0x0000017b52ee3800 Uncommon trap: reason=unstable_if action=reinterpret pc=0x0000017b3f440c68 method=java.util.zip.ZipInputStream.read([BII)I @ 50 c2
Event: 66.444 Thread 0x0000017b52ee3800 DEOPT PACKING pc=0x0000017b3f440c68 sp=0x0000006ea65fb610
Event: 66.444 Thread 0x0000017b52ee3800 DEOPT UNPACKING pc=0x0000017b3738a1a9 sp=0x0000006ea65fb5d0 mode 2
Event: 66.476 Thread 0x0000017b52ee3800 Uncommon trap: trap_request=0xffffff4d fr.pc=0x0000017b3f0962f0 relative=0x0000000000000250
Event: 66.489 Thread 0x0000017b52eda800 DEOPT PACKING pc=0x0000017b384f4a77 sp=0x0000006ea5cfb2e0
Event: 66.489 Thread 0x0000017b52eda800 DEOPT UNPACKING pc=0x0000017b3738a93f sp=0x0000006ea5cfa7c8 mode 0
Event: 66.552 Thread 0x0000017b52ee3800 Uncommon trap: reason=unstable_if action=reinterpret pc=0x0000017b3f0962f0 method=java.io.BufferedOutputStream.write(I)V @ 9 c2
Event: 66.552 Thread 0x0000017b52ee3800 DEOPT PACKING pc=0x0000017b3f0962f0 sp=0x0000006ea65fb4f0
Event: 66.552 Thread 0x0000017b52ee3800 DEOPT UNPACKING pc=0x0000017b3738a1a9 sp=0x0000006ea65fb498 mode 2

Classes redefined (0 events):
No events

Internal exceptions (20 events):
Event: 43.385 Thread 0x0000017b4e61f000 Exception <a 'java/lang/NoSuchMethodError'{0x000000008a1c5e10}: 'int java.lang.invoke.DirectMethodHandle$Holder.invokeStatic(java.lang.Object, java.lang.Object, int, java.lang.Object)'> (0x000000008a1c5e10) thrown at [./src/hotspot/share/interpreter/linkResolver.cpp, line 773]
Event: 43.537 Thread 0x0000017b4e61f000 Exception <a 'sun/nio/fs/WindowsException'{0x000000008a0eb9b8}> (0x000000008a0eb9b8) thrown at [./src/hotspot/share/prims/jni.cpp, line 615]
Event: 43.537 Thread 0x0000017b4e61f000 Exception <a 'sun/nio/fs/WindowsException'{0x000000008a0eca88}> (0x000000008a0eca88) thrown at [./src/hotspot/share/prims/jni.cpp, line 615]
Event: 43.537 Thread 0x0000017b4e61f000 Exception <a 'sun/nio/fs/WindowsException'{0x000000008a0edba8}> (0x000000008a0edba8) thrown at [./src/hotspot/share/prims/jni.cpp, line 615]
Event: 43.537 Thread 0x0000017b4e61f000 Exception <a 'sun/nio/fs/WindowsException'{0x000000008a0eecc8}> (0x000000008a0eecc8) thrown at [./src/hotspot/share/prims/jni.cpp, line 615]
Event: 44.130 Thread 0x0000017b4e61f000 Exception <a 'java/lang/NoSuchMethodError'{0x000000008b636868}: 'int java.lang.invoke.DirectMethodHandle$Holder.invokeSpecialIFC(java.lang.Object, java.lang.Object, java.lang.Object)'> (0x000000008b636868) thrown at [./src/hotspot/share/interpreter/linkResolver.cpp, line 773]
Event: 44.244 Thread 0x0000017b4e61f000 Exception <a 'java/lang/NoSuchMethodError'{0x000000008b334810}: 'java.lang.Object java.lang.invoke.Invokers$Holder.linkToTargetMethod(java.lang.Object, java.lang.Object, java.lang.Object, int, java.lang.Object, java.lang.Object)'> (0x000000008b334810) thrown at [./src/hotspot/share/interpreter/linkResolver.cpp, line 773]
Event: 44.693 Thread 0x0000017b4e61f000 Exception <a 'java/lang/NoSuchMethodError'{0x000000008a526b90}: 'void java.lang.invoke.DirectMethodHandle$Holder.invokeStatic(java.lang.Object, java.lang.Object, java.lang.Object, java.lang.Object, int, java.lang.Object, java.lang.Object)'> (0x000000008a526b90) thrown at [./src/hotspot/share/interpreter/linkResolver.cpp, line 773]
Event: 44.735 Thread 0x0000017b4e61f000 Exception <a 'java/lang/IncompatibleClassChangeError'{0x000000008a4e8e00}: Found class java.lang.Object, but interface was expected> (0x000000008a4e8e00) thrown at [./src/hotspot/share/interpreter/linkResolver.cpp, line 839]
Event: 45.042 Thread 0x0000017b4f47b000 Exception <a 'java/lang/IncompatibleClassChangeError'{0x000000008a1392a0}: Found class java.lang.Object, but interface was expected> (0x000000008a1392a0) thrown at [./src/hotspot/share/interpreter/linkResolver.cpp, line 839]
Event: 45.091 Thread 0x0000017b4f47b000 Exception <a 'java/lang/NoSuchMethodError'{0x000000008a0f2ba8}: 'int java.lang.invoke.DirectMethodHandle$Holder.invokeStaticInit(java.lang.Object, java.lang.Object, java.lang.Object, java.lang.Object, java.lang.Object)'> (0x000000008a0f2ba8) thrown at [./src/hotspot/share/interpreter/linkResolver.cpp, line 773]
Event: 45.865 Thread 0x0000017b4e61f000 Implicit null exception at 0x0000017b3f228694 to 0x0000017b3f228be8
Event: 46.133 Thread 0x0000017b4e61f000 Exception <a 'sun/nio/fs/WindowsException'{0x000000008b4fa908}> (0x000000008b4fa908) thrown at [./src/hotspot/share/prims/jni.cpp, line 615]
Event: 53.279 Thread 0x0000017b4f47c800 Exception <a 'java/lang/NoSuchMethodError'{0x0000000089e05650}: 'java.lang.Object java.lang.invoke.DirectMethodHandle$Holder.invokeSpecialIFC(java.lang.Object, java.lang.Object, java.lang.Object)'> (0x0000000089e05650) thrown at [./src/hotspot/share/interpreter/linkResolver.cpp, line 773]
Event: 53.646 Thread 0x0000017b4f47c800 Exception <a 'java/lang/NoSuchMethodError'{0x00000000897d2b80}: 'java.lang.Object java.lang.invoke.DirectMethodHandle$Holder.newInvokeSpecial(java.lang.Object, java.lang.Object, java.lang.Object, java.lang.Object)'> (0x00000000897d2b80) thrown at [./src/hotspot/share/interpreter/linkResolver.cpp, line 773]
Event: 57.916 Thread 0x0000017b4e61f000 Exception <a 'java/net/SocketTimeoutException'{0x000000008a262b00}: Read timed out> (0x000000008a262b00) thrown at [./src/hotspot/share/prims/jni.cpp, line 636]
Event: 58.015 Thread 0x0000017b4f47c800 Exception <a 'java/net/SocketTimeoutException'{0x000000008a099b90}: Read timed out> (0x000000008a099b90) thrown at [./src/hotspot/share/prims/jni.cpp, line 636]
Event: 59.539 Thread 0x0000017b4f481800 Implicit null exception at 0x0000017b3f42c138 to 0x0000017b3f42c3c4
Event: 66.142 Thread 0x0000017b52ee3800 Exception <a 'sun/nio/fs/WindowsException'{0x000000008bc54fb0}> (0x000000008bc54fb0) thrown at [./src/hotspot/share/prims/jni.cpp, line 615]
Event: 66.146 Thread 0x0000017b52eda800 Exception <a 'sun/nio/fs/WindowsException'{0x000000008bc6d820}> (0x000000008bc6d820) thrown at [./src/hotspot/share/prims/jni.cpp, line 615]

Events (20 events):
Event: 66.331 loading class com/google/common/collect/Tables$AbstractCell done
Event: 66.358 loading class com/android/builder/symbols/BytecodeRClassWriterKt
Event: 66.358 loading class com/android/builder/symbols/BytecodeRClassWriterKt done
Event: 66.363 loading class com/android/ide/common/symbols/SymbolTable$getSymbolByResourceType$$inlined$compareBy$1
Event: 66.363 loading class com/android/ide/common/symbols/SymbolTable$getSymbolByResourceType$$inlined$compareBy$1 done
Event: 66.364 loading class com/android/ide/common/symbols/SymbolJavaType
Event: 66.364 loading class com/android/ide/common/symbols/SymbolJavaType done
Event: 66.368 loading class java/util/zip/ZipOutputStream$XEntry
Event: 66.368 loading class java/util/zip/ZipOutputStream$XEntry done
Event: 66.442 loading class kotlin/collections/CollectionsKt__IteratorsJVMKt$iterator$1
Event: 66.442 loading class kotlin/collections/CollectionsKt__IteratorsJVMKt$iterator$1 done
Event: 66.442 loading class kotlin/sequences/SequencesKt__SequencesKt$asSequence$$inlined$Sequence$1
Event: 66.442 loading class kotlin/sequences/SequencesKt__SequencesKt$asSequence$$inlined$Sequence$1 done
Event: 66.443 loading class kotlin/sequences/ConstrainedOnceSequence
Event: 66.443 loading class kotlin/sequences/ConstrainedOnceSequence done
Event: 66.443 loading class com/android/build/gradle/internal/dependency/AarToClassTransform$Companion$copyAllClassesJarsTo$1
Event: 66.443 loading class com/android/build/gradle/internal/dependency/AarToClassTransform$Companion$copyAllClassesJarsTo$1 done
Event: 66.476 Executing VM operation: RevokeBias
Event: 66.479 Executing VM operation: RevokeBias done
Event: 66.534 Loaded shared library C:\Program Files\Android\Android Studio\jre\bin\zip.dll


Dynamic libraries:
0x00007ff7989d0000 - 0x00007ff7989da000 	C:\Program Files\Android\Android Studio\jre\bin\java.exe
0x00007ffa0f820000 - 0x00007ffa0fa29000 	C:\WINDOWS\SYSTEM32\ntdll.dll
0x00007ffa0d8f0000 - 0x00007ffa0d9ae000 	C:\WINDOWS\System32\KERNEL32.DLL
0x00007ffa0d1e0000 - 0x00007ffa0d55b000 	C:\WINDOWS\System32\KERNELBASE.dll
0x00007ffa0ccf0000 - 0x00007ffa0ce01000 	C:\WINDOWS\System32\ucrtbase.dll
0x00007ff9fecd0000 - 0x00007ff9fece9000 	C:\Program Files\Android\Android Studio\jre\bin\jli.dll
0x00007ffa0f600000 - 0x00007ffa0f7ad000 	C:\WINDOWS\System32\USER32.dll
0x00007ffa0ce80000 - 0x00007ffa0cea6000 	C:\WINDOWS\System32\win32u.dll
0x00007ffa0f5d0000 - 0x00007ffa0f5f9000 	C:\WINDOWS\System32\GDI32.dll
0x00007ffa0d020000 - 0x00007ffa0d138000 	C:\WINDOWS\System32\gdi32full.dll
0x00007ffa0d140000 - 0x00007ffa0d1dd000 	C:\WINDOWS\System32\msvcp_win.dll
0x00007ff9fe6c0000 - 0x00007ff9fe6d7000 	C:\Program Files\Android\Android Studio\jre\bin\VCRUNTIME140.dll
0x00007ff9f9580000 - 0x00007ff9f9825000 	C:\WINDOWS\WinSxS\amd64_microsoft.windows.common-controls_6595b64144ccf1df_6.0.22000.120_none_9d947278b86cc467\COMCTL32.dll
0x00007ffa0d6a0000 - 0x00007ffa0d743000 	C:\WINDOWS\System32\msvcrt.dll
0x00007ffa0eb90000 - 0x00007ffa0ebc2000 	C:\WINDOWS\System32\IMM32.DLL
0x00007ff9f0c20000 - 0x00007ff9f0cbd000 	C:\Program Files\Android\Android Studio\jre\bin\msvcp140.dll
0x00007ff984970000 - 0x00007ff985455000 	C:\Program Files\Android\Android Studio\jre\bin\server\jvm.dll
0x00007ffa0f520000 - 0x00007ffa0f5ce000 	C:\WINDOWS\System32\ADVAPI32.dll
0x00007ffa0ebf0000 - 0x00007ffa0ec8e000 	C:\WINDOWS\System32\sechost.dll
0x00007ffa0edd0000 - 0x00007ffa0eef0000 	C:\WINDOWS\System32\RPCRT4.dll
0x00007ffa0e1e0000 - 0x00007ffa0e1e8000 	C:\WINDOWS\System32\PSAPI.DLL
0x00007ffa096e0000 - 0x00007ffa096e9000 	C:\WINDOWS\SYSTEM32\WSOCK32.dll
0x00007ffa0d9b0000 - 0x00007ffa0da1f000 	C:\WINDOWS\System32\WS2_32.dll
0x00007ffa07870000 - 0x00007ffa078a3000 	C:\WINDOWS\SYSTEM32\WINMM.dll
0x00007ff9f5a70000 - 0x00007ff9f5a7a000 	C:\WINDOWS\SYSTEM32\VERSION.dll
0x00007ffa0bd70000 - 0x00007ffa0bd88000 	C:\WINDOWS\SYSTEM32\kernel.appcore.dll
0x00007ff9fe0d0000 - 0x00007ff9fe0e1000 	C:\Program Files\Android\Android Studio\jre\bin\verify.dll
0x00007ffa0a940000 - 0x00007ffa0ab61000 	C:\WINDOWS\SYSTEM32\DBGHELP.DLL
0x00007ff9efc20000 - 0x00007ff9efc51000 	C:\WINDOWS\SYSTEM32\dbgcore.DLL
0x00007ffa0d560000 - 0x00007ffa0d5df000 	C:\WINDOWS\System32\bcryptPrimitives.dll
0x00007ff9f0ab0000 - 0x00007ff9f0ad9000 	C:\Program Files\Android\Android Studio\jre\bin\java.dll
0x00007ffa096c0000 - 0x00007ffa096cb000 	C:\Program Files\Android\Android Studio\jre\bin\jimage.dll
0x00007ff9fdf90000 - 0x00007ff9fdfa8000 	C:\Program Files\Android\Android Studio\jre\bin\zip.dll
0x00007ffa0da20000 - 0x00007ffa0e1d8000 	C:\WINDOWS\System32\SHELL32.dll
0x00007ffa0ade0000 - 0x00007ffa0b645000 	C:\WINDOWS\SYSTEM32\windows.storage.dll
0x00007ffa0eef0000 - 0x00007ffa0f268000 	C:\WINDOWS\System32\combase.dll
0x00007ffa0ab70000 - 0x00007ffa0acd6000 	C:\WINDOWS\SYSTEM32\wintypes.dll
0x00007ffa0e8b0000 - 0x00007ffa0e99a000 	C:\WINDOWS\System32\SHCORE.dll
0x00007ffa0e2d0000 - 0x00007ffa0e32d000 	C:\WINDOWS\System32\shlwapi.dll
0x00007ffa0cc20000 - 0x00007ffa0cc41000 	C:\WINDOWS\SYSTEM32\profapi.dll
0x00007ff9f1c20000 - 0x00007ff9f1c3a000 	C:\Program Files\Android\Android Studio\jre\bin\net.dll
0x00007ffa060a0000 - 0x00007ffa061b4000 	C:\WINDOWS\SYSTEM32\WINHTTP.dll
0x00007ffa0c210000 - 0x00007ffa0c277000 	C:\WINDOWS\system32\mswsock.dll
0x00007ff9f0930000 - 0x00007ff9f0944000 	C:\Program Files\Android\Android Studio\jre\bin\nio.dll
0x00007ff9e4680000 - 0x00007ff9e46a7000 	C:\Users\Maste\.gradle\native\e1d6ef7f7dcc3fd88c89a11ec53ec762bb8ba0a96d01ffa2cd45eb1d1d8dd5c5\windows-amd64\native-platform.dll
0x00007ff9ddc70000 - 0x00007ff9dddb4000 	C:\Users\Maste\.gradle\native\5664cfc778a61ccfe75a443a1ab52a65af34e5dc3c78e0209fed803814484fcb\windows-amd64\native-platform-file-events.dll
0x00007ffa08080000 - 0x00007ffa0808a000 	C:\Program Files\Android\Android Studio\jre\bin\management.dll
0x00007ff9fe0a0000 - 0x00007ff9fe0ad000 	C:\Program Files\Android\Android Studio\jre\bin\management_ext.dll
0x00007ffa0c460000 - 0x00007ffa0c478000 	C:\WINDOWS\SYSTEM32\CRYPTSP.dll
0x00007ffa0bcd0000 - 0x00007ffa0bd05000 	C:\WINDOWS\system32\rsaenh.dll
0x00007ffa0c300000 - 0x00007ffa0c329000 	C:\WINDOWS\SYSTEM32\USERENV.dll
0x00007ffa0c5e0000 - 0x00007ffa0c607000 	C:\WINDOWS\SYSTEM32\bcrypt.dll
0x00007ffa0c450000 - 0x00007ffa0c45c000 	C:\WINDOWS\SYSTEM32\CRYPTBASE.dll
0x00007ffa0b8e0000 - 0x00007ffa0b90d000 	C:\WINDOWS\SYSTEM32\IPHLPAPI.DLL
0x00007ffa0ea00000 - 0x00007ffa0ea09000 	C:\WINDOWS\System32\NSI.dll
0x00007ffa06080000 - 0x00007ffa06099000 	C:\WINDOWS\SYSTEM32\dhcpcsvc6.DLL
0x00007ffa075e0000 - 0x00007ffa075fe000 	C:\WINDOWS\SYSTEM32\dhcpcsvc.DLL
0x00007ffa0b910000 - 0x00007ffa0b9f8000 	C:\WINDOWS\SYSTEM32\DNSAPI.dll
0x00007ff9e80c0000 - 0x00007ff9e80e7000 	C:\Program Files\Android\Android Studio\jre\bin\sunec.dll
0x00007ff9fc790000 - 0x00007ff9fc79a000 	C:\Windows\System32\rasadhlp.dll
0x00007ffa02670000 - 0x00007ffa026f1000 	C:\WINDOWS\System32\fwpuclnt.dll

dbghelp: loaded successfully - version: 4.0.5 - missing functions: none
symbol engine: initialized successfully - sym options: 0x614 - pdb path: .;C:\Program Files\Android\Android Studio\jre\bin;C:\WINDOWS\SYSTEM32;C:\WINDOWS\WinSxS\amd64_microsoft.windows.common-controls_6595b64144ccf1df_6.0.22000.120_none_9d947278b86cc467;C:\Program Files\Android\Android Studio\jre\bin\server;C:\Users\Maste\.gradle\native\e1d6ef7f7dcc3fd88c89a11ec53ec762bb8ba0a96d01ffa2cd45eb1d1d8dd5c5\windows-amd64;C:\Users\Maste\.gradle\native\5664cfc778a61ccfe75a443a1ab52a65af34e5dc3c78e0209fed803814484fcb\windows-amd64

VM Arguments:
jvm_args: --add-opens=java.base/java.util=ALL-UNNAMED --add-opens=java.base/java.lang=ALL-UNNAMED --add-opens=java.base/java.lang.invoke=ALL-UNNAMED --add-opens=java.base/java.util=ALL-UNNAMED --add-opens=java.prefs/java.util.prefs=ALL-UNNAMED --add-opens=java.prefs/java.util.prefs=ALL-UNNAMED --add-opens=java.base/java.nio.charset=ALL-UNNAMED --add-opens=java.base/java.net=ALL-UNNAMED --add-opens=java.base/java.util.concurrent.atomic=ALL-UNNAMED -Xmx2048m -Dfile.encoding=UTF-8 -Duser.country=ID -Duser.language=en -Duser.variant 
java_command: org.gradle.launcher.daemon.bootstrap.GradleDaemon 7.3.3
java_class_path (initial): C:\Users\Maste\.gradle\wrapper\dists\gradle-7.3.3-bin\6a41zxkdtcxs8rphpq6y0069z\gradle-7.3.3\lib\gradle-launcher-7.3.3.jar
Launcher Type: SUN_STANDARD

[Global flags]
     intx CICompilerCount                          = 2                                         {product} {ergonomic}
     uint ConcGCThreads                            = 1                                         {product} {ergonomic}
     uint G1ConcRefinementThreads                  = 2                                         {product} {ergonomic}
   size_t G1HeapRegionSize                         = 1048576                                   {product} {ergonomic}
    uintx GCDrainStackTargetSize                   = 64                                        {product} {ergonomic}
   size_t InitialHeapSize                          = 65011712                                  {product} {ergonomic}
   size_t MarkStackSize                            = 4194304                                   {product} {ergonomic}
   size_t MaxHeapSize                              = 2147483648                                {product} {command line}
   size_t MaxNewSize                               = 1287651328                                {product} {ergonomic}
   size_t MinHeapDeltaBytes                        = 1048576                                   {product} {ergonomic}
    uintx NonNMethodCodeHeapSize                   = 5825164                                {pd product} {ergonomic}
    uintx NonProfiledCodeHeapSize                  = 122916538                              {pd product} {ergonomic}
    uintx ProfiledCodeHeapSize                     = 122916538                              {pd product} {ergonomic}
    uintx ReservedCodeCacheSize                    = 251658240                              {pd product} {ergonomic}
     bool SegmentedCodeCache                       = true                                      {product} {ergonomic}
     bool UseCompressedClassPointers               = true                                 {lp64_product} {ergonomic}
     bool UseCompressedOops                        = true                                 {lp64_product} {ergonomic}
     bool UseG1GC                                  = true                                      {product} {ergonomic}
     bool UseLargePagesIndividualAllocation        = false                                  {pd product} {ergonomic}

Logging:
Log output configuration:
 #0: stdout all=warning uptime,level,tags
 #1: stderr all=off uptime,level,tags

Environment Variables:
JAVA_HOME=C:\Program Files\Java\jdk-15.0.2
PATH=C:\Python310\Scripts\;C:\Python310\;C:\WINDOWS\system32;C:\WINDOWS;C:\WINDOWS\System32\Wbem;C:\WINDOWS\System32\WindowsPowerShell\v1.0\;C:\WINDOWS\System32\OpenSSH\;C:\ProgramData\chocolatey\bin;E:\Program Files\MATLAB\R2022a\bin;E:\Program Files\Microsoft VS Code\bin;C:\Program Files\Cloudflare\Cloudflare WARP\;C:\Program Files\Git\cmd;C:\Program Files\Common Files\Oracle\Java\javapath;C:\WINDOWS\system32;C:\WINDOWS;C:\WINDOWS\System32\Wbem;C:\WINDOWS\System32\WindowsPowerShell\v1.0\;C:\WINDOWS\System32\OpenSSH\;C:\Users\Maste\AppData\Local\Microsoft\WindowsApps;C:\Program Files\Java\jdk-15.0.2\bin;C:\Users\Maste\Documents\myWebProject\mysql-connector-java-8.0.23\;C:\Users\Maste\Documents\myWebProject\mysql\bin;C:\Users\Maste\adb;C:\Program Files\Git\bin\;C:\Program Files\Git\cmd\;;C:\Users\Maste\AppData\Local\Microsoft\WindowsApps
USERNAME=Mike Alice
OS=Windows_NT
PROCESSOR_IDENTIFIER=Intel64 Family 6 Model 122 Stepping 8, GenuineIntel



---------------  S Y S T E M  ---------------

OS: Windows 10 , 64 bit Build 22000 (10.0.22000.1219)
OS uptime: 0 days 23:37 hours

CPU:total 2 (initial active 2) (2 cores per cpu, 1 threads per core) family 6 model 122 stepping 8 microcode 0x18, cmov, cx8, fxsr, mmx, sse, sse2, sse3, ssse3, sse4.1, sse4.2, popcnt, aes, clmul, erms, 3dnowpref, tsc, tscinvbit, sha

Memory: 4k page, system-wide physical 3918M (239M free)
TotalPageFile size 6990M (AvailPageFile size 6M)
current process WorkingSet (physical memory assigned to process): 472M, peak: 475M
current process commit charge ("private bytes"): 501M, peak: 504M

vm_info: OpenJDK 64-Bit Server VM (11.0.12+7-b1504.28-7817840) for windows-amd64 JRE (11.0.12+7-b1504.28-7817840), built on Oct 13 2021 22:12:33 by "builder" with MS VC++ 14.0 (VS2015)

END.
