#
# There is insufficient memory for the Java Runtime Environment to continue.
# Native memory allocation (mmap) failed to map 45088768 bytes for Failed to commit area from 0x000000008d400000 to 0x000000008ff00000 of length 45088768.
# Possible reasons:
#   The system is out of physical RAM or swap space
#   The process is running with CompressedOops enabled, and the Java Heap may be blocking the growth of the native heap
# Possible solutions:
#   Reduce memory load on the system
#   Increase physical memory or swap space
#   Check if swap backing store is full
#   Decrease Java heap size (-Xmx/-Xms)
#   Decrease number of Java threads
#   Decrease Java thread stack sizes (-Xss)
#   Set larger code cache with -XX:ReservedCodeCacheSize=
#   JVM is running with Unscaled Compressed Oops mode in which the Java heap is
#     placed in the first 4GB address space. The Java Heap base address is the
#     maximum limit for the native heap growth. Please use -XX:HeapBaseMinAddress
#     to set the Java Heap base and to place the Java Heap above 4GB virtual address.
# This output file may be truncated or incomplete.
#
#  Out of Memory Error (./src/hotspot/os/windows/os_windows.cpp:3521), pid=6688, tid=6508
#
# JRE version: OpenJDK Runtime Environment (11.0.12+7) (build 11.0.12+7-b1504.28-7817840)
# Java VM: OpenJDK 64-Bit Server VM (11.0.12+7-b1504.28-7817840, mixed mode, tiered, compressed oops, g1 gc, windows-amd64)
# No core dump will be written. Minidumps are not enabled by default on client versions of Windows
#

---------------  S U M M A R Y ------------

Command Line: --add-opens=java.base/java.util=ALL-UNNAMED --add-opens=java.base/java.lang=ALL-UNNAMED --add-opens=java.base/java.lang.invoke=ALL-UNNAMED --add-opens=java.base/java.util=ALL-UNNAMED --add-opens=java.prefs/java.util.prefs=ALL-UNNAMED --add-opens=java.prefs/java.util.prefs=ALL-UNNAMED --add-opens=java.base/java.nio.charset=ALL-UNNAMED --add-opens=java.base/java.net=ALL-UNNAMED --add-opens=java.base/java.util.concurrent.atomic=ALL-UNNAMED -Xmx2048m -Dfile.encoding=UTF-8 -Duser.country=ID -Duser.language=en -Duser.variant org.gradle.launcher.daemon.bootstrap.GradleDaemon 7.3.3

Host: Intel(R) Celeron(R) N4020 CPU @ 1.10GHz, 2 cores, 3G,  Windows 10 , 64 bit Build 22000 (10.0.22000.1219)
Time: Thu Dec  8 14:17:30 2022 Malay Peninsula Standard Time elapsed time: 37.268885 seconds (0d 0h 0m 37s)

---------------  T H R E A D  ---------------

Current thread (0x00000203d964c800):  VMThread "VM Thread" [stack: 0x00000042ec800000,0x00000042ec900000] [id=6508]

Stack: [0x00000042ec800000,0x00000042ec900000]
[error occurred during error reporting (printing stack bounds), id 0xc0000005, EXCEPTION_ACCESS_VIOLATION (0xc0000005) at pc=0x00000203c3ac113d]

Native frames: (J=compiled Java code, j=interpreted, Vv=VM code, C=native code)
V  [jvm.dll+0x5fbcea]
V  [jvm.dll+0x731905]
V  [jvm.dll+0x732f1d]
V  [jvm.dll+0x733535]
V  [jvm.dll+0x7334eb]
V  [jvm.dll+0x5fb080]
V  [jvm.dll+0x5fb818]
C  [ntdll.dll+0xa8b1f]
C  [ntdll.dll+0x35b9a]
C  [ntdll.dll+0xa7b2e]
C  0x00000203c3ac113d

VM_Operation (0x00000042ee0fdc40): G1CollectForAllocation, mode: safepoint, requested by thread 0x00000203daa5d800


---------------  P R O C E S S  ---------------

Threads class SMR info:
_java_thread_list=0x00000203dcde49d0, length=57, elements={
0x00000203bffae800, 0x00000203d9650000, 0x00000203d9651800, 0x00000203d96b0800,
0x00000203d96b3800, 0x00000203d96b4800, 0x00000203d96b6000, 0x00000203da028800,
0x00000203da02c000, 0x00000203da08b800, 0x00000203db537800, 0x00000203dba18000,
0x00000203db5d9800, 0x00000203db0bf000, 0x00000203db7fd800, 0x00000203db107000,
0x00000203da0ae000, 0x00000203db03d800, 0x00000203dae06000, 0x00000203daa59000,
0x00000203daa5a000, 0x00000203daa5b800, 0x00000203daa5d800, 0x00000203daa5c800,
0x00000203daa5e000, 0x00000203daa58800, 0x00000203daa5f000, 0x00000203daa5b000,
0x00000203dde9b000, 0x00000203dde97800, 0x00000203dde97000, 0x00000203dde9b800,
0x00000203dde9e000, 0x00000203dde98800, 0x00000203ddea0000, 0x00000203ddea0800,
0x00000203ddea2000, 0x00000203dde9f000, 0x00000203dde9c800, 0x00000203ddea1800,
0x00000203ddea3000, 0x00000203ddea4000, 0x00000203ddea4800, 0x00000203ddfb4000,
0x00000203ddfb8800, 0x00000203ddfb4800, 0x00000203ddfb5800, 0x00000203ddfb8000,
0x00000203ddfb6800, 0x00000203ddfb7000, 0x00000203ddfb3000, 0x00000203ddfbd000,
0x00000203ddfbc000, 0x00000203ddfba800, 0x00000203ddfbf800, 0x00000203ddfb9800,
0x00000203ddfc1000
}

Java Threads: ( => current thread )
  0x00000203bffae800 JavaThread "main" [_thread_blocked, id=10244, stack(0x00000042ec200000,0x00000042ec300000)]
  0x00000203d9650000 JavaThread "Reference Handler" daemon [_thread_blocked, id=4384, stack(0x00000042ec900000,0x00000042eca00000)]
  0x00000203d9651800 JavaThread "Finalizer" daemon [_thread_blocked, id=8, stack(0x00000042eca00000,0x00000042ecb00000)]
  0x00000203d96b0800 JavaThread "Signal Dispatcher" daemon [_thread_blocked, id=7944, stack(0x00000042ecb00000,0x00000042ecc00000)]
  0x00000203d96b3800 JavaThread "Attach Listener" daemon [_thread_blocked, id=14292, stack(0x00000042ecc00000,0x00000042ecd00000)]
  0x00000203d96b4800 JavaThread "Service Thread" daemon [_thread_blocked, id=14184, stack(0x00000042ecd00000,0x00000042ece00000)]
  0x00000203d96b6000 JavaThread "C2 CompilerThread0" daemon [_thread_blocked, id=8748, stack(0x00000042ece00000,0x00000042ecf00000)]
  0x00000203da028800 JavaThread "C1 CompilerThread0" daemon [_thread_blocked, id=6820, stack(0x00000042ecf00000,0x00000042ed000000)]
  0x00000203da02c000 JavaThread "Sweeper thread" daemon [_thread_blocked, id=13884, stack(0x00000042ed000000,0x00000042ed100000)]
  0x00000203da08b800 JavaThread "Common-Cleaner" daemon [_thread_blocked, id=6844, stack(0x00000042ed100000,0x00000042ed200000)]
  0x00000203db537800 JavaThread "Daemon health stats" [_thread_blocked, id=6220, stack(0x00000042ed400000,0x00000042ed500000)]
  0x00000203dba18000 JavaThread "Incoming local TCP Connector on port 58572" [_thread_in_native, id=2260, stack(0x00000042ed500000,0x00000042ed600000)]
  0x00000203db5d9800 JavaThread "Daemon periodic checks" [_thread_blocked, id=11624, stack(0x00000042ed600000,0x00000042ed700000)]
  0x00000203db0bf000 JavaThread "Daemon" [_thread_blocked, id=2672, stack(0x00000042ed700000,0x00000042ed800000)]
  0x00000203db7fd800 JavaThread "Handler for socket connection from /127.0.0.1:58572 to /127.0.0.1:58573" [_thread_in_native, id=9572, stack(0x00000042ed800000,0x00000042ed900000)]
  0x00000203db107000 JavaThread "Cancel handler" [_thread_blocked, id=12448, stack(0x00000042ed900000,0x00000042eda00000)]
  0x00000203da0ae000 JavaThread "Daemon worker" [_thread_blocked, id=13680, stack(0x00000042eda00000,0x00000042edb00000)]
  0x00000203db03d800 JavaThread "Asynchronous log dispatcher for DefaultDaemonConnection: socket connection from /127.0.0.1:58572 to /127.0.0.1:58573" [_thread_blocked, id=3980, stack(0x00000042edb00000,0x00000042edc00000)]
  0x00000203dae06000 JavaThread "Stdin handler" [_thread_blocked, id=5412, stack(0x00000042edc00000,0x00000042edd00000)]
  0x00000203daa59000 JavaThread "Daemon client event forwarder" [_thread_blocked, id=13400, stack(0x00000042edd00000,0x00000042ede00000)]
  0x00000203daa5a000 JavaThread "Cache worker for journal cache (C:\Users\Maste\.gradle\caches\journal-1)" [_thread_blocked, id=9224, stack(0x00000042ede00000,0x00000042edf00000)]
  0x00000203daa5b800 JavaThread "File lock request listener" [_thread_in_native, id=8296, stack(0x00000042edf00000,0x00000042ee000000)]
  0x00000203daa5d800 JavaThread "Cache worker for file hash cache (C:\Users\Maste\.gradle\caches\7.3.3\fileHashes)" [_thread_blocked, id=7336, stack(0x00000042ee000000,0x00000042ee100000)]
  0x00000203daa5c800 JavaThread "Cache worker for file hash cache (E:\Paper\AndroidStudioProjects\FilterDemo\.gradle\7.3.3\fileHashes)" [_thread_blocked, id=13216, stack(0x00000042ee100000,0x00000042ee200000)]
  0x00000203daa5e000 JavaThread "File watcher server" daemon [_thread_in_native, id=11004, stack(0x00000042ee200000,0x00000042ee300000)]
  0x00000203daa58800 JavaThread "File watcher consumer" daemon [_thread_blocked, id=12000, stack(0x00000042ee300000,0x00000042ee400000)]
  0x00000203daa5f000 JavaThread "jar transforms" [_thread_blocked, id=13964, stack(0x00000042ee400000,0x00000042ee500000)]
  0x00000203daa5b000 JavaThread "jar transforms Thread 2" [_thread_blocked, id=7612, stack(0x00000042ee500000,0x00000042ee600000)]
  0x00000203dde9b000 JavaThread "Cache worker for checksums cache (E:\Paper\AndroidStudioProjects\FilterDemo\.gradle\7.3.3\checksums)" [_thread_blocked, id=3912, stack(0x00000042ee600000,0x00000042ee700000)]
  0x00000203dde97800 JavaThread "Cache worker for cache directory md-supplier (C:\Users\Maste\.gradle\caches\7.3.3\md-supplier)" [_thread_blocked, id=9944, stack(0x00000042ee700000,0x00000042ee800000)]
  0x00000203dde97000 JavaThread "Cache worker for cache directory md-rule (C:\Users\Maste\.gradle\caches\7.3.3\md-rule)" [_thread_blocked, id=12464, stack(0x00000042ee800000,0x00000042ee900000)]
  0x00000203dde9b800 JavaThread "Cache worker for execution history cache (C:\Users\Maste\.gradle\caches\7.3.3\executionHistory)" [_thread_blocked, id=12272, stack(0x00000042ee900000,0x00000042eea00000)]
  0x00000203dde9e000 JavaThread "Cache worker for file content cache (C:\Users\Maste\.gradle\caches\7.3.3\fileContent)" [_thread_blocked, id=12692, stack(0x00000042eea00000,0x00000042eeb00000)]
  0x00000203dde98800 JavaThread "Cache worker for dependencies-accessors (E:\Paper\AndroidStudioProjects\FilterDemo\.gradle\7.3.3\dependencies-accessors)" [_thread_blocked, id=5040, stack(0x00000042eeb00000,0x00000042eec00000)]
  0x00000203ddea0000 JavaThread "Cache worker for Build Output Cleanup Cache (E:\Paper\AndroidStudioProjects\FilterDemo\.gradle\buildOutputCleanup)" [_thread_blocked, id=12688, stack(0x00000042eec00000,0x00000042eed00000)]
  0x00000203ddea0800 JavaThread "Unconstrained build operations" [_thread_blocked, id=7156, stack(0x00000042eed00000,0x00000042eee00000)]
  0x00000203ddea2000 JavaThread "Unconstrained build operations Thread 2" [_thread_blocked, id=11928, stack(0x00000042eee00000,0x00000042eef00000)]
  0x00000203dde9f000 JavaThread "Unconstrained build operations Thread 3" [_thread_blocked, id=14104, stack(0x00000042eef00000,0x00000042ef000000)]
  0x00000203dde9c800 JavaThread "Unconstrained build operations Thread 4" [_thread_blocked, id=4572, stack(0x00000042ef000000,0x00000042ef100000)]
  0x00000203ddea1800 JavaThread "Unconstrained build operations Thread 5" [_thread_blocked, id=11476, stack(0x00000042ef100000,0x00000042ef200000)]
  0x00000203ddea3000 JavaThread "Unconstrained build operations Thread 6" [_thread_blocked, id=13324, stack(0x00000042ef200000,0x00000042ef300000)]
  0x00000203ddea4000 JavaThread "Unconstrained build operations Thread 7" [_thread_blocked, id=10964, stack(0x00000042ef300000,0x00000042ef400000)]
  0x00000203ddea4800 JavaThread "Unconstrained build operations Thread 8" [_thread_blocked, id=7996, stack(0x00000042ef400000,0x00000042ef500000)]
  0x00000203ddfb4000 JavaThread "Unconstrained build operations Thread 9" [_thread_blocked, id=6976, stack(0x00000042ef500000,0x00000042ef600000)]
  0x00000203ddfb8800 JavaThread "Unconstrained build operations Thread 10" [_thread_blocked, id=12312, stack(0x00000042ef600000,0x00000042ef700000)]
  0x00000203ddfb4800 JavaThread "Unconstrained build operations Thread 11" [_thread_blocked, id=12760, stack(0x00000042ef700000,0x00000042ef800000)]
  0x00000203ddfb5800 JavaThread "Unconstrained build operations Thread 12" [_thread_blocked, id=7180, stack(0x00000042ef800000,0x00000042ef900000)]
  0x00000203ddfb8000 JavaThread "Unconstrained build operations Thread 13" [_thread_blocked, id=880, stack(0x00000042ef900000,0x00000042efa00000)]
  0x00000203ddfb6800 JavaThread "Unconstrained build operations Thread 14" [_thread_blocked, id=7420, stack(0x00000042efa00000,0x00000042efb00000)]
  0x00000203ddfb7000 JavaThread "Unconstrained build operations Thread 15" [_thread_blocked, id=6884, stack(0x00000042efb00000,0x00000042efc00000)]
  0x00000203ddfb3000 JavaThread "Unconstrained build operations Thread 16" [_thread_blocked, id=4040, stack(0x00000042efc00000,0x00000042efd00000)]
  0x00000203ddfbd000 JavaThread "Unconstrained build operations Thread 17" [_thread_blocked, id=6344, stack(0x00000042efd00000,0x00000042efe00000)]
  0x00000203ddfbc000 JavaThread "Unconstrained build operations Thread 18" [_thread_blocked, id=8348, stack(0x00000042efe00000,0x00000042eff00000)]
  0x00000203ddfba800 JavaThread "Unconstrained build operations Thread 19" [_thread_blocked, id=13824, stack(0x00000042eff00000,0x00000042f0000000)]
  0x00000203ddfbf800 JavaThread "Unconstrained build operations Thread 20" [_thread_blocked, id=9784, stack(0x00000042f0000000,0x00000042f0100000)]
  0x00000203ddfb9800 JavaThread "Memory manager" [_thread_blocked, id=12096, stack(0x00000042f0100000,0x00000042f0200000)]
  0x00000203ddfc1000 JavaThread "Cache worker for execution history cache (E:\Paper\AndroidStudioProjects\FilterDemo\.gradle\7.3.3\executionHistory)" [_thread_blocked, id=7396, stack(0x00000042f0300000,0x00000042f0400000)]

Other Threads:
=>0x00000203d964c800 VMThread "VM Thread" [stack: 0x00000042ec800000,0x00000042ec900000] [id=6508]
  0x00000203da096000 WatcherThread [stack: 0x00000042ed200000,0x00000042ed300000] [id=7424]
  0x00000203bffc7000 GCTaskThread "GC Thread#0" [stack: 0x00000042ec300000,0x00000042ec400000] [id=1200]
  0x00000203da305000 GCTaskThread "GC Thread#1" [stack: 0x00000042ed300000,0x00000042ed400000] [id=10536]
  0x00000203bfff8000 ConcurrentGCThread "G1 Main Marker" [stack: 0x00000042ec400000,0x00000042ec500000] [id=5516]
  0x00000203bfffa800 ConcurrentGCThread "G1 Conc#0" [stack: 0x00000042ec500000,0x00000042ec600000] [id=10720]
  0x00000203c004a000 ConcurrentGCThread "G1 Refine#0" [stack: 0x00000042ec600000,0x00000042ec700000] [id=2752]
  0x00000203c004b000 ConcurrentGCThread "G1 Young RemSet Sampling" [stack: 0x00000042ec700000,0x00000042ec800000] [id=12812]

Threads with active compile tasks:
C2 CompilerThread0  37304 9632       4       org.gradle.cache.internal.btree.CachingBlockStore::read (56 bytes)

VM state:at safepoint (normal execution)

VM Mutex/Monitor currently owned by a thread:  ([mutex/lock_event])
[0x00000203bffa9950] Threads_lock - owner thread: 0x00000203d964c800
[0x00000203bffa9440] Heap_lock - owner thread: 0x00000203daa5d800

Heap address: 0x0000000080000000, size: 2048 MB, Compressed Oops mode: 32-bit
Narrow klass base: 0x0000000000000000, Narrow klass shift: 3
Compressed class space size: 1073741824 Address: 0x0000000100000000

Heap:
 garbage-first heap   total 261120K, used 117852K [0x0000000080000000, 0x0000000100000000)
  region size 1024K, 7 young (7168K), 7 survivors (7168K)
 Metaspace       used 94232K, capacity 96529K, committed 96768K, reserved 1132544K
  class space    used 12139K, capacity 12987K, committed 13056K, reserved 1048576K
Heap Regions: E=young(eden), S=young(survivor), O=old, HS=humongous(starts), HC=humongous(continues), CS=collection set, F=free, A=archive, TAMS=top-at-mark-start (previous, next)
|   0|0x0000000080000000, 0x0000000080100000, 0x0000000080100000|100%| O|  |TAMS 0x0000000080100000, 0x0000000080000000| Untracked 
|   1|0x0000000080100000, 0x0000000080200000, 0x0000000080200000|100%| O|  |TAMS 0x0000000080200000, 0x0000000080100000| Untracked 
|   2|0x0000000080200000, 0x0000000080300000, 0x0000000080300000|100%| O|  |TAMS 0x0000000080300000, 0x0000000080200000| Untracked 
|   3|0x0000000080300000, 0x0000000080400000, 0x0000000080400000|100%| O|  |TAMS 0x0000000080400000, 0x0000000080300000| Untracked 
|   4|0x0000000080400000, 0x0000000080500000, 0x0000000080500000|100%|HS|  |TAMS 0x0000000080500000, 0x0000000080400000| Complete 
|   5|0x0000000080500000, 0x0000000080600000, 0x0000000080600000|100%|HC|  |TAMS 0x0000000080600000, 0x0000000080500000| Complete 
|   6|0x0000000080600000, 0x0000000080700000, 0x0000000080700000|100%|HC|  |TAMS 0x0000000080700000, 0x0000000080600000| Complete 
|   7|0x0000000080700000, 0x0000000080800000, 0x0000000080800000|100%| O|  |TAMS 0x0000000080800000, 0x0000000080700000| Untracked 
|   8|0x0000000080800000, 0x0000000080900000, 0x0000000080900000|100%| O|  |TAMS 0x0000000080900000, 0x0000000080800000| Untracked 
|   9|0x0000000080900000, 0x0000000080a00000, 0x0000000080a00000|100%| O|  |TAMS 0x0000000080a00000, 0x0000000080900000| Untracked 
|  10|0x0000000080a00000, 0x0000000080b00000, 0x0000000080b00000|100%| O|  |TAMS 0x0000000080b00000, 0x0000000080a00000| Untracked 
|  11|0x0000000080b00000, 0x0000000080c00000, 0x0000000080c00000|100%| O|  |TAMS 0x0000000080c00000, 0x0000000080b00000| Untracked 
|  12|0x0000000080c00000, 0x0000000080d00000, 0x0000000080d00000|100%| O|  |TAMS 0x0000000080d00000, 0x0000000080c00000| Untracked 
|  13|0x0000000080d00000, 0x0000000080e00000, 0x0000000080e00000|100%| O|  |TAMS 0x0000000080e00000, 0x0000000080d00000| Untracked 
|  14|0x0000000080e00000, 0x0000000080f00000, 0x0000000080f00000|100%| O|  |TAMS 0x0000000080f00000, 0x0000000080e00000| Untracked 
|  15|0x0000000080f00000, 0x0000000081000000, 0x0000000081000000|100%| O|  |TAMS 0x0000000081000000, 0x0000000080f00000| Untracked 
|  16|0x0000000081000000, 0x0000000081100000, 0x0000000081100000|100%| O|  |TAMS 0x0000000081100000, 0x0000000081000000| Untracked 
|  17|0x0000000081100000, 0x0000000081200000, 0x0000000081200000|100%|HS|  |TAMS 0x0000000081200000, 0x0000000081100000| Complete 
|  18|0x0000000081200000, 0x0000000081300000, 0x0000000081300000|100%|HC|  |TAMS 0x0000000081300000, 0x0000000081200000| Complete 
|  19|0x0000000081300000, 0x0000000081400000, 0x0000000081400000|100%|HS|  |TAMS 0x0000000081400000, 0x0000000081300000| Complete 
|  20|0x0000000081400000, 0x0000000081500000, 0x0000000081500000|100%|HC|  |TAMS 0x0000000081500000, 0x0000000081400000| Complete 
|  21|0x0000000081500000, 0x0000000081600000, 0x0000000081600000|100%|HC|  |TAMS 0x0000000081600000, 0x0000000081500000| Complete 
|  22|0x0000000081600000, 0x0000000081700000, 0x0000000081700000|100%|HS|  |TAMS 0x0000000081700000, 0x0000000081600000| Complete 
|  23|0x0000000081700000, 0x0000000081800000, 0x0000000081800000|100%|HS|  |TAMS 0x0000000081800000, 0x0000000081700000| Complete 
|  24|0x0000000081800000, 0x0000000081900000, 0x0000000081900000|100%|HC|  |TAMS 0x0000000081900000, 0x0000000081800000| Complete 
|  25|0x0000000081900000, 0x0000000081a00000, 0x0000000081a00000|100%|HC|  |TAMS 0x0000000081a00000, 0x0000000081900000| Complete 
|  26|0x0000000081a00000, 0x0000000081b00000, 0x0000000081b00000|100%|HC|  |TAMS 0x0000000081b00000, 0x0000000081a00000| Complete 
|  27|0x0000000081b00000, 0x0000000081c00000, 0x0000000081c00000|100%| O|  |TAMS 0x0000000081c00000, 0x0000000081b00000| Untracked 
|  28|0x0000000081c00000, 0x0000000081d00000, 0x0000000081d00000|100%| O|  |TAMS 0x0000000081d00000, 0x0000000081c00000| Untracked 
|  29|0x0000000081d00000, 0x0000000081e00000, 0x0000000081e00000|100%| O|  |TAMS 0x0000000081e00000, 0x0000000081d00000| Untracked 
|  30|0x0000000081e00000, 0x0000000081f00000, 0x0000000081f00000|100%| O|  |TAMS 0x0000000081f00000, 0x0000000081e00000| Untracked 
|  31|0x0000000081f00000, 0x0000000082000000, 0x0000000082000000|100%| O|  |TAMS 0x0000000082000000, 0x0000000081f00000| Untracked 
|  32|0x0000000082000000, 0x0000000082100000, 0x0000000082100000|100%| O|  |TAMS 0x0000000082100000, 0x0000000082000000| Untracked 
|  33|0x0000000082100000, 0x0000000082200000, 0x0000000082200000|100%| O|  |TAMS 0x0000000082200000, 0x0000000082100000| Untracked 
|  34|0x0000000082200000, 0x0000000082300000, 0x0000000082300000|100%| O|  |TAMS 0x0000000082300000, 0x0000000082200000| Untracked 
|  35|0x0000000082300000, 0x0000000082400000, 0x0000000082400000|100%| O|  |TAMS 0x0000000082400000, 0x0000000082300000| Untracked 
|  36|0x0000000082400000, 0x0000000082500000, 0x0000000082500000|100%| O|  |TAMS 0x0000000082500000, 0x0000000082400000| Untracked 
|  37|0x0000000082500000, 0x0000000082600000, 0x0000000082600000|100%| O|  |TAMS 0x0000000082600000, 0x0000000082500000| Untracked 
|  38|0x0000000082600000, 0x0000000082700000, 0x0000000082700000|100%| O|  |TAMS 0x0000000082700000, 0x0000000082600000| Untracked 
|  39|0x0000000082700000, 0x0000000082800000, 0x0000000082800000|100%|HS|  |TAMS 0x0000000082800000, 0x0000000082700000| Complete 
|  40|0x0000000082800000, 0x0000000082900000, 0x0000000082900000|100%| O|  |TAMS 0x0000000082900000, 0x0000000082800000| Untracked 
|  41|0x0000000082900000, 0x0000000082a00000, 0x0000000082a00000|100%| O|  |TAMS 0x0000000082a00000, 0x0000000082900000| Untracked 
|  42|0x0000000082a00000, 0x0000000082b00000, 0x0000000082b00000|100%| O|  |TAMS 0x0000000082b00000, 0x0000000082a00000| Untracked 
|  43|0x0000000082b00000, 0x0000000082c00000, 0x0000000082c00000|100%|HS|  |TAMS 0x0000000082c00000, 0x0000000082b00000| Complete 
|  44|0x0000000082c00000, 0x0000000082d00000, 0x0000000082d00000|100%|HC|  |TAMS 0x0000000082d00000, 0x0000000082c00000| Complete 
|  45|0x0000000082d00000, 0x0000000082e00000, 0x0000000082e00000|100%|HC|  |TAMS 0x0000000082e00000, 0x0000000082d00000| Complete 
|  46|0x0000000082e00000, 0x0000000082f00000, 0x0000000082f00000|100%| O|  |TAMS 0x0000000082f00000, 0x0000000082e00000| Untracked 
|  47|0x0000000082f00000, 0x0000000083000000, 0x0000000083000000|100%| O|  |TAMS 0x0000000083000000, 0x0000000082f00000| Untracked 
|  48|0x0000000083000000, 0x0000000083100000, 0x0000000083100000|100%| O|  |TAMS 0x0000000083100000, 0x0000000083000000| Untracked 
|  49|0x0000000083100000, 0x0000000083200000, 0x0000000083200000|100%| O|  |TAMS 0x0000000083200000, 0x0000000083100000| Untracked 
|  50|0x0000000083200000, 0x0000000083300000, 0x0000000083300000|100%|HS|  |TAMS 0x0000000083300000, 0x0000000083200000| Complete 
|  51|0x0000000083300000, 0x0000000083400000, 0x0000000083400000|100%|HC|  |TAMS 0x0000000083400000, 0x0000000083300000| Complete 
|  52|0x0000000083400000, 0x0000000083500000, 0x0000000083500000|100%|HC|  |TAMS 0x0000000083500000, 0x0000000083400000| Complete 
|  53|0x0000000083500000, 0x0000000083600000, 0x0000000083600000|100%|HC|  |TAMS 0x0000000083600000, 0x0000000083500000| Complete 
|  54|0x0000000083600000, 0x0000000083700000, 0x0000000083700000|100%| O|  |TAMS 0x0000000083700000, 0x0000000083600000| Untracked 
|  55|0x0000000083700000, 0x0000000083800000, 0x0000000083800000|100%| O|  |TAMS 0x0000000083800000, 0x0000000083700000| Untracked 
|  56|0x0000000083800000, 0x0000000083900000, 0x0000000083900000|100%| O|  |TAMS 0x0000000083900000, 0x0000000083800000| Untracked 
|  57|0x0000000083900000, 0x0000000083a00000, 0x0000000083a00000|100%| O|  |TAMS 0x0000000083a00000, 0x0000000083900000| Untracked 
|  58|0x0000000083a00000, 0x0000000083b00000, 0x0000000083b00000|100%|HS|  |TAMS 0x0000000083b00000, 0x0000000083a00000| Complete 
|  59|0x0000000083b00000, 0x0000000083c00000, 0x0000000083c00000|100%|HS|  |TAMS 0x0000000083c00000, 0x0000000083b00000| Complete 
|  60|0x0000000083c00000, 0x0000000083d00000, 0x0000000083d00000|100%|HS|  |TAMS 0x0000000083d00000, 0x0000000083c00000| Complete 
|  61|0x0000000083d00000, 0x0000000083e00000, 0x0000000083e00000|100%|HS|  |TAMS 0x0000000083e00000, 0x0000000083d00000| Complete 
|  62|0x0000000083e00000, 0x0000000083f00000, 0x0000000083f00000|100%|HC|  |TAMS 0x0000000083f00000, 0x0000000083e00000| Complete 
|  63|0x0000000083f00000, 0x0000000084000000, 0x0000000084000000|100%|HC|  |TAMS 0x0000000084000000, 0x0000000083f00000| Complete 
|  64|0x0000000084000000, 0x0000000084100000, 0x0000000084100000|100%|HS|  |TAMS 0x0000000084100000, 0x0000000084000000| Complete 
|  65|0x0000000084100000, 0x0000000084200000, 0x0000000084200000|100%|HC|  |TAMS 0x0000000084200000, 0x0000000084100000| Complete 
|  66|0x0000000084200000, 0x0000000084300000, 0x0000000084300000|100%| O|  |TAMS 0x0000000084300000, 0x0000000084200000| Untracked 
|  67|0x0000000084300000, 0x0000000084400000, 0x0000000084400000|100%| O|  |TAMS 0x0000000084400000, 0x0000000084300000| Untracked 
|  68|0x0000000084400000, 0x0000000084500000, 0x0000000084500000|100%| O|  |TAMS 0x0000000084500000, 0x0000000084400000| Untracked 
|  69|0x0000000084500000, 0x0000000084600000, 0x0000000084600000|100%| O|  |TAMS 0x0000000084600000, 0x0000000084500000| Untracked 
|  70|0x0000000084600000, 0x0000000084700000, 0x0000000084700000|100%| O|  |TAMS 0x0000000084700000, 0x0000000084600000| Untracked 
|  71|0x0000000084700000, 0x0000000084800000, 0x0000000084800000|100%| O|  |TAMS 0x0000000084800000, 0x0000000084700000| Untracked 
|  72|0x0000000084800000, 0x0000000084900000, 0x0000000084900000|100%| O|  |TAMS 0x0000000084900000, 0x0000000084800000| Untracked 
|  73|0x0000000084900000, 0x0000000084a00000, 0x0000000084a00000|100%| O|  |TAMS 0x0000000084a00000, 0x0000000084900000| Untracked 
|  74|0x0000000084a00000, 0x0000000084b00000, 0x0000000084b00000|100%| O|  |TAMS 0x0000000084b00000, 0x0000000084a00000| Untracked 
|  75|0x0000000084b00000, 0x0000000084c00000, 0x0000000084c00000|100%| O|  |TAMS 0x0000000084c00000, 0x0000000084b00000| Untracked 
|  76|0x0000000084c00000, 0x0000000084d00000, 0x0000000084d00000|100%| O|  |TAMS 0x0000000084d00000, 0x0000000084c00000| Untracked 
|  77|0x0000000084d00000, 0x0000000084e00000, 0x0000000084e00000|100%| O|  |TAMS 0x0000000084e00000, 0x0000000084d00000| Untracked 
|  78|0x0000000084e00000, 0x0000000084f00000, 0x0000000084f00000|100%| O|  |TAMS 0x0000000084f00000, 0x0000000084e00000| Untracked 
|  79|0x0000000084f00000, 0x0000000085000000, 0x0000000085000000|100%| O|  |TAMS 0x0000000085000000, 0x0000000084f00000| Untracked 
|  80|0x0000000085000000, 0x0000000085100000, 0x0000000085100000|100%| O|  |TAMS 0x0000000085100000, 0x0000000085000000| Untracked 
|  81|0x0000000085100000, 0x0000000085200000, 0x0000000085200000|100%| O|  |TAMS 0x0000000085200000, 0x0000000085100000| Untracked 
|  82|0x0000000085200000, 0x0000000085300000, 0x0000000085300000|100%| O|  |TAMS 0x0000000085300000, 0x0000000085200000| Untracked 
|  83|0x0000000085300000, 0x0000000085400000, 0x0000000085400000|100%| O|  |TAMS 0x0000000085400000, 0x0000000085300000| Untracked 
|  84|0x0000000085400000, 0x0000000085500000, 0x0000000085500000|100%| O|  |TAMS 0x0000000085500000, 0x0000000085400000| Untracked 
|  85|0x0000000085500000, 0x0000000085600000, 0x0000000085600000|100%| O|  |TAMS 0x0000000085600000, 0x0000000085500000| Untracked 
|  86|0x0000000085600000, 0x0000000085700000, 0x0000000085700000|100%| O|  |TAMS 0x0000000085700000, 0x0000000085600000| Untracked 
|  87|0x0000000085700000, 0x0000000085800000, 0x0000000085800000|100%| O|  |TAMS 0x0000000085800000, 0x0000000085700000| Untracked 
|  88|0x0000000085800000, 0x0000000085900000, 0x0000000085900000|100%|HS|  |TAMS 0x0000000085900000, 0x0000000085800000| Complete 
|  89|0x0000000085900000, 0x0000000085a00000, 0x0000000085a00000|100%|HC|  |TAMS 0x0000000085a00000, 0x0000000085900000| Complete 
|  90|0x0000000085a00000, 0x0000000085b00000, 0x0000000085b00000|100%|HS|  |TAMS 0x0000000085b00000, 0x0000000085a00000| Complete 
|  91|0x0000000085b00000, 0x0000000085c00000, 0x0000000085c00000|100%|HC|  |TAMS 0x0000000085c00000, 0x0000000085b00000| Complete 
|  92|0x0000000085c00000, 0x0000000085d00000, 0x0000000085d00000|100%|HC|  |TAMS 0x0000000085d00000, 0x0000000085c00000| Complete 
|  93|0x0000000085d00000, 0x0000000085e00000, 0x0000000085e00000|100%|HS|  |TAMS 0x0000000085e00000, 0x0000000085d00000| Complete 
|  94|0x0000000085e00000, 0x0000000085f00000, 0x0000000085f00000|100%|HS|  |TAMS 0x0000000085f00000, 0x0000000085e00000| Complete 
|  95|0x0000000085f00000, 0x0000000086000000, 0x0000000086000000|100%|HC|  |TAMS 0x0000000086000000, 0x0000000085f00000| Complete 
|  96|0x0000000086000000, 0x0000000086100000, 0x0000000086100000|100%|HC|  |TAMS 0x0000000086100000, 0x0000000086000000| Complete 
|  97|0x0000000086100000, 0x0000000086200000, 0x0000000086200000|100%|HC|  |TAMS 0x0000000086200000, 0x0000000086100000| Complete 
|  98|0x0000000086200000, 0x0000000086300000, 0x0000000086300000|100%| O|  |TAMS 0x0000000086300000, 0x0000000086200000| Untracked 
|  99|0x0000000086300000, 0x0000000086400000, 0x0000000086400000|100%| O|  |TAMS 0x0000000086400000, 0x0000000086300000| Untracked 
| 100|0x0000000086400000, 0x0000000086500000, 0x0000000086500000|100%| O|  |TAMS 0x0000000086500000, 0x0000000086400000| Untracked 
| 101|0x0000000086500000, 0x0000000086600000, 0x0000000086600000|100%| O|  |TAMS 0x0000000086600000, 0x0000000086500000| Untracked 
| 102|0x0000000086600000, 0x0000000086700000, 0x0000000086700000|100%| O|  |TAMS 0x0000000086700000, 0x0000000086600000| Untracked 
| 103|0x0000000086700000, 0x0000000086800000, 0x0000000086800000|100%| O|  |TAMS 0x0000000086800000, 0x0000000086700000| Untracked 
| 104|0x0000000086800000, 0x0000000086900000, 0x0000000086900000|100%| O|  |TAMS 0x0000000086900000, 0x0000000086800000| Untracked 
| 105|0x0000000086900000, 0x0000000086a00000, 0x0000000086a00000|100%| O|  |TAMS 0x0000000086a00000, 0x0000000086900000| Untracked 
| 106|0x0000000086a00000, 0x0000000086b00000, 0x0000000086b00000|100%| O|  |TAMS 0x0000000086a00000, 0x0000000086a00000| Untracked 
| 107|0x0000000086b00000, 0x0000000086c00000, 0x0000000086c00000|100%| O|  |TAMS 0x0000000086b00000, 0x0000000086b00000| Untracked 
| 108|0x0000000086c00000, 0x0000000086c17200, 0x0000000086d00000|  9%| O|  |TAMS 0x0000000086c00000, 0x0000000086c00000| Untracked 
| 109|0x0000000086d00000, 0x0000000086d00000, 0x0000000086e00000|  0%| F|  |TAMS 0x0000000086d00000, 0x0000000086d00000| Untracked 
| 110|0x0000000086e00000, 0x0000000086e00000, 0x0000000086f00000|  0%| F|  |TAMS 0x0000000086e00000, 0x0000000086e00000| Untracked 
| 111|0x0000000086f00000, 0x0000000086f00000, 0x0000000087000000|  0%| F|  |TAMS 0x0000000086f00000, 0x0000000086f00000| Untracked 
| 112|0x0000000087000000, 0x0000000087000000, 0x0000000087100000|  0%| F|  |TAMS 0x0000000087000000, 0x0000000087000000| Untracked 
| 113|0x0000000087100000, 0x0000000087100000, 0x0000000087200000|  0%| F|  |TAMS 0x0000000087100000, 0x0000000087100000| Untracked 
| 114|0x0000000087200000, 0x0000000087200000, 0x0000000087300000|  0%| F|  |TAMS 0x0000000087200000, 0x0000000087200000| Untracked 
| 115|0x0000000087300000, 0x0000000087300000, 0x0000000087400000|  0%| F|  |TAMS 0x0000000087300000, 0x0000000087300000| Untracked 
| 116|0x0000000087400000, 0x0000000087400000, 0x0000000087500000|  0%| F|  |TAMS 0x0000000087400000, 0x0000000087400000| Untracked 
| 117|0x0000000087500000, 0x0000000087500000, 0x0000000087600000|  0%| F|  |TAMS 0x0000000087500000, 0x0000000087500000| Untracked 
| 118|0x0000000087600000, 0x0000000087600000, 0x0000000087700000|  0%| F|  |TAMS 0x0000000087600000, 0x0000000087600000| Untracked 
| 119|0x0000000087700000, 0x0000000087700000, 0x0000000087800000|  0%| F|  |TAMS 0x0000000087700000, 0x0000000087700000| Untracked 
| 120|0x0000000087800000, 0x0000000087800000, 0x0000000087900000|  0%| F|  |TAMS 0x0000000087800000, 0x0000000087800000| Untracked 
| 121|0x0000000087900000, 0x0000000087900000, 0x0000000087a00000|  0%| F|  |TAMS 0x0000000087900000, 0x0000000087900000| Untracked 
| 122|0x0000000087a00000, 0x0000000087a00000, 0x0000000087b00000|  0%| F|  |TAMS 0x0000000087a00000, 0x0000000087a00000| Untracked 
| 123|0x0000000087b00000, 0x0000000087b00000, 0x0000000087c00000|  0%| F|  |TAMS 0x0000000087b00000, 0x0000000087b00000| Untracked 
| 124|0x0000000087c00000, 0x0000000087c00000, 0x0000000087d00000|  0%| F|  |TAMS 0x0000000087c00000, 0x0000000087c00000| Untracked 
| 125|0x0000000087d00000, 0x0000000087d00000, 0x0000000087e00000|  0%| F|  |TAMS 0x0000000087d00000, 0x0000000087d00000| Untracked 
| 126|0x0000000087e00000, 0x0000000087e00000, 0x0000000087f00000|  0%| F|  |TAMS 0x0000000087e00000, 0x0000000087e00000| Untracked 
| 127|0x0000000087f00000, 0x0000000087f00000, 0x0000000088000000|  0%| F|  |TAMS 0x0000000087f00000, 0x0000000087f00000| Untracked 
| 128|0x0000000088000000, 0x0000000088000000, 0x0000000088100000|  0%| F|  |TAMS 0x0000000088000000, 0x0000000088000000| Untracked 
| 129|0x0000000088100000, 0x0000000088100000, 0x0000000088200000|  0%| F|  |TAMS 0x0000000088100000, 0x0000000088100000| Untracked 
| 130|0x0000000088200000, 0x0000000088200000, 0x0000000088300000|  0%| F|  |TAMS 0x0000000088200000, 0x0000000088200000| Untracked 
| 131|0x0000000088300000, 0x0000000088300000, 0x0000000088400000|  0%| F|  |TAMS 0x0000000088300000, 0x0000000088300000| Untracked 
| 132|0x0000000088400000, 0x0000000088400000, 0x0000000088500000|  0%| F|  |TAMS 0x0000000088400000, 0x0000000088400000| Untracked 
| 133|0x0000000088500000, 0x0000000088500000, 0x0000000088600000|  0%| F|  |TAMS 0x0000000088500000, 0x0000000088500000| Untracked 
| 134|0x0000000088600000, 0x0000000088600000, 0x0000000088700000|  0%| F|  |TAMS 0x0000000088600000, 0x0000000088600000| Untracked 
| 135|0x0000000088700000, 0x0000000088700000, 0x0000000088800000|  0%| F|  |TAMS 0x0000000088700000, 0x0000000088700000| Untracked 
| 136|0x0000000088800000, 0x0000000088800000, 0x0000000088900000|  0%| F|  |TAMS 0x0000000088800000, 0x0000000088800000| Untracked 
| 137|0x0000000088900000, 0x0000000088900000, 0x0000000088a00000|  0%| F|  |TAMS 0x0000000088900000, 0x0000000088900000| Untracked 
| 138|0x0000000088a00000, 0x0000000088a00000, 0x0000000088b00000|  0%| F|  |TAMS 0x0000000088a00000, 0x0000000088a00000| Untracked 
| 139|0x0000000088b00000, 0x0000000088b00000, 0x0000000088c00000|  0%| F|  |TAMS 0x0000000088b00000, 0x0000000088b00000| Untracked 
| 140|0x0000000088c00000, 0x0000000088c00000, 0x0000000088d00000|  0%| F|  |TAMS 0x0000000088c00000, 0x0000000088c00000| Untracked 
| 141|0x0000000088d00000, 0x0000000088d00000, 0x0000000088e00000|  0%| F|  |TAMS 0x0000000088d00000, 0x0000000088d00000| Untracked 
| 142|0x0000000088e00000, 0x0000000088e00000, 0x0000000088f00000|  0%| F|  |TAMS 0x0000000088e00000, 0x0000000088e00000| Untracked 
| 143|0x0000000088f00000, 0x0000000088f00000, 0x0000000089000000|  0%| F|  |TAMS 0x0000000088f00000, 0x0000000088f00000| Untracked 
| 144|0x0000000089000000, 0x0000000089000000, 0x0000000089100000|  0%| F|  |TAMS 0x0000000089000000, 0x0000000089000000| Untracked 
| 145|0x0000000089100000, 0x0000000089100000, 0x0000000089200000|  0%| F|  |TAMS 0x0000000089100000, 0x0000000089100000| Untracked 
| 146|0x0000000089200000, 0x0000000089200000, 0x0000000089300000|  0%| F|  |TAMS 0x0000000089200000, 0x0000000089200000| Untracked 
| 147|0x0000000089300000, 0x0000000089300000, 0x0000000089400000|  0%| F|  |TAMS 0x0000000089300000, 0x0000000089300000| Untracked 
| 148|0x0000000089400000, 0x0000000089400000, 0x0000000089500000|  0%| F|  |TAMS 0x0000000089400000, 0x0000000089400000| Untracked 
| 149|0x0000000089500000, 0x0000000089600000, 0x0000000089600000|100%| S|CS|TAMS 0x0000000089500000, 0x0000000089500000| Complete 
| 150|0x0000000089600000, 0x0000000089700000, 0x0000000089700000|100%| S|CS|TAMS 0x0000000089600000, 0x0000000089600000| Complete 
| 151|0x0000000089700000, 0x0000000089800000, 0x0000000089800000|100%| S|CS|TAMS 0x0000000089700000, 0x0000000089700000| Complete 
| 152|0x0000000089800000, 0x0000000089900000, 0x0000000089900000|100%| S|CS|TAMS 0x0000000089800000, 0x0000000089800000| Complete 
| 153|0x0000000089900000, 0x0000000089a00000, 0x0000000089a00000|100%| S|CS|TAMS 0x0000000089900000, 0x0000000089900000| Complete 
| 154|0x0000000089a00000, 0x0000000089b00000, 0x0000000089b00000|100%| S|CS|TAMS 0x0000000089a00000, 0x0000000089a00000| Complete 
| 155|0x0000000089b00000, 0x0000000089c00000, 0x0000000089c00000|100%| S|CS|TAMS 0x0000000089b00000, 0x0000000089b00000| Complete 
| 156|0x0000000089c00000, 0x0000000089c00000, 0x0000000089d00000|  0%| F|  |TAMS 0x0000000089c00000, 0x0000000089c00000| Untracked 
| 157|0x0000000089d00000, 0x0000000089d00000, 0x0000000089e00000|  0%| F|  |TAMS 0x0000000089d00000, 0x0000000089d00000| Untracked 
| 158|0x0000000089e00000, 0x0000000089e00000, 0x0000000089f00000|  0%| F|  |TAMS 0x0000000089e00000, 0x0000000089e00000| Untracked 
| 159|0x0000000089f00000, 0x0000000089f00000, 0x000000008a000000|  0%| F|  |TAMS 0x0000000089f00000, 0x0000000089f00000| Untracked 
| 160|0x000000008a000000, 0x000000008a000000, 0x000000008a100000|  0%| F|  |TAMS 0x000000008a000000, 0x000000008a000000| Untracked 
| 161|0x000000008a100000, 0x000000008a100000, 0x000000008a200000|  0%| F|  |TAMS 0x000000008a100000, 0x000000008a100000| Untracked 
| 162|0x000000008a200000, 0x000000008a200000, 0x000000008a300000|  0%| F|  |TAMS 0x000000008a200000, 0x000000008a200000| Untracked 
| 163|0x000000008a300000, 0x000000008a300000, 0x000000008a400000|  0%| F|  |TAMS 0x000000008a300000, 0x000000008a300000| Untracked 
| 164|0x000000008a400000, 0x000000008a400000, 0x000000008a500000|  0%| F|  |TAMS 0x000000008a400000, 0x000000008a400000| Untracked 
| 165|0x000000008a500000, 0x000000008a500000, 0x000000008a600000|  0%| F|  |TAMS 0x000000008a500000, 0x000000008a500000| Untracked 
| 166|0x000000008a600000, 0x000000008a600000, 0x000000008a700000|  0%| F|  |TAMS 0x000000008a600000, 0x000000008a600000| Untracked 
| 167|0x000000008a700000, 0x000000008a700000, 0x000000008a800000|  0%| F|  |TAMS 0x000000008a700000, 0x000000008a700000| Untracked 
| 168|0x000000008a800000, 0x000000008a800000, 0x000000008a900000|  0%| F|  |TAMS 0x000000008a800000, 0x000000008a800000| Untracked 
| 169|0x000000008a900000, 0x000000008a900000, 0x000000008aa00000|  0%| F|  |TAMS 0x000000008a900000, 0x000000008a900000| Untracked 
| 170|0x000000008aa00000, 0x000000008aa00000, 0x000000008ab00000|  0%| F|  |TAMS 0x000000008aa00000, 0x000000008aa00000| Untracked 
| 171|0x000000008ab00000, 0x000000008ab00000, 0x000000008ac00000|  0%| F|  |TAMS 0x000000008ab00000, 0x000000008ab00000| Untracked 
| 172|0x000000008ac00000, 0x000000008ac00000, 0x000000008ad00000|  0%| F|  |TAMS 0x000000008ac00000, 0x000000008ac00000| Untracked 
| 173|0x000000008ad00000, 0x000000008ad00000, 0x000000008ae00000|  0%| F|  |TAMS 0x000000008ad00000, 0x000000008ad00000| Untracked 
| 174|0x000000008ae00000, 0x000000008ae00000, 0x000000008af00000|  0%| F|  |TAMS 0x000000008ae00000, 0x000000008ae00000| Untracked 
| 175|0x000000008af00000, 0x000000008af00000, 0x000000008b000000|  0%| F|  |TAMS 0x000000008af00000, 0x000000008af00000| Untracked 
| 176|0x000000008b000000, 0x000000008b000000, 0x000000008b100000|  0%| F|  |TAMS 0x000000008b000000, 0x000000008b000000| Untracked 
| 177|0x000000008b100000, 0x000000008b100000, 0x000000008b200000|  0%| F|  |TAMS 0x000000008b100000, 0x000000008b100000| Untracked 
| 178|0x000000008b200000, 0x000000008b200000, 0x000000008b300000|  0%| F|  |TAMS 0x000000008b200000, 0x000000008b200000| Untracked 
| 179|0x000000008b300000, 0x000000008b300000, 0x000000008b400000|  0%| F|  |TAMS 0x000000008b300000, 0x000000008b300000| Untracked 
| 180|0x000000008b400000, 0x000000008b400000, 0x000000008b500000|  0%| F|  |TAMS 0x000000008b400000, 0x000000008b400000| Untracked 
| 181|0x000000008b500000, 0x000000008b500000, 0x000000008b600000|  0%| F|  |TAMS 0x000000008b500000, 0x000000008b500000| Untracked 
| 182|0x000000008b600000, 0x000000008b600000, 0x000000008b700000|  0%| F|  |TAMS 0x000000008b600000, 0x000000008b600000| Untracked 
| 183|0x000000008b700000, 0x000000008b700000, 0x000000008b800000|  0%| F|  |TAMS 0x000000008b700000, 0x000000008b700000| Untracked 
| 184|0x000000008b800000, 0x000000008b800000, 0x000000008b900000|  0%| F|  |TAMS 0x000000008b800000, 0x000000008b800000| Untracked 
| 185|0x000000008b900000, 0x000000008b900000, 0x000000008ba00000|  0%| F|  |TAMS 0x000000008b900000, 0x000000008b900000| Untracked 
| 186|0x000000008ba00000, 0x000000008ba00000, 0x000000008bb00000|  0%| F|  |TAMS 0x000000008ba00000, 0x000000008ba00000| Untracked 
| 187|0x000000008bb00000, 0x000000008bb00000, 0x000000008bc00000|  0%| F|  |TAMS 0x000000008bb00000, 0x000000008bb00000| Untracked 
| 188|0x000000008bc00000, 0x000000008bc00000, 0x000000008bd00000|  0%| F|  |TAMS 0x000000008bc00000, 0x000000008bc00000| Untracked 
| 189|0x000000008bd00000, 0x000000008bd00000, 0x000000008be00000|  0%| F|  |TAMS 0x000000008bd00000, 0x000000008bd00000| Untracked 
| 190|0x000000008be00000, 0x000000008be00000, 0x000000008bf00000|  0%| F|  |TAMS 0x000000008be00000, 0x000000008be00000| Untracked 
| 191|0x000000008bf00000, 0x000000008bf00000, 0x000000008c000000|  0%| F|  |TAMS 0x000000008bf00000, 0x000000008bf00000| Untracked 
| 192|0x000000008c000000, 0x000000008c000000, 0x000000008c100000|  0%| F|  |TAMS 0x000000008c000000, 0x000000008c000000| Untracked 
| 193|0x000000008c100000, 0x000000008c100000, 0x000000008c200000|  0%| F|  |TAMS 0x000000008c100000, 0x000000008c100000| Untracked 
| 194|0x000000008c200000, 0x000000008c200000, 0x000000008c300000|  0%| F|  |TAMS 0x000000008c200000, 0x000000008c200000| Untracked 
| 195|0x000000008c300000, 0x000000008c300000, 0x000000008c400000|  0%| F|  |TAMS 0x000000008c300000, 0x000000008c300000| Untracked 
| 196|0x000000008c400000, 0x000000008c400000, 0x000000008c500000|  0%| F|  |TAMS 0x000000008c400000, 0x000000008c400000| Untracked 
| 197|0x000000008c500000, 0x000000008c500000, 0x000000008c600000|  0%| F|  |TAMS 0x000000008c500000, 0x000000008c500000| Untracked 
| 198|0x000000008c600000, 0x000000008c600000, 0x000000008c700000|  0%| F|  |TAMS 0x000000008c600000, 0x000000008c600000| Untracked 
| 199|0x000000008c700000, 0x000000008c700000, 0x000000008c800000|  0%| F|  |TAMS 0x000000008c700000, 0x000000008c700000| Untracked 
| 200|0x000000008c800000, 0x000000008c800000, 0x000000008c900000|  0%| F|  |TAMS 0x000000008c800000, 0x000000008c800000| Untracked 
| 201|0x000000008c900000, 0x000000008c900000, 0x000000008ca00000|  0%| F|  |TAMS 0x000000008c900000, 0x000000008c900000| Untracked 
| 202|0x000000008ca00000, 0x000000008ca00000, 0x000000008cb00000|  0%| F|  |TAMS 0x000000008ca00000, 0x000000008ca00000| Untracked 
| 203|0x000000008cb00000, 0x000000008cb00000, 0x000000008cc00000|  0%| F|  |TAMS 0x000000008cb00000, 0x000000008cb00000| Untracked 
| 204|0x000000008cc00000, 0x000000008cc00000, 0x000000008cd00000|  0%| F|  |TAMS 0x000000008cc00000, 0x000000008cc00000| Untracked 
| 205|0x000000008cd00000, 0x000000008cd00000, 0x000000008ce00000|  0%| F|  |TAMS 0x000000008cd00000, 0x000000008cd00000| Untracked 
| 206|0x000000008ce00000, 0x000000008ce00000, 0x000000008cf00000|  0%| F|  |TAMS 0x000000008ce00000, 0x000000008ce00000| Untracked 
| 207|0x000000008cf00000, 0x000000008cf00000, 0x000000008d000000|  0%| F|  |TAMS 0x000000008cf00000, 0x000000008cf00000| Untracked 
| 208|0x000000008d000000, 0x000000008d000000, 0x000000008d100000|  0%| F|  |TAMS 0x000000008d000000, 0x000000008d000000| Untracked 
| 209|0x000000008d100000, 0x000000008d100000, 0x000000008d200000|  0%| F|  |TAMS 0x000000008d100000, 0x000000008d100000| Untracked 
| 210|0x000000008d200000, 0x000000008d200000, 0x000000008d300000|  0%| F|  |TAMS 0x000000008d200000, 0x000000008d200000| Untracked 
| 211|0x000000008d300000, 0x000000008d300000, 0x000000008d400000|  0%| F|  |TAMS 0x000000008d300000, 0x000000008d300000| Untracked 

Card table byte_map: [0x00000203d2ac0000,0x00000203d2ec0000] _byte_map_base: 0x00000203d26c0000

Marking Bits (Prev, Next): (CMBitMap*) 0x00000203bffef2a0, (CMBitMap*) 0x00000203bffef268
 Prev Bits: [0x00000203d52c0000, 0x00000203d72c0000)
 Next Bits: [0x00000203d32c0000, 0x00000203d52c0000)

Polling page: 0x00000203bdd90000

Metaspace:

Usage:
  Non-class:     81.58 MB capacity,    80.17 MB ( 98%) used,     1.17 MB (  1%) free+waste,   253.38 KB ( <1%) overhead. 
      Class:     12.68 MB capacity,    11.86 MB ( 93%) used,   731.48 KB (  6%) free+waste,   115.81 KB ( <1%) overhead. 
       Both:     94.27 MB capacity,    92.02 MB ( 98%) used,     1.88 MB (  2%) free+waste,   369.19 KB ( <1%) overhead. 

Virtual space:
  Non-class space:       82.00 MB reserved,      81.75 MB (>99%) committed 
      Class space:        1.00 GB reserved,      12.75 MB (  1%) committed 
             Both:        1.08 GB reserved,      94.50 MB (  9%) committed 

Chunk freelists:
   Non-Class:  42.00 KB
       Class:  5.00 KB
        Both:  47.00 KB

MaxMetaspaceSize: 17179869184.00 GB
CompressedClassSpaceSize: 1.00 GB
Initial GC threshold: 20.80 MB
Current GC threshold: 153.96 MB
CDS: off

CodeHeap 'non-profiled nmethods': size=120064Kb used=5094Kb max_used=5094Kb free=114969Kb
 bounds [0x00000203cb580000, 0x00000203cba80000, 0x00000203d2ac0000]
CodeHeap 'profiled nmethods': size=120000Kb used=21475Kb max_used=21475Kb free=98524Kb
 bounds [0x00000203c4050000, 0x00000203c5550000, 0x00000203cb580000]
CodeHeap 'non-nmethods': size=5696Kb used=2397Kb max_used=2446Kb free=3298Kb
 bounds [0x00000203c3ac0000, 0x00000203c3d30000, 0x00000203c4050000]
 total_blobs=10560 nmethods=9639 adapters=834
 compilation: enabled
              stopped_count=0, restarted_count=0
 full_count=0

Compilation events (20 events):
Event: 37.161 Thread 0x00000203da028800 9683       2       org.gradle.internal.execution.history.changes.PropertyChanges::<init> (26 bytes)
Event: 37.161 Thread 0x00000203da028800 nmethod 9683 0x00000203c5541d10 code [0x00000203c5541ec0, 0x00000203c5542138]
Event: 37.161 Thread 0x00000203da028800 9684       2       org.gradle.internal.execution.history.changes.PropertyChanges::accept (118 bytes)
Event: 37.163 Thread 0x00000203da028800 nmethod 9684 0x00000203c5542210 code [0x00000203c5542540, 0x00000203c55430d8]
Event: 37.165 Thread 0x00000203da028800 9685   !   2       com.google.common.collect.RegularImmutableSortedSet::equals (133 bytes)
Event: 37.166 Thread 0x00000203da028800 nmethod 9685 0x00000203c5543690 code [0x00000203c55438e0, 0x00000203c5543e48]
Event: 37.166 Thread 0x00000203da028800 9686       2       com.google.common.collect.RegularImmutableSortedSet::iterator (5 bytes)
Event: 37.166 Thread 0x00000203da028800 nmethod 9686 0x00000203c5544190 code [0x00000203c5544340, 0x00000203c5544468]
Event: 37.185 Thread 0x00000203da028800 9687       2       org.gradle.internal.snapshot.impl.HashCodeSnapshot::equals (6 bytes)
Event: 37.185 Thread 0x00000203da028800 nmethod 9687 0x00000203c5544510 code [0x00000203c55446c0, 0x00000203c55447c8]
Event: 37.193 Thread 0x00000203da028800 9688   !   2       java.util.concurrent.ConcurrentHashMap::computeIfAbsent (576 bytes)
Event: 37.196 Thread 0x00000203da028800 nmethod 9688 0x00000203c5544890 code [0x00000203c5544bc0, 0x00000203c55461e8]
Event: 37.198 Thread 0x00000203da028800 9689       2       org.gradle.internal.vfs.impl.DefaultFileSystemAccess::readSnapshotFromLocation (27 bytes)
Event: 37.199 Thread 0x00000203da028800 nmethod 9689 0x00000203c5546e90 code [0x00000203c55470c0, 0x00000203c55476c8]
Event: 37.199 Thread 0x00000203da028800 9690       2       org.gradle.internal.vfs.impl.DefaultFileSystemAccess$$Lambda$196/0x00000001003a8440::get$Lambda (12 bytes)
Event: 37.200 Thread 0x00000203da028800 nmethod 9690 0x00000203c5547b10 code [0x00000203c5547cc0, 0x00000203c5547f78]
Event: 37.207 Thread 0x00000203da028800 9691       2       org.gradle.internal.work.DefaultWorkerLeaseService::access$600 (4 bytes)
Event: 37.207 Thread 0x00000203da028800 nmethod 9691 0x00000203c5548010 code [0x00000203c55481c0, 0x00000203c5548298]
Event: 37.217 Thread 0x00000203da028800 9692       2       org.gradle.internal.snapshot.impl.StringValueSnapshot::appendToHasher (14 bytes)
Event: 37.218 Thread 0x00000203da028800 nmethod 9692 0x00000203c5548310 code [0x00000203c5548540, 0x00000203c5548988]

GC Heap History (20 events):
Event: 22.507 GC heap after
{Heap after GC invocations=48 (full 0):
 garbage-first heap   total 180224K, used 84694K [0x0000000080000000, 0x0000000100000000)
  region size 1024K, 2 young (2048K), 2 survivors (2048K)
 Metaspace       used 67082K, capacity 68737K, committed 68864K, reserved 1110016K
  class space    used 8565K, capacity 9153K, committed 9216K, reserved 1048576K
}
Event: 24.390 GC heap before
{Heap before GC invocations=49 (full 0):
 garbage-first heap   total 180224K, used 129750K [0x0000000080000000, 0x0000000100000000)
  region size 1024K, 45 young (46080K), 2 survivors (2048K)
 Metaspace       used 70213K, capacity 71968K, committed 72192K, reserved 1112064K
  class space    used 8972K, capacity 9606K, committed 9728K, reserved 1048576K
}
Event: 24.405 GC heap after
{Heap after GC invocations=50 (full 0):
 garbage-first heap   total 180224K, used 86742K [0x0000000080000000, 0x0000000100000000)
  region size 1024K, 4 young (4096K), 4 survivors (4096K)
 Metaspace       used 70213K, capacity 71968K, committed 72192K, reserved 1112064K
  class space    used 8972K, capacity 9606K, committed 9728K, reserved 1048576K
}
Event: 25.622 GC heap before
{Heap before GC invocations=50 (full 0):
 garbage-first heap   total 180224K, used 131798K [0x0000000080000000, 0x0000000100000000)
  region size 1024K, 48 young (49152K), 4 survivors (4096K)
 Metaspace       used 72924K, capacity 74731K, committed 74880K, reserved 1114112K
  class space    used 9367K, capacity 10036K, committed 10112K, reserved 1048576K
}
Event: 25.643 GC heap after
{Heap after GC invocations=51 (full 0):
 garbage-first heap   total 180224K, used 90204K [0x0000000080000000, 0x0000000100000000)
  region size 1024K, 6 young (6144K), 6 survivors (6144K)
 Metaspace       used 72924K, capacity 74731K, committed 74880K, reserved 1114112K
  class space    used 9367K, capacity 10036K, committed 10112K, reserved 1048576K
}
Event: 27.644 GC heap before
{Heap before GC invocations=52 (full 0):
 garbage-first heap   total 180224K, used 135260K [0x0000000080000000, 0x0000000100000000)
  region size 1024K, 50 young (51200K), 6 survivors (6144K)
 Metaspace       used 77602K, capacity 79479K, committed 79744K, reserved 1118208K
  class space    used 10101K, capacity 10775K, committed 10880K, reserved 1048576K
}
Event: 27.679 GC heap after
{Heap after GC invocations=53 (full 0):
 garbage-first heap   total 180224K, used 92882K [0x0000000080000000, 0x0000000100000000)
  region size 1024K, 6 young (6144K), 6 survivors (6144K)
 Metaspace       used 77602K, capacity 79479K, committed 79744K, reserved 1118208K
  class space    used 10101K, capacity 10775K, committed 10880K, reserved 1048576K
}
Event: 27.832 GC heap before
{Heap before GC invocations=53 (full 0):
 garbage-first heap   total 180224K, used 94930K [0x0000000080000000, 0x0000000100000000)
  region size 1024K, 9 young (9216K), 6 survivors (6144K)
 Metaspace       used 78050K, capacity 79991K, committed 80256K, reserved 1118208K
  class space    used 10152K, capacity 10839K, committed 10880K, reserved 1048576K
}
Event: 27.851 GC heap after
{Heap after GC invocations=54 (full 0):
 garbage-first heap   total 217088K, used 93050K [0x0000000080000000, 0x0000000100000000)
  region size 1024K, 3 young (3072K), 3 survivors (3072K)
 Metaspace       used 78050K, capacity 79991K, committed 80256K, reserved 1118208K
  class space    used 10152K, capacity 10839K, committed 10880K, reserved 1048576K
}
Event: 28.325 GC heap before
{Heap before GC invocations=55 (full 0):
 garbage-first heap   total 217088K, used 99194K [0x0000000080000000, 0x0000000100000000)
  region size 1024K, 4 young (4096K), 3 survivors (3072K)
 Metaspace       used 78051K, capacity 79991K, committed 80256K, reserved 1118208K
  class space    used 10152K, capacity 10839K, committed 10880K, reserved 1048576K
}
Event: 28.344 GC heap after
{Heap after GC invocations=56 (full 0):
 garbage-first heap   total 217088K, used 99881K [0x0000000080000000, 0x0000000100000000)
  region size 1024K, 4 young (4096K), 4 survivors (4096K)
 Metaspace       used 78051K, capacity 79991K, committed 80256K, reserved 1118208K
  class space    used 10152K, capacity 10839K, committed 10880K, reserved 1048576K
}
Event: 30.392 GC heap before
{Heap before GC invocations=57 (full 0):
 garbage-first heap   total 217088K, used 146985K [0x0000000080000000, 0x0000000100000000)
  region size 1024K, 47 young (48128K), 4 survivors (4096K)
 Metaspace       used 80132K, capacity 82136K, committed 82432K, reserved 1120256K
  class space    used 10439K, capacity 11201K, committed 11264K, reserved 1048576K
}
Event: 30.413 GC heap after
{Heap after GC invocations=58 (full 0):
 garbage-first heap   total 217088K, used 109047K [0x0000000080000000, 0x0000000100000000)
  region size 1024K, 6 young (6144K), 6 survivors (6144K)
 Metaspace       used 80132K, capacity 82136K, committed 82432K, reserved 1120256K
  class space    used 10439K, capacity 11201K, committed 11264K, reserved 1048576K
}
Event: 30.742 GC heap before
{Heap before GC invocations=58 (full 0):
 garbage-first heap   total 217088K, used 120311K [0x0000000080000000, 0x0000000100000000)
  region size 1024K, 18 young (18432K), 6 survivors (6144K)
 Metaspace       used 81578K, capacity 83676K, committed 83840K, reserved 1122304K
  class space    used 10603K, capacity 11367K, committed 11392K, reserved 1048576K
}
Event: 30.753 GC heap after
{Heap after GC invocations=59 (full 0):
 garbage-first heap   total 217088K, used 110079K [0x0000000080000000, 0x0000000100000000)
  region size 1024K, 2 young (2048K), 2 survivors (2048K)
 Metaspace       used 81578K, capacity 83676K, committed 83840K, reserved 1122304K
  class space    used 10603K, capacity 11367K, committed 11392K, reserved 1048576K
}
Event: 32.522 GC heap before
{Heap before GC invocations=60 (full 0):
 garbage-first heap   total 217088K, used 155135K [0x0000000080000000, 0x0000000100000000)
  region size 1024K, 45 young (46080K), 2 survivors (2048K)
 Metaspace       used 87661K, capacity 89716K, committed 89984K, reserved 1126400K
  class space    used 11356K, capacity 12131K, committed 12160K, reserved 1048576K
}
Event: 32.546 GC heap after
{Heap after GC invocations=61 (full 0):
 garbage-first heap   total 217088K, used 110766K [0x0000000080000000, 0x0000000100000000)
  region size 1024K, 3 young (3072K), 3 survivors (3072K)
 Metaspace       used 87661K, capacity 89716K, committed 89984K, reserved 1126400K
  class space    used 11356K, capacity 12131K, committed 12160K, reserved 1048576K
}
Event: 34.192 GC heap before
{Heap before GC invocations=61 (full 0):
 garbage-first heap   total 217088K, used 158894K [0x0000000080000000, 0x0000000100000000)
  region size 1024K, 50 young (51200K), 3 survivors (3072K)
 Metaspace       used 92083K, capacity 94367K, committed 94592K, reserved 1130496K
  class space    used 11967K, capacity 12837K, committed 12928K, reserved 1048576K
}
Event: 34.212 GC heap after
{Heap after GC invocations=62 (full 0):
 garbage-first heap   total 217088K, used 113664K [0x0000000080000000, 0x0000000100000000)
  region size 1024K, 5 young (5120K), 5 survivors (5120K)
 Metaspace       used 92083K, capacity 94367K, committed 94592K, reserved 1130496K
  class space    used 11967K, capacity 12837K, committed 12928K, reserved 1048576K
}
Event: 37.226 GC heap before
{Heap before GC invocations=63 (full 0):
 garbage-first heap   total 217088K, used 164864K [0x0000000080000000, 0x0000000100000000)
  region size 1024K, 56 young (57344K), 5 survivors (5120K)
 Metaspace       used 94232K, capacity 96529K, committed 96768K, reserved 1132544K
  class space    used 12139K, capacity 12987K, committed 13056K, reserved 1048576K
}

Deoptimization events (20 events):
Event: 36.412 Thread 0x00000203ddea2000 DEOPT PACKING pc=0x00000203cb9a3f68 sp=0x00000042eeefdf20
Event: 36.412 Thread 0x00000203ddea2000 DEOPT UNPACKING pc=0x00000203c3b0a1a9 sp=0x00000042eeefdea0 mode 2
Event: 36.422 Thread 0x00000203ddea2000 Uncommon trap: trap_request=0xffffffde fr.pc=0x00000203cb9a3f68 relative=0x00000000000012a8
Event: 36.422 Thread 0x00000203ddea2000 Uncommon trap: reason=class_check action=maybe_recompile pc=0x00000203cb9a3f68 method=java.util.concurrent.ConcurrentHashMap.putVal(Ljava/lang/Object;Ljava/lang/Object;Z)Ljava/lang/Object; @ 242 c2
Event: 36.422 Thread 0x00000203ddea2000 DEOPT PACKING pc=0x00000203cb9a3f68 sp=0x00000042eeefddf0
Event: 36.422 Thread 0x00000203ddea2000 DEOPT UNPACKING pc=0x00000203c3b0a1a9 sp=0x00000042eeefdd70 mode 2
Event: 36.430 Thread 0x00000203ddea2000 Uncommon trap: trap_request=0xffffffde fr.pc=0x00000203cb9a3f68 relative=0x00000000000012a8
Event: 36.430 Thread 0x00000203ddea2000 Uncommon trap: reason=class_check action=maybe_recompile pc=0x00000203cb9a3f68 method=java.util.concurrent.ConcurrentHashMap.putVal(Ljava/lang/Object;Ljava/lang/Object;Z)Ljava/lang/Object; @ 242 c2
Event: 36.430 Thread 0x00000203ddea2000 DEOPT PACKING pc=0x00000203cb9a3f68 sp=0x00000042eeefdf10
Event: 36.430 Thread 0x00000203ddea2000 DEOPT UNPACKING pc=0x00000203c3b0a1a9 sp=0x00000042eeefde90 mode 2
Event: 36.735 Thread 0x00000203ddfbf800 DEOPT PACKING pc=0x00000203c5231b44 sp=0x00000042f00fcf50
Event: 36.735 Thread 0x00000203ddfbf800 DEOPT UNPACKING pc=0x00000203c3b0a93f sp=0x00000042f00fc4f0 mode 0
Event: 36.798 Thread 0x00000203ddea2000 Uncommon trap: trap_request=0xffffff4d fr.pc=0x00000203cb802f0c relative=0x000000000000016c
Event: 36.798 Thread 0x00000203ddea2000 Uncommon trap: reason=unstable_if action=reinterpret pc=0x00000203cb802f0c method=java.util.concurrent.locks.ReentrantLock$Sync.nonfairTryAcquire(I)Z @ 19 c2
Event: 36.798 Thread 0x00000203ddea2000 DEOPT PACKING pc=0x00000203cb802f0c sp=0x00000042eeefdd70
Event: 36.798 Thread 0x00000203ddea2000 DEOPT UNPACKING pc=0x00000203c3b0a1a9 sp=0x00000042eeefdca0 mode 2
Event: 36.908 Thread 0x00000203ddea2000 DEOPT PACKING pc=0x00000203c5231b44 sp=0x00000042eeefc060
Event: 36.908 Thread 0x00000203ddea2000 DEOPT UNPACKING pc=0x00000203c3b0a93f sp=0x00000042eeefb600 mode 0
Event: 37.124 Thread 0x00000203dde9c800 DEOPT PACKING pc=0x00000203c5231b44 sp=0x00000042ef0fd490
Event: 37.124 Thread 0x00000203dde9c800 DEOPT UNPACKING pc=0x00000203c3b0a93f sp=0x00000042ef0fca30 mode 0

Classes redefined (0 events):
No events

Internal exceptions (20 events):
Event: 30.609 Thread 0x00000203da0ae000 Exception <a 'java/lang/NoSuchMethodError'{0x000000008cdb1078}: <clinit>> (0x000000008cdb1078) thrown at [./src/hotspot/share/prims/jni.cpp, line 1365]
Event: 30.658 Thread 0x00000203da0ae000 Exception <a 'java/lang/NoSuchMethodError'{0x000000008ccf0540}: <clinit>> (0x000000008ccf0540) thrown at [./src/hotspot/share/prims/jni.cpp, line 1365]
Event: 30.660 Thread 0x00000203da0ae000 Exception <a 'java/lang/NoSuchMethodError'{0x000000008ccfdf38}: <clinit>> (0x000000008ccfdf38) thrown at [./src/hotspot/share/prims/jni.cpp, line 1365]
Event: 30.661 Thread 0x00000203da0ae000 Exception <a 'java/lang/NoSuchMethodError'{0x000000008cb0c0b8}: <clinit>> (0x000000008cb0c0b8) thrown at [./src/hotspot/share/prims/jni.cpp, line 1365]
Event: 31.616 Thread 0x00000203da0ae000 Exception <a 'sun/nio/fs/WindowsException'{0x000000008c23d670}> (0x000000008c23d670) thrown at [./src/hotspot/share/prims/jni.cpp, line 615]
Event: 31.617 Thread 0x00000203da0ae000 Exception <a 'sun/nio/fs/WindowsException'{0x000000008c23da48}> (0x000000008c23da48) thrown at [./src/hotspot/share/prims/jni.cpp, line 615]
Event: 31.888 Thread 0x00000203da0ae000 Exception <a 'java/lang/NullPointerException'{0x000000008b9f1218}> (0x000000008b9f1218) thrown at [./src/hotspot/share/interpreter/linkResolver.cpp, line 1440]
Event: 32.014 Thread 0x00000203da0ae000 Implicit null exception at 0x00000203cb9d72cf to 0x00000203cb9d9768
Event: 32.328 Thread 0x00000203da0ae000 Exception <a 'java/lang/NoSuchMethodError'{0x000000008a9ed2d8}: 'int java.lang.invoke.DirectMethodHandle$Holder.invokeStatic(java.lang.Object, java.lang.Object, int, java.lang.Object)'> (0x000000008a9ed2d8) thrown at [./src/hotspot/share/interpreter/linkResolver.cpp, line 773]
Event: 32.434 Thread 0x00000203da0ae000 Exception <a 'sun/nio/fs/WindowsException'{0x000000008a714c20}> (0x000000008a714c20) thrown at [./src/hotspot/share/prims/jni.cpp, line 615]
Event: 32.435 Thread 0x00000203da0ae000 Exception <a 'sun/nio/fs/WindowsException'{0x000000008a715cf0}> (0x000000008a715cf0) thrown at [./src/hotspot/share/prims/jni.cpp, line 615]
Event: 32.435 Thread 0x00000203da0ae000 Exception <a 'sun/nio/fs/WindowsException'{0x000000008a716e10}> (0x000000008a716e10) thrown at [./src/hotspot/share/prims/jni.cpp, line 615]
Event: 32.435 Thread 0x00000203da0ae000 Exception <a 'sun/nio/fs/WindowsException'{0x000000008a717f30}> (0x000000008a717f30) thrown at [./src/hotspot/share/prims/jni.cpp, line 615]
Event: 33.389 Thread 0x00000203da0ae000 Exception <a 'java/lang/NoSuchMethodError'{0x000000008c2ab470}: 'int java.lang.invoke.DirectMethodHandle$Holder.invokeSpecialIFC(java.lang.Object, java.lang.Object, java.lang.Object)'> (0x000000008c2ab470) thrown at [./src/hotspot/share/interpreter/linkResolver.cpp, line 773]
Event: 33.494 Thread 0x00000203da0ae000 Exception <a 'java/lang/NoSuchMethodError'{0x000000008bfc5590}: 'java.lang.Object java.lang.invoke.Invokers$Holder.linkToTargetMethod(java.lang.Object, java.lang.Object, java.lang.Object, int, java.lang.Object, java.lang.Object)'> (0x000000008bfc5590) thrown at [./src/hotspot/share/interpreter/linkResolver.cpp, line 773]
Event: 33.890 Thread 0x00000203da0ae000 Exception <a 'java/lang/NoSuchMethodError'{0x000000008b0aaf00}: 'void java.lang.invoke.DirectMethodHandle$Holder.invokeStatic(java.lang.Object, java.lang.Object, java.lang.Object, java.lang.Object, int, java.lang.Object, java.lang.Object)'> (0x000000008b0aaf00) thrown at [./src/hotspot/share/interpreter/linkResolver.cpp, line 773]
Event: 33.928 Thread 0x00000203da0ae000 Exception <a 'java/lang/IncompatibleClassChangeError'{0x000000008ae81988}: Found class java.lang.Object, but interface was expected> (0x000000008ae81988) thrown at [./src/hotspot/share/interpreter/linkResolver.cpp, line 839]
Event: 33.985 Thread 0x00000203ddea0800 Exception <a 'java/lang/IncompatibleClassChangeError'{0x000000008ab07920}: Found class java.lang.Object, but interface was expected> (0x000000008ab07920) thrown at [./src/hotspot/share/interpreter/linkResolver.cpp, line 839]
Event: 34.026 Thread 0x00000203ddea0800 Exception <a 'java/lang/NoSuchMethodError'{0x000000008aabf3e8}: 'int java.lang.invoke.DirectMethodHandle$Holder.invokeStaticInit(java.lang.Object, java.lang.Object, java.lang.Object, java.lang.Object, java.lang.Object)'> (0x000000008aabf3e8) thrown at [./src/hotspot/share/interpreter/linkResolver.cpp, line 773]
Event: 35.849 Thread 0x00000203ddfbf800 Exception <a 'java/lang/NoSuchMethodError'{0x000000008beb3fe0}: 'java.lang.Object java.lang.invoke.DirectMethodHandle$Holder.invokeSpecialIFC(java.lang.Object, java.lang.Object, java.lang.Object)'> (0x000000008beb3fe0) thrown at [./src/hotspot/share/interpreter/linkResolver.cpp, line 773]

Events (20 events):
Event: 36.767 Executing VM operation: RevokeBias done
Event: 36.780 Executing VM operation: RevokeBias
Event: 36.780 Executing VM operation: RevokeBias done
Event: 36.781 Executing VM operation: RevokeBias
Event: 36.782 Executing VM operation: RevokeBias done
Event: 36.798 Executing VM operation: RevokeBias
Event: 36.799 Executing VM operation: RevokeBias done
Event: 36.806 Executing VM operation: RevokeBias
Event: 36.806 Executing VM operation: RevokeBias done
Event: 36.807 Executing VM operation: BulkRevokeBias
Event: 36.808 Executing VM operation: BulkRevokeBias done
Event: 36.912 Executing VM operation: RevokeBias
Event: 36.912 Executing VM operation: RevokeBias done
Event: 37.013 Executing VM operation: RevokeBias
Event: 37.014 Executing VM operation: RevokeBias done
Event: 37.038 Executing VM operation: RevokeBias
Event: 37.038 Executing VM operation: RevokeBias done
Event: 37.081 Executing VM operation: RevokeBias
Event: 37.082 Executing VM operation: RevokeBias done
Event: 37.225 Executing VM operation: G1CollectForAllocation


Dynamic libraries:
0x00007ff7692b0000 - 0x00007ff7692ba000 	C:\Program Files\Android\Android Studio\jre\bin\java.exe
0x00007ffa0f820000 - 0x00007ffa0fa29000 	C:\WINDOWS\SYSTEM32\ntdll.dll
0x00007ffa0d8f0000 - 0x00007ffa0d9ae000 	C:\WINDOWS\System32\KERNEL32.DLL
0x00007ffa0d1e0000 - 0x00007ffa0d55b000 	C:\WINDOWS\System32\KERNELBASE.dll
0x00007ffa0ccf0000 - 0x00007ffa0ce01000 	C:\WINDOWS\System32\ucrtbase.dll
0x00007ffa080b0000 - 0x00007ffa080c9000 	C:\Program Files\Android\Android Studio\jre\bin\jli.dll
0x00007ffa0f600000 - 0x00007ffa0f7ad000 	C:\WINDOWS\System32\USER32.dll
0x00007ffa0ce80000 - 0x00007ffa0cea6000 	C:\WINDOWS\System32\win32u.dll
0x00007ffa0f5d0000 - 0x00007ffa0f5f9000 	C:\WINDOWS\System32\GDI32.dll
0x00007ffa0d020000 - 0x00007ffa0d138000 	C:\WINDOWS\System32\gdi32full.dll
0x00007ffa0d140000 - 0x00007ffa0d1dd000 	C:\WINDOWS\System32\msvcp_win.dll
0x00007ffa08090000 - 0x00007ffa080a7000 	C:\Program Files\Android\Android Studio\jre\bin\VCRUNTIME140.dll
0x00007ff9f9580000 - 0x00007ff9f9825000 	C:\WINDOWS\WinSxS\amd64_microsoft.windows.common-controls_6595b64144ccf1df_6.0.22000.120_none_9d947278b86cc467\COMCTL32.dll
0x00007ffa0d6a0000 - 0x00007ffa0d743000 	C:\WINDOWS\System32\msvcrt.dll
0x00007ffa0eb90000 - 0x00007ffa0ebc2000 	C:\WINDOWS\System32\IMM32.DLL
0x00007ff9f0c20000 - 0x00007ff9f0cbd000 	C:\Program Files\Android\Android Studio\jre\bin\msvcp140.dll
0x00007ff984970000 - 0x00007ff985455000 	C:\Program Files\Android\Android Studio\jre\bin\server\jvm.dll
0x00007ffa0f520000 - 0x00007ffa0f5ce000 	C:\WINDOWS\System32\ADVAPI32.dll
0x00007ffa0ebf0000 - 0x00007ffa0ec8e000 	C:\WINDOWS\System32\sechost.dll
0x00007ffa0edd0000 - 0x00007ffa0eef0000 	C:\WINDOWS\System32\RPCRT4.dll
0x00007ffa0e1e0000 - 0x00007ffa0e1e8000 	C:\WINDOWS\System32\PSAPI.DLL
0x00007ffa096e0000 - 0x00007ffa096e9000 	C:\WINDOWS\SYSTEM32\WSOCK32.dll
0x00007ffa0d9b0000 - 0x00007ffa0da1f000 	C:\WINDOWS\System32\WS2_32.dll
0x00007ffa07870000 - 0x00007ffa078a3000 	C:\WINDOWS\SYSTEM32\WINMM.dll
0x00007ff9f5a70000 - 0x00007ff9f5a7a000 	C:\WINDOWS\SYSTEM32\VERSION.dll
0x00007ffa0bd70000 - 0x00007ffa0bd88000 	C:\WINDOWS\SYSTEM32\kernel.appcore.dll
0x00007ff9fe0d0000 - 0x00007ff9fe0e1000 	C:\Program Files\Android\Android Studio\jre\bin\verify.dll
0x00007ffa0a940000 - 0x00007ffa0ab61000 	C:\WINDOWS\SYSTEM32\DBGHELP.DLL
0x00007ff9efc20000 - 0x00007ff9efc51000 	C:\WINDOWS\SYSTEM32\dbgcore.DLL
0x00007ffa0d560000 - 0x00007ffa0d5df000 	C:\WINDOWS\System32\bcryptPrimitives.dll
0x00007ff9f0ab0000 - 0x00007ff9f0ad9000 	C:\Program Files\Android\Android Studio\jre\bin\java.dll
0x00007ffa096c0000 - 0x00007ffa096cb000 	C:\Program Files\Android\Android Studio\jre\bin\jimage.dll
0x00007ff9fdf90000 - 0x00007ff9fdfa8000 	C:\Program Files\Android\Android Studio\jre\bin\zip.dll
0x00007ffa0da20000 - 0x00007ffa0e1d8000 	C:\WINDOWS\System32\SHELL32.dll
0x00007ffa0ade0000 - 0x00007ffa0b645000 	C:\WINDOWS\SYSTEM32\windows.storage.dll
0x00007ffa0eef0000 - 0x00007ffa0f268000 	C:\WINDOWS\System32\combase.dll
0x00007ffa0ab70000 - 0x00007ffa0acd6000 	C:\WINDOWS\SYSTEM32\wintypes.dll
0x00007ffa0e8b0000 - 0x00007ffa0e99a000 	C:\WINDOWS\System32\SHCORE.dll
0x00007ffa0e2d0000 - 0x00007ffa0e32d000 	C:\WINDOWS\System32\shlwapi.dll
0x00007ffa0cc20000 - 0x00007ffa0cc41000 	C:\WINDOWS\SYSTEM32\profapi.dll
0x00007ff9f1c20000 - 0x00007ff9f1c3a000 	C:\Program Files\Android\Android Studio\jre\bin\net.dll
0x00007ffa060a0000 - 0x00007ffa061b4000 	C:\WINDOWS\SYSTEM32\WINHTTP.dll
0x00007ffa0c210000 - 0x00007ffa0c277000 	C:\WINDOWS\system32\mswsock.dll
0x00007ff9f0930000 - 0x00007ff9f0944000 	C:\Program Files\Android\Android Studio\jre\bin\nio.dll
0x00007ff9e4680000 - 0x00007ff9e46a7000 	C:\Users\Maste\.gradle\native\e1d6ef7f7dcc3fd88c89a11ec53ec762bb8ba0a96d01ffa2cd45eb1d1d8dd5c5\windows-amd64\native-platform.dll
0x00007ff9dd600000 - 0x00007ff9dd744000 	C:\Users\Maste\.gradle\native\5664cfc778a61ccfe75a443a1ab52a65af34e5dc3c78e0209fed803814484fcb\windows-amd64\native-platform-file-events.dll
0x00007ffa08080000 - 0x00007ffa0808a000 	C:\Program Files\Android\Android Studio\jre\bin\management.dll
0x00007ff9fe0a0000 - 0x00007ff9fe0ad000 	C:\Program Files\Android\Android Studio\jre\bin\management_ext.dll
0x00007ffa0c460000 - 0x00007ffa0c478000 	C:\WINDOWS\SYSTEM32\CRYPTSP.dll
0x00007ffa0bcd0000 - 0x00007ffa0bd05000 	C:\WINDOWS\system32\rsaenh.dll
0x00007ffa0c300000 - 0x00007ffa0c329000 	C:\WINDOWS\SYSTEM32\USERENV.dll
0x00007ffa0c5e0000 - 0x00007ffa0c607000 	C:\WINDOWS\SYSTEM32\bcrypt.dll
0x00007ffa0c450000 - 0x00007ffa0c45c000 	C:\WINDOWS\SYSTEM32\CRYPTBASE.dll
0x00007ffa0b8e0000 - 0x00007ffa0b90d000 	C:\WINDOWS\SYSTEM32\IPHLPAPI.DLL
0x00007ffa0ea00000 - 0x00007ffa0ea09000 	C:\WINDOWS\System32\NSI.dll
0x00007ffa06080000 - 0x00007ffa06099000 	C:\WINDOWS\SYSTEM32\dhcpcsvc6.DLL
0x00007ffa075e0000 - 0x00007ffa075fe000 	C:\WINDOWS\SYSTEM32\dhcpcsvc.DLL
0x00007ffa0b910000 - 0x00007ffa0b9f8000 	C:\WINDOWS\SYSTEM32\DNSAPI.dll

dbghelp: loaded successfully - version: 4.0.5 - missing functions: none
symbol engine: initialized successfully - sym options: 0x614 - pdb path: .;C:\Program Files\Android\Android Studio\jre\bin;C:\WINDOWS\SYSTEM32;C:\WINDOWS\WinSxS\amd64_microsoft.windows.common-controls_6595b64144ccf1df_6.0.22000.120_none_9d947278b86cc467;C:\Program Files\Android\Android Studio\jre\bin\server;C:\Users\Maste\.gradle\native\e1d6ef7f7dcc3fd88c89a11ec53ec762bb8ba0a96d01ffa2cd45eb1d1d8dd5c5\windows-amd64;C:\Users\Maste\.gradle\native\5664cfc778a61ccfe75a443a1ab52a65af34e5dc3c78e0209fed803814484fcb\windows-amd64

VM Arguments:
jvm_args: --add-opens=java.base/java.util=ALL-UNNAMED --add-opens=java.base/java.lang=ALL-UNNAMED --add-opens=java.base/java.lang.invoke=ALL-UNNAMED --add-opens=java.base/java.util=ALL-UNNAMED --add-opens=java.prefs/java.util.prefs=ALL-UNNAMED --add-opens=java.prefs/java.util.prefs=ALL-UNNAMED --add-opens=java.base/java.nio.charset=ALL-UNNAMED --add-opens=java.base/java.net=ALL-UNNAMED --add-opens=java.base/java.util.concurrent.atomic=ALL-UNNAMED -Xmx2048m -Dfile.encoding=UTF-8 -Duser.country=ID -Duser.language=en -Duser.variant 
java_command: org.gradle.launcher.daemon.bootstrap.GradleDaemon 7.3.3
java_class_path (initial): C:\Users\Maste\.gradle\wrapper\dists\gradle-7.3.3-bin\6a41zxkdtcxs8rphpq6y0069z\gradle-7.3.3\lib\gradle-launcher-7.3.3.jar
Launcher Type: SUN_STANDARD

[Global flags]
     intx CICompilerCount                          = 2                                         {product} {ergonomic}
     uint ConcGCThreads                            = 1                                         {product} {ergonomic}
     uint G1ConcRefinementThreads                  = 2                                         {product} {ergonomic}
   size_t G1HeapRegionSize                         = 1048576                                   {product} {ergonomic}
    uintx GCDrainStackTargetSize                   = 64                                        {product} {ergonomic}
   size_t InitialHeapSize                          = 65011712                                  {product} {ergonomic}
   size_t MarkStackSize                            = 4194304                                   {product} {ergonomic}
   size_t MaxHeapSize                              = 2147483648                                {product} {command line}
   size_t MaxNewSize                               = 1287651328                                {product} {ergonomic}
   size_t MinHeapDeltaBytes                        = 1048576                                   {product} {ergonomic}
    uintx NonNMethodCodeHeapSize                   = 5825164                                {pd product} {ergonomic}
    uintx NonProfiledCodeHeapSize                  = 122916538                              {pd product} {ergonomic}
    uintx ProfiledCodeHeapSize                     = 122916538                              {pd product} {ergonomic}
    uintx ReservedCodeCacheSize                    = 251658240                              {pd product} {ergonomic}
     bool SegmentedCodeCache                       = true                                      {product} {ergonomic}
     bool UseCompressedClassPointers               = true                                 {lp64_product} {ergonomic}
     bool UseCompressedOops                        = true                                 {lp64_product} {ergonomic}
     bool UseG1GC                                  = true                                      {product} {ergonomic}
     bool UseLargePagesIndividualAllocation        = false                                  {pd product} {ergonomic}

Logging:
Log output configuration:
 #0: stdout all=warning uptime,level,tags
 #1: stderr all=off uptime,level,tags

Environment Variables:
JAVA_HOME=C:\Program Files\Java\jdk-15.0.2
PATH=C:\Python310\Scripts\;C:\Python310\;C:\WINDOWS\system32;C:\WINDOWS;C:\WINDOWS\System32\Wbem;C:\WINDOWS\System32\WindowsPowerShell\v1.0\;C:\WINDOWS\System32\OpenSSH\;C:\ProgramData\chocolatey\bin;E:\Program Files\MATLAB\R2022a\bin;E:\Program Files\Microsoft VS Code\bin;C:\Program Files\Cloudflare\Cloudflare WARP\;C:\Program Files\Git\cmd;C:\Program Files\Common Files\Oracle\Java\javapath;C:\WINDOWS\system32;C:\WINDOWS;C:\WINDOWS\System32\Wbem;C:\WINDOWS\System32\WindowsPowerShell\v1.0\;C:\WINDOWS\System32\OpenSSH\;C:\Users\Maste\AppData\Local\Microsoft\WindowsApps;C:\Program Files\Java\jdk-15.0.2\bin;C:\Users\Maste\Documents\myWebProject\mysql-connector-java-8.0.23\;C:\Users\Maste\Documents\myWebProject\mysql\bin;C:\Users\Maste\adb;C:\Program Files\Git\bin\;C:\Program Files\Git\cmd\;;C:\Users\Maste\AppData\Local\Microsoft\WindowsApps
USERNAME=Mike Alice
OS=Windows_NT
PROCESSOR_IDENTIFIER=Intel64 Family 6 Model 122 Stepping 8, GenuineIntel



---------------  S Y S T E M  ---------------

OS: Windows 10 , 64 bit Build 22000 (10.0.22000.1219)
OS uptime: 0 days 23:39 hours

CPU:total 2 (initial active 2) (2 cores per cpu, 1 threads per core) family 6 model 122 stepping 8 microcode 0x18, cmov, cx8, fxsr, mmx, sse, sse2, sse3, ssse3, sse4.1, sse4.2, popcnt, aes, clmul, erms, 3dnowpref, tsc, tscinvbit, sha

Memory: 4k page, system-wide physical 3918M (284M free)
TotalPageFile size 6990M (AvailPageFile size 18M)
current process WorkingSet (physical memory assigned to process): 407M, peak: 444M
current process commit charge ("private bytes"): 488M, peak: 531M

vm_info: OpenJDK 64-Bit Server VM (11.0.12+7-b1504.28-7817840) for windows-amd64 JRE (11.0.12+7-b1504.28-7817840), built on Oct 13 2021 22:12:33 by "builder" with MS VC++ 14.0 (VS2015)

END.
