#
# There is insufficient memory for the Java Runtime Environment to continue.
# Native memory allocation (malloc) failed to allocate 32744 bytes for ChunkPool::allocate
# Possible reasons:
#   The system is out of physical RAM or swap space
#   The process is running with CompressedOops enabled, and the Java Heap may be blocking the growth of the native heap
# Possible solutions:
#   Reduce memory load on the system
#   Increase physical memory or swap space
#   Check if swap backing store is full
#   Decrease Java heap size (-Xmx/-Xms)
#   Decrease number of Java threads
#   Decrease Java thread stack sizes (-Xss)
#   Set larger code cache with -XX:ReservedCodeCacheSize=
#   JVM is running with Unscaled Compressed Oops mode in which the Java heap is
#     placed in the first 4GB address space. The Java Heap base address is the
#     maximum limit for the native heap growth. Please use -XX:HeapBaseMinAddress
#     to set the Java Heap base and to place the Java Heap above 4GB virtual address.
# This output file may be truncated or incomplete.
#
#  Out of Memory Error (./src/hotspot/share/memory/arena.cpp:81), pid=4008, tid=8360
#
# JRE version: OpenJDK Runtime Environment (11.0.13) (build 11.0.13+0-b1751.21-8125866)
# Java VM: OpenJDK 64-Bit Server VM (11.0.13+0-b1751.21-8125866, mixed mode, tiered, compressed oops, g1 gc, windows-amd64)
# No core dump will be written. Minidumps are not enabled by default on client versions of Windows
#

---------------  S U M M A R Y ------------

Command Line: org.jetbrains.kotlin.cli.jvm.K2JVMCompiler @E:\Paper\AndroidStudioProjects\FilterDemo\app\build\20221208_1310846516322492531.compiler.options

Host: Intel(R) Celeron(R) N4020 CPU @ 1.10GHz, 2 cores, 3G,  Windows 11 , 64 bit Build 22000 (10.0.22000.1219)
Time: Thu Dec  8 16:21:53 2022 Malay Peninsula Standard Time elapsed time: 4.442018 seconds (0d 0h 0m 4s)

---------------  T H R E A D  ---------------

Current thread (0x000001407f7e7800):  JavaThread "C2 CompilerThread0" daemon [_thread_in_native, id=8360, stack(0x0000003891700000,0x0000003891800000)]


Current CompileTask:
C2:   4442 2184   !   4       jdk.internal.loader.BuiltinClassLoader::loadClassOrNull (143 bytes)

Stack: [0x0000003891700000,0x0000003891800000]
Native frames: (J=compiled Java code, j=interpreted, Vv=VM code, C=native code)
V  [jvm.dll+0x6100fa]
V  [jvm.dll+0x747090]
V  [jvm.dll+0x7486ad]
V  [jvm.dll+0x748d83]
V  [jvm.dll+0x24ab48]
V  [jvm.dll+0xc075b]
V  [jvm.dll+0xc0a0c]
V  [jvm.dll+0xc060c]
V  [jvm.dll+0x5eed90]
V  [jvm.dll+0x6407ce]
V  [jvm.dll+0x19da88]
V  [jvm.dll+0x2033be]
V  [jvm.dll+0x202437]
V  [jvm.dll+0x188e01]
V  [jvm.dll+0x21106b]
V  [jvm.dll+0x20f8c1]
V  [jvm.dll+0x70de0f]
V  [jvm.dll+0x706a75]
V  [jvm.dll+0x60ed66]
C  [ucrtbase.dll+0x26c0c]
C  [KERNEL32.DLL+0x15550]
C  [ntdll.dll+0x485b]


---------------  P R O C E S S  ---------------

Threads class SMR info:
_java_thread_list=0x000001407fa86450, length=10, elements={
0x0000014078fad800, 0x000001407f7bb000, 0x000001407f7c9000, 0x000001407f7e2000,
0x000001407f7e3000, 0x000001407f7e6800, 0x000001407f7e7800, 0x000001407f7ec800,
0x000001407f998800, 0x000001407fa97800
}

Java Threads: ( => current thread )
  0x0000014078fad800 JavaThread "main" [_thread_in_vm, id=8344, stack(0x0000003890b00000,0x0000003890c00000)]
  0x000001407f7bb000 JavaThread "Reference Handler" daemon [_thread_blocked, id=9508, stack(0x0000003891200000,0x0000003891300000)]
  0x000001407f7c9000 JavaThread "Finalizer" daemon [_thread_blocked, id=2192, stack(0x0000003891300000,0x0000003891400000)]
  0x000001407f7e2000 JavaThread "Signal Dispatcher" daemon [_thread_blocked, id=1640, stack(0x0000003891400000,0x0000003891500000)]
  0x000001407f7e3000 JavaThread "Attach Listener" daemon [_thread_blocked, id=10620, stack(0x0000003891500000,0x0000003891600000)]
  0x000001407f7e6800 JavaThread "Service Thread" daemon [_thread_blocked, id=6044, stack(0x0000003891600000,0x0000003891700000)]
=>0x000001407f7e7800 JavaThread "C2 CompilerThread0" daemon [_thread_in_native, id=8360, stack(0x0000003891700000,0x0000003891800000)]
  0x000001407f7ec800 JavaThread "C1 CompilerThread0" daemon [_thread_blocked, id=7888, stack(0x0000003891800000,0x0000003891900000)]
  0x000001407f998800 JavaThread "Sweeper thread" daemon [_thread_blocked, id=1904, stack(0x0000003891900000,0x0000003891a00000)]
  0x000001407fa97800 JavaThread "Common-Cleaner" daemon [_thread_blocked, id=2872, stack(0x0000003891b00000,0x0000003891c00000)]

Other Threads:
  0x000001407f797000 VMThread "VM Thread" [stack: 0x0000003891100000,0x0000003891200000] [id=10424]
  0x000001407fa89800 WatcherThread [stack: 0x0000003891a00000,0x0000003891b00000] [id=10828]
  0x0000014078fc6000 GCTaskThread "GC Thread#0" [stack: 0x0000003890c00000,0x0000003890d00000] [id=9640]
  0x000001407fd2b000 GCTaskThread "GC Thread#1" [stack: 0x0000003891c00000,0x0000003891d00000] [id=3280]
  0x0000014078fe0000 ConcurrentGCThread "G1 Main Marker" [stack: 0x0000003890d00000,0x0000003890e00000] [id=8904]
  0x0000014078fe2000 ConcurrentGCThread "G1 Conc#0" [stack: 0x0000003890e00000,0x0000003890f00000] [id=1380]
  0x0000014079020800 ConcurrentGCThread "G1 Refine#0" [stack: 0x0000003890f00000,0x0000003891000000] [id=7688]
  0x0000014079023800 ConcurrentGCThread "G1 Young RemSet Sampling" [stack: 0x0000003891000000,0x0000003891100000] [id=940]

Threads with active compile tasks:
C2 CompilerThread0   4464 2184   !   4       jdk.internal.loader.BuiltinClassLoader::loadClassOrNull (143 bytes)

VM state:not at safepoint (normal execution)

VM Mutex/Monitor currently owned by a thread: None

Heap address: 0x00000000c2c00000, size: 980 MB, Compressed Oops mode: 32-bit
Narrow klass base: 0x0000000000000000, Narrow klass shift: 3
Compressed class space size: 1073741824 Address: 0x0000000100000000

Heap:
 garbage-first heap   total 77824K, used 37502K [0x00000000c2c00000, 0x0000000100000000)
  region size 1024K, 24 young (24576K), 3 survivors (3072K)
 Metaspace       used 31856K, capacity 32262K, committed 32384K, reserved 1077248K
  class space    used 3941K, capacity 4114K, committed 4224K, reserved 1048576K
Heap Regions: E=young(eden), S=young(survivor), O=old, HS=humongous(starts), HC=humongous(continues), CS=collection set, F=free, A=archive, TAMS=top-at-mark-start (previous, next)
|   0|0x00000000c2c00000, 0x00000000c2d00000, 0x00000000c2d00000|100%|HS|  |TAMS 0x00000000c2d00000, 0x00000000c2c00000| Complete 
|   1|0x00000000c2d00000, 0x00000000c2e00000, 0x00000000c2e00000|100%|HC|  |TAMS 0x00000000c2e00000, 0x00000000c2d00000| Complete 
|   2|0x00000000c2e00000, 0x00000000c2f00000, 0x00000000c2f00000|100%|HC|  |TAMS 0x00000000c2f00000, 0x00000000c2e00000| Complete 
|   3|0x00000000c2f00000, 0x00000000c3000000, 0x00000000c3000000|100%| O|  |TAMS 0x00000000c3000000, 0x00000000c2f00000| Untracked 
|   4|0x00000000c3000000, 0x00000000c3100000, 0x00000000c3100000|100%| O|  |TAMS 0x00000000c3100000, 0x00000000c3000000| Untracked 
|   5|0x00000000c3100000, 0x00000000c3200000, 0x00000000c3200000|100%| O|  |TAMS 0x00000000c3200000, 0x00000000c3100000| Untracked 
|   6|0x00000000c3200000, 0x00000000c3300000, 0x00000000c3300000|100%| O|  |TAMS 0x00000000c3300000, 0x00000000c3200000| Untracked 
|   7|0x00000000c3300000, 0x00000000c3400000, 0x00000000c3400000|100%| O|  |TAMS 0x00000000c3400000, 0x00000000c3300000| Untracked 
|   8|0x00000000c3400000, 0x00000000c3500000, 0x00000000c3500000|100%| O|  |TAMS 0x00000000c3500000, 0x00000000c3400000| Untracked 
|   9|0x00000000c3500000, 0x00000000c354b400, 0x00000000c3600000| 29%| O|  |TAMS 0x00000000c354b400, 0x00000000c3500000| Untracked 
|  10|0x00000000c3600000, 0x00000000c3700000, 0x00000000c3700000|100%|HS|  |TAMS 0x00000000c3600000, 0x00000000c3600000| Complete 
|  11|0x00000000c3700000, 0x00000000c3800000, 0x00000000c3800000|100%|HC|  |TAMS 0x00000000c3700000, 0x00000000c3700000| Complete 
|  12|0x00000000c3800000, 0x00000000c3900000, 0x00000000c3900000|100%|HC|  |TAMS 0x00000000c3800000, 0x00000000c3800000| Complete 
|  13|0x00000000c3900000, 0x00000000c3a00000, 0x00000000c3a00000|100%|HS|  |TAMS 0x00000000c3900000, 0x00000000c3900000| Complete 
|  14|0x00000000c3a00000, 0x00000000c3b00000, 0x00000000c3b00000|100%|HC|  |TAMS 0x00000000c3a00000, 0x00000000c3a00000| Complete 
|  15|0x00000000c3b00000, 0x00000000c3b00000, 0x00000000c3c00000|  0%| F|  |TAMS 0x00000000c3b00000, 0x00000000c3b00000| Untracked 
|  16|0x00000000c3c00000, 0x00000000c3c00000, 0x00000000c3d00000|  0%| F|  |TAMS 0x00000000c3c00000, 0x00000000c3c00000| Untracked 
|  17|0x00000000c3d00000, 0x00000000c3d00000, 0x00000000c3e00000|  0%| F|  |TAMS 0x00000000c3d00000, 0x00000000c3d00000| Untracked 
|  18|0x00000000c3e00000, 0x00000000c3e00000, 0x00000000c3f00000|  0%| F|  |TAMS 0x00000000c3e00000, 0x00000000c3e00000| Untracked 
|  19|0x00000000c3f00000, 0x00000000c3f00000, 0x00000000c4000000|  0%| F|  |TAMS 0x00000000c3f00000, 0x00000000c3f00000| Untracked 
|  20|0x00000000c4000000, 0x00000000c4000000, 0x00000000c4100000|  0%| F|  |TAMS 0x00000000c4000000, 0x00000000c4000000| Untracked 
|  21|0x00000000c4100000, 0x00000000c4100000, 0x00000000c4200000|  0%| F|  |TAMS 0x00000000c4100000, 0x00000000c4100000| Untracked 
|  22|0x00000000c4200000, 0x00000000c4200000, 0x00000000c4300000|  0%| F|  |TAMS 0x00000000c4200000, 0x00000000c4200000| Untracked 
|  23|0x00000000c4300000, 0x00000000c4300000, 0x00000000c4400000|  0%| F|  |TAMS 0x00000000c4300000, 0x00000000c4300000| Untracked 
|  24|0x00000000c4400000, 0x00000000c4400000, 0x00000000c4500000|  0%| F|  |TAMS 0x00000000c4400000, 0x00000000c4400000| Untracked 
|  25|0x00000000c4500000, 0x00000000c4500000, 0x00000000c4600000|  0%| F|  |TAMS 0x00000000c4500000, 0x00000000c4500000| Untracked 
|  26|0x00000000c4600000, 0x00000000c4600000, 0x00000000c4700000|  0%| F|  |TAMS 0x00000000c4600000, 0x00000000c4600000| Untracked 
|  27|0x00000000c4700000, 0x00000000c4700000, 0x00000000c4800000|  0%| F|  |TAMS 0x00000000c4700000, 0x00000000c4700000| Untracked 
|  28|0x00000000c4800000, 0x00000000c4800000, 0x00000000c4900000|  0%| F|  |TAMS 0x00000000c4800000, 0x00000000c4800000| Untracked 
|  29|0x00000000c4900000, 0x00000000c4900000, 0x00000000c4a00000|  0%| F|  |TAMS 0x00000000c4900000, 0x00000000c4900000| Untracked 
|  30|0x00000000c4a00000, 0x00000000c4a00000, 0x00000000c4b00000|  0%| F|  |TAMS 0x00000000c4a00000, 0x00000000c4a00000| Untracked 
|  31|0x00000000c4b00000, 0x00000000c4b00000, 0x00000000c4c00000|  0%| F|  |TAMS 0x00000000c4b00000, 0x00000000c4b00000| Untracked 
|  32|0x00000000c4c00000, 0x00000000c4c00000, 0x00000000c4d00000|  0%| F|  |TAMS 0x00000000c4c00000, 0x00000000c4c00000| Untracked 
|  33|0x00000000c4d00000, 0x00000000c4d00000, 0x00000000c4e00000|  0%| F|  |TAMS 0x00000000c4d00000, 0x00000000c4d00000| Untracked 
|  34|0x00000000c4e00000, 0x00000000c4e00000, 0x00000000c4f00000|  0%| F|  |TAMS 0x00000000c4e00000, 0x00000000c4e00000| Untracked 
|  35|0x00000000c4f00000, 0x00000000c4f00000, 0x00000000c5000000|  0%| F|  |TAMS 0x00000000c4f00000, 0x00000000c4f00000| Untracked 
|  36|0x00000000c5000000, 0x00000000c5000000, 0x00000000c5100000|  0%| F|  |TAMS 0x00000000c5000000, 0x00000000c5000000| Untracked 
|  37|0x00000000c5100000, 0x00000000c5100000, 0x00000000c5200000|  0%| F|  |TAMS 0x00000000c5100000, 0x00000000c5100000| Untracked 
|  38|0x00000000c5200000, 0x00000000c5200000, 0x00000000c5300000|  0%| F|  |TAMS 0x00000000c5200000, 0x00000000c5200000| Untracked 
|  39|0x00000000c5300000, 0x00000000c5300000, 0x00000000c5400000|  0%| F|  |TAMS 0x00000000c5300000, 0x00000000c5300000| Untracked 
|  40|0x00000000c5400000, 0x00000000c5400000, 0x00000000c5500000|  0%| F|  |TAMS 0x00000000c5400000, 0x00000000c5400000| Untracked 
|  41|0x00000000c5500000, 0x00000000c5500000, 0x00000000c5600000|  0%| F|  |TAMS 0x00000000c5500000, 0x00000000c5500000| Untracked 
|  42|0x00000000c5600000, 0x00000000c5600000, 0x00000000c5700000|  0%| F|  |TAMS 0x00000000c5600000, 0x00000000c5600000| Untracked 
|  43|0x00000000c5700000, 0x00000000c5700000, 0x00000000c5800000|  0%| F|  |TAMS 0x00000000c5700000, 0x00000000c5700000| Untracked 
|  44|0x00000000c5800000, 0x00000000c5800000, 0x00000000c5900000|  0%| F|  |TAMS 0x00000000c5800000, 0x00000000c5800000| Untracked 
|  45|0x00000000c5900000, 0x00000000c5900000, 0x00000000c5a00000|  0%| F|  |TAMS 0x00000000c5900000, 0x00000000c5900000| Untracked 
|  46|0x00000000c5a00000, 0x00000000c5a54540, 0x00000000c5b00000| 32%| S|CS|TAMS 0x00000000c5a00000, 0x00000000c5a00000| Complete 
|  47|0x00000000c5b00000, 0x00000000c5c00000, 0x00000000c5c00000|100%| S|CS|TAMS 0x00000000c5b00000, 0x00000000c5b00000| Complete 
|  48|0x00000000c5c00000, 0x00000000c5d00000, 0x00000000c5d00000|100%| S|CS|TAMS 0x00000000c5c00000, 0x00000000c5c00000| Complete 
|  49|0x00000000c5d00000, 0x00000000c5d00000, 0x00000000c5e00000|  0%| F|  |TAMS 0x00000000c5d00000, 0x00000000c5d00000| Untracked 
|  50|0x00000000c5e00000, 0x00000000c5e00000, 0x00000000c5f00000|  0%| F|  |TAMS 0x00000000c5e00000, 0x00000000c5e00000| Untracked 
|  51|0x00000000c5f00000, 0x00000000c5f00000, 0x00000000c6000000|  0%| F|  |TAMS 0x00000000c5f00000, 0x00000000c5f00000| Untracked 
|  52|0x00000000c6000000, 0x00000000c6000000, 0x00000000c6100000|  0%| F|  |TAMS 0x00000000c6000000, 0x00000000c6000000| Untracked 
|  53|0x00000000c6100000, 0x00000000c6100000, 0x00000000c6200000|  0%| F|  |TAMS 0x00000000c6100000, 0x00000000c6100000| Untracked 
|  54|0x00000000c6200000, 0x00000000c6200000, 0x00000000c6300000|  0%| F|  |TAMS 0x00000000c6200000, 0x00000000c6200000| Untracked 
|  55|0x00000000c6300000, 0x00000000c6380800, 0x00000000c6400000| 50%| E|  |TAMS 0x00000000c6300000, 0x00000000c6300000| Complete 
|  56|0x00000000c6400000, 0x00000000c6500000, 0x00000000c6500000|100%| E|CS|TAMS 0x00000000c6400000, 0x00000000c6400000| Complete 
|  57|0x00000000c6500000, 0x00000000c6600000, 0x00000000c6600000|100%| E|CS|TAMS 0x00000000c6500000, 0x00000000c6500000| Complete 
|  58|0x00000000c6600000, 0x00000000c6700000, 0x00000000c6700000|100%| E|CS|TAMS 0x00000000c6600000, 0x00000000c6600000| Complete 
|  59|0x00000000c6700000, 0x00000000c6800000, 0x00000000c6800000|100%| E|CS|TAMS 0x00000000c6700000, 0x00000000c6700000| Complete 
|  60|0x00000000c6800000, 0x00000000c6900000, 0x00000000c6900000|100%| E|CS|TAMS 0x00000000c6800000, 0x00000000c6800000| Complete 
|  61|0x00000000c6900000, 0x00000000c6a00000, 0x00000000c6a00000|100%| E|CS|TAMS 0x00000000c6900000, 0x00000000c6900000| Complete 
|  62|0x00000000c6a00000, 0x00000000c6b00000, 0x00000000c6b00000|100%| E|CS|TAMS 0x00000000c6a00000, 0x00000000c6a00000| Complete 
|  63|0x00000000c6b00000, 0x00000000c6c00000, 0x00000000c6c00000|100%| E|CS|TAMS 0x00000000c6b00000, 0x00000000c6b00000| Complete 
|  64|0x00000000c6c00000, 0x00000000c6d00000, 0x00000000c6d00000|100%| E|CS|TAMS 0x00000000c6c00000, 0x00000000c6c00000| Complete 
|  65|0x00000000c6d00000, 0x00000000c6e00000, 0x00000000c6e00000|100%| E|CS|TAMS 0x00000000c6d00000, 0x00000000c6d00000| Complete 
|  66|0x00000000c6e00000, 0x00000000c6f00000, 0x00000000c6f00000|100%| E|CS|TAMS 0x00000000c6e00000, 0x00000000c6e00000| Complete 
|  67|0x00000000c6f00000, 0x00000000c7000000, 0x00000000c7000000|100%| E|CS|TAMS 0x00000000c6f00000, 0x00000000c6f00000| Complete 
|  68|0x00000000c7000000, 0x00000000c7100000, 0x00000000c7100000|100%| E|CS|TAMS 0x00000000c7000000, 0x00000000c7000000| Complete 
|  69|0x00000000c7100000, 0x00000000c7200000, 0x00000000c7200000|100%| E|CS|TAMS 0x00000000c7100000, 0x00000000c7100000| Complete 
|  70|0x00000000c7200000, 0x00000000c7300000, 0x00000000c7300000|100%| E|CS|TAMS 0x00000000c7200000, 0x00000000c7200000| Complete 
|  71|0x00000000c7300000, 0x00000000c7400000, 0x00000000c7400000|100%| E|CS|TAMS 0x00000000c7300000, 0x00000000c7300000| Complete 
|  72|0x00000000c7400000, 0x00000000c7500000, 0x00000000c7500000|100%| E|CS|TAMS 0x00000000c7400000, 0x00000000c7400000| Complete 
|  73|0x00000000c7500000, 0x00000000c7600000, 0x00000000c7600000|100%| E|CS|TAMS 0x00000000c7500000, 0x00000000c7500000| Complete 
|  74|0x00000000c7600000, 0x00000000c7700000, 0x00000000c7700000|100%| E|CS|TAMS 0x00000000c7600000, 0x00000000c7600000| Complete 
|  75|0x00000000c7700000, 0x00000000c7800000, 0x00000000c7800000|100%| E|CS|TAMS 0x00000000c7700000, 0x00000000c7700000| Complete 

Card table byte_map: [0x000001407cac0000,0x000001407ccb0000] _byte_map_base: 0x000001407c4aa000

Marking Bits (Prev, Next): (CMBitMap*) 0x0000014078fdb6b0, (CMBitMap*) 0x0000014078fdb678
 Prev Bits: [0x000001407ddf0000, 0x000001407ed40000)
 Next Bits: [0x000001407cea0000, 0x000001407ddf0000)

Polling page: 0x0000014078780000

Metaspace:

Usage:
  Non-class:     27.49 MB capacity,    27.26 MB (>99%) used,   184.95 KB ( <1%) free+waste,    47.94 KB ( <1%) overhead. 
      Class:      4.02 MB capacity,     3.85 MB ( 96%) used,   149.52 KB (  4%) free+waste,    23.19 KB ( <1%) overhead. 
       Both:     31.51 MB capacity,    31.11 MB ( 99%) used,   334.47 KB (  1%) free+waste,    71.13 KB ( <1%) overhead. 

Virtual space:
  Non-class space:       28.00 MB reserved,      27.50 MB ( 98%) committed 
      Class space:        1.00 GB reserved,       4.13 MB ( <1%) committed 
             Both:        1.03 GB reserved,      31.63 MB (  3%) committed 

Chunk freelists:
   Non-Class:  12.00 KB
       Class:  14.00 KB
        Both:  26.00 KB

MaxMetaspaceSize: 17179869184.00 GB
CompressedClassSpaceSize: 1.00 GB
Initial GC threshold: 20.80 MB
Current GC threshold: 35.00 MB
CDS: off

CodeHeap 'non-profiled nmethods': size=120064Kb used=744Kb max_used=744Kb free=119319Kb
 bounds [0x0000014007ac0000, 0x0000014007d30000, 0x000001400f000000]
CodeHeap 'profiled nmethods': size=120000Kb used=4893Kb max_used=4893Kb free=115106Kb
 bounds [0x0000014000590000, 0x0000014000a60000, 0x0000014007ac0000]
CodeHeap 'non-nmethods': size=5696Kb used=1242Kb max_used=1248Kb free=4453Kb
 bounds [0x0000014000000000, 0x0000014000270000, 0x0000014000590000]
 total_blobs=2828 nmethods=2308 adapters=433
 compilation: enabled
              stopped_count=0, restarted_count=0
 full_count=0

Compilation events (20 events):
Event: 4.104 Thread 0x000001407f7ec800 2307       2       java.nio.DirectLongBufferU::ix (10 bytes)
Event: 4.104 Thread 0x000001407f7ec800 nmethod 2307 0x0000014000a52090 code [0x0000014000a52240, 0x0000014000a52358]
Event: 4.110 Thread 0x000001407f7ec800 2308       2       java.io.ExpiringCache::entryFor (57 bytes)
Event: 4.111 Thread 0x000001407f7ec800 nmethod 2308 0x0000014000a52410 code [0x0000014000a525e0, 0x0000014000a527d8]
Event: 4.113 Thread 0x000001407f7ec800 2310       2       sun.nio.fs.NativeBuffers::releaseNativeBuffer (97 bytes)
Event: 4.114 Thread 0x000001407f7ec800 nmethod 2310 0x0000014000a52910 code [0x0000014000a52b40, 0x0000014000a531b8]
Event: 4.116 Thread 0x000001407f7ec800 2311       2       org.jetbrains.kotlin.com.intellij.openapi.vfs.impl.ZipEntryMap::getRelativePath (94 bytes)
Event: 4.117 Thread 0x000001407f7ec800 nmethod 2311 0x0000014000a53510 code [0x0000014000a53740, 0x0000014000a53bd8]
Event: 4.119 Thread 0x000001407f7ec800 2312       2       java.io.File::hashCode (8 bytes)
Event: 4.120 Thread 0x000001407f7ec800 nmethod 2312 0x0000014000a53e90 code [0x0000014000a54060, 0x0000014000a54208]
Event: 4.226 Thread 0x000001407f7ec800 2318       2       sun.nio.cs.SingleByte$Decoder::decode (11 bytes)
Event: 4.226 Thread 0x000001407f7ec800 nmethod 2318 0x0000014000a54310 code [0x0000014000a544c0, 0x0000014000a545f8]
Event: 4.246 Thread 0x000001407f7ec800 2319       2       org.jetbrains.kotlin.com.intellij.util.text.ImmutableText$Leaf8BitNode::byteToChar (7 bytes)
Event: 4.246 Thread 0x000001407f7ec800 nmethod 2319 0x0000014000a54710 code [0x0000014000a548c0, 0x0000014000a54998]
Event: 4.265 Thread 0x000001407f7ec800 2322       1       org.jetbrains.kotlin.com.intellij.psi.tree.IElementType::getIndex (5 bytes)
Event: 4.265 Thread 0x000001407f7ec800 nmethod 2322 0x0000014007b79f90 code [0x0000014007b7a140, 0x0000014007b7a1f8]
Event: 4.289 Thread 0x000001407f7ec800 2323   !   2       org.jetbrains.kotlin.com.intellij.psi.tree.IElementType::<init> (295 bytes)
Event: 4.292 Thread 0x000001407f7ec800 nmethod 2323 0x0000014000a54a10 code [0x0000014000a54e60, 0x0000014000a56118]
Event: 4.293 Thread 0x000001407f7ec800 2324       2       org.jetbrains.kotlin.com.intellij.psi.tree.IElementType::<init> (29 bytes)
Event: 4.293 Thread 0x000001407f7ec800 nmethod 2324 0x0000014000a57210 code [0x0000014000a573e0, 0x0000014000a575a8]

GC Heap History (12 events):
Event: 0.483 GC heap before
{Heap before GC invocations=0 (full 0):
 garbage-first heap   total 63488K, used 9216K [0x00000000c2c00000, 0x0000000100000000)
  region size 1024K, 7 young (7168K), 0 survivors (0K)
 Metaspace       used 7191K, capacity 7279K, committed 7424K, reserved 1056768K
  class space    used 605K, capacity 660K, committed 768K, reserved 1048576K
}
Event: 0.489 GC heap after
{Heap after GC invocations=1 (full 0):
 garbage-first heap   total 63488K, used 5029K [0x00000000c2c00000, 0x0000000100000000)
  region size 1024K, 1 young (1024K), 1 survivors (1024K)
 Metaspace       used 7191K, capacity 7279K, committed 7424K, reserved 1056768K
  class space    used 605K, capacity 660K, committed 768K, reserved 1048576K
}
Event: 0.725 GC heap before
{Heap before GC invocations=1 (full 0):
 garbage-first heap   total 63488K, used 12197K [0x00000000c2c00000, 0x0000000100000000)
  region size 1024K, 7 young (7168K), 1 survivors (1024K)
 Metaspace       used 9266K, capacity 9327K, committed 9600K, reserved 1058816K
  class space    used 748K, capacity 788K, committed 896K, reserved 1048576K
}
Event: 0.728 GC heap after
{Heap after GC invocations=2 (full 0):
 garbage-first heap   total 63488K, used 5375K [0x00000000c2c00000, 0x0000000100000000)
  region size 1024K, 1 young (1024K), 1 survivors (1024K)
 Metaspace       used 9266K, capacity 9327K, committed 9600K, reserved 1058816K
  class space    used 748K, capacity 788K, committed 896K, reserved 1048576K
}
Event: 1.140 GC heap before
{Heap before GC invocations=2 (full 0):
 garbage-first heap   total 63488K, used 19711K [0x00000000c2c00000, 0x0000000100000000)
  region size 1024K, 15 young (15360K), 1 survivors (1024K)
 Metaspace       used 13095K, capacity 13204K, committed 13312K, reserved 1060864K
  class space    used 1204K, capacity 1247K, committed 1280K, reserved 1048576K
}
Event: 1.144 GC heap after
{Heap after GC invocations=3 (full 0):
 garbage-first heap   total 63488K, used 6561K [0x00000000c2c00000, 0x0000000100000000)
  region size 1024K, 2 young (2048K), 2 survivors (2048K)
 Metaspace       used 13095K, capacity 13204K, committed 13312K, reserved 1060864K
  class space    used 1204K, capacity 1247K, committed 1280K, reserved 1048576K
}
Event: 2.247 GC heap before
{Heap before GC invocations=3 (full 0):
 garbage-first heap   total 63488K, used 31137K [0x00000000c2c00000, 0x0000000100000000)
  region size 1024K, 27 young (27648K), 2 survivors (2048K)
 Metaspace       used 18778K, capacity 18954K, committed 19200K, reserved 1067008K
  class space    used 1880K, capacity 1938K, committed 2048K, reserved 1048576K
}
Event: 2.273 GC heap after
{Heap after GC invocations=4 (full 0):
 garbage-first heap   total 63488K, used 9485K [0x00000000c2c00000, 0x0000000100000000)
  region size 1024K, 4 young (4096K), 4 survivors (4096K)
 Metaspace       used 18778K, capacity 18954K, committed 19200K, reserved 1067008K
  class space    used 1880K, capacity 1938K, committed 2048K, reserved 1048576K
}
Event: 2.610 GC heap before
{Heap before GC invocations=4 (full 0):
 garbage-first heap   total 63488K, used 16653K [0x00000000c2c00000, 0x0000000100000000)
  region size 1024K, 12 young (12288K), 4 survivors (4096K)
 Metaspace       used 20999K, capacity 21193K, committed 21248K, reserved 1069056K
  class space    used 2203K, capacity 2303K, committed 2304K, reserved 1048576K
}
Event: 2.634 GC heap after
{Heap after GC invocations=5 (full 0):
 garbage-first heap   total 77824K, used 10193K [0x00000000c2c00000, 0x0000000100000000)
  region size 1024K, 1 young (1024K), 1 survivors (1024K)
 Metaspace       used 20999K, capacity 21193K, committed 21248K, reserved 1069056K
  class space    used 2203K, capacity 2303K, committed 2304K, reserved 1048576K
}
Event: 3.620 GC heap before
{Heap before GC invocations=6 (full 0):
 garbage-first heap   total 77824K, used 39889K [0x00000000c2c00000, 0x0000000100000000)
  region size 1024K, 27 young (27648K), 1 survivors (1024K)
 Metaspace       used 28325K, capacity 28746K, committed 28928K, reserved 1075200K
  class space    used 3058K, capacity 3241K, committed 3328K, reserved 1048576K
}
Event: 3.626 GC heap after
{Heap after GC invocations=7 (full 0):
 garbage-first heap   total 77824K, used 14974K [0x00000000c2c00000, 0x0000000100000000)
  region size 1024K, 3 young (3072K), 3 survivors (3072K)
 Metaspace       used 28325K, capacity 28746K, committed 28928K, reserved 1075200K
  class space    used 3058K, capacity 3241K, committed 3328K, reserved 1048576K
}

Deoptimization events (20 events):
Event: 3.851 Thread 0x0000014078fad800 Uncommon trap: trap_request=0xffffffde fr.pc=0x0000014007b5bb04 relative=0x0000000000000064
Event: 3.851 Thread 0x0000014078fad800 Uncommon trap: reason=class_check action=maybe_recompile pc=0x0000014007b5bb04 method=java.util.LinkedHashMap.afterNodeInsertion(Z)V @ 15 c2
Event: 3.851 Thread 0x0000014078fad800 DEOPT PACKING pc=0x0000014007b5bb04 sp=0x0000003890bfdbd0
Event: 3.851 Thread 0x0000014078fad800 DEOPT UNPACKING pc=0x000001400004a1a9 sp=0x0000003890bfdb48 mode 2
Event: 3.852 Thread 0x0000014078fad800 Uncommon trap: trap_request=0xffffffde fr.pc=0x0000014007b5bb04 relative=0x0000000000000064
Event: 3.852 Thread 0x0000014078fad800 Uncommon trap: reason=class_check action=maybe_recompile pc=0x0000014007b5bb04 method=java.util.LinkedHashMap.afterNodeInsertion(Z)V @ 15 c2
Event: 3.852 Thread 0x0000014078fad800 DEOPT PACKING pc=0x0000014007b5bb04 sp=0x0000003890bfdbd0
Event: 3.852 Thread 0x0000014078fad800 DEOPT UNPACKING pc=0x000001400004a1a9 sp=0x0000003890bfdb48 mode 2
Event: 3.862 Thread 0x0000014078fad800 Uncommon trap: trap_request=0xffffff4d fr.pc=0x0000014007adc10c relative=0x00000000000008ac
Event: 3.862 Thread 0x0000014078fad800 Uncommon trap: reason=unstable_if action=reinterpret pc=0x0000014007adc10c method=java.util.zip.ZipFile$Source.getEntryPos([BZ)I @ 156 c2
Event: 3.862 Thread 0x0000014078fad800 DEOPT PACKING pc=0x0000014007adc10c sp=0x0000003890bfdeb0
Event: 3.862 Thread 0x0000014078fad800 DEOPT UNPACKING pc=0x000001400004a1a9 sp=0x0000003890bfde50 mode 2
Event: 3.899 Thread 0x0000014078fad800 Uncommon trap: trap_request=0xffffffde fr.pc=0x0000014007b5bb04 relative=0x0000000000000064
Event: 3.899 Thread 0x0000014078fad800 Uncommon trap: reason=class_check action=maybe_recompile pc=0x0000014007b5bb04 method=java.util.LinkedHashMap.afterNodeInsertion(Z)V @ 15 c2
Event: 3.899 Thread 0x0000014078fad800 DEOPT PACKING pc=0x0000014007b5bb04 sp=0x0000003890bfdbd0
Event: 3.899 Thread 0x0000014078fad800 DEOPT UNPACKING pc=0x000001400004a1a9 sp=0x0000003890bfdb48 mode 2
Event: 3.899 Thread 0x0000014078fad800 Uncommon trap: trap_request=0xffffffde fr.pc=0x0000014007b5bb04 relative=0x0000000000000064
Event: 3.899 Thread 0x0000014078fad800 Uncommon trap: reason=class_check action=maybe_recompile pc=0x0000014007b5bb04 method=java.util.LinkedHashMap.afterNodeInsertion(Z)V @ 15 c2
Event: 3.899 Thread 0x0000014078fad800 DEOPT PACKING pc=0x0000014007b5bb04 sp=0x0000003890bfdbd0
Event: 3.899 Thread 0x0000014078fad800 DEOPT UNPACKING pc=0x000001400004a1a9 sp=0x0000003890bfdb48 mode 2

Classes redefined (0 events):
No events

Internal exceptions (20 events):
Event: 1.979 Thread 0x0000014078fad800 Exception <a 'java/lang/NoSuchMethodError'{0x00000000c53b76d0}: 'long java.lang.invoke.Invokers$Holder.invoke_MT(java.lang.Object, java.lang.Object, java.lang.Object, java.lang.Object)'> (0x00000000c53b76d0) thrown at [./src/hotspot/share/interpreter/linkResolver.cpp, line 773]
Event: 1.980 Thread 0x0000014078fad800 Exception <a 'java/lang/NoSuchMethodError'{0x00000000c53bad50}: 'long java.lang.invoke.DelegatingMethodHandle$Holder.reinvoke_L(java.lang.Object, java.lang.Object, java.lang.Object)'> (0x00000000c53bad50) thrown at [./src/hotspot/share/interpreter/linkResolver.cpp, line 773]
Event: 1.982 Thread 0x0000014078fad800 Exception <a 'java/lang/NoSuchMethodError'{0x00000000c53c4a10}: 'int java.lang.invoke.DirectMethodHandle$Holder.invokeSpecial(java.lang.Object, java.lang.Object, java.lang.Object, java.lang.Object)'> (0x00000000c53c4a10) thrown at [./src/hotspot/share/interpreter/linkResolver.cpp, line 773]
Event: 1.984 Thread 0x0000014078fad800 Exception <a 'java/lang/NoSuchMethodError'{0x00000000c53d37f0}: 'int java.lang.invoke.DelegatingMethodHandle$Holder.reinvoke_L(java.lang.Object, java.lang.Object, java.lang.Object, long, int)'> (0x00000000c53d37f0) thrown at [./src/hotspot/share/interpreter/linkResolver.cpp, line 773]
Event: 2.279 Thread 0x0000014078fad800 Exception <a 'java/lang/NoSuchMethodError'{0x00000000c693c6c8}: 'int java.lang.invoke.DirectMethodHandle$Holder.invokeSpecialIFC(java.lang.Object, java.lang.Object, int)'> (0x00000000c693c6c8) thrown at [./src/hotspot/share/interpreter/linkResolver.cpp, line 773]
Event: 2.604 Thread 0x0000014078fad800 Exception <a 'java/lang/NoSuchMethodError'{0x00000000c6273548}: 'java.lang.Object java.lang.invoke.DirectMethodHandle$Holder.invokeStaticInit(java.lang.Object, int)'> (0x00000000c6273548) thrown at [./src/hotspot/share/interpreter/linkResolver.cpp, line 773]
Event: 2.735 Thread 0x0000014078fad800 Exception <a 'java/lang/NoSuchMethodError'{0x00000000c76a9658}: 'long java.lang.invoke.DirectMethodHandle$Holder.invokeStatic(java.lang.Object)'> (0x00000000c76a9658) thrown at [./src/hotspot/share/interpreter/linkResolver.cpp, line 773]
Event: 2.735 Thread 0x0000014078fad800 Exception <a 'java/lang/NoSuchMethodError'{0x00000000c76ac4b0}: 'long java.lang.invoke.DirectMethodHandle$Holder.invokeStaticInit(java.lang.Object)'> (0x00000000c76ac4b0) thrown at [./src/hotspot/share/interpreter/linkResolver.cpp, line 773]
Event: 2.861 Thread 0x0000014078fad800 Exception <a 'java/lang/NoSuchMethodError'{0x00000000c72556b0}: 'int java.lang.invoke.DirectMethodHandle$Holder.invokeStaticInit(java.lang.Object, java.lang.Object, java.lang.Object)'> (0x00000000c72556b0) thrown at [./src/hotspot/share/interpreter/linkResolver.cpp, line 773]
Event: 2.874 Thread 0x0000014078fad800 Exception <a 'java/lang/NoSuchMethodError'{0x00000000c7280d60}: 'int java.lang.invoke.DirectMethodHandle$Holder.invokeStaticInit(java.lang.Object, java.lang.Object)'> (0x00000000c7280d60) thrown at [./src/hotspot/share/interpreter/linkResolver.cpp, line 773]
Event: 2.947 Thread 0x0000014078fad800 Exception <a 'java/lang/NoSuchMethodError'{0x00000000c7091f98}: 'void java.lang.invoke.DirectMethodHandle$Holder.invokeSpecial(java.lang.Object, java.lang.Object)'> (0x00000000c7091f98) thrown at [./src/hotspot/share/interpreter/linkResolver.cpp, line 773]
Event: 3.246 Thread 0x0000014078fad800 Exception <a 'java/lang/NoSuchMethodError'{0x00000000c68f1f50}: 'java.lang.Object java.lang.invoke.DirectMethodHandle$Holder.invokeStatic(java.lang.Object, java.lang.Object, java.lang.Object, java.lang.Object, java.lang.Object, java.lang.Object, java.lang.Object, java.lang.Object, java.lang.Object, java.lang.Object, java.lang.Object, java.lang.Object, java.lang.Object, java.lang.Object, java.lang.Object)'> (0x00000000c68f1f50) thrown at [./src/hotspot/share/interpreter/linkResolver.cpp, line 773]
Event: 3.249 Thread 0x0000014078fad800 Exception <a 'java/lang/NoSuchMethodError'{0x00000000c6700198}: 'java.lang.Object java.lang.invoke.DirectMethodHandle$Holder.invokeStatic(java.lang.Object, java.lang.Object, java.lang.Object, java.lang.Object, java.lang.Object, java.lang.Object, java.lang.Object, java.lang.Object, java.lang.Object, java.lang.Object, java.lang.Object, java.lang.Object, java.lang.Object, java.lang.Object, java.lang.Object, java.lang.Object)'> (0x00000000c6700198) thrown at [./src/hotspot/share/interpreter/linkResolver.cpp, l
Event: 3.254 Thread 0x0000014078fad800 Exception <a 'java/lang/NoSuchMethodError'{0x00000000c670e340}: 'java.lang.Object java.lang.invoke.DirectMethodHandle$Holder.invokeSpecial(java.lang.Object, java.lang.Object, int, int, java.lang.Object, java.lang.Object, java.lang.Object)'> (0x00000000c670e340) thrown at [./src/hotspot/share/interpreter/linkResolver.cpp, line 773]
Event: 3.254 Thread 0x0000014078fad800 Exception <a 'java/lang/NoSuchMethodError'{0x00000000c6711b78}: 'java.lang.Object java.lang.invoke.DelegatingMethodHandle$Holder.reinvoke_L(java.lang.Object, int, int, java.lang.Object, java.lang.Object, java.lang.Object)'> (0x00000000c6711b78) thrown at [./src/hotspot/share/interpreter/linkResolver.cpp, line 773]
Event: 3.255 Thread 0x0000014078fad800 Exception <a 'java/lang/NoSuchMethodError'{0x00000000c6715f00}: 'java.lang.Object java.lang.invoke.DirectMethodHandle$Holder.invokeStatic(java.lang.Object, java.lang.Object, java.lang.Object, java.lang.Object, int)'> (0x00000000c6715f00) thrown at [./src/hotspot/share/interpreter/linkResolver.cpp, line 773]
Event: 3.319 Thread 0x0000014078fad800 Exception <a 'java/lang/NoSuchMethodError'{0x00000000c663a6c0}: 'void java.lang.invoke.DirectMethodHandle$Holder.invokeStatic(java.lang.Object, java.lang.Object, java.lang.Object, java.lang.Object)'> (0x00000000c663a6c0) thrown at [./src/hotspot/share/interpreter/linkResolver.cpp, line 773]
Event: 3.480 Thread 0x0000014078fad800 Exception <a 'java/lang/NoSuchMethodError'{0x00000000c621c288}: 'void java.lang.invoke.DirectMethodHandle$Holder.invokeStaticInit(java.lang.Object, java.lang.Object)'> (0x00000000c621c288) thrown at [./src/hotspot/share/interpreter/linkResolver.cpp, line 773]
Event: 3.600 Thread 0x0000014078fad800 Exception <a 'java/lang/NoSuchMethodError'{0x00000000c5d49f00}: 'void java.lang.invoke.DirectMethodHandle$Holder.invokeVirtual(java.lang.Object, java.lang.Object)'> (0x00000000c5d49f00) thrown at [./src/hotspot/share/interpreter/linkResolver.cpp, line 773]
Event: 3.617 Thread 0x0000014078fad800 Exception <a 'java/lang/NoSuchMethodError'{0x00000000c5dd1fc0}: 'int java.lang.invoke.DirectMethodHandle$Holder.invokeVirtual(java.lang.Object, java.lang.Object)'> (0x00000000c5dd1fc0) thrown at [./src/hotspot/share/interpreter/linkResolver.cpp, line 773]

Events (20 events):
Event: 4.330 loading class org/jetbrains/kotlin/diagnostics/PositioningStrategies$DECLARATION_WITH_BODY$1
Event: 4.330 loading class org/jetbrains/kotlin/diagnostics/PositioningStrategies$DECLARATION_WITH_BODY$1 done
Event: 4.331 loading class org/jetbrains/kotlin/diagnostics/PositioningStrategies$VAL_OR_VAR_NODE$1
Event: 4.331 loading class org/jetbrains/kotlin/diagnostics/PositioningStrategies$VAL_OR_VAR_NODE$1 done
Event: 4.331 loading class org/jetbrains/kotlin/diagnostics/PositioningStrategies$ELSE_ENTRY$1
Event: 4.331 loading class org/jetbrains/kotlin/diagnostics/PositioningStrategies$ELSE_ENTRY$1 done
Event: 4.331 loading class org/jetbrains/kotlin/diagnostics/PositioningStrategies$WHEN_EXPRESSION$1
Event: 4.331 loading class org/jetbrains/kotlin/diagnostics/PositioningStrategies$WHEN_EXPRESSION$1 done
Event: 4.331 loading class org/jetbrains/kotlin/diagnostics/PositioningStrategies$IF_EXPRESSION$1
Event: 4.331 loading class org/jetbrains/kotlin/diagnostics/PositioningStrategies$IF_EXPRESSION$1 done
Event: 4.332 loading class org/jetbrains/kotlin/diagnostics/PositioningStrategies$WHEN_CONDITION_IN_RANGE$1
Event: 4.332 loading class org/jetbrains/kotlin/diagnostics/PositioningStrategies$WHEN_CONDITION_IN_RANGE$1 done
Event: 4.332 loading class org/jetbrains/kotlin/diagnostics/PositioningStrategies$SPECIAL_CONSTRUCT_TOKEN$1
Event: 4.332 loading class org/jetbrains/kotlin/diagnostics/PositioningStrategies$SPECIAL_CONSTRUCT_TOKEN$1 done
Event: 4.332 loading class org/jetbrains/kotlin/diagnostics/PositioningStrategies$REDUNDANT_NULLABLE$1
Event: 4.332 loading class org/jetbrains/kotlin/diagnostics/PositioningStrategies$REDUNDANT_NULLABLE$1 done
Event: 4.332 loading class org/jetbrains/kotlin/diagnostics/PositioningStrategies$NULLABLE_TYPE$1
Event: 4.332 loading class org/jetbrains/kotlin/diagnostics/PositioningStrategies$NULLABLE_TYPE$1 done
Event: 4.333 loading class org/jetbrains/kotlin/diagnostics/PositioningStrategies$QUESTION_MARK_BY_TYPE$1
Event: 4.333 loading class org/jetbrains/kotlin/diagnostics/PositioningStrategies$QUESTION_MARK_BY_TYPE$1 done


Dynamic libraries:
0x00007ff626670000 - 0x00007ff62667a000 	C:\Program Files\Android\Android Studio\jre\bin\java.exe
0x00007ffc0d6e0000 - 0x00007ffc0d8e9000 	C:\WINDOWS\SYSTEM32\ntdll.dll
0x00007ffc0be80000 - 0x00007ffc0bf3e000 	C:\WINDOWS\System32\KERNEL32.DLL
0x00007ffc0ad60000 - 0x00007ffc0b0db000 	C:\WINDOWS\System32\KERNELBASE.dll
0x00007ffc07c20000 - 0x00007ffc07cb2000 	C:\WINDOWS\SYSTEM32\apphelp.dll
0x00007ffc0b0e0000 - 0x00007ffc0b1f1000 	C:\WINDOWS\System32\ucrtbase.dll
0x00007ffbf4140000 - 0x00007ffbf4159000 	C:\Program Files\Android\Android Studio\jre\bin\jli.dll
0x00007ffbf4050000 - 0x00007ffbf4067000 	C:\Program Files\Android\Android Studio\jre\bin\VCRUNTIME140.dll
0x00007ffc0c190000 - 0x00007ffc0c33d000 	C:\WINDOWS\System32\USER32.dll
0x00007ffc0b320000 - 0x00007ffc0b346000 	C:\WINDOWS\System32\win32u.dll
0x00007ffbf65f0000 - 0x00007ffbf6895000 	C:\WINDOWS\WinSxS\amd64_microsoft.windows.common-controls_6595b64144ccf1df_6.0.22000.120_none_9d947278b86cc467\COMCTL32.dll
0x00007ffc0d530000 - 0x00007ffc0d559000 	C:\WINDOWS\System32\GDI32.dll
0x00007ffc0b610000 - 0x00007ffc0b6b3000 	C:\WINDOWS\System32\msvcrt.dll
0x00007ffc0b200000 - 0x00007ffc0b318000 	C:\WINDOWS\System32\gdi32full.dll
0x00007ffc0b350000 - 0x00007ffc0b3ed000 	C:\WINDOWS\System32\msvcp_win.dll
0x00007ffc0cd70000 - 0x00007ffc0cda2000 	C:\WINDOWS\System32\IMM32.DLL
0x00007ffbf3d90000 - 0x00007ffbf3e2d000 	C:\Program Files\Android\Android Studio\jre\bin\msvcp140.dll
0x00007ffbaef40000 - 0x00007ffbafa42000 	C:\Program Files\Android\Android Studio\jre\bin\server\jvm.dll
0x00007ffc0ce10000 - 0x00007ffc0cebe000 	C:\WINDOWS\System32\ADVAPI32.dll
0x00007ffc0c860000 - 0x00007ffc0c8fe000 	C:\WINDOWS\System32\sechost.dll
0x00007ffc0c350000 - 0x00007ffc0c470000 	C:\WINDOWS\System32\RPCRT4.dll
0x00007ffc0d0b0000 - 0x00007ffc0d0b8000 	C:\WINDOWS\System32\PSAPI.DLL
0x00007ffc07c10000 - 0x00007ffc07c19000 	C:\WINDOWS\SYSTEM32\WSOCK32.dll
0x00007ffc0d040000 - 0x00007ffc0d0af000 	C:\WINDOWS\System32\WS2_32.dll
0x00007ffc05650000 - 0x00007ffc05683000 	C:\WINDOWS\SYSTEM32\WINMM.dll
0x00007ffbf6b10000 - 0x00007ffbf6b1a000 	C:\WINDOWS\SYSTEM32\VERSION.dll
0x00007ffc09c30000 - 0x00007ffc09c48000 	C:\WINDOWS\SYSTEM32\kernel.appcore.dll
0x00007ffc06d60000 - 0x00007ffc06d71000 	C:\Program Files\Android\Android Studio\jre\bin\verify.dll
0x00007ffc08800000 - 0x00007ffc08a21000 	C:\WINDOWS\SYSTEM32\DBGHELP.DLL
0x00007ffbedf70000 - 0x00007ffbedfa1000 	C:\WINDOWS\SYSTEM32\dbgcore.DLL
0x00007ffc0abb0000 - 0x00007ffc0ac2f000 	C:\WINDOWS\System32\bcryptPrimitives.dll
0x00007ffc06d30000 - 0x00007ffc06d59000 	C:\Program Files\Android\Android Studio\jre\bin\java.dll
0x00007ffc06d20000 - 0x00007ffc06d2b000 	C:\Program Files\Android\Android Studio\jre\bin\jimage.dll
0x00007ffc06d00000 - 0x00007ffc06d18000 	C:\Program Files\Android\Android Studio\jre\bin\zip.dll
0x00007ffc0b6c0000 - 0x00007ffc0be78000 	C:\WINDOWS\System32\SHELL32.dll
0x00007ffc08ca0000 - 0x00007ffc09505000 	C:\WINDOWS\SYSTEM32\windows.storage.dll
0x00007ffc0d0c0000 - 0x00007ffc0d438000 	C:\WINDOWS\System32\combase.dll
0x00007ffc08b30000 - 0x00007ffc08c96000 	C:\WINDOWS\SYSTEM32\wintypes.dll
0x00007ffc0c0a0000 - 0x00007ffc0c18a000 	C:\WINDOWS\System32\SHCORE.dll
0x00007ffc0d640000 - 0x00007ffc0d69d000 	C:\WINDOWS\System32\shlwapi.dll
0x00007ffc0aae0000 - 0x00007ffc0ab01000 	C:\WINDOWS\SYSTEM32\profapi.dll
0x00007ffc05f40000 - 0x00007ffc05f5a000 	C:\Program Files\Android\Android Studio\jre\bin\net.dll
0x00007ffc03eb0000 - 0x00007ffc03fc4000 	C:\WINDOWS\SYSTEM32\WINHTTP.dll
0x00007ffc0a0d0000 - 0x00007ffc0a137000 	C:\WINDOWS\system32\mswsock.dll
0x00007ffc05f20000 - 0x00007ffc05f34000 	C:\Program Files\Android\Android Studio\jre\bin\nio.dll

dbghelp: loaded successfully - version: 4.0.5 - missing functions: none
symbol engine: initialized successfully - sym options: 0x614 - pdb path: .;C:\Program Files\Android\Android Studio\jre\bin;C:\WINDOWS\SYSTEM32;C:\WINDOWS\WinSxS\amd64_microsoft.windows.common-controls_6595b64144ccf1df_6.0.22000.120_none_9d947278b86cc467;C:\Program Files\Android\Android Studio\jre\bin\server

VM Arguments:
java_command: org.jetbrains.kotlin.cli.jvm.K2JVMCompiler @E:\Paper\AndroidStudioProjects\FilterDemo\app\build\20221208_1310846516322492531.compiler.options
java_class_path (initial): C:\Users\Maste\.gradle\caches\modules-2\files-2.1\org.jetbrains.kotlin\kotlin-compiler-embeddable\1.7.10\909803167c98606fcf22b4c848647c68e351d48d\kotlin-compiler-embeddable-1.7.10.jar;C:\Users\Maste\.gradle\caches\modules-2\files-2.1\org.jetbrains.kotlin\kotlin-reflect\1.7.10\165e600dfea6185cf5efa700756294cc4904dbeb\kotlin-reflect-1.7.10.jar;C:\Users\Maste\.gradle\caches\modules-2\files-2.1\org.jetbrains.kotlin\kotlin-stdlib\1.7.10\d2abf9e77736acc4450dc4a3f707fa2c10f5099d\kotlin-stdlib-1.7.10.jar;C:\Users\Maste\.gradle\caches\modules-2\files-2.1\org.jetbrains.kotlin\kotlin-script-runtime\1.7.10\c99c87a6988d8fd8d5142e9ed5c9f34a7cf561ee\kotlin-script-runtime-1.7.10.jar;C:\Users\Maste\.gradle\caches\modules-2\files-2.1\org.jetbrains.kotlin\kotlin-daemon-embeddable\1.7.10\3a9f7aef7080d3ae63126cbba4f827ed664f32fa\kotlin-daemon-embeddable-1.7.10.jar;C:\Users\Maste\.gradle\caches\modules-2\files-2.1\org.jetbrains.intellij.deps\trove4j\1.0.20200330\3afb14d5f9ceb459d724e907a21145e8ff394f02\trove4j-1.0.20200330.jar;C:\Users\Maste\.gradle\caches\modules-2\files-2.1\net.java.dev.jna\jna\5.6.0\330f2244e9030119ab3030fc3fededc86713d9cc\jna-5.6.0.jar;C:\Users\Maste\.gradle\caches\modules-2\files-2.1\org.jetbrains.kotlin\kotlin-stdlib-common\1.7.10\bac80c520d0a9e3f3673bc2658c6ed02ef45a76a\kotlin-stdlib-common-1.7.10.jar;C:\Users\Maste\.gradle\caches\modules-2\files-2.1\org.jetbrains\annotations\13.0\919f0dfe192fb4e063e7dacadee7f8bb9a2672a9\annotations-13.0.jar
Launcher Type: SUN_STANDARD

[Global flags]
     intx CICompilerCount                          = 2                                         {product} {ergonomic}
     uint ConcGCThreads                            = 1                                         {product} {ergonomic}
     uint G1ConcRefinementThreads                  = 2                                         {product} {ergonomic}
   size_t G1HeapRegionSize                         = 1048576                                   {product} {ergonomic}
    uintx GCDrainStackTargetSize                   = 64                                        {product} {ergonomic}
   size_t InitialHeapSize                          = 65011712                                  {product} {ergonomic}
   size_t MarkStackSize                            = 4194304                                   {product} {ergonomic}
   size_t MaxHeapSize                              = 1027604480                                {product} {ergonomic}
   size_t MaxNewSize                               = 616562688                                 {product} {ergonomic}
   size_t MinHeapDeltaBytes                        = 1048576                                   {product} {ergonomic}
    uintx NonNMethodCodeHeapSize                   = 5825164                                {pd product} {ergonomic}
    uintx NonProfiledCodeHeapSize                  = 122916538                              {pd product} {ergonomic}
    uintx ProfiledCodeHeapSize                     = 122916538                              {pd product} {ergonomic}
    uintx ReservedCodeCacheSize                    = 251658240                              {pd product} {ergonomic}
     bool SegmentedCodeCache                       = true                                      {product} {ergonomic}
     bool UseCompressedClassPointers               = true                                 {lp64_product} {ergonomic}
     bool UseCompressedOops                        = true                                 {lp64_product} {ergonomic}
     bool UseG1GC                                  = true                                      {product} {ergonomic}
     bool UseLargePagesIndividualAllocation        = false                                  {pd product} {ergonomic}

Logging:
Log output configuration:
 #0: stdout all=warning uptime,level,tags
 #1: stderr all=off uptime,level,tags

Environment Variables:
JAVA_HOME=C:\Program Files\Java\jdk-15.0.2
PATH=C:\Python310\Scripts\;C:\Python310\;C:\WINDOWS\system32;C:\WINDOWS;C:\WINDOWS\System32\Wbem;C:\WINDOWS\System32\WindowsPowerShell\v1.0\;C:\WINDOWS\System32\OpenSSH\;C:\ProgramData\chocolatey\bin;E:\Program Files\MATLAB\R2022a\bin;C:\Program Files\Cloudflare\Cloudflare WARP\;C:\Program Files\Git\cmd;C:\Program Files\Common Files\Oracle\Java\javapath;C:\WINDOWS\system32;C:\WINDOWS;C:\WINDOWS\System32\Wbem;C:\WINDOWS\System32\WindowsPowerShell\v1.0\;C:\WINDOWS\System32\OpenSSH\;C:\Users\Maste\AppData\Local\Microsoft\WindowsApps;C:\Program Files\Java\jdk-15.0.2\bin;C:\Users\Maste\Documents\myWebProject\mysql-connector-java-8.0.23\;C:\Users\Maste\Documents\myWebProject\mysql\bin;C:\Users\Maste\adb;C:\Program Files\Git\bin\;C:\Program Files\Git\cmd\;;C:\Users\Maste\AppData\Local\Microsoft\WindowsApps
USERNAME=Mike Alice
OS=Windows_NT
PROCESSOR_IDENTIFIER=Intel64 Family 6 Model 122 Stepping 8, GenuineIntel



---------------  S Y S T E M  ---------------

OS: Windows 11 , 64 bit Build 22000 (10.0.22000.1219)
OS uptime: 0 days 1:39 hours

CPU:total 2 (initial active 2) (2 cores per cpu, 1 threads per core) family 6 model 122 stepping 8 microcode 0x18, cmov, cx8, fxsr, mmx, sse, sse2, sse3, ssse3, sse4.1, sse4.2, popcnt, aes, clmul, erms, 3dnowpref, tsc, tscinvbit, sha

Memory: 4k page, system-wide physical 3918M (473M free)
TotalPageFile size 6978M (AvailPageFile size 4M)
current process WorkingSet (physical memory assigned to process): 173M, peak: 173M
current process commit charge ("private bytes"): 214M, peak: 214M

vm_info: OpenJDK 64-Bit Server VM (11.0.13+0-b1751.21-8125866) for windows-amd64 JRE (11.0.13+0-b1751.21-8125866), built on Feb  2 2022 03:00:22 by "builder" with MS VC++ 14.0 (VS2015)

END.
